PS E:\Projects\Development> pwsh -NoProfile -Command "[System.Management.Automation.Language.Parser]::ParseFile('e:/Projects/Development/integration_test.ps1',[ref]$null,[ref]$null); Write-Host 'integration_test.ps1 Parse OK'"                                                                             
MethodException: Argument: '2' should be a System.Management.Automation.PSReference. Use [ref].
integration_test.ps1 Parse OK
PS E:\Projects\Development> pwsh -NoProfile -Command "[System.Management.Automation.Language.Parser]::ParseFile('e:/Projects/Development/tools/collect_copilot_logs.ps1',[ref]$null,[ref]$null); Write-Host 'collect_copilot_logs.ps1 Parse OK'"
MethodException: Argument: '2' should be a System.Management.Automation.PSReference. Use [ref].
collect_copilot_logs.ps1 Parse OK
PS E:\Projects\Development> pwsh -NoProfile -Command "[System.Management.Automation.Language.Parser]::ParseFile('e:/Projects/Development/tools/check_copilot_and_inline.ps1',[ref]$null,[ref]$null); Write-Host 'check_copilot_and_inline.ps1 Parse OK'"
MethodException: Argument: '2' should be a System.Management.Automation.PSReference. Use [ref].
check_copilot_and_inline.ps1 Parse OK
PS E:\Projects\Development> pwsh -NoProfile -Command "[System.Management.Automation.Language.Parser]::ParseFile('e:/Projects/Development/tools/purge_env_history.ps1',[ref]$null,[ref]$null); Write-Host 'purge_env_history.ps1 Parse OK'"
MethodException: Argument: '2' should be a System.Management.Automation.PSReference. Use [ref].
purge_env_history.ps1 Parse OK
PS E:\Projects\Development> pwsh -NoProfile -ExecutionPolicy Bypass -Command "Set-Location 'e:/Projects/Development'; .\integration_test.ps1 -Port 8000"                                                  
=== integration_test.ps1 starting ===
Creating venv at E:\Projects\Development\python\.venv
Error: [WinError 2] The system cannot find the file specified: 'E:\\Projects\\Development\\python\\.venv'
Installing requirements (if any)
ERROR: Exception:
Traceback (most recent call last):
  File "C:\Users\irfan\AppData\Local\Programs\Python\Python310\lib\site-packages\pip\_internal\cli\base_command.py", line 160, in exc_logging_wrapper
    status = run_func(*args)
  File "C:\Users\irfan\AppData\Local\Programs\Python\Python310\lib\site-packages\pip\_internal\cli\req_command.py", line 247, in wrapper
    return func(self, options, args)
  File "C:\Users\irfan\AppData\Local\Programs\Python\Python310\lib\site-packages\pip\_internal\commands\install.py", line 296, in run
    options.use_user_site = decide_user_install(
  File "C:\Users\irfan\AppData\Local\Programs\Python\Python310\lib\site-packages\pip\_internal\commands\install.py", line 756, in decide_user_install
    if site_packages_writable(root=root_path, isolated=isolated_mode):
  File "C:\Users\irfan\AppData\Local\Programs\Python\Python310\lib\site-packages\pip\_internal\commands\install.py", line 700, in site_packages_writable
    return all(
  File "C:\Users\irfan\AppData\Local\Programs\Python\Python310\lib\site-packages\pip\_internal\commands\install.py", line 701, in <genexpr>
    test_writable_dir(d)
  File "C:\Users\irfan\AppData\Local\Programs\Python\Python310\lib\site-packages\pip\_internal\utils\filesystem.py", line 91, in test_writable_dir
    return _test_writable_dir_win(path)
  File "C:\Users\irfan\AppData\Local\Programs\Python\Python310\lib\site-packages\pip\_internal\utils\filesystem.py", line 103, in _test_writable_dir_win
    fd = os.open(file, os.O_RDWR | os.O_CREAT | os.O_EXCL)
FileNotFoundError: [Errno 2] No such file or directory: 'C:\\Users\\irfan\\AppData\\Local\\Programs\\Python\\Python310\\Lib\\site-packages\\accesstest_deleteme_fishfingers_custard_iifxfh'

[notice] A new release of pip available: 22.3.1 -> 25.2
[notice] To update, run: python.exe -m pip install --upgrade pip
ERROR: Exception:
Traceback (most recent call last):
  File "C:\Users\irfan\AppData\Local\Programs\Python\Python310\lib\site-packages\pip\_internal\cli\base_command.py", line 160, in exc_logging_wrapper
    status = run_func(*args)
  File "C:\Users\irfan\AppData\Local\Programs\Python\Python310\lib\site-packages\pip\_internal\cli\req_command.py", line 247, in wrapper
    return func(self, options, args)
  File "C:\Users\irfan\AppData\Local\Programs\Python\Python310\lib\site-packages\pip\_internal\commands\install.py", line 296, in run
    options.use_user_site = decide_user_install(
  File "C:\Users\irfan\AppData\Local\Programs\Python\Python310\lib\site-packages\pip\_internal\commands\install.py", line 756, in decide_user_install
    if site_packages_writable(root=root_path, isolated=isolated_mode):
  File "C:\Users\irfan\AppData\Local\Programs\Python\Python310\lib\site-packages\pip\_internal\commands\install.py", line 700, in site_packages_writable
    return all(
  File "C:\Users\irfan\AppData\Local\Programs\Python\Python310\lib\site-packages\pip\_internal\commands\install.py", line 701, in <genexpr>
    test_writable_dir(d)
  File "C:\Users\irfan\AppData\Local\Programs\Python\Python310\lib\site-packages\pip\_internal\utils\filesystem.py", line 91, in test_writable_dir
    return _test_writable_dir_win(path)
  File "C:\Users\irfan\AppData\Local\Programs\Python\Python310\lib\site-packages\pip\_internal\utils\filesystem.py", line 103, in _test_writable_dir_win
    fd = os.open(file, os.O_RDWR | os.O_CREAT | os.O_EXCL)
FileNotFoundError: [Errno 2] No such file or directory: 'C:\\Users\\irfan\\AppData\\Local\\Programs\\Python\\Python310\\Lib\\site-packages\\accesstest_deleteme_fishfingers_custard_eqa51c'

[notice] A new release of pip available: 22.3.1 -> 25.2
[notice] To update, run: python.exe -m pip install --upgrade pip
Starting uvicorn in background
POST http://127.0.0.1:8000/transform -> {
  "text": "abc"
}
Integration test: ERROR - No connection could be made because the target machine actively refused it. (127.0.0.1:8000)
PS E:\Projects\Development> pwsh -NoProfile -ExecutionPolicy Bypass -Command "Set-Location 'e:/Projects/Development'; .\integration_test.ps1 -Port 8000"
=== integration_test.ps1 starting ===
Creating venv at E:\Projects\Development\python\.venv using C:\Users\irfan\AppData\Local\Programs\Python\Python310\python.exe
Error: [WinError 2] The system cannot find the file specified: 'E:\\Projects\\Development\\python\\.venv'
Virtualenv python not found at E:\Projects\Development\python\.venv\Scripts\python.exe, falling back to system python: C:\Users\irfan\AppData\Local\Programs\Python\Python310\python.exe
Installing requirements (if any) with C:\Users\irfan\AppData\Local\Programs\Python\Python310\python.exe
ERROR: Exception:
Traceback (most recent call last):
  File "C:\Users\irfan\AppData\Local\Programs\Python\Python310\lib\site-packages\pip\_internal\cli\base_command.py", line 160, in exc_logging_wrapper
    status = run_func(*args)
  File "C:\Users\irfan\AppData\Local\Programs\Python\Python310\lib\site-packages\pip\_internal\cli\req_command.py", line 247, in wrapper
    return func(self, options, args)
  File "C:\Users\irfan\AppData\Local\Programs\Python\Python310\lib\site-packages\pip\_internal\commands\install.py", line 296, in run
    options.use_user_site = decide_user_install(
  File "C:\Users\irfan\AppData\Local\Programs\Python\Python310\lib\site-packages\pip\_internal\commands\install.py", line 756, in decide_user_install
    if site_packages_writable(root=root_path, isolated=isolated_mode):
  File "C:\Users\irfan\AppData\Local\Programs\Python\Python310\lib\site-packages\pip\_internal\commands\install.py", line 700, in site_packages_writable
    return all(
  File "C:\Users\irfan\AppData\Local\Programs\Python\Python310\lib\site-packages\pip\_internal\commands\install.py", line 701, in <genexpr>
    test_writable_dir(d)
  File "C:\Users\irfan\AppData\Local\Programs\Python\Python310\lib\site-packages\pip\_internal\utils\filesystem.py", line 91, in test_writable_dir
    return _test_writable_dir_win(path)
  File "C:\Users\irfan\AppData\Local\Programs\Python\Python310\lib\site-packages\pip\_internal\utils\filesystem.py", line 103, in _test_writable_dir_win
    fd = os.open(file, os.O_RDWR | os.O_CREAT | os.O_EXCL)
FileNotFoundError: [Errno 2] No such file or directory: 'C:\\Users\\irfan\\AppData\\Local\\Programs\\Python\\Python310\\Lib\\site-packages\\accesstest_deleteme_fishfingers_custard_pp6axp'

[notice] A new release of pip available: 22.3.1 -> 25.2
[notice] To update, run: python.exe -m pip install --upgrade pip
ERROR: Exception:
Traceback (most recent call last):
  File "C:\Users\irfan\AppData\Local\Programs\Python\Python310\lib\site-packages\pip\_internal\cli\base_command.py", line 160, in exc_logging_wrapper
    status = run_func(*args)
  File "C:\Users\irfan\AppData\Local\Programs\Python\Python310\lib\site-packages\pip\_internal\cli\req_command.py", line 247, in wrapper
    return func(self, options, args)
  File "C:\Users\irfan\AppData\Local\Programs\Python\Python310\lib\site-packages\pip\_internal\commands\install.py", line 296, in run
    options.use_user_site = decide_user_install(
  File "C:\Users\irfan\AppData\Local\Programs\Python\Python310\lib\site-packages\pip\_internal\commands\install.py", line 756, in decide_user_install
    if site_packages_writable(root=root_path, isolated=isolated_mode):
  File "C:\Users\irfan\AppData\Local\Programs\Python\Python310\lib\site-packages\pip\_internal\commands\install.py", line 700, in site_packages_writable
    return all(
  File "C:\Users\irfan\AppData\Local\Programs\Python\Python310\lib\site-packages\pip\_internal\commands\install.py", line 701, in <genexpr>
    test_writable_dir(d)
  File "C:\Users\irfan\AppData\Local\Programs\Python\Python310\lib\site-packages\pip\_internal\utils\filesystem.py", line 91, in test_writable_dir
    return _test_writable_dir_win(path)
  File "C:\Users\irfan\AppData\Local\Programs\Python\Python310\lib\site-packages\pip\_internal\utils\filesystem.py", line 103, in _test_writable_dir_win
    fd = os.open(file, os.O_RDWR | os.O_CREAT | os.O_EXCL)
FileNotFoundError: [Errno 2] No such file or directory: 'C:\\Users\\irfan\\AppData\\Local\\Programs\\Python\\Python310\\Lib\\site-packages\\accesstest_deleteme_fishfingers_custard_0b16ry'

[notice] A new release of pip available: 22.3.1 -> 25.2
[notice] To update, run: python.exe -m pip install --upgrade pip
Starting uvicorn in background using C:\Users\irfan\AppData\Local\Programs\Python\Python310\python.exe
C:\Users\irfan\AppData\Local\Programs\Python\Python310\python.exe: No module named uvicorn
Integration test: ERROR - server did not start within timeout
PS E:\Projects\Development> cd e:\Projects\Development\python
PS E:\Projects\Development\python> python -m venv .venv
Error: [WinError 2] The system cannot find the file specified: 'E:\\Projects\\Development\\python\\.venv'
PS E:\Projects\Development\python> .\.venv\Scripts\Activate.ps1
.\.venv\Scripts\Activate.ps1: The term '.\.venv\Scripts\Activate.ps1' is not recognized as a name of a cmdlet, function, script file, or executable program.
Check the spelling of the name, or if a path was included, verify that the path is correct and try again.
PS E:\Projects\Development\python> python -m pip install --upgrade pip
ERROR: Exception:
Traceback (most recent call last):
  File "C:\Users\irfan\AppData\Local\Programs\Python\Python310\lib\site-packages\pip\_internal\cli\base_command.py", line 160, in exc_logging_wrapper
    status = run_func(*args)
  File "C:\Users\irfan\AppData\Local\Programs\Python\Python310\lib\site-packages\pip\_internal\cli\req_command.py", line 247, in wrapper
    return func(self, options, args)
  File "C:\Users\irfan\AppData\Local\Programs\Python\Python310\lib\site-packages\pip\_internal\commands\install.py", line 296, in run
    options.use_user_site = decide_user_install(
  File "C:\Users\irfan\AppData\Local\Programs\Python\Python310\lib\site-packages\pip\_internal\commands\install.py", line 756, in decide_user_install
    if site_packages_writable(root=root_path, isolated=isolated_mode):
  File "C:\Users\irfan\AppData\Local\Programs\Python\Python310\lib\site-packages\pip\_internal\commands\install.py", line 700, in site_packages_writable
    return all(
  File "C:\Users\irfan\AppData\Local\Programs\Python\Python310\lib\site-packages\pip\_internal\commands\install.py", line 701, in <genexpr>
    test_writable_dir(d)
  File "C:\Users\irfan\AppData\Local\Programs\Python\Python310\lib\site-packages\pip\_internal\utils\filesystem.py", line 91, in test_writable_dir
    return _test_writable_dir_win(path)
  File "C:\Users\irfan\AppData\Local\Programs\Python\Python310\lib\site-packages\pip\_internal\utils\filesystem.py", line 103, in _test_writable_dir_win
    fd = os.open(file, os.O_RDWR | os.O_CREAT | os.O_EXCL)
FileNotFoundError: [Errno 2] No such file or directory: 'C:\\Users\\irfan\\AppData\\Local\\Programs\\Python\\Python310\\Lib\\site-packages\\accesstest_deleteme_fishfingers_custard_h20s5g'

[notice] A new release of pip available: 22.3.1 -> 25.2
[notice] To update, run: python.exe -m pip install --upgrade pip
PS E:\Projects\Development\python> pip install -r requirements.txt
ERROR: Exception:
Traceback (most recent call last):
  File "C:\Users\irfan\AppData\Local\Programs\Python\Python310\lib\site-packages\pip\_internal\cli\base_command.py", line 160, in exc_logging_wrapper
    status = run_func(*args)
  File "C:\Users\irfan\AppData\Local\Programs\Python\Python310\lib\site-packages\pip\_internal\cli\req_command.py", line 247, in wrapper
    return func(self, options, args)
  File "C:\Users\irfan\AppData\Local\Programs\Python\Python310\lib\site-packages\pip\_internal\commands\install.py", line 296, in run
    options.use_user_site = decide_user_install(
  File "C:\Users\irfan\AppData\Local\Programs\Python\Python310\lib\site-packages\pip\_internal\commands\install.py", line 756, in decide_user_install
    if site_packages_writable(root=root_path, isolated=isolated_mode):
  File "C:\Users\irfan\AppData\Local\Programs\Python\Python310\lib\site-packages\pip\_internal\commands\install.py", line 700, in site_packages_writable
    return all(
  File "C:\Users\irfan\AppData\Local\Programs\Python\Python310\lib\site-packages\pip\_internal\commands\install.py", line 701, in <genexpr>
    test_writable_dir(d)
  File "C:\Users\irfan\AppData\Local\Programs\Python\Python310\lib\site-packages\pip\_internal\utils\filesystem.py", line 91, in test_writable_dir
    return _test_writable_dir_win(path)
  File "C:\Users\irfan\AppData\Local\Programs\Python\Python310\lib\site-packages\pip\_internal\utils\filesystem.py", line 103, in _test_writable_dir_win
    fd = os.open(file, os.O_RDWR | os.O_CREAT | os.O_EXCL)
FileNotFoundError: [Errno 2] No such file or directory: 'C:\\Users\\irfan\\AppData\\Local\\Programs\\Python\\Python310\\Lib\\site-packages\\accesstest_deleteme_fishfingers_custard_w83rr6'

[notice] A new release of pip available: 22.3.1 -> 25.2
[notice] To update, run: python.exe -m pip install --upgrade pip
PS E:\Projects\Development\python> .\.venv\Scripts\python.exe -m uvicorn service:app --host 127.0.0.1
 --port 8000
.\.venv\Scripts\python.exe: The term '.\.venv\Scripts\python.exe' is not recognized as a name of a cmdlet, function, script file, or executable program.
Check the spelling of the name, or if a path was included, verify that the path is correct and try again.
PS E:\Projects\Development\python> Set-Location e:\Projects\Development                              
PS E:\Projects\Development> .\integration_test.ps1 -Port 8000                                        
=== integration_test.ps1 starting ===
Creating venv at E:\Projects\Development\python\.venv using C:\Users\irfan\AppData\Local\Programs\Python\Python310\python.exe
Error: [WinError 2] The system cannot find the file specified: 'E:\\Projects\\Development\\python\\.venv'
Virtualenv python not found at E:\Projects\Development\python\.venv\Scripts\python.exe, falling back to system python: C:\Users\irfan\AppData\Local\Programs\Python\Python310\python.exe
Installing requirements (if any) with C:\Users\irfan\AppData\Local\Programs\Python\Python310\python.exe
ERROR: Exception:
Traceback (most recent call last):
  File "C:\Users\irfan\AppData\Local\Programs\Python\Python310\lib\site-packages\pip\_internal\cli\base_command.py", line 160, in exc_logging_wrapper
    status = run_func(*args)
  File "C:\Users\irfan\AppData\Local\Programs\Python\Python310\lib\site-packages\pip\_internal\cli\req_command.py", line 247, in wrapper
    return func(self, options, args)
  File "C:\Users\irfan\AppData\Local\Programs\Python\Python310\lib\site-packages\pip\_internal\commands\install.py", line 296, in run
    options.use_user_site = decide_user_install(
  File "C:\Users\irfan\AppData\Local\Programs\Python\Python310\lib\site-packages\pip\_internal\commands\install.py", line 756, in decide_user_install
    if site_packages_writable(root=root_path, isolated=isolated_mode):
  File "C:\Users\irfan\AppData\Local\Programs\Python\Python310\lib\site-packages\pip\_internal\commands\install.py", line 700, in site_packages_writable
    return all(
  File "C:\Users\irfan\AppData\Local\Programs\Python\Python310\lib\site-packages\pip\_internal\commands\install.py", line 701, in <genexpr>
    test_writable_dir(d)
  File "C:\Users\irfan\AppData\Local\Programs\Python\Python310\lib\site-packages\pip\_internal\utils\filesystem.py", line 91, in test_writable_dir
    return _test_writable_dir_win(path)
  File "C:\Users\irfan\AppData\Local\Programs\Python\Python310\lib\site-packages\pip\_internal\utils\filesystem.py", line 103, in _test_writable_dir_win
    fd = os.open(file, os.O_RDWR | os.O_CREAT | os.O_EXCL)
FileNotFoundError: [Errno 2] No such file or directory: 'C:\\Users\\irfan\\AppData\\Local\\Programs\\Python\\Python310\\Lib\\site-packages\\accesstest_deleteme_fishfingers_custard_srjc4h'

[notice] A new release of pip available: 22.3.1 -> 25.2
[notice] To update, run: python.exe -m pip install --upgrade pip
ERROR: Exception:
Traceback (most recent call last):
  File "C:\Users\irfan\AppData\Local\Programs\Python\Python310\lib\site-packages\pip\_internal\cli\base_command.py", line 160, in exc_logging_wrapper
    status = run_func(*args)
  File "C:\Users\irfan\AppData\Local\Programs\Python\Python310\lib\site-packages\pip\_internal\cli\req_command.py", line 247, in wrapper
    return func(self, options, args)
  File "C:\Users\irfan\AppData\Local\Programs\Python\Python310\lib\site-packages\pip\_internal\commands\install.py", line 296, in run
    options.use_user_site = decide_user_install(
  File "C:\Users\irfan\AppData\Local\Programs\Python\Python310\lib\site-packages\pip\_internal\commands\install.py", line 756, in decide_user_install
    if site_packages_writable(root=root_path, isolated=isolated_mode):
  File "C:\Users\irfan\AppData\Local\Programs\Python\Python310\lib\site-packages\pip\_internal\commands\install.py", line 700, in site_packages_writable
    return all(
  File "C:\Users\irfan\AppData\Local\Programs\Python\Python310\lib\site-packages\pip\_internal\commands\install.py", line 701, in <genexpr>
    test_writable_dir(d)
  File "C:\Users\irfan\AppData\Local\Programs\Python\Python310\lib\site-packages\pip\_internal\utils\filesystem.py", line 91, in test_writable_dir
    return _test_writable_dir_win(path)
  File "C:\Users\irfan\AppData\Local\Programs\Python\Python310\lib\site-packages\pip\_internal\utils\filesystem.py", line 103, in _test_writable_dir_win
    fd = os.open(file, os.O_RDWR | os.O_CREAT | os.O_EXCL)
FileNotFoundError: [Errno 2] No such file or directory: 'C:\\Users\\irfan\\AppData\\Local\\Programs\\Python\\Python310\\Lib\\site-packages\\accesstest_deleteme_fishfingers_custard_s805ct'

[notice] A new release of pip available: 22.3.1 -> 25.2
[notice] To update, run: python.exe -m pip install --upgrade pip
Starting uvicorn in background using C:\Users\irfan\AppData\Local\Programs\Python\Python310\python.exe
C:\Users\irfan\AppData\Local\Programs\Python\Python310\python.exe: No module named uvicorn
Integration test: ERROR - server did not start within timeout
PS E:\Projects\Development> pwsh -NoProfile -Command "Set-Location 'e:/Projects/Development'; git status --porcelain; git rev-parse --abbrev-ref HEAD"
D  .continue/agents/new-agent-1.yaml
 D .continue/agents/new-agent.yaml
 D .continue/mcpServers/local-echo.yaml
D  .continue/mcpServers/new-mcp-server.yaml
D  .continue/rules/new-rule.md
D  .env.example
 M .github/copilot-instructions.md
AD .github/workflows/README.md
 D .github/workflows/ai_advisor_ci.yml
 D .github/workflows/ci.yml
AD .github/workflows/load-test.yml
AD .github/workflows/q4_automation.yml
AD .github/workflows/q4_automation_pipeline.yml
AD .github/workflows/quick-check.yml
AD .github/workflows/security-scan.yml
AD .github/workflows/tests.yml
AD .github/workflows/tool-ci.yml
AD .github/workflows/types-lint.yml
 D .github/workflows/weekly.yml
D  .github/workspace.code-workspace
MD .pre-commit-config.yaml
D  42CRUNCH_COMPLETE_GUIDE.md
D  42CRUNCH_FIXES_GUIDE.md
D  DOCKER_README.md
MD Makefile
D  Makefile.security
A  Q4/.flake8
A  Q4/API_REFERENCE.md
A  Q4/COMPLETION_SUMMARY.md
A  Q4/Q4_COMPREHENSIVE_ANALYSIS_AND_ROADMAP.md
A  Q4/README.md
A  Q4/SYSTEM_VALIDATION_REPORT.md
A  Q4/TODO_QUICK_REFERENCE.md
A  Q4/automation/README.md
A  Q4/automation/compliance_check.py
A  Q4/automation/deploy.py
A  Q4/automation/privacy_filters.py
AM Q4/automation/privacy_filters_report.json
A  Q4/automation/privacy_scanner.py
A  Q4/automation/run_load_tests.py
A  Q4/automation/run_tests.py
A  Q4/automation/security_scan.py
A  Q4/automation/setup_all.py
A  Q4/automation/setup_database.py
A  Q4/automation/setup_metering.py
AM Q4/automation/setup_report.json
A  Q4/coverage.json
A  Q4/dashboard.py
A  Q4/data_analytics_comprehension_pipeline.py
A  Q4/drucker_management.py
A  Q4/export_roadmap.py
AD Q4/metering_models.py
A  Q4/mypy.ini
A  Q4/openapi.json
A  Q4/outputs/roadmap_metrics.csv
A  Q4/outputs/roadmap_records.csv
A  Q4/outputs/workflow
AD Q4/privacy_filter.py
AD Q4/privacy_middleware.py
A  Q4/pytest.ini
A  Q4/requirements.txt
A  Q4/roadmap_export_updated.xlsx
A  Q4/sample_roadmap.csv
A  Q4/test_pipeline.py
RD AGENTS.md -> Q4/tests/__init__.py
RD openapi-spec.json -> Q4/tests/integration/__init__.py
RD openapi_response.json -> Q4/tests/load/__init__.py
AD Q4/tests/unit/__init__.py
AD Q4/tests/unit/test_dashboard_helpers.py
AD Q4/tests/unit/test_data_analytics_pipeline.py
AD Q4/tests/unit/test_drucker_management.py
AD Q4/tests/unit/test_export_roadmap.py
AD Q4/tests/unit/test_metering_models.py
AD Q4/tests/unit/test_privacy_filter.py
AD Q4/tests/unit/test_privacy_middleware.py
D  QUICK_START.md
MD README.md
A  REORGANIZATION_COMPLETE.md
D  SECURITY.md
 D app/__init__.py
 D app/api/__init__.py
 D app/api/routes/__init__.py
MD app/api/routes/auth.py
MD app/api/routes/system.py
MD app/api/schemas.py
 D app/cli/__init__.py
MD app/cli/audit.py
MD app/cli/main.py
AD app/cli/tools.py
MD app/cli/tour.py
MD app/core/__init__.py
AD app/core/agentic_assistant.py
AD app/core/assistant.py
AD app/core/assistant_config.py
AD app/core/assistant_orchestrator.py
MD app/core/auth.py
AD app/core/autonomous_executor.py
AD app/core/context_gatherer.py
AD app/core/dynamics.py
MD app/core/knowledge_graph_memory.py
AD app/core/lumina.py
AD app/core/mcp/__init__.py
AD app/core/mcp/mcp_client.py
AD app/core/mcp/tool_registry.py
AD app/core/model_registry.py
AD app/core/modulation.py
AD app/core/natural_language_interface.py
AD app/core/stick_shift_controller.py
AD app/core/task_interpreter.py
MD app/core/test_runner.py
 D app/core/validation/__init__.py
MD app/core/validation/provenance_enforcer.py
MD app/data/.integrity_db.json
 D app/data/README.md
MD app/data/creative_corner/access_log.json
MD app/data/creative_corner/equipment.json
MD app/data/creative_corner/users.json
MD app/data/ecosystem/analytics/feedback_analysis_20250930.json
MD app/data/ecosystem/analytics/insights_20250930.json
MD app/data/ecosystem/memories.json
MD app/data/ecosystem/stakeholders.json
MD app/data/ecosystem/transparency_log.json
MD app/data/ecosystem/workshops.json
MD app/data/ecosystem/zones.json
MD app/data/test/test_session.json
MD app/data/test/test_session_20250930.json
MD app/data/test/test_session_20251001.json
AD app/domains/arts/README_HALL_OF_FAME.md
MD app/domains/arts/arts_module.py
AD app/domains/arts/hall_of_fame.py
MD app/domains/arts/investlab/HARMONYHUB_INTEGRATION_STRATEGY.md
MD "app/domains/arts/investlab/Highway Intelligent Routing.md"
 D app/domains/arts/investlab/SECURITY-ANALYSIS-AND-REMEDIATION.md
 D app/domains/arts/investlab/hub_investlab/hub/.env.example
 D app/domains/arts/investlab/hub_investlab/hub/COMPLETE_SETUP.md
 D app/domains/arts/investlab/hub_investlab/hub/HIGHWAY_OVERVIEW.md
 D app/domains/arts/investlab/hub_investlab/hub/PIPELINE.md
 D app/domains/arts/investlab/hub_investlab/hub/README.md
 D app/domains/arts/investlab/hub_investlab/hub/RESEARCHLAB_COMPLETE.md
 D app/domains/arts/investlab/hub_investlab/hub/RESEARCHLAB_DASHBOARD_README.md
MD app/domains/arts/investlab/hub_investlab/hub/RESEARCHLAB_TRANSFORMATION_PLAN.md
 D app/domains/arts/investlab/hub_investlab/hub/SEAMLESS_INTEGRATION_COMPLETE.md
 D app/domains/arts/investlab/hub_investlab/hub/TRAJECTORY_ANALYSIS_AND_COMPLETION_PLAN.md
 D app/domains/arts/investlab/hub_investlab/hub/USAGE.md
MD app/domains/arts/investlab/hub_investlab/hub/__init__.py
 D app/domains/arts/investlab/hub_investlab/hub/config
MD app/domains/arts/investlab/hub_investlab/hub/config.py
MD app/domains/arts/investlab/hub_investlab/hub/core
MD app/domains/arts/investlab/hub_investlab/hub/dashboard_launcher.py
 D app/domains/arts/investlab/hub_investlab/hub/dashboard_requirements.txt
MD app/domains/arts/investlab/hub_investlab/hub/data_hub.py
MD app/domains/arts/investlab/hub_investlab/hub/data_management/data/complete_dashboard.html
MD app/domains/arts/investlab/hub_investlab/hub/data_management/data/complete_data.json
MD app/domains/arts/investlab/hub_investlab/hub/data_management/data/latest_data.json
MD app/domains/arts/investlab/hub_investlab/hub/data_management/data_aggregator.py
MD app/domains/arts/investlab/hub_investlab/hub/data_management/scheduler.py
 D app/domains/arts/investlab/hub_investlab/hub/docs
MD app/domains/arts/investlab/hub_investlab/hub/ecosystem_demo.py
MD app/domains/arts/investlab/hub_investlab/hub/entertainment/media_service.py
MD app/domains/arts/investlab/hub_investlab/hub/entertainment/nudges/music_nudges.py
MD app/domains/arts/investlab/hub_investlab/hub/final_hub.py
 D app/domains/arts/investlab/hub_investlab/hub/final_integration_test.py
MD app/domains/arts/investlab/hub_investlab/hub/finance/finance_service.py
MD app/domains/arts/investlab/hub_investlab/hub/highway/__init__.py
MD app/domains/arts/investlab/hub_investlab/hub/highway/development_bridge.py
MD app/domains/arts/investlab/hub_investlab/hub/highway/monitor.py
MD app/domains/arts/investlab/hub_investlab/hub/highway/quick_start.py
MD app/domains/arts/investlab/hub_investlab/hub/highway/router.py
 D app/domains/arts/investlab/hub_investlab/hub/highway_launcher.bat
MD app/domains/arts/investlab/hub_investlab/hub/hub_cli.py
MD app/domains/arts/investlab/hub_investlab/hub/hub_commands.bat
MD app/domains/arts/investlab/hub_investlab/hub/insights/social_service.py
 D app/domains/arts/investlab/hub_investlab/hub/interactive_quickstart.py
 D app/domains/arts/investlab/hub_investlab/hub/interface/__init__.py
MD app/domains/arts/investlab/hub_investlab/hub/interface/dashboard.py
 D app/domains/arts/investlab/hub_investlab/hub/launcher.py
MD app/domains/arts/investlab/hub_investlab/hub/master_hub.py
MD app/domains/arts/investlab/hub_investlab/hub/path_manager.bat
 D app/domains/arts/investlab/hub_investlab/hub/requirements.txt
MD app/domains/arts/investlab/hub_investlab/hub/research/advanced_research.py
MD app/domains/arts/investlab/hub_investlab/hub/research/ai_service.py
MD app/domains/arts/investlab/hub_investlab/hub/researchlab.py
MD app/domains/arts/investlab/hub_investlab/hub/researchlab_dashboard.py
MD app/domains/arts/investlab/hub_investlab/hub/run_complete.py
 D app/domains/arts/investlab/hub_investlab/hub/seamless_integration.py
 D app/domains/arts/investlab/hub_investlab/hub/security/__init__.py
MD app/domains/arts/investlab/hub_investlab/hub/security/auth_hub.py
MD app/domains/arts/investlab/hub_investlab/hub/security/oauth_manager.py
MD app/domains/arts/investlab/hub_investlab/hub/security/user_manager.py
MD app/domains/arts/investlab/hub_investlab/hub/security/web_app.py
 D app/domains/arts/investlab/hub_investlab/hub/setup_paths.bat
 D app/domains/arts/investlab/hub_investlab/hub/setup_taskbar.bat
MD app/domains/arts/investlab/hub_investlab/hub/simple_hub.py
MD app/domains/arts/investlab/hub_investlab/hub/test_hub.py
MD app/domains/arts/investlab/hub_investlab/hub/tests
MD app/domains/arts/investlab/hub_investlab/hub/unified_hub.py
MD app/domains/arts/investlab/hub_investlab/hub/utils
MD app/domains/arts/investlab/hub_investlab/hub/validate_researchlab.py
MD app/domains/arts/investlab/investlab/HARMONYHUB_PERFECT_NICHE.md
 D app/domains/arts/investlab/investlab/INVESTLAB_TRANSFORMATION.md
MD app/domains/arts/investlab/investlab/analytics/__init__.py
MD app/domains/arts/investlab/investlab/harmony/__init__.py
MD app/domains/arts/investlab/investlab/intelligence/__init__.py
MD app/domains/arts/investlab/investlab/portfolio/__init__.py
 D app/domains/arts/investlab/news_investlab/fetchers/__init__.py
MD app/domains/arts/investlab/news_investlab/fetchers/data_hub.py
MD app/domains/arts/investlab/news_investlab/fetchers/google_fetcher.py
MD app/domains/arts/investlab/news_investlab/fetchers/microsoft_fetcher.py
MD app/domains/arts/investlab/news_investlab/fetchers/x_fetcher.py
MD app/domains/arts/investlab/news_investlab/resonance/__init__.py
MD app/domains/arts/investlab/security_monitor.py
MD app/domains/audit/__init__.py
MD app/domains/audit/audit_core.py
MD app/domains/audit/blind_audit_game.py
MD app/domains/audit/data_prep.py
MD app/domains/audit/evaluation.py
MD app/domains/audit/interpretability_tools.py
MD app/domains/audit/model_trainer.py
AD app/domains/billing/__init__.py
AD app/domains/billing/core.py
AD app/domains/billing/dashboard_tenant.py
AD app/domains/billing/router.py
AD app/domains/billing/tests/test_billing.py
AD app/domains/billing/upsell.py
MD app/domains/commerce/commerce_module.py
MD app/domains/commerce/emoticommerce_module.py
 D app/domains/commerce/finance/COMPLIANCE_IMPLEMENTATION_REPORT.md
 D app/domains/commerce/finance/FINAL_COMPLETION_PLAN.md
 D app/domains/commerce/finance/PROJECT_COMPLETION_SUMMARY.md
 D app/domains/commerce/finance/README.md
 D app/domains/commerce/finance/__init__.py
MD app/domains/commerce/finance/advisor.py
MD app/domains/commerce/finance/allocation.py
MD app/domains/commerce/finance/analysis.py
MD app/domains/commerce/finance/api.py
 D app/domains/commerce/finance/compliance/policies/data_protection_policy.md
 D app/domains/commerce/finance/compliance/policies/information_security_policy.md
 D app/domains/commerce/finance/compliance/policies/policy_template.md
 D app/domains/commerce/finance/compliance_gap_analysis.md
 D app/domains/commerce/finance/compliance_project_plan.md
 D app/domains/commerce/finance/compliance_team.md
MD app/domains/commerce/finance/data_ingestion.py
MD app/domains/commerce/finance/prediction.py
MD app/domains/commerce/finance/recommendations.py
 D app/domains/commerce/finance/security_utils.py
MD app/domains/commerce/finance/strategy.py
 D app/domains/commerce/finance/tests/__init__.py
MD app/domains/commerce/finance/tests/conftest.py
 D app/domains/commerce/finance/tests/run_tests.py
MD app/domains/commerce/finance/tests/test_api.py
MD app/domains/commerce/finance/tests/test_data_ingestion.py
MD app/domains/commerce/finance/tests/test_security_utils.py
 D app/domains/content/guardrails.py
AD app/domains/docs/__init__.py
MD app/domains/finance/emotifi_module.py
AD app/domains/integrations/__init__.py
AD app/domains/load/__init__.py
AD app/domains/performance/__init__.py
 D app/domains/research/guardrails.py
MD app/domains/science/school/known/ones/positions.txt
MD app/domains/science/school/known/zeros/positions.txt
 D app/domains/science/school/output/binary_field_nature.png
MD app/domains/science/school/uncertain/probabilities.txt
MD app/domains/science/science_module.py
MD app/domains/science/waste_management.py
AD app/domains/security/__init__.py
AD app/domains/telemetry/__init__.py
AD app/domains/telemetry/metrics_tool.py
AD app/domains/testing/__init__.py
AD app/domains/types/__init__.py
 D app/harmony/__init__.py
MD app/harmony/cli.py
MD app/harmony/diff_service.py
MD app/harmony/swing_scheduler.py
MD app/main.py
MD app/main_production.py
MD automation/check_test_coverage.py
A  automation/config/lumina_config.yaml
M  automation/core/logger.py
M  automation/reports/bandit_scan.json
M  automation/reports/consolidation_report.json
M  automation/reports/foreign_dependency_report.json
M  automation/reports/security_monitoring_report.json
M  automation/reports/security_vulnerability_analysis.md
 D automation/scripts/__init__.py
MD automation/scripts/run_automation.py
M  automation/tasks/deps_update.py
M  automation/tasks/foreign_dependency_sanitize.py
A  automation/tasks/lumina_organize_codebase.py
M  automation/tasks/perf_bench.py
M  automation/tasks/release_notes.py
M  automation/tasks/security_monitoring.py
M  automation/tasks/security_scan.py
M  automation/tasks/semantic_guardrails.py
M  automation/tasks/smoke_test_endpoints.py
M  automation/tasks/sync_api_docs.py
M  automation/tasks/test_generator.py
MD automation/test_generator.py
 D automation/tests/__init__.py
 D automation/tests/test_sanitize_codebase.py
AD baseline_metrics.csv
 D "claude/Echoes Automation Blueprint.pdf"
MD "claude/IDE Agent Task Prompt Template.md"
MD claude/agent_prompt_template.md
MD claude/automation_blueprint.md
 D claude/automation_operational_playbook.md
 D claude/convo.txt
MD claude/echoes_ide_prompt.md
 D claude/mcp_config.json
MD claude/windsurf_mcp_setup.md
RD .dockerignore -> config/.dockerignore
MD config/.env.example
RD .env.production -> config/.env.production
RD .gitignore -> config/.gitignore
AD config/.pre-commit-config.yaml
 D config/automation_config.json
 D config/data_sources.yaml
 D config/deploy_config.ini
MD config/docker-compose.debug.yml
MD config/guardrails_metrics.json
RD mcp_requirements.txt -> config/mcp_requirements.txt
MD config/pending_reviews.json
AD config/pyproject.toml
 D config/quality_config.json
 D config/requirements-ci.txt
 D config/requirements-dev.txt
 D config/requirements.txt
RD tox.ini -> config/tox.ini
 D config/whitelist.yaml
M  configs/maintenance/consolidation_manifest.yaml
MD content/hp_deeper_insights.tsx
MD content/windows_live_messenger.html
R  memory.json -> data/memory.json
A  data/organizing_memory.json
R  Dockerfile -> deploy/Dockerfile
R  Dockerfile.fastapi -> deploy/Dockerfile.fastapi
R  config/docker-compose.yml -> deploy/docker-compose.yml
D  docker-compose.yml
A  docs/ADVANCED_AGENTIC_ARCHITECTURE_PLAN.md
A  docs/ADVANCED_FEATURES_PLAN.md
A  docs/AGENTIC_ASSISTANT_GUIDE.md
A  docs/AGENTS.md
M  docs/AI_ADVISOR_README.md
A  docs/AI_ASSISTANT_GUIDE.md
A  docs/AI_ASSISTANT_INTEGRATION.md
M  docs/AI_INTEGRATION_GUIDE.md
M  docs/CHANGELOG.md
A  docs/CLEANUP_SUMMARY.md
M  docs/COMPLETE-SECURITY-RESOLUTION.md
M  docs/CONTRIBUTING.md
M  docs/CREATIVE_CORNER.md
M  docs/CREATIVE_CORNER_SUMMARY.md
M  docs/DESIGN_PHILOSOPHY.md
M  docs/DEVELOPMENT.md
M  docs/DOCKER_README.md
M  docs/DOMAIN_EXPANSION_PLAN.md
M  docs/ECOSYSTEM_README.md
M  docs/EXECUTIVE_SUMMARY.md
R  "Echoes Automation Blueprint.pdf" -> "docs/Echoes Automation Blueprint.pdf"
M  docs/FINAL-SECURITY-STATUS.md
R  FINAL_42CRUNCH_GUIDE.md -> docs/FINAL_42CRUNCH_GUIDE.md
M  docs/FINAL_SUMMARY.md
M  "docs/Fixing Markdown Linting.md"
R  HARMONYHUB_AUDIT_TOOL_DESIGN.md -> docs/HARMONYHUB_AUDIT_TOOL_DESIGN.md
R  HARMONYHUB_INTEGRATION_COMPLETE.md -> docs/HARMONYHUB_INTEGRATION_COMPLETE.md
R  HARMONYHUB_WORKFLOW_GUIDE.md -> docs/HARMONYHUB_WORKFLOW_GUIDE.md
A  docs/IMPLEMENTATION_COMPLETE.md
M  docs/IMPLEMENTATION_SUMMARY.md
M  docs/INTERVIEW_CARDS.md
A  docs/KNOWLEDGE_GRAPH_PLAN.md
A  docs/LUMINA_COMPLETE.md
A  docs/MASTER_DEVELOPMENT_PLAN.md
A  docs/MASTER_IMPLEMENTATION_ROADMAP.md
A  docs/MCP_INTEGRATION_PLAN.md
A  docs/MOE_ARCHITECTURE_PLAN.md
A  docs/NATURAL_LANGUAGE_GUIDE.md
M  docs/NEXT-STEPS.md
A  docs/PHASE_3_CHECKLIST.md
A  docs/PROJECT_GOALS.md
A  docs/Q4_EXECUTIVE_SUMMARY.md
M  docs/QUICKSTART.md
A  docs/QUICKSTART_NATURAL_LANGUAGE.md
M  docs/README-STORAGE-SECURITY.md
M  docs/README.md
R  README_HARMONYHUB.md -> docs/README_HARMONYHUB.md
M  docs/REORGANIZATION_SUMMARY.md
A  docs/RLHF_TRAINING_PLAN.md
M  docs/SAFETY_GUIDE.md
M  docs/SECURITY-HARDENING-PLAN.md
M  docs/SECURITY.md
A  docs/SESSION_SUMMARY.md
M  docs/START-HERE.md
M  docs/START_HERE.md
A  docs/STICK_SHIFT_COMPLETE.md
A  docs/STICK_SHIFT_GUIDE.md
M  docs/STRUCTURE.md
R  TESTING_GUIDE.md -> docs/TESTING_GUIDE.md
M  docs/TEST_REPORT.md
A  docs/TOOLS_USAGE.md
R  WORKFLOW_COMPLETE.md -> docs/WORKFLOW_COMPLETE.md
M  docs/docker-images-security-audit.md
M  docs/harmonyhub/HARMONYHUB_INTEGRATION_STRATEGY.md
M  docs/ollama-security-monitoring.md
M  docs/openapi.json
M  "docs/sbom (1).json"
M  docs/sbom-detailed-analysis.md
A  docs/security-report-2025-10-06.md
M  docs/storage-provisioner-quick-ref.md
M  docs/storage-provisioner-security-guide.md
M  docs/time_guidelines.md
A  employment_matcher/README.md
A  employment_matcher/__init__.py
A  employment_matcher/models/context_filter.py
A  employment_matcher/models/demo.py
A  employment_matcher/models/relationship_matcher.py
A  employment_matcher/models/semantic_engine.py
A  employment_matcher/models/validation_engine.py
A  employment_matcher/requirements.txt
MD engines/realtime_valuation_engine.py
A  examples/README_ASSISTANT.md
A  examples/Untitled-1.py
A  examples/agentic_assistant_demo.py
A  examples/assistant_automation_integration.py
A  examples/assistant_basic_usage.py
A  examples/assistant_interactive_demo.py
A  examples/assistant_with_tools.py
A  examples/lumina_demo.py
A  examples/natural_language_demo.py
A  examples/orchestrator_demo.py
A  examples/quickstart.py
A  examples/stick_shift_demo.py
MD innovation_engines/novelty_engine.py
MD innovation_engines/sac_integration_engine.py
D  janitor.py
MD modules/__init__.py
MD modules/knowledge_graph_memory.py
MD organizing/reorganizing.py
M  packages/core/config/__init__.py
M  packages/core/logging/__init__.py
A  packages/integrations/slack.py
M  packages/monitoring/alerts/__init__.py
M  packages/monitoring/health/__init__.py
M  packages/monitoring/metrics/__init__.py
M  packages/monitoring/pipeline_manager.py
M  packages/monitoring/tests/test_monitoring_comprehensive.py
M  packages/security/auth/__init__.py
M  packages/security/encryption/__init__.py
M  packages/security/scanning/__init__.py
M  packages/security/secure_coordinate_handler.py
M  packages/security/security_fix_manager.py
M  packages/security/vulnerability_analyzer.py
D  pyproject.toml
A  render.yaml
MD requirements.txt
M  requirements/requirements.txt
RD 42crunch-setup.ps1 -> scripts/42crunch-setup.ps1
D  scripts/Dockerfile.loadtest
D  scripts/Dockerfile.loadtest.secure
AD scripts/ai_toolkit_maintenance.py
MD scripts/archive/app_domains_arts_investlab_security_monitoring_report.json
 D scripts/archive/automation_scripts_create_highrisk_prs.ps1
MD scripts/archive/automation_scripts_security_monitor.py
MD scripts/archive/bandit-report.json
MD scripts/archive/bandit_latest.json
MD scripts/archive/bandit_report.json
AD scripts/archive/check_test_coverage.py
RD scripts/deploy.py -> scripts/archive/deploy.py
RD docker-security-completion.txt -> scripts/archive/docker-security-completion.txt
AD scripts/archive/exxtended.txt
RD final_plan.txt -> scripts/archive/final_plan.txt
 D scripts/archive/fix-openapi-security.ps1
 D scripts/archive/fix-openapi-simple.ps1
 D scripts/archive/integration-executor.ps1
RD log -> scripts/archive/log
 D scripts/archive/make.ps1
AD scripts/archive/openapi-spec.json
AD scripts/archive/openapi_response.json
RD phase2_demo_report.json -> scripts/archive/phase2_demo_report.json
RD queensgambit_insights.json -> scripts/archive/queensgambit_insights.json
AD scripts/archive/roadmap_export_updated.xlsx
MD scripts/archive/scripts_cleanup-vulnerable-images.ps1
 D scripts/archive/scripts_cleanup_backups.ps1
 D scripts/archive/scripts_docker-security-automation.sh
MD scripts/archive/scripts_install-secure-storage-provisioner.ps1
MD scripts/archive/scripts_main_working.py
MD scripts/archive/scripts_monthly-security-audit.ps1
MD scripts/archive/scripts_quick_framework_setup.ps1
 D scripts/archive/scripts_run_tests.sh
 D scripts/archive/scripts_security-scan-python-dependencies.ps1
MD scripts/archive/scripts_security_monitoring.py
MD scripts/archive/scripts_security_monitoring_fixed.py
 D scripts/archive/scripts_setup_dev_env.ps1
 D scripts/archive/scripts_setup_dev_env_corrected.ps1
MD scripts/archive/scripts_simple_review.py
 D scripts/archive/scripts_validate_environment.ps1
RD security-audit-report.json -> scripts/archive/security-audit-report.json
RD automation/security_monitor.py -> scripts/archive/security_monitor.py
MD scripts/archive/security_monitoring_report.json
RD security_report_.txt -> scripts/archive/security_report_.txt
RD security_report_20251005.txt -> scripts/archive/security_report_20251005.txt
RD security_report_20251005_145523.txt -> scripts/archive/security_report_20251005_145523.txt        
RD security_validation.json -> scripts/archive/security_validation.json
AD scripts/archive/temp_tour.py
 D scripts/archive/test_api.sh
RD validate_security_fixes.py -> scripts/archive/validate_security_fixes.py
MD scripts/automation_framework.ps1
 D scripts/automation_tasks_auto_fix_lint.py
AD scripts/bootstrap_lumina.py
AD scripts/ci.py
MD scripts/code_quality_improvement.py
 D scripts/create-security-scripts.sh
MD scripts/create_high_risk_prs.ps1
 D scripts/docker-dev.ps1
 D scripts/docker-dev.sh
 D scripts/emergency-lockdown.ps1
MD scripts/framework_installer.ps1
MD scripts/full_sanitization.ps1
MD scripts/high_risk_task.py
MD scripts/local_ci_simulate.py
 D scripts/local_ci_simulate.sh
AD scripts/lumina_quickstart.py
MD scripts/main_complete.py
AD scripts/mcp_list_servers.py
RD mcp_server.py -> scripts/mcp_server.py
RD queensgambit.py -> scripts/queensgambit.py
RD quick-launch.ps1 -> scripts/quick-launch.ps1
MD scripts/review_high_risk_tasks.py
 D scripts/rl.ps1
 D scripts/run_sanitize_task.py
MD scripts/security_monitoring_final.py
AD scripts/setup_assistant.py
 D scripts/setup_environment.ps1
MD scripts/symphony_orchestrator.py
AD scripts/use_lumina.py
MD scripts/utils/demo_content_routing.py
MD scripts/utils/evaluate_swing_profiles.py
MD scripts/weekly-security-check.ps1
RD TEST_REPORT.md -> tests/TEST_REPORT.md
MD tests/conftest.py
 D tests/fixtures/harmony_arts.json
 D tests/fixtures/harmony_finance.json
 D tests/fixtures/melody_arts.json
 D tests/fixtures/melody_finance.json
MD tests/integration/test_diff_cli.py
MD tests/integration/test_tour.py
AD tests/load/locustfile.py
AD tests/performance/benchmark_suite.py
RD pytest.ini -> tests/pytest.ini
AD tests/test_agentic_assistant.py
 D tests/test_api_contracts.py
 D tests/test_api_routes.py
AD tests/test_assistant.py
 D tests/test_async.py
MD tests/test_cli.py
MD tests/test_config.py
 D tests/test_domains.py
MD tests/test_integration_doc_links.py
 D tests/test_main_app.py
 D tests/test_mcp_server.py
MD tests/test_memory_system.py
AD tests/test_nl_execution.py
MD tests/test_security.py
AD tests/unit/test_dashboard_callbacks.py
 D tests/unit/test_diff_core.py
AD tests/unit/test_guardrails.py
MD tests/unit/test_swing_scheduler.py
A  tools.ps1
 D tools/scripts/.gitkeep
A  ubi_simulator/README.md
A  ubi_simulator/api/main.py
A  ubi_simulator/dashboard/app.py
A  ubi_simulator/data/data_loader.py
A  ubi_simulator/models/ubi_model.py
A  ubi_simulator/requirements.txt
?? .github/workflows/integration-windows.yml
?? .sessions/
?? Q4/automation/database_setup_report.json
?? Q4/automation/deployment_report_development.json
?? Q4/db_manager.py
?? Q4/models.py
?? REPO_LAYOUT.md
?? automation/tasks/health_check.py
?? codebase_analysis.json
?? csharp/
?? integration_test.ps1
?? lumina_agent.py
?? python/
?? requirements/automation.txt
?? tools/purge_repo_mirror.ps1
main
PS E:\Projects\Development> pwsh -NoProfile -Command "[System.Management.Automation.Language.Parser]::ParseFile('e:/Projects/Development/tools/purge_repo_mirror.ps1',[ref]$null,[ref]$null); Write-Host 'purge_repo_mirror.ps1 Parse OK'"
MethodException: Argument: '2' should be a System.Management.Automation.PSReference. Use [ref].
purge_repo_mirror.ps1 Parse OK
PS E:\Projects\Development> cd e:\Projects\Development\python
PS E:\Projects\Development\python> python -m venv .venv
Error: [WinError 2] The system cannot find the file specified: 'E:\\Projects\\Development\\python\\.venv'
PS E:\Projects\Development\python> .\.venv\Scripts\Activate.ps1
.\.venv\Scripts\Activate.ps1: The term '.\.venv\Scripts\Activate.ps1' is not recognized as a name of a cmdlet, function, script file, or executable program.
Check the spelling of the name, or if a path was included, verify that the path is correct and try again.
PS E:\Projects\Development\python> python -m pip install --upgrade pip
ERROR: Exception:
Traceback (most recent call last):
  File "C:\Users\irfan\AppData\Local\Programs\Python\Python310\lib\site-packages\pip\_internal\cli\base_command.py", line 160, in exc_logging_wrapper
    status = run_func(*args)
  File "C:\Users\irfan\AppData\Local\Programs\Python\Python310\lib\site-packages\pip\_internal\cli\req_command.py", line 247, in wrapper
    return func(self, options, args)
  File "C:\Users\irfan\AppData\Local\Programs\Python\Python310\lib\site-packages\pip\_internal\commands\install.py", line 296, in run
    options.use_user_site = decide_user_install(
  File "C:\Users\irfan\AppData\Local\Programs\Python\Python310\lib\site-packages\pip\_internal\commands\install.py", line 756, in decide_user_install
    if site_packages_writable(root=root_path, isolated=isolated_mode):
  File "C:\Users\irfan\AppData\Local\Programs\Python\Python310\lib\site-packages\pip\_internal\commands\install.py", line 700, in site_packages_writable
    return all(
  File "C:\Users\irfan\AppData\Local\Programs\Python\Python310\lib\site-packages\pip\_internal\commands\install.py", line 701, in <genexpr>
    test_writable_dir(d)
  File "C:\Users\irfan\AppData\Local\Programs\Python\Python310\lib\site-packages\pip\_internal\utils\filesystem.py", line 91, in test_writable_dir
    return _test_writable_dir_win(path)
  File "C:\Users\irfan\AppData\Local\Programs\Python\Python310\lib\site-packages\pip\_internal\utils\filesystem.py", line 103, in _test_writable_dir_win
    fd = os.open(file, os.O_RDWR | os.O_CREAT | os.O_EXCL)
FileNotFoundError: [Errno 2] No such file or directory: 'C:\\Users\\irfan\\AppData\\Local\\Programs\\Python\\Python310\\Lib\\site-packages\\accesstest_deleteme_fishfingers_custard_0octtf'

[notice] A new release of pip available: 22.3.1 -> 25.2
[notice] To update, run: python.exe -m pip install --upgrade pip
PS E:\Projects\Development\python> pip install -r requirements.txt
ERROR: Exception:
Traceback (most recent call last):
  File "C:\Users\irfan\AppData\Local\Programs\Python\Python310\lib\site-packages\pip\_internal\cli\base_command.py", line 160, in exc_logging_wrapper
    status = run_func(*args)
  File "C:\Users\irfan\AppData\Local\Programs\Python\Python310\lib\site-packages\pip\_internal\cli\req_command.py", line 247, in wrapper
    return func(self, options, args)
  File "C:\Users\irfan\AppData\Local\Programs\Python\Python310\lib\site-packages\pip\_internal\commands\install.py", line 296, in run
    options.use_user_site = decide_user_install(
  File "C:\Users\irfan\AppData\Local\Programs\Python\Python310\lib\site-packages\pip\_internal\commands\install.py", line 756, in decide_user_install
    if site_packages_writable(root=root_path, isolated=isolated_mode):
  File "C:\Users\irfan\AppData\Local\Programs\Python\Python310\lib\site-packages\pip\_internal\commands\install.py", line 700, in site_packages_writable
    return all(
  File "C:\Users\irfan\AppData\Local\Programs\Python\Python310\lib\site-packages\pip\_internal\commands\install.py", line 701, in <genexpr>
    test_writable_dir(d)
  File "C:\Users\irfan\AppData\Local\Programs\Python\Python310\lib\site-packages\pip\_internal\utils\filesystem.py", line 91, in test_writable_dir
    return _test_writable_dir_win(path)
  File "C:\Users\irfan\AppData\Local\Programs\Python\Python310\lib\site-packages\pip\_internal\utils\filesystem.py", line 103, in _test_writable_dir_win
    fd = os.open(file, os.O_RDWR | os.O_CREAT | os.O_EXCL)
FileNotFoundError: [Errno 2] No such file or directory: 'C:\\Users\\irfan\\AppData\\Local\\Programs\\Python\\Python310\\Lib\\site-packages\\accesstest_deleteme_fishfingers_custard_c65o84'

[notice] A new release of pip available: 22.3.1 -> 25.2
[notice] To update, run: python.exe -m pip install --upgrade pip
PS E:\Projects\Development\python> .\.venv\Scripts\python.exe -m uvicorn service:app --host 127.0.0.1
 --port 8000