{"meta": {"format": 3, "version": "7.10.7", "timestamp": "2025-10-06T18:34:13.042120", "branch_coverage": false, "show_contexts": false}, "files": {"dashboard.py": {"executed_lines": [1, 3, 4, 6, 7, 8, 9, 10, 11, 13, 16, 17, 18, 19, 25, 27, 42, 43, 44, 47, 49, 50, 51, 53, 76, 78, 79, 82, 84, 85, 86, 88, 92, 101, 266, 270, 276, 292, 387, 393, 401, 410, 439, 447, 468, 476, 515], "summary": {"covered_lines": 47, "num_statements": 155, "percent_covered": 30.322580645161292, "percent_covered_display": "30", "missing_lines": 108, "excluded_lines": 0}, "missing_lines": [20, 21, 22, 55, 56, 58, 59, 60, 63, 64, 65, 67, 73, 74, 271, 272, 273, 293, 294, 295, 296, 298, 300, 301, 302, 303, 304, 305, 306, 307, 308, 310, 311, 314, 316, 317, 318, 319, 320, 322, 323, 324, 325, 327, 334, 335, 343, 347, 348, 349, 351, 359, 361, 368, 370, 372, 373, 394, 395, 396, 397, 398, 417, 418, 420, 422, 423, 424, 425, 426, 428, 432, 433, 434, 436, 448, 449, 451, 453, 454, 455, 456, 457, 458, 459, 460, 462, 463, 465, 478, 479, 480, 482, 484, 486, 488, 489, 495, 507, 509, 510, 512, 516, 517, 518, 519, 520, 521], "excluded_lines": [], "functions": {"_status_options": {"executed_lines": [43, 44], "summary": {"covered_lines": 2, "num_statements": 2, "percent_covered": 100.0, "percent_covered_display": "100", "missing_lines": 0, "excluded_lines": 0}, "missing_lines": [], "excluded_lines": []}, "apply_privacy_filter": {"executed_lines": [49, 50, 51], "summary": {"covered_lines": 3, "num_statements": 3, "percent_covered": 100.0, "percent_covered_display": "100", "missing_lines": 0, "excluded_lines": 0}, "missing_lines": [], "excluded_lines": []}, "scan_codebase_for_pii": {"executed_lines": [], "summary": {"covered_lines": 0, "num_statements": 11, "percent_covered": 0.0, "percent_covered_display": "0", "missing_lines": 11, "excluded_lines": 0}, "missing_lines": [55, 56, 58, 59, 60, 63, 64, 65, 67, 73, 74], "excluded_lines": []}, "apply_privacy_to_dataframe": {"executed_lines": [78, 79, 82, 84, 85, 86, 88], "summary": {"covered_lines": 7, "num_statements": 7, "percent_covered": 100.0, "percent_covered_display": "100", "missing_lines": 0, "excluded_lines": 0}, "missing_lines": [], "excluded_lines": []}, "update_status_options": {"executed_lines": [], "summary": {"covered_lines": 0, "num_statements": 3, "percent_covered": 0.0, "percent_covered_display": "0", "missing_lines": 3, "excluded_lines": 0}, "missing_lines": [271, 272, 273], "excluded_lines": []}, "refresh_dashboard": {"executed_lines": [], "summary": {"covered_lines": 0, "num_statements": 40, "percent_covered": 0.0, "percent_covered_display": "0", "missing_lines": 40, "excluded_lines": 0}, "missing_lines": [293, 294, 295, 296, 298, 300, 301, 302, 303, 304, 305, 306, 307, 308, 310, 311, 314, 316, 317, 318, 319, 320, 322, 323, 324, 325, 327, 334, 335, 343, 347, 348, 349, 351, 359, 361, 368, 370, 372, 373], "excluded_lines": []}, "add_new_item": {"executed_lines": [], "summary": {"covered_lines": 0, "num_statements": 5, "percent_covered": 0.0, "percent_covered_display": "0", "missing_lines": 5, "excluded_lines": 0}, "missing_lines": [394, 395, 396, 397, 398], "excluded_lines": []}, "persist_table_changes": {"executed_lines": [], "summary": {"covered_lines": 0, "num_statements": 13, "percent_covered": 0.0, "percent_covered_display": "0", "missing_lines": 13, "excluded_lines": 0}, "missing_lines": [417, 418, 420, 422, 423, 424, 425, 426, 428, 432, 433, 434, 436], "excluded_lines": []}, "export_to_csv": {"executed_lines": [], "summary": {"covered_lines": 0, "num_statements": 14, "percent_covered": 0.0, "percent_covered_display": "0", "missing_lines": 14, "excluded_lines": 0}, "missing_lines": [448, 449, 451, 453, 454, 455, 456, 457, 458, 459, 460, 462, 463, 465], "excluded_lines": []}, "toggle_privacy_modal": {"executed_lines": [], "summary": {"covered_lines": 0, "num_statements": 13, "percent_covered": 0.0, "percent_covered_display": "0", "missing_lines": 13, "excluded_lines": 0}, "missing_lines": [478, 479, 480, 482, 484, 486, 488, 489, 495, 507, 509, 510, 512], "excluded_lines": []}, "": {"executed_lines": [1, 3, 4, 6, 7, 8, 9, 10, 11, 13, 16, 17, 18, 19, 25, 27, 42, 47, 53, 76, 92, 101, 266, 270, 276, 292, 387, 393, 401, 410, 439, 447, 468, 476, 515], "summary": {"covered_lines": 35, "num_statements": 44, "percent_covered": 79.54545454545455, "percent_covered_display": "80", "missing_lines": 9, "excluded_lines": 0}, "missing_lines": [20, 21, 22, 516, 517, 518, 519, 520, 521], "excluded_lines": []}}, "classes": {"": {"executed_lines": [1, 3, 4, 6, 7, 8, 9, 10, 11, 13, 16, 17, 18, 19, 25, 27, 42, 43, 44, 47, 49, 50, 51, 53, 76, 78, 79, 82, 84, 85, 86, 88, 92, 101, 266, 270, 276, 292, 387, 393, 401, 410, 439, 447, 468, 476, 515], "summary": {"covered_lines": 47, "num_statements": 155, "percent_covered": 30.322580645161292, "percent_covered_display": "30", "missing_lines": 108, "excluded_lines": 0}, "missing_lines": [20, 21, 22, 55, 56, 58, 59, 60, 63, 64, 65, 67, 73, 74, 271, 272, 273, 293, 294, 295, 296, 298, 300, 301, 302, 303, 304, 305, 306, 307, 308, 310, 311, 314, 316, 317, 318, 319, 320, 322, 323, 324, 325, 327, 334, 335, 343, 347, 348, 349, 351, 359, 361, 368, 370, 372, 373, 394, 395, 396, 397, 398, 417, 418, 420, 422, 423, 424, 425, 426, 428, 432, 433, 434, 436, 448, 449, 451, 453, 454, 455, 456, 457, 458, 459, 460, 462, 463, 465, 478, 479, 480, 482, 484, 486, 488, 489, 495, 507, 509, 510, 512, 516, 517, 518, 519, 520, 521], "excluded_lines": []}}}, "data_analytics_comprehension_pipeline.py": {"executed_lines": [1, 7, 9, 10, 11, 13, 14, 16, 18, 22, 25, 26, 27, 28, 29, 34, 37, 38, 39, 40, 51, 52, 53, 54, 55, 57, 58, 60, 63, 68, 69, 70, 74, 75, 76, 80, 81, 85, 86, 91, 92, 93, 95, 96, 97, 99, 100, 101, 112, 113, 114, 115, 117, 118, 119, 120, 123, 124, 126, 127, 129, 130, 132, 133, 134, 135, 136, 138, 141], "summary": {"covered_lines": 67, "num_statements": 73, "percent_covered": 91.78082191780823, "percent_covered_display": "92", "missing_lines": 6, "excluded_lines": 0}, "missing_lines": [142, 144, 145, 146, 148, 149], "excluded_lines": [], "functions": {"RoadmapAnalyticsPipeline.__init__": {"executed_lines": [28, 29], "summary": {"covered_lines": 2, "num_statements": 2, "percent_covered": 100.0, "percent_covered_display": "100", "missing_lines": 0, "excluded_lines": 0}, "missing_lines": [], "excluded_lines": []}, "RoadmapAnalyticsPipeline.load_records": {"executed_lines": [37, 38, 39, 40, 51, 52, 53, 54, 55, 57, 58], "summary": {"covered_lines": 11, "num_statements": 11, "percent_covered": 100.0, "percent_covered_display": "100", "missing_lines": 0, "excluded_lines": 0}, "missing_lines": [], "excluded_lines": []}, "RoadmapAnalyticsPipeline.update_management_model": {"executed_lines": [63], "summary": {"covered_lines": 1, "num_statements": 1, "percent_covered": 100.0, "percent_covered_display": "100", "missing_lines": 0, "excluded_lines": 0}, "missing_lines": [], "excluded_lines": []}, "RoadmapAnalyticsPipeline.build_status_summary": {"executed_lines": [69, 70], "summary": {"covered_lines": 2, "num_statements": 2, "percent_covered": 100.0, "percent_covered_display": "100", "missing_lines": 0, "excluded_lines": 0}, "missing_lines": [], "excluded_lines": []}, "RoadmapAnalyticsPipeline.build_phase_summary": {"executed_lines": [75, 76], "summary": {"covered_lines": 2, "num_statements": 2, "percent_covered": 100.0, "percent_covered_display": "100", "missing_lines": 0, "excluded_lines": 0}, "missing_lines": [], "excluded_lines": []}, "RoadmapAnalyticsPipeline.build_progress_snapshot": {"executed_lines": [81], "summary": {"covered_lines": 1, "num_statements": 1, "percent_covered": 100.0, "percent_covered_display": "100", "missing_lines": 0, "excluded_lines": 0}, "missing_lines": [], "excluded_lines": []}, "RoadmapAnalyticsPipeline.metrics": {"executed_lines": [86], "summary": {"covered_lines": 1, "num_statements": 1, "percent_covered": 100.0, "percent_covered_display": "100", "missing_lines": 0, "excluded_lines": 0}, "missing_lines": [], "excluded_lines": []}, "RoadmapAnalyticsPipeline.status_chart": {"executed_lines": [92, 93], "summary": {"covered_lines": 2, "num_statements": 2, "percent_covered": 100.0, "percent_covered_display": "100", "missing_lines": 0, "excluded_lines": 0}, "missing_lines": [], "excluded_lines": []}, "RoadmapAnalyticsPipeline.phase_chart": {"executed_lines": [96, 97], "summary": {"covered_lines": 2, "num_statements": 2, "percent_covered": 100.0, "percent_covered_display": "100", "missing_lines": 0, "excluded_lines": 0}, "missing_lines": [], "excluded_lines": []}, "RoadmapAnalyticsPipeline.progress_chart": {"executed_lines": [100, 101], "summary": {"covered_lines": 2, "num_statements": 2, "percent_covered": 100.0, "percent_covered_display": "100", "missing_lines": 0, "excluded_lines": 0}, "missing_lines": [], "excluded_lines": []}, "RoadmapAnalyticsPipeline.export_records": {"executed_lines": [113, 114, 115], "summary": {"covered_lines": 3, "num_statements": 3, "percent_covered": 100.0, "percent_covered_display": "100", "missing_lines": 0, "excluded_lines": 0}, "missing_lines": [], "excluded_lines": []}, "RoadmapAnalyticsPipeline.export_metrics": {"executed_lines": [118, 119, 120], "summary": {"covered_lines": 3, "num_statements": 3, "percent_covered": 100.0, "percent_covered_display": "100", "missing_lines": 0, "excluded_lines": 0}, "missing_lines": [], "excluded_lines": []}, "run_pipeline": {"executed_lines": [124, 126, 127, 129, 130, 132, 133, 134, 135, 136, 138], "summary": {"covered_lines": 11, "num_statements": 11, "percent_covered": 100.0, "percent_covered_display": "100", "missing_lines": 0, "excluded_lines": 0}, "missing_lines": [], "excluded_lines": []}, "": {"executed_lines": [1, 7, 9, 10, 11, 13, 14, 16, 18, 22, 25, 26, 27, 34, 60, 68, 74, 80, 85, 91, 95, 99, 112, 117, 123, 141], "summary": {"covered_lines": 24, "num_statements": 30, "percent_covered": 80.0, "percent_covered_display": "80", "missing_lines": 6, "excluded_lines": 0}, "missing_lines": [142, 144, 145, 146, 148, 149], "excluded_lines": []}}, "classes": {"RoadmapAnalyticsPipeline": {"executed_lines": [28, 29, 37, 38, 39, 40, 51, 52, 53, 54, 55, 57, 58, 63, 69, 70, 75, 76, 81, 86, 92, 93, 96, 97, 100, 101, 113, 114, 115, 118, 119, 120], "summary": {"covered_lines": 32, "num_statements": 32, "percent_covered": 100.0, "percent_covered_display": "100", "missing_lines": 0, "excluded_lines": 0}, "missing_lines": [], "excluded_lines": []}, "": {"executed_lines": [1, 7, 9, 10, 11, 13, 14, 16, 18, 22, 25, 26, 27, 34, 60, 68, 74, 80, 85, 91, 95, 99, 112, 117, 123, 124, 126, 127, 129, 130, 132, 133, 134, 135, 136, 138, 141], "summary": {"covered_lines": 35, "num_statements": 41, "percent_covered": 85.36585365853658, "percent_covered_display": "85", "missing_lines": 6, "excluded_lines": 0}, "missing_lines": [142, 144, 145, 146, 148, 149], "excluded_lines": []}}}, "drucker_management.py": {"executed_lines": [1, 8, 10, 11, 12, 15, 16, 17, 19, 20, 21, 22, 23, 24, 25, 26, 27, 28, 29, 31, 34, 35, 36, 37, 40, 41, 43, 44, 45, 46, 47, 48, 49, 50, 51, 53, 54, 57, 58, 59, 62, 63, 64, 67, 68, 69, 72, 73, 74, 77, 78, 79, 82, 83, 84, 87, 88, 89, 92, 93, 104, 107, 108, 110, 113, 114, 115, 116, 118, 121, 122, 123, 124, 126, 127, 130, 131, 145, 148, 150, 153, 154, 155, 156, 158, 161, 162, 163, 164, 166, 169, 170, 178], "summary": {"covered_lines": 90, "num_statements": 92, "percent_covered": 97.82608695652173, "percent_covered_display": "98", "missing_lines": 2, "excluded_lines": 0}, "missing_lines": [125, 128], "excluded_lines": [], "functions": {"RoadmapItem.to_record": {"executed_lines": [34, 35, 36, 37], "summary": {"covered_lines": 4, "num_statements": 4, "percent_covered": 100.0, "percent_covered_display": "100", "missing_lines": 0, "excluded_lines": 0}, "missing_lines": [], "excluded_lines": []}, "DruckerFoundationModel.__init__": {"executed_lines": [44, 45, 46, 47, 48, 49, 50, 51, 53, 54], "summary": {"covered_lines": 10, "num_statements": 10, "percent_covered": 100.0, "percent_covered_display": "100", "missing_lines": 0, "excluded_lines": 0}, "missing_lines": [], "excluded_lines": []}, "DruckerFoundationModel.define_purpose": {"executed_lines": [58, 59], "summary": {"covered_lines": 2, "num_statements": 2, "percent_covered": 100.0, "percent_covered_display": "100", "missing_lines": 0, "excluded_lines": 0}, "missing_lines": [], "excluded_lines": []}, "DruckerFoundationModel.log_result": {"executed_lines": [63, 64], "summary": {"covered_lines": 2, "num_statements": 2, "percent_covered": 100.0, "percent_covered_display": "100", "missing_lines": 0, "excluded_lines": 0}, "missing_lines": [], "excluded_lines": []}, "DruckerFoundationModel.allocate_time": {"executed_lines": [68, 69], "summary": {"covered_lines": 2, "num_statements": 2, "percent_covered": 100.0, "percent_covered_display": "100", "missing_lines": 0, "excluded_lines": 0}, "missing_lines": [], "excluded_lines": []}, "DruckerFoundationModel.add_strength": {"executed_lines": [73, 74], "summary": {"covered_lines": 2, "num_statements": 2, "percent_covered": 100.0, "percent_covered_display": "100", "missing_lines": 0, "excluded_lines": 0}, "missing_lines": [], "excluded_lines": []}, "DruckerFoundationModel.log_lesson": {"executed_lines": [78, 79], "summary": {"covered_lines": 2, "num_statements": 2, "percent_covered": 100.0, "percent_covered_display": "100", "missing_lines": 0, "excluded_lines": 0}, "missing_lines": [], "excluded_lines": []}, "DruckerFoundationModel.record_customer_feedback": {"executed_lines": [83, 84], "summary": {"covered_lines": 2, "num_statements": 2, "percent_covered": 100.0, "percent_covered_display": "100", "missing_lines": 0, "excluded_lines": 0}, "missing_lines": [], "excluded_lines": []}, "DruckerFoundationModel.log_human_interaction": {"executed_lines": [88, 89], "summary": {"covered_lines": 2, "num_statements": 2, "percent_covered": 100.0, "percent_covered_display": "100", "missing_lines": 0, "excluded_lines": 0}, "missing_lines": [], "excluded_lines": []}, "DruckerFoundationModel.summarize": {"executed_lines": [93], "summary": {"covered_lines": 1, "num_statements": 1, "percent_covered": 100.0, "percent_covered_display": "100", "missing_lines": 0, "excluded_lines": 0}, "missing_lines": [], "excluded_lines": []}, "DruckerFoundationModel.ingest_roadmap": {"executed_lines": [107, 108], "summary": {"covered_lines": 2, "num_statements": 2, "percent_covered": 100.0, "percent_covered_display": "100", "missing_lines": 0, "excluded_lines": 0}, "missing_lines": [], "excluded_lines": []}, "DruckerFoundationModel.add_roadmap_item": {"executed_lines": [113, 114, 115, 116], "summary": {"covered_lines": 4, "num_statements": 4, "percent_covered": 100.0, "percent_covered_display": "100", "missing_lines": 0, "excluded_lines": 0}, "missing_lines": [], "excluded_lines": []}, "DruckerFoundationModel._coerce_item": {"executed_lines": [121, 130, 131], "summary": {"covered_lines": 3, "num_statements": 3, "percent_covered": 100.0, "percent_covered_display": "100", "missing_lines": 0, "excluded_lines": 0}, "missing_lines": [], "excluded_lines": []}, "DruckerFoundationModel._coerce_item._parse_date": {"executed_lines": [122, 123, 124, 126, 127], "summary": {"covered_lines": 5, "num_statements": 7, "percent_covered": 71.42857142857143, "percent_covered_display": "71", "missing_lines": 2, "excluded_lines": 0}, "missing_lines": [125, 128], "excluded_lines": []}, "DruckerFoundationModel.to_records": {"executed_lines": [148], "summary": {"covered_lines": 1, "num_statements": 1, "percent_covered": 100.0, "percent_covered_display": "100", "missing_lines": 0, "excluded_lines": 0}, "missing_lines": [], "excluded_lines": []}, "DruckerFoundationModel.status_counts": {"executed_lines": [153, 154, 155, 156], "summary": {"covered_lines": 4, "num_statements": 4, "percent_covered": 100.0, "percent_covered_display": "100", "missing_lines": 0, "excluded_lines": 0}, "missing_lines": [], "excluded_lines": []}, "DruckerFoundationModel.phase_counts": {"executed_lines": [161, 162, 163, 164], "summary": {"covered_lines": 4, "num_statements": 4, "percent_covered": 100.0, "percent_covered_display": "100", "missing_lines": 0, "excluded_lines": 0}, "missing_lines": [], "excluded_lines": []}, "DruckerFoundationModel.metrics": {"executed_lines": [169, 170], "summary": {"covered_lines": 2, "num_statements": 2, "percent_covered": 100.0, "percent_covered_display": "100", "missing_lines": 0, "excluded_lines": 0}, "missing_lines": [], "excluded_lines": []}, "": {"executed_lines": [1, 8, 10, 11, 12, 15, 16, 17, 19, 20, 21, 22, 23, 24, 25, 26, 27, 28, 29, 31, 40, 41, 43, 57, 62, 67, 72, 77, 82, 87, 92, 104, 110, 118, 145, 150, 158, 166, 178], "summary": {"covered_lines": 36, "num_statements": 36, "percent_covered": 100.0, "percent_covered_display": "100", "missing_lines": 0, "excluded_lines": 0}, "missing_lines": [], "excluded_lines": []}}, "classes": {"RoadmapItem": {"executed_lines": [34, 35, 36, 37], "summary": {"covered_lines": 4, "num_statements": 4, "percent_covered": 100.0, "percent_covered_display": "100", "missing_lines": 0, "excluded_lines": 0}, "missing_lines": [], "excluded_lines": []}, "DruckerFoundationModel": {"executed_lines": [44, 45, 46, 47, 48, 49, 50, 51, 53, 54, 58, 59, 63, 64, 68, 69, 73, 74, 78, 79, 83, 84, 88, 89, 93, 107, 108, 113, 114, 115, 116, 121, 122, 123, 124, 126, 127, 130, 131, 148, 153, 154, 155, 156, 161, 162, 163, 164, 169, 170], "summary": {"covered_lines": 50, "num_statements": 52, "percent_covered": 96.15384615384616, "percent_covered_display": "96", "missing_lines": 2, "excluded_lines": 0}, "missing_lines": [125, 128], "excluded_lines": []}, "": {"executed_lines": [1, 8, 10, 11, 12, 15, 16, 17, 19, 20, 21, 22, 23, 24, 25, 26, 27, 28, 29, 31, 40, 41, 43, 57, 62, 67, 72, 77, 82, 87, 92, 104, 110, 118, 145, 150, 158, 166, 178], "summary": {"covered_lines": 36, "num_statements": 36, "percent_covered": 100.0, "percent_covered_display": "100", "missing_lines": 0, "excluded_lines": 0}, "missing_lines": [], "excluded_lines": []}}}, "export_roadmap.py": {"executed_lines": [1, 5, 6, 7, 9, 13, 16, 19, 20, 21, 24, 42, 45, 47, 50, 53, 54, 57, 58, 60, 61, 63, 65], "summary": {"covered_lines": 22, "num_statements": 23, "percent_covered": 95.65217391304348, "percent_covered_display": "96", "missing_lines": 1, "excluded_lines": 0}, "missing_lines": [66], "excluded_lines": [], "functions": {"export_roadmap_to_excel": {"executed_lines": [13, 16, 19, 20, 21, 24, 42, 45, 47, 50, 53, 54, 57, 58, 60, 61, 63], "summary": {"covered_lines": 17, "num_statements": 17, "percent_covered": 100.0, "percent_covered_display": "100", "missing_lines": 0, "excluded_lines": 0}, "missing_lines": [], "excluded_lines": []}, "": {"executed_lines": [1, 5, 6, 7, 9, 65], "summary": {"covered_lines": 5, "num_statements": 6, "percent_covered": 83.33333333333333, "percent_covered_display": "83", "missing_lines": 1, "excluded_lines": 0}, "missing_lines": [66], "excluded_lines": []}}, "classes": {"": {"executed_lines": [1, 5, 6, 7, 9, 13, 16, 19, 20, 21, 24, 42, 45, 47, 50, 53, 54, 57, 58, 60, 61, 63, 65], "summary": {"covered_lines": 22, "num_statements": 23, "percent_covered": 95.65217391304348, "percent_covered_display": "96", "missing_lines": 1, "excluded_lines": 0}, "missing_lines": [66], "excluded_lines": []}}}, "metering_models.py": {"executed_lines": [1, 5, 6, 7, 8, 10, 11, 12, 13, 14, 15, 16, 18, 19, 20, 21, 22, 23, 24, 25, 26, 28, 29, 38, 39, 40, 41, 42, 43, 44, 45, 47, 49, 51, 53, 55, 57, 59, 60, 61, 62, 63, 64, 66, 68], "summary": {"covered_lines": 40, "num_statements": 40, "percent_covered": 100.0, "percent_covered_display": "100", "missing_lines": 0, "excluded_lines": 0}, "missing_lines": [], "excluded_lines": [], "functions": {"UsageRecord.to_dict": {"executed_lines": [29], "summary": {"covered_lines": 1, "num_statements": 1, "percent_covered": 100.0, "percent_covered_display": "100", "missing_lines": 0, "excluded_lines": 0}, "missing_lines": [], "excluded_lines": []}, "Quota.is_exceeded": {"executed_lines": [49], "summary": {"covered_lines": 1, "num_statements": 1, "percent_covered": 100.0, "percent_covered_display": "100", "missing_lines": 0, "excluded_lines": 0}, "missing_lines": [], "excluded_lines": []}, "Quota.remaining": {"executed_lines": [53], "summary": {"covered_lines": 1, "num_statements": 1, "percent_covered": 100.0, "percent_covered_display": "100", "missing_lines": 0, "excluded_lines": 0}, "missing_lines": [], "excluded_lines": []}, "Quota.usage_percentage": {"executed_lines": [57], "summary": {"covered_lines": 1, "num_statements": 1, "percent_covered": 100.0, "percent_covered_display": "100", "missing_lines": 0, "excluded_lines": 0}, "missing_lines": [], "excluded_lines": []}, "CostRate.calculate_cost": {"executed_lines": [68], "summary": {"covered_lines": 1, "num_statements": 1, "percent_covered": 100.0, "percent_covered_display": "100", "missing_lines": 0, "excluded_lines": 0}, "missing_lines": [], "excluded_lines": []}, "": {"executed_lines": [1, 5, 6, 7, 8, 10, 11, 12, 13, 14, 15, 16, 18, 19, 20, 21, 22, 23, 24, 25, 26, 28, 38, 39, 40, 41, 42, 43, 44, 45, 47, 51, 55, 59, 60, 61, 62, 63, 64, 66], "summary": {"covered_lines": 35, "num_statements": 35, "percent_covered": 100.0, "percent_covered_display": "100", "missing_lines": 0, "excluded_lines": 0}, "missing_lines": [], "excluded_lines": []}}, "classes": {"ResourceType": {"executed_lines": [], "summary": {"covered_lines": 0, "num_statements": 0, "percent_covered": 100.0, "percent_covered_display": "100", "missing_lines": 0, "excluded_lines": 0}, "missing_lines": [], "excluded_lines": []}, "UsageRecord": {"executed_lines": [29], "summary": {"covered_lines": 1, "num_statements": 1, "percent_covered": 100.0, "percent_covered_display": "100", "missing_lines": 0, "excluded_lines": 0}, "missing_lines": [], "excluded_lines": []}, "Quota": {"executed_lines": [49, 53, 57], "summary": {"covered_lines": 3, "num_statements": 3, "percent_covered": 100.0, "percent_covered_display": "100", "missing_lines": 0, "excluded_lines": 0}, "missing_lines": [], "excluded_lines": []}, "CostRate": {"executed_lines": [68], "summary": {"covered_lines": 1, "num_statements": 1, "percent_covered": 100.0, "percent_covered_display": "100", "missing_lines": 0, "excluded_lines": 0}, "missing_lines": [], "excluded_lines": []}, "": {"executed_lines": [1, 5, 6, 7, 8, 10, 11, 12, 13, 14, 15, 16, 18, 19, 20, 21, 22, 23, 24, 25, 26, 28, 38, 39, 40, 41, 42, 43, 44, 45, 47, 51, 55, 59, 60, 61, 62, 63, 64, 66], "summary": {"covered_lines": 35, "num_statements": 35, "percent_covered": 100.0, "percent_covered_display": "100", "missing_lines": 0, "excluded_lines": 0}, "missing_lines": [], "excluded_lines": []}}}, "privacy_filter.py": {"executed_lines": [1, 6, 7, 8, 9, 10, 12, 13, 14, 15, 16, 17, 18, 19, 20, 21, 23, 24, 25, 26, 27, 28, 29, 30, 32, 33, 35, 36, 45, 47, 49, 51, 52, 53, 61, 63, 65, 68, 69, 70, 72, 74, 76, 78, 79, 80, 82, 83, 84, 86, 91, 93, 95, 97, 99, 100, 101, 103, 105, 106, 107, 111, 113, 114, 116, 118, 119, 121, 123, 124, 130, 132, 134, 136, 137, 138, 140, 142, 154, 155, 161], "summary": {"covered_lines": 77, "num_statements": 93, "percent_covered": 82.79569892473118, "percent_covered_display": "83", "missing_lines": 16, "excluded_lines": 0}, "missing_lines": [89, 109, 128, 162, 165, 172, 173, 175, 176, 178, 179, 181, 182, 184, 185, 186], "excluded_lines": [], "functions": {"PrivacyFilter.__init__": {"executed_lines": [36, 45], "summary": {"covered_lines": 2, "num_statements": 2, "percent_covered": 100.0, "percent_covered_display": "100", "missing_lines": 0, "excluded_lines": 0}, "missing_lines": [], "excluded_lines": []}, "PrivacyFilter.detect_pii": {"executed_lines": [49, 51, 52, 53, 61], "summary": {"covered_lines": 5, "num_statements": 5, "percent_covered": 100.0, "percent_covered_display": "100", "missing_lines": 0, "excluded_lines": 0}, "missing_lines": [], "excluded_lines": []}, "PrivacyFilter.redact": {"executed_lines": [65, 68, 69, 70, 72], "summary": {"covered_lines": 5, "num_statements": 5, "percent_covered": 100.0, "percent_covered_display": "100", "missing_lines": 0, "excluded_lines": 0}, "missing_lines": [], "excluded_lines": []}, "PrivacyFilter.anonymize": {"executed_lines": [76, 78, 79, 80, 82, 83, 84, 86, 91, 93], "summary": {"covered_lines": 10, "num_statements": 11, "percent_covered": 90.9090909090909, "percent_covered_display": "91", "missing_lines": 1, "excluded_lines": 0}, "missing_lines": [89], "excluded_lines": []}, "PrivacyFilter.mask": {"executed_lines": [97, 99, 100, 101, 103, 105, 106, 107, 111, 113, 114, 116, 118, 119, 121, 123, 124, 130, 132], "summary": {"covered_lines": 19, "num_statements": 21, "percent_covered": 90.47619047619048, "percent_covered_display": "90", "missing_lines": 2, "excluded_lines": 0}, "missing_lines": [109, 128], "excluded_lines": []}, "PrivacyFilter.scan_file": {"executed_lines": [136, 137, 138, 140, 142, 154, 155], "summary": {"covered_lines": 7, "num_statements": 7, "percent_covered": 100.0, "percent_covered_display": "100", "missing_lines": 0, "excluded_lines": 0}, "missing_lines": [], "excluded_lines": []}, "": {"executed_lines": [1, 6, 7, 8, 9, 10, 12, 13, 14, 15, 16, 17, 18, 19, 20, 21, 23, 24, 25, 26, 27, 28, 29, 30, 32, 33, 35, 47, 63, 74, 95, 134, 161], "summary": {"covered_lines": 29, "num_statements": 42, "percent_covered": 69.04761904761905, "percent_covered_display": "69", "missing_lines": 13, "excluded_lines": 0}, "missing_lines": [162, 165, 172, 173, 175, 176, 178, 179, 181, 182, 184, 185, 186], "excluded_lines": []}}, "classes": {"PIIType": {"executed_lines": [], "summary": {"covered_lines": 0, "num_statements": 0, "percent_covered": 100.0, "percent_covered_display": "100", "missing_lines": 0, "excluded_lines": 0}, "missing_lines": [], "excluded_lines": []}, "PIIMatch": {"executed_lines": [], "summary": {"covered_lines": 0, "num_statements": 0, "percent_covered": 100.0, "percent_covered_display": "100", "missing_lines": 0, "excluded_lines": 0}, "missing_lines": [], "excluded_lines": []}, "PrivacyFilter": {"executed_lines": [36, 45, 49, 51, 52, 53, 61, 65, 68, 69, 70, 72, 76, 78, 79, 80, 82, 83, 84, 86, 91, 93, 97, 99, 100, 101, 103, 105, 106, 107, 111, 113, 114, 116, 118, 119, 121, 123, 124, 130, 132, 136, 137, 138, 140, 142, 154, 155], "summary": {"covered_lines": 48, "num_statements": 51, "percent_covered": 94.11764705882354, "percent_covered_display": "94", "missing_lines": 3, "excluded_lines": 0}, "missing_lines": [89, 109, 128], "excluded_lines": []}, "": {"executed_lines": [1, 6, 7, 8, 9, 10, 12, 13, 14, 15, 16, 17, 18, 19, 20, 21, 23, 24, 25, 26, 27, 28, 29, 30, 32, 33, 35, 47, 63, 74, 95, 134, 161], "summary": {"covered_lines": 29, "num_statements": 42, "percent_covered": 69.04761904761905, "percent_covered_display": "69", "missing_lines": 13, "excluded_lines": 0}, "missing_lines": [162, 165, 172, 173, 175, 176, 178, 179, 181, 182, 184, 185, 186], "excluded_lines": []}}}, "privacy_middleware.py": {"executed_lines": [1, 6, 7, 8, 9, 11, 12, 14, 15, 16, 18, 20, 21, 22, 25, 26, 27, 28, 29, 30, 32, 33, 35, 37, 38, 39, 40, 41, 42, 45, 47, 49, 51, 52, 53, 54, 55, 56, 57, 60], "summary": {"covered_lines": 38, "num_statements": 45, "percent_covered": 84.44444444444444, "percent_covered_display": "84", "missing_lines": 7, "excluded_lines": 0}, "missing_lines": [43, 61, 63, 64, 65, 72, 73], "excluded_lines": [], "functions": {"PrivacyMiddleware.__init__": {"executed_lines": [15, 16], "summary": {"covered_lines": 2, "num_statements": 2, "percent_covered": 100.0, "percent_covered_display": "100", "missing_lines": 0, "excluded_lines": 0}, "missing_lines": [], "excluded_lines": []}, "PrivacyMiddleware.filter_response": {"executed_lines": [20, 21, 33], "summary": {"covered_lines": 3, "num_statements": 3, "percent_covered": 100.0, "percent_covered_display": "100", "missing_lines": 0, "excluded_lines": 0}, "missing_lines": [], "excluded_lines": []}, "PrivacyMiddleware.filter_response.wrapper": {"executed_lines": [22, 25, 26, 27, 28, 29, 30, 32], "summary": {"covered_lines": 8, "num_statements": 8, "percent_covered": 100.0, "percent_covered_display": "100", "missing_lines": 0, "excluded_lines": 0}, "missing_lines": [], "excluded_lines": []}, "PrivacyMiddleware._apply_filter": {"executed_lines": [37, 38, 39, 40, 41, 42], "summary": {"covered_lines": 6, "num_statements": 7, "percent_covered": 85.71428571428571, "percent_covered_display": "86", "missing_lines": 1, "excluded_lines": 0}, "missing_lines": [43], "excluded_lines": []}, "PrivacyMiddleware._filter_dict": {"executed_lines": [47], "summary": {"covered_lines": 1, "num_statements": 1, "percent_covered": 100.0, "percent_covered_display": "100", "missing_lines": 0, "excluded_lines": 0}, "missing_lines": [], "excluded_lines": []}, "PrivacyMiddleware._filter_value": {"executed_lines": [51, 52, 53, 54, 55, 56, 57], "summary": {"covered_lines": 7, "num_statements": 7, "percent_covered": 100.0, "percent_covered_display": "100", "missing_lines": 0, "excluded_lines": 0}, "missing_lines": [], "excluded_lines": []}, "get_user_data": {"executed_lines": [], "summary": {"covered_lines": 0, "num_statements": 1, "percent_covered": 0.0, "percent_covered_display": "0", "missing_lines": 1, "excluded_lines": 0}, "missing_lines": [65], "excluded_lines": []}, "": {"executed_lines": [1, 6, 7, 8, 9, 11, 12, 14, 18, 35, 45, 49, 60], "summary": {"covered_lines": 11, "num_statements": 16, "percent_covered": 68.75, "percent_covered_display": "69", "missing_lines": 5, "excluded_lines": 0}, "missing_lines": [61, 63, 64, 72, 73], "excluded_lines": []}}, "classes": {"PrivacyMiddleware": {"executed_lines": [15, 16, 20, 21, 22, 25, 26, 27, 28, 29, 30, 32, 33, 37, 38, 39, 40, 41, 42, 47, 51, 52, 53, 54, 55, 56, 57], "summary": {"covered_lines": 27, "num_statements": 28, "percent_covered": 96.42857142857143, "percent_covered_display": "96", "missing_lines": 1, "excluded_lines": 0}, "missing_lines": [43], "excluded_lines": []}, "": {"executed_lines": [1, 6, 7, 8, 9, 11, 12, 14, 18, 35, 45, 49, 60], "summary": {"covered_lines": 11, "num_statements": 17, "percent_covered": 64.70588235294117, "percent_covered_display": "65", "missing_lines": 6, "excluded_lines": 0}, "missing_lines": [61, 63, 64, 65, 72, 73], "excluded_lines": []}}}, "test_pipeline.py": {"executed_lines": [], "summary": {"covered_lines": 0, "num_statements": 25, "percent_covered": 0.0, "percent_covered_display": "0", "missing_lines": 25, "excluded_lines": 0}, "missing_lines": [3, 4, 5, 8, 10, 11, 12, 13, 16, 18, 20, 21, 23, 24, 25, 26, 29, 31, 32, 33, 34, 35, 36, 37, 38], "excluded_lines": [], "functions": {"test_load_records_fallback": {"executed_lines": [], "summary": {"covered_lines": 0, "num_statements": 4, "percent_covered": 0.0, "percent_covered_display": "0", "missing_lines": 4, "excluded_lines": 0}, "missing_lines": [10, 11, 12, 13], "excluded_lines": []}, "test_load_records_from_csv": {"executed_lines": [], "summary": {"covered_lines": 0, "num_statements": 7, "percent_covered": 0.0, "percent_covered_display": "0", "missing_lines": 7, "excluded_lines": 0}, "missing_lines": [18, 20, 21, 23, 24, 25, 26], "excluded_lines": []}, "test_metrics": {"executed_lines": [], "summary": {"covered_lines": 0, "num_statements": 8, "percent_covered": 0.0, "percent_covered_display": "0", "missing_lines": 8, "excluded_lines": 0}, "missing_lines": [31, 32, 33, 34, 35, 36, 37, 38], "excluded_lines": []}, "": {"executed_lines": [], "summary": {"covered_lines": 0, "num_statements": 6, "percent_covered": 0.0, "percent_covered_display": "0", "missing_lines": 6, "excluded_lines": 0}, "missing_lines": [3, 4, 5, 8, 16, 29], "excluded_lines": []}}, "classes": {"": {"executed_lines": [], "summary": {"covered_lines": 0, "num_statements": 25, "percent_covered": 0.0, "percent_covered_display": "0", "missing_lines": 25, "excluded_lines": 0}, "missing_lines": [3, 4, 5, 8, 10, 11, 12, 13, 16, 18, 20, 21, 23, 24, 25, 26, 29, 31, 32, 33, 34, 35, 36, 37, 38], "excluded_lines": []}}}, "tests\\__init__.py": {"executed_lines": [0], "summary": {"covered_lines": 0, "num_statements": 0, "percent_covered": 100.0, "percent_covered_display": "100", "missing_lines": 0, "excluded_lines": 0}, "missing_lines": [], "excluded_lines": [], "functions": {"": {"executed_lines": [], "summary": {"covered_lines": 0, "num_statements": 0, "percent_covered": 100.0, "percent_covered_display": "100", "missing_lines": 0, "excluded_lines": 0}, "missing_lines": [], "excluded_lines": []}}, "classes": {"": {"executed_lines": [], "summary": {"covered_lines": 0, "num_statements": 0, "percent_covered": 100.0, "percent_covered_display": "100", "missing_lines": 0, "excluded_lines": 0}, "missing_lines": [], "excluded_lines": []}}}, "tests\\integration\\__init__.py": {"executed_lines": [], "summary": {"covered_lines": 0, "num_statements": 0, "percent_covered": 100.0, "percent_covered_display": "100", "missing_lines": 0, "excluded_lines": 0}, "missing_lines": [], "excluded_lines": [], "functions": {"": {"executed_lines": [], "summary": {"covered_lines": 0, "num_statements": 0, "percent_covered": 100.0, "percent_covered_display": "100", "missing_lines": 0, "excluded_lines": 0}, "missing_lines": [], "excluded_lines": []}}, "classes": {"": {"executed_lines": [], "summary": {"covered_lines": 0, "num_statements": 0, "percent_covered": 100.0, "percent_covered_display": "100", "missing_lines": 0, "excluded_lines": 0}, "missing_lines": [], "excluded_lines": []}}}, "tests\\load\\__init__.py": {"executed_lines": [], "summary": {"covered_lines": 0, "num_statements": 0, "percent_covered": 100.0, "percent_covered_display": "100", "missing_lines": 0, "excluded_lines": 0}, "missing_lines": [], "excluded_lines": [], "functions": {"": {"executed_lines": [], "summary": {"covered_lines": 0, "num_statements": 0, "percent_covered": 100.0, "percent_covered_display": "100", "missing_lines": 0, "excluded_lines": 0}, "missing_lines": [], "excluded_lines": []}}, "classes": {"": {"executed_lines": [], "summary": {"covered_lines": 0, "num_statements": 0, "percent_covered": 100.0, "percent_covered_display": "100", "missing_lines": 0, "excluded_lines": 0}, "missing_lines": [], "excluded_lines": []}}}, "tests\\unit\\__init__.py": {"executed_lines": [0], "summary": {"covered_lines": 0, "num_statements": 0, "percent_covered": 100.0, "percent_covered_display": "100", "missing_lines": 0, "excluded_lines": 0}, "missing_lines": [], "excluded_lines": [], "functions": {"": {"executed_lines": [], "summary": {"covered_lines": 0, "num_statements": 0, "percent_covered": 100.0, "percent_covered_display": "100", "missing_lines": 0, "excluded_lines": 0}, "missing_lines": [], "excluded_lines": []}}, "classes": {"": {"executed_lines": [], "summary": {"covered_lines": 0, "num_statements": 0, "percent_covered": 100.0, "percent_covered_display": "100", "missing_lines": 0, "excluded_lines": 0}, "missing_lines": [], "excluded_lines": []}}}, "tests\\unit\\test_dashboard_helpers.py": {"executed_lines": [1, 6, 7, 8, 9, 16, 17, 19, 21, 25, 27, 28, 29, 31, 33, 38, 40, 41, 42, 43, 44, 46, 48, 53, 54, 57, 59, 61, 67, 69, 72, 73, 75, 76, 77, 79, 81, 83, 84, 86, 87, 89, 90, 92, 94, 95, 96, 98, 101, 102, 104, 105, 106, 108, 110, 111, 114, 115, 117, 118, 120, 127, 130, 131, 133, 134, 136, 141, 144, 146, 147, 149, 154, 157, 158, 161], "summary": {"covered_lines": 72, "num_statements": 73, "percent_covered": 98.63013698630137, "percent_covered_display": "99", "missing_lines": 1, "excluded_lines": 0}, "missing_lines": [162], "excluded_lines": [], "functions": {"TestStatusOptions.test_status_options_single_status": {"executed_lines": [21, 25, 27, 28, 29], "summary": {"covered_lines": 5, "num_statements": 5, "percent_covered": 100.0, "percent_covered_display": "100", "missing_lines": 0, "excluded_lines": 0}, "missing_lines": [], "excluded_lines": []}, "TestStatusOptions.test_status_options_multiple_statuses": {"executed_lines": [33, 38, 40, 41, 42, 43, 44], "summary": {"covered_lines": 7, "num_statements": 7, "percent_covered": 100.0, "percent_covered_display": "100", "missing_lines": 0, "excluded_lines": 0}, "missing_lines": [], "excluded_lines": []}, "TestStatusOptions.test_status_options_sorted": {"executed_lines": [48, 53, 54, 57], "summary": {"covered_lines": 4, "num_statements": 4, "percent_covered": 100.0, "percent_covered_display": "100", "missing_lines": 0, "excluded_lines": 0}, "missing_lines": [], "excluded_lines": []}, "TestStatusOptions.test_status_options_deduplicates": {"executed_lines": [61, 67, 69], "summary": {"covered_lines": 3, "num_statements": 3, "percent_covered": 100.0, "percent_covered_display": "100", "missing_lines": 0, "excluded_lines": 0}, "missing_lines": [], "excluded_lines": []}, "TestApplyPrivacyFilter.test_apply_privacy_filter_enabled": {"executed_lines": [79, 81, 83, 84], "summary": {"covered_lines": 4, "num_statements": 4, "percent_covered": 100.0, "percent_covered_display": "100", "missing_lines": 0, "excluded_lines": 0}, "missing_lines": [], "excluded_lines": []}, "TestApplyPrivacyFilter.test_apply_privacy_filter_disabled": {"executed_lines": [89, 90, 92], "summary": {"covered_lines": 3, "num_statements": 3, "percent_covered": 100.0, "percent_covered_display": "100", "missing_lines": 0, "excluded_lines": 0}, "missing_lines": [], "excluded_lines": []}, "TestApplyPrivacyFilter.test_apply_privacy_filter_empty_text": {"executed_lines": [98, 101, 102], "summary": {"covered_lines": 3, "num_statements": 3, "percent_covered": 100.0, "percent_covered_display": "100", "missing_lines": 0, "excluded_lines": 0}, "missing_lines": [], "excluded_lines": []}, "TestApplyPrivacyFilter.test_apply_privacy_filter_none": {"executed_lines": [108, 110, 111], "summary": {"covered_lines": 3, "num_statements": 3, "percent_covered": 100.0, "percent_covered_display": "100", "missing_lines": 0, "excluded_lines": 0}, "missing_lines": [], "excluded_lines": []}, "TestApplyPrivacyToDataframe.test_apply_privacy_to_dataframe": {"executed_lines": [120, 127, 130, 131], "summary": {"covered_lines": 4, "num_statements": 4, "percent_covered": 100.0, "percent_covered_display": "100", "missing_lines": 0, "excluded_lines": 0}, "missing_lines": [], "excluded_lines": []}, "TestApplyPrivacyToDataframe.test_apply_privacy_to_dataframe_disabled": {"executed_lines": [136, 141, 144], "summary": {"covered_lines": 3, "num_statements": 3, "percent_covered": 100.0, "percent_covered_display": "100", "missing_lines": 0, "excluded_lines": 0}, "missing_lines": [], "excluded_lines": []}, "TestApplyPrivacyToDataframe.test_apply_privacy_to_dataframe_with_data": {"executed_lines": [149, 154, 157, 158], "summary": {"covered_lines": 4, "num_statements": 4, "percent_covered": 100.0, "percent_covered_display": "100", "missing_lines": 0, "excluded_lines": 0}, "missing_lines": [], "excluded_lines": []}, "": {"executed_lines": [1, 6, 7, 8, 9, 16, 17, 19, 31, 46, 59, 72, 73, 75, 76, 77, 86, 87, 94, 95, 96, 104, 105, 106, 114, 115, 117, 118, 133, 134, 146, 147, 161], "summary": {"covered_lines": 29, "num_statements": 30, "percent_covered": 96.66666666666667, "percent_covered_display": "97", "missing_lines": 1, "excluded_lines": 0}, "missing_lines": [162], "excluded_lines": []}}, "classes": {"TestStatusOptions": {"executed_lines": [21, 25, 27, 28, 29, 33, 38, 40, 41, 42, 43, 44, 48, 53, 54, 57, 61, 67, 69], "summary": {"covered_lines": 19, "num_statements": 19, "percent_covered": 100.0, "percent_covered_display": "100", "missing_lines": 0, "excluded_lines": 0}, "missing_lines": [], "excluded_lines": []}, "TestApplyPrivacyFilter": {"executed_lines": [79, 81, 83, 84, 89, 90, 92, 98, 101, 102, 108, 110, 111], "summary": {"covered_lines": 13, "num_statements": 13, "percent_covered": 100.0, "percent_covered_display": "100", "missing_lines": 0, "excluded_lines": 0}, "missing_lines": [], "excluded_lines": []}, "TestApplyPrivacyToDataframe": {"executed_lines": [120, 127, 130, 131, 136, 141, 144, 149, 154, 157, 158], "summary": {"covered_lines": 11, "num_statements": 11, "percent_covered": 100.0, "percent_covered_display": "100", "missing_lines": 0, "excluded_lines": 0}, "missing_lines": [], "excluded_lines": []}, "": {"executed_lines": [1, 6, 7, 8, 9, 16, 17, 19, 31, 46, 59, 72, 73, 75, 76, 77, 86, 87, 94, 95, 96, 104, 105, 106, 114, 115, 117, 118, 133, 134, 146, 147, 161], "summary": {"covered_lines": 29, "num_statements": 30, "percent_covered": 96.66666666666667, "percent_covered_display": "97", "missing_lines": 1, "excluded_lines": 0}, "missing_lines": [162], "excluded_lines": []}}}, "tests\\unit\\test_data_analytics_pipeline.py": {"executed_lines": [1, 6, 7, 8, 9, 10, 11, 14, 15, 17, 19, 20, 22, 24, 25, 26, 28, 30, 31, 32, 34, 36, 37, 38, 39, 41, 43, 44, 47, 49, 50, 52, 53, 54, 56, 58, 59, 61, 63, 65, 66, 67, 69, 71, 78, 79, 81, 83, 84, 86, 88, 89, 90, 91, 93, 95, 96, 98, 100, 101, 102, 103, 105, 107, 108, 110, 112, 113, 114, 115, 117, 119, 120, 122, 124, 125, 126, 127, 128, 130, 132, 133, 135, 137, 139, 141, 143, 144, 146, 148, 149, 151, 153, 154, 156, 158, 159, 161, 163, 164, 166, 167, 169, 170, 171, 173, 175, 176, 178, 179, 181, 182, 183, 184, 187, 188, 190, 192, 194, 196, 198, 199, 201, 203, 205, 207, 208, 209, 211, 213, 214, 216, 218, 220, 221, 223, 225, 226, 229, 231, 233, 239, 242, 245, 246, 249, 250, 251, 254], "summary": {"covered_lines": 146, "num_statements": 147, "percent_covered": 99.31972789115646, "percent_covered_display": "99", "missing_lines": 1, "excluded_lines": 0}, "missing_lines": [255], "excluded_lines": [], "functions": {"TestRoadmapAnalyticsPipeline.setUp": {"executed_lines": [19, 20], "summary": {"covered_lines": 2, "num_statements": 2, "percent_covered": 100.0, "percent_covered_display": "100", "missing_lines": 0, "excluded_lines": 0}, "missing_lines": [], "excluded_lines": []}, "TestRoadmapAnalyticsPipeline.test_initialization_without_datasource": {"executed_lines": [24, 25, 26], "summary": {"covered_lines": 3, "num_statements": 3, "percent_covered": 100.0, "percent_covered_display": "100", "missing_lines": 0, "excluded_lines": 0}, "missing_lines": [], "excluded_lines": []}, "TestRoadmapAnalyticsPipeline.test_initialization_with_datasource": {"executed_lines": [30, 31, 32], "summary": {"covered_lines": 3, "num_statements": 3, "percent_covered": 100.0, "percent_covered_display": "100", "missing_lines": 0, "excluded_lines": 0}, "missing_lines": [], "excluded_lines": []}, "TestRoadmapAnalyticsPipeline.test_load_records_fallback_to_defaults": {"executed_lines": [36, 37, 38, 39], "summary": {"covered_lines": 4, "num_statements": 4, "percent_covered": 100.0, "percent_covered_display": "100", "missing_lines": 0, "excluded_lines": 0}, "missing_lines": [], "excluded_lines": []}, "TestRoadmapAnalyticsPipeline.test_load_records_from_csv_file": {"executed_lines": [43, 44, 47, 49, 50, 52, 53, 54], "summary": {"covered_lines": 8, "num_statements": 8, "percent_covered": 100.0, "percent_covered_display": "100", "missing_lines": 0, "excluded_lines": 0}, "missing_lines": [], "excluded_lines": []}, "TestRoadmapAnalyticsPipeline.test_load_records_missing_columns_raises_error": {"executed_lines": [58, 59, 61, 63, 65, 66, 67], "summary": {"covered_lines": 7, "num_statements": 7, "percent_covered": 100.0, "percent_covered_display": "100", "missing_lines": 0, "excluded_lines": 0}, "missing_lines": [], "excluded_lines": []}, "TestRoadmapAnalyticsPipeline.test_update_management_model": {"executed_lines": [71, 78, 79], "summary": {"covered_lines": 3, "num_statements": 3, "percent_covered": 100.0, "percent_covered_display": "100", "missing_lines": 0, "excluded_lines": 0}, "missing_lines": [], "excluded_lines": []}, "TestRoadmapAnalyticsPipeline.test_build_status_summary": {"executed_lines": [83, 84, 86, 88, 89, 90, 91], "summary": {"covered_lines": 7, "num_statements": 7, "percent_covered": 100.0, "percent_covered_display": "100", "missing_lines": 0, "excluded_lines": 0}, "missing_lines": [], "excluded_lines": []}, "TestRoadmapAnalyticsPipeline.test_build_phase_summary": {"executed_lines": [95, 96, 98, 100, 101, 102, 103], "summary": {"covered_lines": 7, "num_statements": 7, "percent_covered": 100.0, "percent_covered_display": "100", "missing_lines": 0, "excluded_lines": 0}, "missing_lines": [], "excluded_lines": []}, "TestRoadmapAnalyticsPipeline.test_build_progress_snapshot": {"executed_lines": [107, 108, 110, 112, 113, 114, 115], "summary": {"covered_lines": 7, "num_statements": 7, "percent_covered": 100.0, "percent_covered_display": "100", "missing_lines": 0, "excluded_lines": 0}, "missing_lines": [], "excluded_lines": []}, "TestRoadmapAnalyticsPipeline.test_metrics": {"executed_lines": [119, 120, 122, 124, 125, 126, 127, 128], "summary": {"covered_lines": 8, "num_statements": 8, "percent_covered": 100.0, "percent_covered_display": "100", "missing_lines": 0, "excluded_lines": 0}, "missing_lines": [], "excluded_lines": []}, "TestRoadmapAnalyticsPipeline.test_status_chart": {"executed_lines": [132, 133, 135, 137, 139], "summary": {"covered_lines": 5, "num_statements": 5, "percent_covered": 100.0, "percent_covered_display": "100", "missing_lines": 0, "excluded_lines": 0}, "missing_lines": [], "excluded_lines": []}, "TestRoadmapAnalyticsPipeline.test_phase_chart": {"executed_lines": [143, 144, 146, 148, 149], "summary": {"covered_lines": 5, "num_statements": 5, "percent_covered": 100.0, "percent_covered_display": "100", "missing_lines": 0, "excluded_lines": 0}, "missing_lines": [], "excluded_lines": []}, "TestRoadmapAnalyticsPipeline.test_progress_chart": {"executed_lines": [153, 154, 156, 158, 159], "summary": {"covered_lines": 5, "num_statements": 5, "percent_covered": 100.0, "percent_covered_display": "100", "missing_lines": 0, "excluded_lines": 0}, "missing_lines": [], "excluded_lines": []}, "TestRoadmapAnalyticsPipeline.test_export_records": {"executed_lines": [163, 164, 166, 167, 169, 170, 171], "summary": {"covered_lines": 7, "num_statements": 7, "percent_covered": 100.0, "percent_covered_display": "100", "missing_lines": 0, "excluded_lines": 0}, "missing_lines": [], "excluded_lines": []}, "TestRoadmapAnalyticsPipeline.test_export_metrics": {"executed_lines": [175, 176, 178, 179, 181, 182, 183, 184], "summary": {"covered_lines": 8, "num_statements": 8, "percent_covered": 100.0, "percent_covered_display": "100", "missing_lines": 0, "excluded_lines": 0}, "missing_lines": [], "excluded_lines": []}, "TestRunPipeline.setUp": {"executed_lines": [192], "summary": {"covered_lines": 1, "num_statements": 1, "percent_covered": 100.0, "percent_covered_display": "100", "missing_lines": 0, "excluded_lines": 0}, "missing_lines": [], "excluded_lines": []}, "TestRunPipeline.test_run_pipeline_without_args": {"executed_lines": [196, 198, 199], "summary": {"covered_lines": 3, "num_statements": 3, "percent_covered": 100.0, "percent_covered_display": "100", "missing_lines": 0, "excluded_lines": 0}, "missing_lines": [], "excluded_lines": []}, "TestRunPipeline.test_run_pipeline_with_export_dir": {"executed_lines": [203, 205, 207, 208, 209], "summary": {"covered_lines": 5, "num_statements": 5, "percent_covered": 100.0, "percent_covered_display": "100", "missing_lines": 0, "excluded_lines": 0}, "missing_lines": [], "excluded_lines": []}, "TestRunPipeline.test_run_pipeline_with_csv_source": {"executed_lines": [213, 214, 216, 218, 220, 221], "summary": {"covered_lines": 6, "num_statements": 6, "percent_covered": 100.0, "percent_covered_display": "100", "missing_lines": 0, "excluded_lines": 0}, "missing_lines": [], "excluded_lines": []}, "TestRunPipeline.test_run_pipeline_full_workflow": {"executed_lines": [225, 226, 229, 231, 233, 239, 242, 245, 246, 249, 250, 251], "summary": {"covered_lines": 12, "num_statements": 12, "percent_covered": 100.0, "percent_covered_display": "100", "missing_lines": 0, "excluded_lines": 0}, "missing_lines": [], "excluded_lines": []}, "": {"executed_lines": [1, 6, 7, 8, 9, 10, 11, 14, 15, 17, 22, 28, 34, 41, 56, 69, 81, 93, 105, 117, 130, 141, 151, 161, 173, 187, 188, 190, 194, 201, 211, 223, 254], "summary": {"covered_lines": 30, "num_statements": 31, "percent_covered": 96.7741935483871, "percent_covered_display": "97", "missing_lines": 1, "excluded_lines": 0}, "missing_lines": [255], "excluded_lines": []}}, "classes": {"TestRoadmapAnalyticsPipeline": {"executed_lines": [19, 20, 24, 25, 26, 30, 31, 32, 36, 37, 38, 39, 43, 44, 47, 49, 50, 52, 53, 54, 58, 59, 61, 63, 65, 66, 67, 71, 78, 79, 83, 84, 86, 88, 89, 90, 91, 95, 96, 98, 100, 101, 102, 103, 107, 108, 110, 112, 113, 114, 115, 119, 120, 122, 124, 125, 126, 127, 128, 132, 133, 135, 137, 139, 143, 144, 146, 148, 149, 153, 154, 156, 158, 159, 163, 164, 166, 167, 169, 170, 171, 175, 176, 178, 179, 181, 182, 183, 184], "summary": {"covered_lines": 89, "num_statements": 89, "percent_covered": 100.0, "percent_covered_display": "100", "missing_lines": 0, "excluded_lines": 0}, "missing_lines": [], "excluded_lines": []}, "TestRunPipeline": {"executed_lines": [192, 196, 198, 199, 203, 205, 207, 208, 209, 213, 214, 216, 218, 220, 221, 225, 226, 229, 231, 233, 239, 242, 245, 246, 249, 250, 251], "summary": {"covered_lines": 27, "num_statements": 27, "percent_covered": 100.0, "percent_covered_display": "100", "missing_lines": 0, "excluded_lines": 0}, "missing_lines": [], "excluded_lines": []}, "": {"executed_lines": [1, 6, 7, 8, 9, 10, 11, 14, 15, 17, 22, 28, 34, 41, 56, 69, 81, 93, 105, 117, 130, 141, 151, 161, 173, 187, 188, 190, 194, 201, 211, 223, 254], "summary": {"covered_lines": 30, "num_statements": 31, "percent_covered": 96.7741935483871, "percent_covered_display": "97", "missing_lines": 1, "excluded_lines": 0}, "missing_lines": [255], "excluded_lines": []}}}, "tests\\unit\\test_drucker_management.py": {"executed_lines": [1, 6, 7, 8, 11, 12, 14, 16, 29, 30, 31, 32, 33, 35, 37, 48, 49, 50, 51, 52, 53, 56, 57, 59, 61, 63, 65, 66, 67, 68, 70, 72, 84, 85, 86, 88, 90, 91, 92, 94, 96, 97, 98, 99, 101, 103, 104, 105, 106, 108, 110, 111, 112, 113, 115, 117, 118, 119, 120, 122, 124, 125, 126, 127, 129, 131, 132, 133, 134, 136, 138, 139, 140, 141, 142, 143, 144, 145, 147, 149, 161, 162, 163, 164, 166, 168, 173, 174, 175, 176, 178, 180, 181, 182, 183, 185, 187, 194, 195, 196, 197, 198, 200, 202, 207, 208, 209, 210, 212, 214, 219, 220, 221, 222, 224, 226, 231, 232, 233, 234, 235, 236, 238, 240, 241, 242, 243, 245, 247, 252, 254, 255, 256, 257, 259, 261, 266, 267, 269, 271, 272, 273, 274, 277], "summary": {"covered_lines": 141, "num_statements": 142, "percent_covered": 99.29577464788733, "percent_covered_display": "99", "missing_lines": 1, "excluded_lines": 0}, "missing_lines": [278], "excluded_lines": [], "functions": {"TestRoadmapItem.test_roadmap_item_creation": {"executed_lines": [16, 29, 30, 31, 32, 33], "summary": {"covered_lines": 6, "num_statements": 6, "percent_covered": 100.0, "percent_covered_display": "100", "missing_lines": 0, "excluded_lines": 0}, "missing_lines": [], "excluded_lines": []}, "TestRoadmapItem.test_to_record": {"executed_lines": [37, 48, 49, 50, 51, 52, 53], "summary": {"covered_lines": 7, "num_statements": 7, "percent_covered": 100.0, "percent_covered_display": "100", "missing_lines": 0, "excluded_lines": 0}, "missing_lines": [], "excluded_lines": []}, "TestDruckerFoundationModel.setUp": {"executed_lines": [61], "summary": {"covered_lines": 1, "num_statements": 1, "percent_covered": 100.0, "percent_covered_display": "100", "missing_lines": 0, "excluded_lines": 0}, "missing_lines": [], "excluded_lines": []}, "TestDruckerFoundationModel.test_initialization_empty": {"executed_lines": [65, 66, 67, 68], "summary": {"covered_lines": 4, "num_statements": 4, "percent_covered": 100.0, "percent_covered_display": "100", "missing_lines": 0, "excluded_lines": 0}, "missing_lines": [], "excluded_lines": []}, "TestDruckerFoundationModel.test_initialization_with_roadmap": {"executed_lines": [72, 84, 85, 86], "summary": {"covered_lines": 4, "num_statements": 4, "percent_covered": 100.0, "percent_covered_display": "100", "missing_lines": 0, "excluded_lines": 0}, "missing_lines": [], "excluded_lines": []}, "TestDruckerFoundationModel.test_define_purpose": {"executed_lines": [90, 91, 92], "summary": {"covered_lines": 3, "num_statements": 3, "percent_covered": 100.0, "percent_covered_display": "100", "missing_lines": 0, "excluded_lines": 0}, "missing_lines": [], "excluded_lines": []}, "TestDruckerFoundationModel.test_log_result": {"executed_lines": [96, 97, 98, 99], "summary": {"covered_lines": 4, "num_statements": 4, "percent_covered": 100.0, "percent_covered_display": "100", "missing_lines": 0, "excluded_lines": 0}, "missing_lines": [], "excluded_lines": []}, "TestDruckerFoundationModel.test_allocate_time": {"executed_lines": [103, 104, 105, 106], "summary": {"covered_lines": 4, "num_statements": 4, "percent_covered": 100.0, "percent_covered_display": "100", "missing_lines": 0, "excluded_lines": 0}, "missing_lines": [], "excluded_lines": []}, "TestDruckerFoundationModel.test_add_strength": {"executed_lines": [110, 111, 112, 113], "summary": {"covered_lines": 4, "num_statements": 4, "percent_covered": 100.0, "percent_covered_display": "100", "missing_lines": 0, "excluded_lines": 0}, "missing_lines": [], "excluded_lines": []}, "TestDruckerFoundationModel.test_log_lesson": {"executed_lines": [117, 118, 119, 120], "summary": {"covered_lines": 4, "num_statements": 4, "percent_covered": 100.0, "percent_covered_display": "100", "missing_lines": 0, "excluded_lines": 0}, "missing_lines": [], "excluded_lines": []}, "TestDruckerFoundationModel.test_record_customer_feedback": {"executed_lines": [124, 125, 126, 127], "summary": {"covered_lines": 4, "num_statements": 4, "percent_covered": 100.0, "percent_covered_display": "100", "missing_lines": 0, "excluded_lines": 0}, "missing_lines": [], "excluded_lines": []}, "TestDruckerFoundationModel.test_log_human_interaction": {"executed_lines": [131, 132, 133, 134], "summary": {"covered_lines": 4, "num_statements": 4, "percent_covered": 100.0, "percent_covered_display": "100", "missing_lines": 0, "excluded_lines": 0}, "missing_lines": [], "excluded_lines": []}, "TestDruckerFoundationModel.test_summarize": {"executed_lines": [138, 139, 140, 141, 142, 143, 144, 145], "summary": {"covered_lines": 8, "num_statements": 8, "percent_covered": 100.0, "percent_covered_display": "100", "missing_lines": 0, "excluded_lines": 0}, "missing_lines": [], "excluded_lines": []}, "TestDruckerFoundationModel.test_ingest_roadmap": {"executed_lines": [149, 161, 162, 163, 164], "summary": {"covered_lines": 5, "num_statements": 5, "percent_covered": 100.0, "percent_covered_display": "100", "missing_lines": 0, "excluded_lines": 0}, "missing_lines": [], "excluded_lines": []}, "TestDruckerFoundationModel.test_add_roadmap_item": {"executed_lines": [168, 173, 174, 175, 176], "summary": {"covered_lines": 5, "num_statements": 5, "percent_covered": 100.0, "percent_covered_display": "100", "missing_lines": 0, "excluded_lines": 0}, "missing_lines": [], "excluded_lines": []}, "TestDruckerFoundationModel.test_add_roadmap_item_sequential_ids": {"executed_lines": [180, 181, 182, 183], "summary": {"covered_lines": 4, "num_statements": 4, "percent_covered": 100.0, "percent_covered_display": "100", "missing_lines": 0, "excluded_lines": 0}, "missing_lines": [], "excluded_lines": []}, "TestDruckerFoundationModel.test_to_records": {"executed_lines": [187, 194, 195, 196, 197, 198], "summary": {"covered_lines": 6, "num_statements": 6, "percent_covered": 100.0, "percent_covered_display": "100", "missing_lines": 0, "excluded_lines": 0}, "missing_lines": [], "excluded_lines": []}, "TestDruckerFoundationModel.test_status_counts": {"executed_lines": [202, 207, 208, 209, 210], "summary": {"covered_lines": 5, "num_statements": 5, "percent_covered": 100.0, "percent_covered_display": "100", "missing_lines": 0, "excluded_lines": 0}, "missing_lines": [], "excluded_lines": []}, "TestDruckerFoundationModel.test_phase_counts": {"executed_lines": [214, 219, 220, 221, 222], "summary": {"covered_lines": 5, "num_statements": 5, "percent_covered": 100.0, "percent_covered_display": "100", "missing_lines": 0, "excluded_lines": 0}, "missing_lines": [], "excluded_lines": []}, "TestDruckerFoundationModel.test_metrics": {"executed_lines": [226, 231, 232, 233, 234, 235, 236], "summary": {"covered_lines": 7, "num_statements": 7, "percent_covered": 100.0, "percent_covered_display": "100", "missing_lines": 0, "excluded_lines": 0}, "missing_lines": [], "excluded_lines": []}, "TestDruckerFoundationModel.test_parse_date_string": {"executed_lines": [240, 241, 242, 243], "summary": {"covered_lines": 4, "num_statements": 4, "percent_covered": 100.0, "percent_covered_display": "100", "missing_lines": 0, "excluded_lines": 0}, "missing_lines": [], "excluded_lines": []}, "TestDruckerFoundationModel.test_parse_date_datetime": {"executed_lines": [247, 252, 254, 255, 256, 257], "summary": {"covered_lines": 6, "num_statements": 6, "percent_covered": 100.0, "percent_covered_display": "100", "missing_lines": 0, "excluded_lines": 0}, "missing_lines": [], "excluded_lines": []}, "TestDruckerFoundationModel.test_parse_date_date": {"executed_lines": [261, 266, 267], "summary": {"covered_lines": 3, "num_statements": 3, "percent_covered": 100.0, "percent_covered_display": "100", "missing_lines": 0, "excluded_lines": 0}, "missing_lines": [], "excluded_lines": []}, "TestDruckerFoundationModel.test_default_roadmap_items": {"executed_lines": [271, 272, 273, 274], "summary": {"covered_lines": 4, "num_statements": 4, "percent_covered": 100.0, "percent_covered_display": "100", "missing_lines": 0, "excluded_lines": 0}, "missing_lines": [], "excluded_lines": []}, "": {"executed_lines": [1, 6, 7, 8, 11, 12, 14, 35, 56, 57, 59, 63, 70, 88, 94, 101, 108, 115, 122, 129, 136, 147, 166, 178, 185, 200, 212, 224, 238, 245, 259, 269, 277], "summary": {"covered_lines": 30, "num_statements": 31, "percent_covered": 96.7741935483871, "percent_covered_display": "97", "missing_lines": 1, "excluded_lines": 0}, "missing_lines": [278], "excluded_lines": []}}, "classes": {"TestRoadmapItem": {"executed_lines": [16, 29, 30, 31, 32, 33, 37, 48, 49, 50, 51, 52, 53], "summary": {"covered_lines": 13, "num_statements": 13, "percent_covered": 100.0, "percent_covered_display": "100", "missing_lines": 0, "excluded_lines": 0}, "missing_lines": [], "excluded_lines": []}, "TestDruckerFoundationModel": {"executed_lines": [61, 65, 66, 67, 68, 72, 84, 85, 86, 90, 91, 92, 96, 97, 98, 99, 103, 104, 105, 106, 110, 111, 112, 113, 117, 118, 119, 120, 124, 125, 126, 127, 131, 132, 133, 134, 138, 139, 140, 141, 142, 143, 144, 145, 149, 161, 162, 163, 164, 168, 173, 174, 175, 176, 180, 181, 182, 183, 187, 194, 195, 196, 197, 198, 202, 207, 208, 209, 210, 214, 219, 220, 221, 222, 226, 231, 232, 233, 234, 235, 236, 240, 241, 242, 243, 247, 252, 254, 255, 256, 257, 261, 266, 267, 271, 272, 273, 274], "summary": {"covered_lines": 98, "num_statements": 98, "percent_covered": 100.0, "percent_covered_display": "100", "missing_lines": 0, "excluded_lines": 0}, "missing_lines": [], "excluded_lines": []}, "": {"executed_lines": [1, 6, 7, 8, 11, 12, 14, 35, 56, 57, 59, 63, 70, 88, 94, 101, 108, 115, 122, 129, 136, 147, 166, 178, 185, 200, 212, 224, 238, 245, 259, 269, 277], "summary": {"covered_lines": 30, "num_statements": 31, "percent_covered": 96.7741935483871, "percent_covered_display": "97", "missing_lines": 1, "excluded_lines": 0}, "missing_lines": [278], "excluded_lines": []}}}, "tests\\unit\\test_export_roadmap.py": {"executed_lines": [1, 6, 7, 8, 9, 10, 11, 12, 13, 16, 17, 19, 21, 22, 24, 26, 28, 29, 30, 31, 32, 34, 36, 37, 40, 41, 43, 45, 46, 48, 49, 51, 53, 54, 56, 58, 59, 61, 63, 64, 66, 68, 70, 71, 73, 74, 76, 78, 79, 81, 82, 84, 85, 86, 88, 90, 91, 93, 94, 96, 97, 99, 100, 102, 104, 105, 107, 108, 110, 111, 112, 113, 115, 117, 118, 120, 121, 123, 124, 125, 126, 128, 130, 131, 133, 134, 135, 138, 139, 141, 142, 144, 145, 147, 148, 149, 154, 155, 156, 159], "summary": {"covered_lines": 98, "num_statements": 101, "percent_covered": 97.02970297029702, "percent_covered_display": "97", "missing_lines": 3, "excluded_lines": 0}, "missing_lines": [150, 151, 160], "excluded_lines": [], "functions": {"TestExportRoadmap.setUp": {"executed_lines": [21, 22], "summary": {"covered_lines": 2, "num_statements": 2, "percent_covered": 100.0, "percent_covered_display": "100", "missing_lines": 0, "excluded_lines": 0}, "missing_lines": [], "excluded_lines": []}, "TestExportRoadmap.tearDown": {"executed_lines": [26, 28, 29, 30, 31, 32], "summary": {"covered_lines": 6, "num_statements": 6, "percent_covered": 100.0, "percent_covered_display": "100", "missing_lines": 0, "excluded_lines": 0}, "missing_lines": [], "excluded_lines": []}, "TestExportRoadmap.test_export_roadmap_to_excel_creates_file": {"executed_lines": [36, 37, 40, 41], "summary": {"covered_lines": 4, "num_statements": 4, "percent_covered": 100.0, "percent_covered_display": "100", "missing_lines": 0, "excluded_lines": 0}, "missing_lines": [], "excluded_lines": []}, "TestExportRoadmap.test_export_roadmap_returns_dataframe": {"executed_lines": [45, 46, 48, 49], "summary": {"covered_lines": 4, "num_statements": 4, "percent_covered": 100.0, "percent_covered_display": "100", "missing_lines": 0, "excluded_lines": 0}, "missing_lines": [], "excluded_lines": []}, "TestExportRoadmap.test_export_dataframe_has_required_columns": {"executed_lines": [53, 54, 56, 58, 59], "summary": {"covered_lines": 5, "num_statements": 5, "percent_covered": 100.0, "percent_covered_display": "100", "missing_lines": 0, "excluded_lines": 0}, "missing_lines": [], "excluded_lines": []}, "TestExportRoadmap.test_export_dataframe_row_count": {"executed_lines": [63, 64, 66], "summary": {"covered_lines": 3, "num_statements": 3, "percent_covered": 100.0, "percent_covered_display": "100", "missing_lines": 0, "excluded_lines": 0}, "missing_lines": [], "excluded_lines": []}, "TestExportRoadmap.test_export_has_export_date": {"executed_lines": [70, 71, 73, 74], "summary": {"covered_lines": 4, "num_statements": 4, "percent_covered": 100.0, "percent_covered_display": "100", "missing_lines": 0, "excluded_lines": 0}, "missing_lines": [], "excluded_lines": []}, "TestExportRoadmap.test_excel_file_has_multiple_sheets": {"executed_lines": [78, 79, 81, 82, 84, 85, 86], "summary": {"covered_lines": 7, "num_statements": 7, "percent_covered": 100.0, "percent_covered_display": "100", "missing_lines": 0, "excluded_lines": 0}, "missing_lines": [], "excluded_lines": []}, "TestExportRoadmap.test_summary_sheet_has_metrics": {"executed_lines": [90, 91, 93, 94, 96, 97, 99, 100], "summary": {"covered_lines": 8, "num_statements": 8, "percent_covered": 100.0, "percent_covered_display": "100", "missing_lines": 0, "excluded_lines": 0}, "missing_lines": [], "excluded_lines": []}, "TestExportRoadmap.test_status_breakdown_sheet": {"executed_lines": [104, 105, 107, 108, 110, 111, 112, 113], "summary": {"covered_lines": 8, "num_statements": 8, "percent_covered": 100.0, "percent_covered_display": "100", "missing_lines": 0, "excluded_lines": 0}, "missing_lines": [], "excluded_lines": []}, "TestExportRoadmap.test_priority_analysis_sheet": {"executed_lines": [117, 118, 120, 121, 123, 124, 125, 126], "summary": {"covered_lines": 8, "num_statements": 8, "percent_covered": 100.0, "percent_covered_display": "100", "missing_lines": 0, "excluded_lines": 0}, "missing_lines": [], "excluded_lines": []}, "TestExportRoadmap.test_completion_rate_calculation": {"executed_lines": [130, 131, 133, 134, 135, 138, 139], "summary": {"covered_lines": 7, "num_statements": 7, "percent_covered": 100.0, "percent_covered_display": "100", "missing_lines": 0, "excluded_lines": 0}, "missing_lines": [], "excluded_lines": []}, "TestExportRoadmap.test_export_uses_openpyxl_engine": {"executed_lines": [144, 145, 147, 148, 149, 154, 155, 156], "summary": {"covered_lines": 8, "num_statements": 10, "percent_covered": 80.0, "percent_covered_display": "80", "missing_lines": 2, "excluded_lines": 0}, "missing_lines": [150, 151], "excluded_lines": []}, "": {"executed_lines": [1, 6, 7, 8, 9, 10, 11, 12, 13, 16, 17, 19, 24, 34, 43, 51, 61, 68, 76, 88, 102, 115, 128, 141, 142, 159], "summary": {"covered_lines": 24, "num_statements": 25, "percent_covered": 96.0, "percent_covered_display": "96", "missing_lines": 1, "excluded_lines": 0}, "missing_lines": [160], "excluded_lines": []}}, "classes": {"TestExportRoadmap": {"executed_lines": [21, 22, 26, 28, 29, 30, 31, 32, 36, 37, 40, 41, 45, 46, 48, 49, 53, 54, 56, 58, 59, 63, 64, 66, 70, 71, 73, 74, 78, 79, 81, 82, 84, 85, 86, 90, 91, 93, 94, 96, 97, 99, 100, 104, 105, 107, 108, 110, 111, 112, 113, 117, 118, 120, 121, 123, 124, 125, 126, 130, 131, 133, 134, 135, 138, 139, 144, 145, 147, 148, 149, 154, 155, 156], "summary": {"covered_lines": 74, "num_statements": 76, "percent_covered": 97.36842105263158, "percent_covered_display": "97", "missing_lines": 2, "excluded_lines": 0}, "missing_lines": [150, 151], "excluded_lines": []}, "": {"executed_lines": [1, 6, 7, 8, 9, 10, 11, 12, 13, 16, 17, 19, 24, 34, 43, 51, 61, 68, 76, 88, 102, 115, 128, 141, 142, 159], "summary": {"covered_lines": 24, "num_statements": 25, "percent_covered": 96.0, "percent_covered_display": "96", "missing_lines": 1, "excluded_lines": 0}, "missing_lines": [160], "excluded_lines": []}}}, "tests\\unit\\test_metering_models.py": {"executed_lines": [1, 6, 7, 8, 11, 12, 14, 16, 17, 18, 19, 20, 23, 24, 26, 28, 29, 38, 40, 41, 42, 43, 44, 46, 48, 50, 51, 52, 53, 54, 55, 56, 58, 60, 67, 68, 70, 72, 73, 81, 82, 85, 86, 88, 90, 98, 100, 101, 102, 103, 104, 106, 108, 110, 112, 113, 115, 116, 118, 120, 121, 123, 125, 126, 127, 129, 131, 132, 134, 136, 137, 138, 140, 142, 143, 144, 146, 148, 149, 150, 151, 153, 155, 161, 164, 165, 167, 169, 175, 177, 178, 179, 181, 183, 184, 186, 188, 189, 191, 193, 194, 196, 198, 199, 201, 203, 207, 209, 211, 216, 219, 220, 222, 224, 233, 241, 242, 243, 246, 247, 249, 251, 256, 257, 259, 267, 268, 271], "summary": {"covered_lines": 122, "num_statements": 123, "percent_covered": 99.1869918699187, "percent_covered_display": "99", "missing_lines": 1, "excluded_lines": 0}, "missing_lines": [272], "excluded_lines": [], "functions": {"TestResourceType.test_resource_types_exist": {"executed_lines": [16, 17, 18, 19, 20], "summary": {"covered_lines": 5, "num_statements": 5, "percent_covered": 100.0, "percent_covered_display": "100", "missing_lines": 0, "excluded_lines": 0}, "missing_lines": [], "excluded_lines": []}, "TestUsageRecord.setUp": {"executed_lines": [28, 29], "summary": {"covered_lines": 2, "num_statements": 2, "percent_covered": 100.0, "percent_covered_display": "100", "missing_lines": 0, "excluded_lines": 0}, "missing_lines": [], "excluded_lines": []}, "TestUsageRecord.test_usage_record_creation": {"executed_lines": [40, 41, 42, 43, 44], "summary": {"covered_lines": 5, "num_statements": 5, "percent_covered": 100.0, "percent_covered_display": "100", "missing_lines": 0, "excluded_lines": 0}, "missing_lines": [], "excluded_lines": []}, "TestUsageRecord.test_usage_record_to_dict": {"executed_lines": [48, 50, 51, 52, 53, 54, 55, 56], "summary": {"covered_lines": 8, "num_statements": 8, "percent_covered": 100.0, "percent_covered_display": "100", "missing_lines": 0, "excluded_lines": 0}, "missing_lines": [], "excluded_lines": []}, "TestUsageRecord.test_usage_record_without_metadata": {"executed_lines": [60, 67, 68], "summary": {"covered_lines": 3, "num_statements": 3, "percent_covered": 100.0, "percent_covered_display": "100", "missing_lines": 0, "excluded_lines": 0}, "missing_lines": [], "excluded_lines": []}, "TestUsageRecord.test_usage_record_with_metadata": {"executed_lines": [72, 73, 81, 82], "summary": {"covered_lines": 4, "num_statements": 4, "percent_covered": 100.0, "percent_covered_display": "100", "missing_lines": 0, "excluded_lines": 0}, "missing_lines": [], "excluded_lines": []}, "TestQuota.setUp": {"executed_lines": [90], "summary": {"covered_lines": 1, "num_statements": 1, "percent_covered": 100.0, "percent_covered_display": "100", "missing_lines": 0, "excluded_lines": 0}, "missing_lines": [], "excluded_lines": []}, "TestQuota.test_quota_creation": {"executed_lines": [100, 101, 102, 103, 104], "summary": {"covered_lines": 5, "num_statements": 5, "percent_covered": 100.0, "percent_covered_display": "100", "missing_lines": 0, "excluded_lines": 0}, "missing_lines": [], "excluded_lines": []}, "TestQuota.test_quota_is_exceeded_false": {"executed_lines": [108], "summary": {"covered_lines": 1, "num_statements": 1, "percent_covered": 100.0, "percent_covered_display": "100", "missing_lines": 0, "excluded_lines": 0}, "missing_lines": [], "excluded_lines": []}, "TestQuota.test_quota_is_exceeded_true": {"executed_lines": [112, 113, 115, 116], "summary": {"covered_lines": 4, "num_statements": 4, "percent_covered": 100.0, "percent_covered_display": "100", "missing_lines": 0, "excluded_lines": 0}, "missing_lines": [], "excluded_lines": []}, "TestQuota.test_quota_remaining": {"executed_lines": [120, 121], "summary": {"covered_lines": 2, "num_statements": 2, "percent_covered": 100.0, "percent_covered_display": "100", "missing_lines": 0, "excluded_lines": 0}, "missing_lines": [], "excluded_lines": []}, "TestQuota.test_quota_remaining_exceeded": {"executed_lines": [125, 126, 127], "summary": {"covered_lines": 3, "num_statements": 3, "percent_covered": 100.0, "percent_covered_display": "100", "missing_lines": 0, "excluded_lines": 0}, "missing_lines": [], "excluded_lines": []}, "TestQuota.test_quota_usage_percentage": {"executed_lines": [131, 132], "summary": {"covered_lines": 2, "num_statements": 2, "percent_covered": 100.0, "percent_covered_display": "100", "missing_lines": 0, "excluded_lines": 0}, "missing_lines": [], "excluded_lines": []}, "TestQuota.test_quota_usage_percentage_full": {"executed_lines": [136, 137, 138], "summary": {"covered_lines": 3, "num_statements": 3, "percent_covered": 100.0, "percent_covered_display": "100", "missing_lines": 0, "excluded_lines": 0}, "missing_lines": [], "excluded_lines": []}, "TestQuota.test_quota_usage_percentage_over": {"executed_lines": [142, 143, 144], "summary": {"covered_lines": 3, "num_statements": 3, "percent_covered": 100.0, "percent_covered_display": "100", "missing_lines": 0, "excluded_lines": 0}, "missing_lines": [], "excluded_lines": []}, "TestQuota.test_quota_usage_percentage_zero_limit": {"executed_lines": [148, 149, 150, 151], "summary": {"covered_lines": 4, "num_statements": 4, "percent_covered": 100.0, "percent_covered_display": "100", "missing_lines": 0, "excluded_lines": 0}, "missing_lines": [], "excluded_lines": []}, "TestQuota.test_quota_default_current_usage": {"executed_lines": [155, 161], "summary": {"covered_lines": 2, "num_statements": 2, "percent_covered": 100.0, "percent_covered_display": "100", "missing_lines": 0, "excluded_lines": 0}, "missing_lines": [], "excluded_lines": []}, "TestCostRate.setUp": {"executed_lines": [169], "summary": {"covered_lines": 1, "num_statements": 1, "percent_covered": 100.0, "percent_covered_display": "100", "missing_lines": 0, "excluded_lines": 0}, "missing_lines": [], "excluded_lines": []}, "TestCostRate.test_cost_rate_creation": {"executed_lines": [177, 178, 179], "summary": {"covered_lines": 3, "num_statements": 3, "percent_covered": 100.0, "percent_covered_display": "100", "missing_lines": 0, "excluded_lines": 0}, "missing_lines": [], "excluded_lines": []}, "TestCostRate.test_calculate_cost": {"executed_lines": [183, 184], "summary": {"covered_lines": 2, "num_statements": 2, "percent_covered": 100.0, "percent_covered_display": "100", "missing_lines": 0, "excluded_lines": 0}, "missing_lines": [], "excluded_lines": []}, "TestCostRate.test_calculate_cost_zero_quantity": {"executed_lines": [188, 189], "summary": {"covered_lines": 2, "num_statements": 2, "percent_covered": 100.0, "percent_covered_display": "100", "missing_lines": 0, "excluded_lines": 0}, "missing_lines": [], "excluded_lines": []}, "TestCostRate.test_calculate_cost_decimal_quantity": {"executed_lines": [193, 194], "summary": {"covered_lines": 2, "num_statements": 2, "percent_covered": 100.0, "percent_covered_display": "100", "missing_lines": 0, "excluded_lines": 0}, "missing_lines": [], "excluded_lines": []}, "TestCostRate.test_calculate_cost_large_quantity": {"executed_lines": [198, 199], "summary": {"covered_lines": 2, "num_statements": 2, "percent_covered": 100.0, "percent_covered_display": "100", "missing_lines": 0, "excluded_lines": 0}, "missing_lines": [], "excluded_lines": []}, "TestCostRate.test_cost_rate_default_currency": {"executed_lines": [203, 207], "summary": {"covered_lines": 2, "num_statements": 2, "percent_covered": 100.0, "percent_covered_display": "100", "missing_lines": 0, "excluded_lines": 0}, "missing_lines": [], "excluded_lines": []}, "TestCostRate.test_cost_rate_different_currency": {"executed_lines": [211, 216], "summary": {"covered_lines": 2, "num_statements": 2, "percent_covered": 100.0, "percent_covered_display": "100", "missing_lines": 0, "excluded_lines": 0}, "missing_lines": [], "excluded_lines": []}, "TestIntegration.test_usage_and_quota_integration": {"executed_lines": [224, 233, 241, 242, 243, 246, 247], "summary": {"covered_lines": 7, "num_statements": 7, "percent_covered": 100.0, "percent_covered_display": "100", "missing_lines": 0, "excluded_lines": 0}, "missing_lines": [], "excluded_lines": []}, "TestIntegration.test_cost_rate_and_usage_integration": {"executed_lines": [251, 256, 257, 259, 267, 268], "summary": {"covered_lines": 6, "num_statements": 6, "percent_covered": 100.0, "percent_covered_display": "100", "missing_lines": 0, "excluded_lines": 0}, "missing_lines": [], "excluded_lines": []}, "": {"executed_lines": [1, 6, 7, 8, 11, 12, 14, 23, 24, 26, 38, 46, 58, 70, 85, 86, 88, 98, 106, 110, 118, 123, 129, 134, 140, 146, 153, 164, 165, 167, 175, 181, 186, 191, 196, 201, 209, 219, 220, 222, 249, 271], "summary": {"covered_lines": 36, "num_statements": 37, "percent_covered": 97.29729729729729, "percent_covered_display": "97", "missing_lines": 1, "excluded_lines": 0}, "missing_lines": [272], "excluded_lines": []}}, "classes": {"TestResourceType": {"executed_lines": [16, 17, 18, 19, 20], "summary": {"covered_lines": 5, "num_statements": 5, "percent_covered": 100.0, "percent_covered_display": "100", "missing_lines": 0, "excluded_lines": 0}, "missing_lines": [], "excluded_lines": []}, "TestUsageRecord": {"executed_lines": [28, 29, 40, 41, 42, 43, 44, 48, 50, 51, 52, 53, 54, 55, 56, 60, 67, 68, 72, 73, 81, 82], "summary": {"covered_lines": 22, "num_statements": 22, "percent_covered": 100.0, "percent_covered_display": "100", "missing_lines": 0, "excluded_lines": 0}, "missing_lines": [], "excluded_lines": []}, "TestQuota": {"executed_lines": [90, 100, 101, 102, 103, 104, 108, 112, 113, 115, 116, 120, 121, 125, 126, 127, 131, 132, 136, 137, 138, 142, 143, 144, 148, 149, 150, 151, 155, 161], "summary": {"covered_lines": 30, "num_statements": 30, "percent_covered": 100.0, "percent_covered_display": "100", "missing_lines": 0, "excluded_lines": 0}, "missing_lines": [], "excluded_lines": []}, "TestCostRate": {"executed_lines": [169, 177, 178, 179, 183, 184, 188, 189, 193, 194, 198, 199, 203, 207, 211, 216], "summary": {"covered_lines": 16, "num_statements": 16, "percent_covered": 100.0, "percent_covered_display": "100", "missing_lines": 0, "excluded_lines": 0}, "missing_lines": [], "excluded_lines": []}, "TestIntegration": {"executed_lines": [224, 233, 241, 242, 243, 246, 247, 251, 256, 257, 259, 267, 268], "summary": {"covered_lines": 13, "num_statements": 13, "percent_covered": 100.0, "percent_covered_display": "100", "missing_lines": 0, "excluded_lines": 0}, "missing_lines": [], "excluded_lines": []}, "": {"executed_lines": [1, 6, 7, 8, 11, 12, 14, 23, 24, 26, 38, 46, 58, 70, 85, 86, 88, 98, 106, 110, 118, 123, 129, 134, 140, 146, 153, 164, 165, 167, 175, 181, 186, 191, 196, 201, 209, 219, 220, 222, 249, 271], "summary": {"covered_lines": 36, "num_statements": 37, "percent_covered": 97.29729729729729, "percent_covered_display": "97", "missing_lines": 1, "excluded_lines": 0}, "missing_lines": [272], "excluded_lines": []}}}, "tests\\unit\\test_privacy_filter.py": {"executed_lines": [1, 6, 7, 8, 9, 12, 14, 17, 18, 20, 22, 24, 26, 27, 29, 30, 31, 33, 36, 37, 38, 41, 42, 43, 45, 47, 48, 50, 51, 52, 54, 56, 62, 63, 64, 66, 68, 69, 71, 72, 74, 76, 82, 83, 84, 86, 88, 89, 91, 92, 94, 96, 102, 105, 107, 108, 109, 110, 112, 114, 115, 117, 120, 121, 123, 125, 127, 129, 130, 132, 133, 134, 135, 137, 139, 140, 142, 143, 144, 146, 148, 149, 151, 152, 154, 156, 157, 159, 160, 161, 162, 163, 166, 167, 169, 171, 173, 175, 176, 177, 180, 181, 182, 184, 186, 187, 189, 190, 193, 194, 195, 197, 198, 199, 201, 203, 204, 207, 208, 209, 210, 213, 214, 216, 218, 220, 222, 223, 225, 226, 228, 230, 231, 233, 234, 236, 238, 239, 241, 242, 244, 246, 247, 249, 250, 252, 254, 255, 257, 258, 261, 262, 264, 266, 268, 270, 271, 272, 273, 275, 276, 278, 279, 280, 281, 283, 285, 287, 288, 289, 290, 292, 293, 295, 297, 299, 301, 303, 306, 307, 309, 311, 313, 315, 316, 318, 320, 321, 322, 324, 326, 327, 328, 330, 332, 333, 335, 338], "summary": {"covered_lines": 191, "num_statements": 192, "percent_covered": 99.47916666666667, "percent_covered_display": "99", "missing_lines": 1, "excluded_lines": 0}, "missing_lines": [340], "excluded_lines": [], "functions": {"TestPrivacyFilterDetection.setUp": {"executed_lines": [22], "summary": {"covered_lines": 1, "num_statements": 1, "percent_covered": 100.0, "percent_covered_display": "100", "missing_lines": 0, "excluded_lines": 0}, "missing_lines": [], "excluded_lines": []}, "TestPrivacyFilterDetection.test_detect_email": {"executed_lines": [26, 27, 29, 30, 31], "summary": {"covered_lines": 5, "num_statements": 5, "percent_covered": 100.0, "percent_covered_display": "100", "missing_lines": 0, "excluded_lines": 0}, "missing_lines": [], "excluded_lines": []}, "TestPrivacyFilterDetection.test_detect_phone": {"executed_lines": [36, 37, 38, 41, 42, 43], "summary": {"covered_lines": 6, "num_statements": 6, "percent_covered": 100.0, "percent_covered_display": "100", "missing_lines": 0, "excluded_lines": 0}, "missing_lines": [], "excluded_lines": []}, "TestPrivacyFilterDetection.test_detect_ssn": {"executed_lines": [47, 48, 50, 51, 52], "summary": {"covered_lines": 5, "num_statements": 5, "percent_covered": 100.0, "percent_covered_display": "100", "missing_lines": 0, "excluded_lines": 0}, "missing_lines": [], "excluded_lines": []}, "TestPrivacyFilterDetection.test_detect_credit_card": {"executed_lines": [56, 62, 63, 64], "summary": {"covered_lines": 4, "num_statements": 4, "percent_covered": 100.0, "percent_covered_display": "100", "missing_lines": 0, "excluded_lines": 0}, "missing_lines": [], "excluded_lines": []}, "TestPrivacyFilterDetection.test_detect_ip_address": {"executed_lines": [68, 69, 71, 72], "summary": {"covered_lines": 4, "num_statements": 4, "percent_covered": 100.0, "percent_covered_display": "100", "missing_lines": 0, "excluded_lines": 0}, "missing_lines": [], "excluded_lines": []}, "TestPrivacyFilterDetection.test_detect_date_of_birth": {"executed_lines": [76, 82, 83, 84], "summary": {"covered_lines": 4, "num_statements": 4, "percent_covered": 100.0, "percent_covered_display": "100", "missing_lines": 0, "excluded_lines": 0}, "missing_lines": [], "excluded_lines": []}, "TestPrivacyFilterDetection.test_detect_address": {"executed_lines": [88, 89, 91, 92], "summary": {"covered_lines": 4, "num_statements": 4, "percent_covered": 100.0, "percent_covered_display": "100", "missing_lines": 0, "excluded_lines": 0}, "missing_lines": [], "excluded_lines": []}, "TestPrivacyFilterDetection.test_detect_multiple_pii": {"executed_lines": [96, 102, 105, 107, 108, 109, 110], "summary": {"covered_lines": 7, "num_statements": 7, "percent_covered": 100.0, "percent_covered_display": "100", "missing_lines": 0, "excluded_lines": 0}, "missing_lines": [], "excluded_lines": []}, "TestPrivacyFilterDetection.test_detect_no_pii": {"executed_lines": [114, 115, 117], "summar
[...]
{"executed_lines": [125], "summary": {"covered_lines": 1, "num_statements": 1, "percent_covered": 100.0, "percent_covered_display": "100", "missing_lines": 0, "excluded_lines": 0}, "missing_lines": [], "excluded_lines": []}, "TestPrivacyFilterRedaction.test_redact_email": {"executed_lines": [129, 130, 132, 133, 134, 135], "summary": {"covered_lines": 6, "num_statements": 6, "percent_covered": 100.0, "percent_covered_display": "100", "missing_lines": 0, "excluded_lines": 0}, "missing_lines": [], "excluded_lines": []}, "TestPrivacyFilterRedaction.test_redact_multiple_pii": {"executed_lines": [139, 140, 142, 143, 144], "summary": {"covered_lines": 5, "num_statements": 5, "percent_covered": 100.0, "percent_covered_display": "100", "missing_lines": 0, "excluded_lines": 0}, "missing_lines": [], "excluded_lines": []}, "TestPrivacyFilterRedaction.test_redact_custom_replacement": {"executed_lines": [148, 149, 151, 152], "summary": {"covered_lines": 4, "num_statements": 4, "percent_covered": 100.0, "percent_covered_display": "100", "missing_lines": 0, "excluded_lines": 0}, "missing_lines": [], "excluded_lines": []}, "TestPrivacyFilterRedaction.test_redact_preserves_structure": {"executed_lines": [156, 157, 159, 160, 161, 162, 163], "summary": {"covered_lines": 7, "num_statements": 7, "percent_covered": 100.0, "percent_covered_display": "100", "missing_lines": 0, "excluded_lines": 0}, "missing_lines": [], "excluded_lines": []}, "TestPrivacyFilterAnonymization.setUp": {"executed_lines": [171], "summary": {"covered_lines": 1, "num_statements": 1, "percent_covered": 100.0, "percent_covered_display": "100", "missing_lines": 0, "excluded_lines": 0}, "missing_lines": [], "excluded_lines": []}, "TestPrivacyFilterAnonymization.test_anonymize_deterministic": {"executed_lines": [175, 176, 177, 180, 181, 182], "summary": {"covered_lines": 6, "num_statements": 6, "percent_covered": 100.0, "percent_covered_display": "100", "missing_lines": 0, "excluded_lines": 0}, "missing_lines": [], "excluded_lines": []}, "TestPrivacyFilterAnonymization.test_anonymize_cache_consistency": {"executed_lines": [186, 187, 189, 190, 193, 194, 195, 197, 198, 199], "summary": {"covered_lines": 10, "num_statements": 10, "percent_covered": 100.0, "percent_covered_display": "100", "missing_lines": 0, "excluded_lines": 0}, "missing_lines": [], "excluded_lines": []}, "TestPrivacyFilterAnonymization.test_anonymize_different_values": {"executed_lines": [203, 204, 207, 208, 209, 210], "summary": {"covered_lines": 6, "num_statements": 6, "percent_covered": 100.0, "percent_covered_display": "100", "missing_lines": 0, "excluded_lines": 0}, "missing_lines": [], "excluded_lines": []}, "TestPrivacyFilterMasking.setUp": {"executed_lines": [218], "summary": {"covered_lines": 1, "num_statements": 1, "percent_covered": 100.0, "percent_covered_display": "100", "missing_lines": 0, "excluded_lines": 0}, "missing_lines": [], "excluded_lines": []}, "TestPrivacyFilterMasking.test_mask_email": {"executed_lines": [222, 223, 225, 226], "summary": {"covered_lines": 4, "num_statements": 4, "percent_covered": 100.0, "percent_covered_display": "100", "missing_lines": 0, "excluded_lines": 0}, "missing_lines": [], "excluded_lines": []}, "TestPrivacyFilterMasking.test_mask_phone": {"executed_lines": [230, 231, 233, 234], "summary": {"covered_lines": 4, "num_statements": 4, "percent_covered": 100.0, "percent_covered_display": "100", "missing_lines": 0, "excluded_lines": 0}, "missing_lines": [], "excluded_lines": []}, "TestPrivacyFilterMasking.test_mask_credit_card": {"executed_lines": [238, 239, 241, 242], "summary": {"covered_lines": 4, "num_statements": 4, "percent_covered": 100.0, "percent_covered_display": "100", "missing_lines": 0, "excluded_lines": 0}, "missing_lines": [], "excluded_lines": []}, "TestPrivacyFilterMasking.test_mask_ssn": {"executed_lines": [246, 247, 249, 250], "summary": {"covered_lines": 4, "num_statements": 4, "percent_covered": 100.0, "percent_covered_display": "100", "missing_lines": 0, "excluded_lines": 0}, "missing_lines": [], "excluded_lines": []}, "TestPrivacyFilterMasking.test_mask_preserves_non_pii": {"executed_lines": [254, 255, 257, 258], "summary": {"covered_lines": 4, "num_statements": 4, "percent_covered": 100.0, "percent_covered_display": "100", "missing_lines": 0, "excluded_lines": 0}, "missing_lines": [], "excluded_lines": []}, "TestPrivacyFilterFileScanning.setUp": {"executed_lines": [266], "summary": {"covered_lines": 1, "num_statements": 1, "percent_covered": 100.0, "percent_covered_display": "100", "missing_lines": 0, "excluded_lines": 0}, "missing_lines": [], "excluded_lines": []}, "TestPrivacyFilterFileScanning.test_scan_file_with_pii": {"executed_lines": [270, 271, 272, 273, 275, 276, 278, 279, 280, 281, 283], "summary": {"covered_lines": 11, "num_statements": 11, "percent_covered": 100.0, "percent_covered_display": "100", "missing_lines": 0, "excluded_lines": 0}, "missing_lines": [], "excluded_lines": []}, "TestPrivacyFilterFileScanning.test_scan_file_no_pii": {"executed_lines": [287, 288, 289, 290, 292, 293, 295, 297], "summary": {"covered_lines": 8, "num_statements": 8, "percent_covered": 100.0, "percent_covered_display": "100", "missing_lines": 0, "excluded_lines": 0}, "missing_lines": [], "excluded_lines": []}, "TestPrivacyFilterFileScanning.test_scan_nonexistent_file": {"executed_lines": [301, 303], "summary": {"covered_lines": 2, "num_statements": 2, "percent_covered": 100.0, "percent_covered_display": "100", "missing_lines": 0, "excluded_lines": 0}, "missing_lines": [], "excluded_lines": []}, "TestPrivacyFilterEdgeCases.setUp": {"executed_lines": [311], "summary": {"covered_lines": 1, "num_statements": 1, "percent_covered": 100.0, "percent_covered_display": "100", "missing_lines": 0, "excluded_lines": 0}, "missing_lines": [], "excluded_lines": []}, "TestPrivacyFilterEdgeCases.test_empty_string": {"executed_lines": [315, 316], "summary": {"covered_lines": 2, "num_statements": 2, "percent_covered": 100.0, "percent_covered_display": "100", "missing_lines": 0, "excluded_lines": 0}, "missing_lines": [], "excluded_lines": []}, "TestPrivacyFilterEdgeCases.test_unicode_text": {"executed_lines": [320, 321, 322], "summary": {"covered_lines": 3, "num_statements": 3, "percent_covered": 100.0, "percent_covered_display": "100", "missing_lines": 0, "excluded_lines": 0}, "missing_lines": [], "excluded_lines": []}, "TestPrivacyFilterEdgeCases.test_very_long_text": {"executed_lines": [326, 327, 328], "summary": {"covered_lines": 3, "num_statements": 3, "percent_covered": 100.0, "percent_covered_display": "100", "missing_lines": 0, "excluded_lines": 0}, "missing_lines": [], "excluded_lines": []}, "TestPrivacyFilterEdgeCases.test_nested_pii": {"executed_lines": [332, 333, 335], "summary": {"covered_lines": 3, "num_statements": 3, "percent_covered": 100.0, "percent_covered_display": "100", "missing_lines": 0, "excluded_lines": 0}, "missing_lines": [], "excluded_lines": []}, "": {"executed_lines": [1, 6, 7, 8, 9, 12, 14, 17, 18, 20, 24, 33, 45, 54, 66, 74, 86, 94, 112, 120, 121, 123, 127, 137, 146, 154, 166, 167, 169, 173, 184, 201, 213, 214, 216, 220, 228, 236, 244, 252, 261, 262, 264, 268, 285, 299, 306, 307, 309, 313, 318, 324, 330, 338], "summary": {"covered_lines": 47, "num_statements": 48, "percent_covered": 97.91666666666667, "percent_covered_display": "98", "missing_lines": 1, "excluded_lines": 0}, "missing_lines": [340], "excluded_lines": []}}, "classes": {"TestPrivacyFilterDetection": {"executed_lines": [22, 26, 27, 29, 30, 31, 36, 37, 38, 41, 42, 43, 47, 48, 50, 51, 52, 56, 62, 63, 64, 68, 69, 71, 72, 76, 82, 83, 84, 88, 89, 91, 92, 96, 102, 105, 107, 108, 109, 110, 114, 115, 117], "summary": {"covered_lines": 43, "num_statements": 43, "percent_covered": 100.0, "percent_covered_display": "100", "missing_lines": 0, "excluded_lines": 0}, "missing_lines": [], "excluded_lines": []}, "TestPrivacyFilterRedaction": {"executed_lines": [125, 129, 130, 132, 133, 134, 135, 139, 140, 142, 143, 144, 148, 149, 151, 152, 156, 157, 159, 160, 161, 162, 163], "summary": {"covered_lines": 23, "num_statements": 23, "percent_covered": 100.0, "percent_covered_display": "100", "missing_lines": 0, "excluded_lines": 0}, "missing_lines": [], "excluded_lines": []}, "TestPrivacyFilterAnonymization": {"executed_lines": [171, 175, 176, 177, 180, 181, 182, 186, 187, 189, 190, 193, 194, 195, 197, 198, 199, 203, 204, 207, 208, 209, 210], "summary": {"covered_lines": 23, "num_statements": 23, "percent_covered": 100.0, "percent_covered_display": "100", "missing_lines": 0, "excluded_lines": 0}, "missing_lines": [], "excluded_lines": []}, "TestPrivacyFilterMasking": {"executed_lines": [218, 222, 223, 225, 226, 230, 231, 233, 234, 238, 239, 241, 242, 246, 247, 249, 250, 254, 255, 257, 258], "summary": {"covered_lines": 21, "num_statements": 21, "percent_covered": 100.0, "percent_covered_display": "100", "missing_lines": 0, "excluded_lines": 0}, "missing_lines": [], "excluded_lines": []}, "TestPrivacyFilterFileScanning": {"executed_lines": [266, 270, 271, 272, 273, 275, 276, 278, 279, 280, 281, 283, 287, 288, 289, 290, 292, 293, 295, 297, 301, 303], "summary": {"covered_lines": 22, "num_statements": 22, "percent_covered": 100.0, "percent_covered_display": "100", "missing_lines": 0, "excluded_lines": 0}, "missing_lines": [], "excluded_lines": []}, "TestPrivacyFilterEdgeCases": {"executed_lines": [311, 315, 316, 320, 321, 322, 326, 327, 328, 332, 333, 335], "summary": {"covered_lines": 12, "num_statements": 12, "percent_covered": 100.0, "percent_covered_display": "100", "missing_lines": 0, "excluded_lines": 0}, "missing_lines": [], "excluded_lines": []}, "": {"executed_lines": [1, 6, 7, 8, 9, 12, 14, 17, 18, 20, 24, 33, 45, 54, 66, 74, 86, 94, 112, 120, 121, 123, 127, 137, 146, 154, 166, 167, 169, 173, 184, 201, 213, 214, 216, 220, 228, 236, 244, 252, 261, 262, 264, 268, 285, 299, 306, 307, 309, 313, 318, 324, 330, 338], "summary": {"covered_lines": 47, "num_statements": 48, "percent_covered": 97.91666666666667, "percent_covered_display": "98", "missing_lines": 1, "excluded_lines": 0}, "missing_lines": [340], "excluded_lines": []}}}, "tests\\unit\\test_privacy_middleware.py": {"executed_lines": [1, 6, 7, 10, 11, 13, 15, 16, 17, 19, 21, 22, 23, 25, 27, 28, 29, 31, 32, 33, 35, 37, 38, 39, 41, 42, 43, 45, 47, 48, 49, 51, 52, 53, 55, 57, 58, 59, 65, 66, 67, 68, 70, 72, 73, 74, 79, 80, 81, 82, 84, 86, 87, 88, 97, 98, 99, 101, 103, 104, 105, 110, 111, 112, 113, 115, 117, 118, 119, 121, 122, 124, 126, 128, 129, 131, 132, 134, 135, 137, 139, 146, 147, 149, 151, 152, 154, 156, 157, 158, 160, 162, 163, 164, 165, 167, 169, 170, 171, 173, 175, 176, 177, 186, 187, 188, 189, 190, 193], "summary": {"covered_lines": 107, "num_statements": 108, "percent_covered": 99.07407407407408, "percent_covered_display": "99", "missing_lines": 1, "excluded_lines": 0}, "missing_lines": [194], "excluded_lines": [], "functions": {"TestPrivacyMiddleware.setUp": {"executed_lines": [15, 16, 17], "summary": {"covered_lines": 3, "num_statements": 3, "percent_covered": 100.0, "percent_covered_display": "100", "missing_lines": 0, "excluded_lines": 0}, "missing_lines": [], "excluded_lines": []}, "TestPrivacyMiddleware.test_initialization": {"executed_lines": [21, 22, 23], "summary": {"covered_lines": 3, "num_statements": 3, "percent_covered": 100.0, "percent_covered_display": "100", "missing_lines": 0, "excluded_lines": 0}, "missing_lines": [], "excluded_lines": []}, "TestPrivacyMiddleware.test_filter_response_string_redact": {"executed_lines": [27, 28, 31, 32, 33], "summary": {"covered_lines": 5, "num_statements": 5, "percent_covered": 100.0, "percent_covered_display": "100", "missing_lines": 0, "excluded_lines": 0}, "missing_lines": [], "excluded_lines": []}, "TestPrivacyMiddleware.test_filter_response_string_redact.get_data": {"executed_lines": [29], "summary": {"covered_lines": 1, "num_statements": 1, "percent_covered": 100.0, "percent_covered_display": "100", "missing_lines": 0, "excluded_lines": 0}, "missing_lines": [], "excluded_lines": []}, "TestPrivacyMiddleware.test_filter_response_string_mask": {"executed_lines": [37, 38, 41, 42, 43], "summary": {"covered_lines": 5, "num_statements": 5, "percent_covered": 100.0, "percent_covered_display": "100", "missing_lines": 0, "excluded_lines": 0}, "missing_lines": [], "excluded_lines": []}, "TestPrivacyMiddleware.test_filter_response_string_mask.get_data": {"executed_lines": [39], "summary": {"covered_lines": 1, "num_statements": 1, "percent_covered": 100.0, "percent_covered_display": "100", "missing_lines": 0, "excluded_lines": 0}, "missing_lines": [], "excluded_lines": []}, "TestPrivacyMiddleware.test_filter_response_string_anonymize": {"executed_lines": [47, 48, 51, 52, 53], "summary": {"covered_lines": 5, "num_statements": 5, "percent_covered": 100.0, "percent_covered_display": "100", "missing_lines": 0, "excluded_lines": 0}, "missing_lines": [], "excluded_lines": []}, "TestPrivacyMiddleware.test_filter_response_string_anonymize.get_data": {"executed_lines": [49], "summary": {"covered_lines": 1, "num_statements": 1, "percent_covered": 100.0, "percent_covered_display": "100", "missing_lines": 0, "excluded_lines": 0}, "missing_lines": [], "excluded_lines": []}, "TestPrivacyMiddleware.test_filter_response_dict": {"executed_lines": [57, 58, 65, 66, 67, 68], "summary": {"covered_lines": 6, "num_statements": 6, "percent_covered": 100.0, "percent_covered_display": "100", "missing_lines": 0, "excluded_lines": 0}, "missing_lines": [], "excluded_lines": []}, "TestPrivacyMiddleware.test_filter_response_dict.get_data": {"executed_lines": [59], "summary": {"covered_lines": 1, "num_statements": 1, "percent_covered": 100.0, "percent_covered_display": "100", "missing_lines": 0, "excluded_lines": 0}, "missing_lines": [], "excluded_lines": []}, "TestPrivacyMiddleware.test_filter_response_list": {"executed_lines": [72, 73, 79, 80, 81, 82], "summary": {"covered_lines": 6, "num_statements": 6, "percent_covered": 100.0, "percent_covered_display": "100", "missing_lines": 0, "excluded_lines": 0}, "missing_lines": [], "excluded_lines": []}, "TestPrivacyMiddleware.test_filter_response_list.get_data": {"executed_lines": [74], "summary": {"covered_lines": 1, "num_statements": 1, "percent_covered": 100.0, "percent_covered_display": "100", "missing_lines": 0, "excluded_lines": 0}, "missing_lines": [], "excluded_lines": []}, "TestPrivacyMiddleware.test_filter_response_nested_dict": {"executed_lines": [86, 87, 97, 98, 99], "summary": {"covered_lines": 5, "num_statements": 5, "percent_covered": 100.0, "percent_covered_display": "100", "missing_lines": 0, "excluded_lines": 0}, "missing_lines": [], "excluded_lines": []}, "TestPrivacyMiddleware.test_filter_response_nested_dict.get_data": {"executed_lines": [88], "summary": {"covered_lines": 1, "num_statements": 1, "percent_covered": 100.0, "percent_covered_display": "100", "missing_lines": 0, "excluded_lines": 0}, "missing_lines": [], "excluded_lines": []}, "TestPrivacyMiddleware.test_filter_response_list_of_dicts": {"executed_lines": [103, 104, 110, 111, 112, 113], "summary": {"covered_lines": 6, "num_statements": 6, "percent_covered": 100.0, "percent_covered_display": "100", "missing_lines": 0, "excluded_lines": 0}, "missing_lines": [], "excluded_lines": []}, "TestPrivacyMiddleware.test_filter_response_list_of_dicts.get_data": {"executed_lines": [105], "summary": {"covered_lines": 1, "num_statements": 1, "percent_covered": 100.0, "percent_covered_display": "100", "missing_lines": 0, "excluded_lines": 0}, "missing_lines": [], "excluded_lines": []}, "TestPrivacyMiddleware.test_filter_response_non_string": {"executed_lines": [117, 118, 121, 122], "summary": {"covered_lines": 4, "num_statements": 4, "percent_covered": 100.0, "percent_covered_display": "100", "missing_lines": 0, "excluded_lines": 0}, "missing_lines": [], "excluded_lines": []}, "TestPrivacyMiddleware.test_filter_response_non_string.get_data": {"executed_lines": [119], "summary": {"covered_lines": 1, "num_statements": 1, "percent_covered": 100.0, "percent_covered_display": "100", "missing_lines": 0, "excluded_lines": 0}, "missing_lines": [], "excluded_lines": []}, "TestPrivacyMiddleware.test_apply_filter_modes": {"executed_lines": [126, 128, 129, 131, 132, 134, 135], "summary": {"covered_lines": 7, "num_statements": 7, "percent_covered": 100.0, "percent_covered_display": "100", "missing_lines": 0, "excluded_lines": 0}, "missing_lines": [], "excluded_lines": []}, "TestPrivacyMiddleware.test_filter_dict_recursive": {"executed_lines": [139, 146, 147], "summary": {"covered_lines": 3, "num_statements": 3, "percent_covered": 100.0, "percent_covered_display": "100", "missing_lines": 0, "excluded_lines": 0}, "missing_lines": [], "excluded_lines": []}, "TestPrivacyMiddleware.test_filter_value_string": {"executed_lines": [151, 152], "summary": {"covered_lines": 2, "num_statements": 2, "percent_covered": 100.0, "percent_covered_display": "100", "missing_lines": 0, "excluded_lines": 0}, "missing_lines": [], "excluded_lines": []}, "TestPrivacyMiddleware.test_filter_value_dict": {"executed_lines": [156, 157, 158], "summary": {"covered_lines": 3, "num_statements": 3, "percent_covered": 100.0, "percent_covered_display": "100", "missing_lines": 0, "excluded_lines": 0}, "missing_lines": [], "excluded_lines": []}, "TestPrivacyMiddleware.test_filter_value_list": {"executed_lines": [162, 163, 164, 165], "summary": {"covered_lines": 4, "num_statements": 4, "percent_covered": 100.0, "percent_covered_display": "100", "missing_lines": 0, "excluded_lines": 0}, "missing_lines": [], "excluded_lines": []}, "TestPrivacyMiddleware.test_filter_value_passthrough": {"executed_lines": [169, 170, 171], "summary": {"covered_lines": 3, "num_statements": 3, "percent_covered": 100.0, "percent_covered_display": "100", "missing_lines": 0, "excluded_lines": 0}, "missing_lines": [], "excluded_lines": []}, "TestPrivacyMiddleware.test_mixed_content": {"executed_lines": [175, 176, 186, 187, 188, 189, 190], "summary": {"covered_lines": 7, "num_statements": 7, "percent_covered": 100.0, "percent_covered_display": "100", "missing_lines": 0, "excluded_lines": 0}, "missing_lines": [], "excluded_lines": []}, "TestPrivacyMiddleware.test_mixed_content.get_data": {"executed_lines": [177], "summary": {"covered_lines": 1, "num_statements": 1, "percent_covered": 100.0, "percent_covered_display": "100", "missing_lines": 0, "excluded_lines": 0}, "missing_lines": [], "excluded_lines": []}, "": {"executed_lines": [1, 6, 7, 10, 11, 13, 19, 25, 35, 45, 55, 70, 84, 101, 115, 124, 137, 149, 154, 160, 167, 173, 193], "summary": {"covered_lines": 21, "num_statements": 22, "percent_covered": 95.45454545454545, "percent_covered_display": "95", "missing_lines": 1, "excluded_lines": 0}, "missing_lines": [194], "excluded_lines": []}}, "classes": {"TestPrivacyMiddleware": {"executed_lines": [15, 16, 17, 21, 22, 23, 27, 28, 29, 31, 32, 33, 37, 38, 39, 41, 42, 43, 47, 48, 49, 51, 52, 53, 57, 58, 59, 65, 66, 67, 68, 72, 73, 74, 79, 80, 81, 82, 86, 87, 88, 97, 98, 99, 103, 104, 105, 110, 111, 112, 113, 117, 118, 119, 121, 122, 126, 128, 129, 131, 132, 134, 135, 139, 146, 147, 151, 152, 156, 157, 158, 162, 163, 164, 165, 169, 170, 171, 175, 176, 177, 186, 187, 188, 189, 190], "summary": {"covered_lines": 86, "num_statements": 86, "percent_covered": 100.0, "percent_covered_display": "100", "missing_lines": 0, "excluded_lines": 0}, "missing_lines": [], "excluded_lines": []}, "": {"executed_lines": [1, 6, 7, 10, 11, 13, 19, 25, 35, 45, 55, 70, 84, 101, 115, 124, 137, 149, 154, 160, 167, 173, 193], "summary": {"covered_lines": 21, "num_statements": 22, "percent_covered": 95.45454545454545, "percent_covered_display": "95", "missing_lines": 1, "excluded_lines": 0}, "missing_lines": [194], "excluded_lines": []}}}}, "totals": {"covered_lines": 1258, "num_statements": 1432, "percent_covered": 87.84916201117318, "percent_covered_display": "88", "missing_lines": 174, "excluded_lines": 0}}
