{"meta": {"format": 3, "version": "7.10.7", "timestamp": "2025-10-12T00:10:48.341824", "branch_coverage": false, "show_contexts": false}, "files": {"Q4\\data_analytics_comprehension_pipeline.py": {"executed_lines": [1, 7, 9, 10, 11, 13, 14], "summary": {"covered_lines": 6, "num_statements": 73, "percent_covered": 8.219178082191782, "percent_covered_display": "8", "missing_lines": 67, "excluded_lines": 0}, "missing_lines": [15, 17, 18, 21, 24, 25, 26, 31, 34, 35, 36, 37, 48, 49, 50, 51, 52, 54, 55, 57, 60, 65, 66, 67, 69, 70, 71, 73, 74, 76, 77, 82, 83, 84, 86, 87, 88, 90, 91, 92, 103, 104, 105, 106, 108, 109, 110, 111, 114, 115, 117, 118, 120, 121, 123, 124, 125, 126, 127, 129, 132, 133, 135, 136, 137, 139, 140], "excluded_lines": [], "functions": {"RoadmapAnalyticsPipeline.__init__": {"executed_lines": [], "summary": {"covered_lines": 0, "num_statements": 2, "percent_covered": 0.0, "percent_covered_display": "0", "missing_lines": 2, "excluded_lines": 0}, "missing_lines": [25, 26], "excluded_lines": []}, "RoadmapAnalyticsPipeline.load_records": {"executed_lines": [], "summary": {"covered_lines": 0, "num_statements": 11, "percent_covered": 0.0, "percent_covered_display": "0", "missing_lines": 11, "excluded_lines": 0}, "missing_lines": [34, 35, 36, 37, 48, 49, 50, 51, 52, 54, 55], "excluded_lines": []}, "RoadmapAnalyticsPipeline.update_management_model": {"executed_lines": [], "summary": {"covered_lines": 0, "num_statements": 1, "percent_covered": 0.0, "percent_covered_display": "0", "missing_lines": 1, "excluded_lines": 0}, "missing_lines": [60], "excluded_lines": []}, "RoadmapAnalyticsPipeline.build_status_summary": {"executed_lines": [], "summary": {"covered_lines": 0, "num_statements": 2, "percent_covered": 0.0, "percent_covered_display": "0", "missing_lines": 2, "excluded_lines": 0}, "missing_lines": [66, 67], "excluded_lines": []}, "RoadmapAnalyticsPipeline.build_phase_summary": {"executed_lines": [], "summary": {"covered_lines": 0, "num_statements": 2, "percent_covered": 0.0, "percent_covered_display": "0", "missing_lines": 2, "excluded_lines": 0}, "missing_lines": [70, 71], "excluded_lines": []}, "RoadmapAnalyticsPipeline.build_progress_snapshot": {"executed_lines": [], "summary": {"covered_lines": 0, "num_statements": 1, "percent_covered": 0.0, "percent_covered_display": "0", "missing_lines": 1, "excluded_lines": 0}, "missing_lines": [74], "excluded_lines": []}, "RoadmapAnalyticsPipeline.metrics": {"executed_lines": [], "summary": {"covered_lines": 0, "num_statements": 1, "percent_covered": 0.0, "percent_covered_display": "0", "missing_lines": 1, "excluded_lines": 0}, "missing_lines": [77], "excluded_lines": []}, "RoadmapAnalyticsPipeline.status_chart": {"executed_lines": [], "summary": {"covered_lines": 0, "num_statements": 2, "percent_covered": 0.0, "percent_covered_display": "0", "missing_lines": 2, "excluded_lines": 0}, "missing_lines": [83, 84], "excluded_lines": []}, "RoadmapAnalyticsPipeline.phase_chart": {"executed_lines": [], "summary": {"covered_lines": 0, "num_statements": 2, "percent_covered": 0.0, "percent_covered_display": "0", "missing_lines": 2, "excluded_lines": 0}, "missing_lines": [87, 88], "excluded_lines": []}, "RoadmapAnalyticsPipeline.progress_chart": {"executed_lines": [], "summary": {"covered_lines": 0, "num_statements": 2, "percent_covered": 0.0, "percent_covered_display": "0", "missing_lines": 2, "excluded_lines": 0}, "missing_lines": [91, 92], "excluded_lines": []}, "RoadmapAnalyticsPipeline.export_records": {"executed_lines": [], "summary": {"covered_lines": 0, "num_statements": 3, "percent_covered": 0.0, "percent_covered_display": "0", "missing_lines": 3, "excluded_lines": 0}, "missing_lines": [104, 105, 106], "excluded_lines": []}, "RoadmapAnalyticsPipeline.export_metrics": {"executed_lines": [], "summary": {"covered_lines": 0, "num_statements": 3, "percent_covered": 0.0, "percent_covered_display": "0", "missing_lines": 3, "excluded_lines": 0}, "missing_lines": [109, 110, 111], "excluded_lines": []}, "run_pipeline": {"executed_lines": [], "summary": {"covered_lines": 0, "num_statements": 11, "percent_covered": 0.0, "percent_covered_display": "0", "missing_lines": 11, "excluded_lines": 0}, "missing_lines": [115, 117, 118, 120, 121, 123, 124, 125, 126, 127, 129], "excluded_lines": []}, "": {"executed_lines": [1, 7, 9, 10, 11, 13, 14], "summary": {"covered_lines": 6, "num_statements": 30, "percent_covered": 20.0, "percent_covered_display": "20", "missing_lines": 24, "excluded_lines": 0}, "missing_lines": [15, 17, 18, 21, 24, 31, 57, 65, 69, 73, 76, 82, 86, 90, 103, 108, 114, 132, 133, 135, 136, 137, 139, 140], "excluded_lines": []}}, "classes": {"RoadmapAnalyticsPipeline": {"executed_lines": [], "summary": {"covered_lines": 0, "num_statements": 32, "percent_covered": 0.0, "percent_covered_display": "0", "missing_lines": 32, "excluded_lines": 0}, "missing_lines": [25, 26, 34, 35, 36, 37, 48, 49, 50, 51, 52, 54, 55, 60, 66, 67, 70, 71, 74, 77, 83, 84, 87, 88, 91, 92, 104, 105, 106, 109, 110, 111], "excluded_lines": []}, "": {"executed_lines": [1, 7, 9, 10, 11, 13, 14], "summary": {"covered_lines": 6, "num_statements": 41, "percent_covered": 14.634146341463415, "percent_covered_display": "15", "missing_lines": 35, "excluded_lines": 0}, "missing_lines": [15, 17, 18, 21, 24, 31, 57, 65, 69, 73, 76, 82, 86, 90, 103, 108, 114, 115, 117, 118, 120, 121, 123, 124, 125, 126, 127, 129, 132, 133, 135, 136, 137, 139, 140], "excluded_lines": []}}}, "Q4\\test_pipeline.py": {"executed_lines": [1, 3], "summary": {"covered_lines": 1, "num_statements": 23, "percent_covered": 4.3478260869565215, "percent_covered_display": "4", "missing_lines": 22, "excluded_lines": 0}, "missing_lines": [6, 8, 9, 10, 11, 14, 16, 18, 19, 21, 22, 23, 24, 27, 29, 30, 31, 32, 33, 34, 35, 36], "excluded_lines": [], "functions": {"test_load_records_fallback": {"executed_lines": [], "summary": {"covered_lines": 0, "num_statements": 4, "percent_covered": 0.0, "percent_covered_display": "0", "missing_lines": 4, "excluded_lines": 0}, "missing_lines": [8, 9, 10, 11], "excluded_lines": []}, "test_load_records_from_csv": {"executed_lines": [], "summary": {"covered_lines": 0, "num_statements": 7, "percent_covered": 0.0, "percent_covered_display": "0", "missing_lines": 7, "excluded_lines": 0}, "missing_lines": [16, 18, 19, 21, 22, 23, 24], "excluded_lines": []}, "test_metrics": {"executed_lines": [], "summary": {"covered_lines": 0, "num_statements": 8, "percent_covered": 0.0, "percent_covered_display": "0", "missing_lines": 8, "excluded_lines": 0}, "missing_lines": [29, 30, 31, 32, 33, 34, 35, 36], "excluded_lines": []}, "": {"executed_lines": [1, 3], "summary": {"covered_lines": 1, "num_statements": 4, "percent_covered": 25.0, "percent_covered_display": "25", "missing_lines": 3, "excluded_lines": 0}, "missing_lines": [6, 14, 27], "excluded_lines": []}}, "classes": {"": {"executed_lines": [1, 3], "summary": {"covered_lines": 1, "num_statements": 23, "percent_covered": 4.3478260869565215, "percent_covered_display": "4", "missing_lines": 22, "excluded_lines": 0}, "missing_lines": [6, 8, 9, 10, 11, 14, 16, 18, 19, 21, 22, 23, 24, 27, 29, 30, 31, 32, 33, 34, 35, 36], "excluded_lines": []}}}, "actions-runner\\_work\\echoes\\echoes\\Q4\\data_analytics_comprehension_pipeline.py": {"executed_lines": [1, 7, 9, 10, 11, 13, 14], "summary": {"covered_lines": 6, "num_statements": 73, "percent_covered": 8.219178082191782, "percent_covered_display": "8", "missing_lines": 67, "excluded_lines": 0}, "missing_lines": [15, 17, 20, 23, 26, 27, 28, 33, 36, 37, 38, 39, 50, 51, 52, 53, 54, 56, 57, 59, 62, 67, 68, 69, 73, 74, 75, 79, 80, 84, 85, 90, 91, 92, 96, 97, 98, 102, 103, 104, 115, 116, 117, 118, 120, 121, 122, 123, 126, 129, 131, 132, 134, 135, 137, 138, 139, 140, 141, 143, 146, 147, 149, 150, 151, 153, 154], "excluded_lines": [], "functions": {"RoadmapAnalyticsPipeline.__init__": {"executed_lines": [], "summary": {"covered_lines": 0, "num_statements": 2, "percent_covered": 0.0, "percent_covered_display": "0", "missing_lines": 2, "excluded_lines": 0}, "missing_lines": [27, 28], "excluded_lines": []}, "RoadmapAnalyticsPipeline.load_records": {"executed_lines": [], "summary": {"covered_lines": 0, "num_statements": 11, "percent_covered": 0.0, "percent_covered_display": "0", "missing_lines": 11, "excluded_lines": 0}, "missing_lines": [36, 37, 38, 39, 50, 51, 52, 53, 54, 56, 57], "excluded_lines": []}, "RoadmapAnalyticsPipeline.update_management_model": {"executed_lines": [], "summary": {"covered_lines": 0, "num_statements": 1, "percent_covered": 0.0, "percent_covered_display": "0", "missing_lines": 1, "excluded_lines": 0}, "missing_lines": [62], "excluded_lines": []}, "RoadmapAnalyticsPipeline.build_status_summary": {"executed_lines": [], "summary": {"covered_lines": 0, "num_statements": 2, "percent_covered": 0.0, "percent_covered_display": "0", "missing_lines": 2, "excluded_lines": 0}, "missing_lines": [68, 69], "excluded_lines": []}, "RoadmapAnalyticsPipeline.build_phase_summary": {"executed_lines": [], "summary": {"covered_lines": 0, "num_statements": 2, "percent_covered": 0.0, "percent_covered_display": "0", "missing_lines": 2, "excluded_lines": 0}, "missing_lines": [74, 75], "excluded_lines": []}, "RoadmapAnalyticsPipeline.build_progress_snapshot": {"executed_lines": [], "summary": {"covered_lines": 0, "num_statements": 1, "percent_covered": 0.0, "percent_covered_display": "0", "missing_lines": 1, "excluded_lines": 0}, "missing_lines": [80], "excluded_lines": []}, "RoadmapAnalyticsPipeline.metrics": {"executed_lines": [], "summary": {"covered_lines": 0, "num_statements": 1, "percent_covered": 0.0, "percent_covered_display": "0", "missing_lines": 1, "excluded_lines": 0}, "missing_lines": [85], "excluded_lines": []}, "RoadmapAnalyticsPipeline.status_chart": {"executed_lines": [], "summary": {"covered_lines": 0, "num_statements": 2, "percent_covered": 0.0, "percent_covered_display": "0", "missing_lines": 2, "excluded_lines": 0}, "missing_lines": [91, 92], "excluded_lines": []}, "RoadmapAnalyticsPipeline.phase_chart": {"executed_lines": [], "summary": {"covered_lines": 0, "num_statements": 2, "percent_covered": 0.0, "percent_covered_display": "0", "missing_lines": 2, "excluded_lines": 0}, "missing_lines": [97, 98], "excluded_lines": []}, "RoadmapAnalyticsPipeline.progress_chart": {"executed_lines": [], "summary": {"covered_lines": 0, "num_statements": 2, "percent_covered": 0.0, "percent_covered_display": "0", "missing_lines": 2, "excluded_lines": 0}, "missing_lines": [103, 104], "excluded_lines": []}, "RoadmapAnalyticsPipeline.export_records": {"executed_lines": [], "summary": {"covered_lines": 0, "num_statements": 3, "percent_covered": 0.0, "percent_covered_display": "0", "missing_lines": 3, "excluded_lines": 0}, "missing_lines": [116, 117, 118], "excluded_lines": []}, "RoadmapAnalyticsPipeline.export_metrics": {"executed_lines": [], "summary": {"covered_lines": 0, "num_statements": 3, "percent_covered": 0.0, "percent_covered_display": "0", "missing_lines": 3, "excluded_lines": 0}, "missing_lines": [121, 122, 123], "excluded_lines": []}, "run_pipeline": {"executed_lines": [], "summary": {"covered_lines": 0, "num_statements": 11, "percent_covered": 0.0, "percent_covered_display": "0", "missing_lines": 11, "excluded_lines": 0}, "missing_lines": [129, 131, 132, 134, 135, 137, 138, 139, 140, 141, 143], "excluded_lines": []}, "": {"executed_lines": [1, 7, 9, 10, 11, 13, 14], "summary": {"covered_lines": 6, "num_statements": 30, "percent_covered": 20.0, "percent_covered_display": "20", "missing_lines": 24, "excluded_lines": 0}, "missing_lines": [15, 17, 20, 23, 26, 33, 59, 67, 73, 79, 84, 90, 96, 102, 115, 120, 126, 146, 147, 149, 150, 151, 153, 154], "excluded_lines": []}}, "classes": {"RoadmapAnalyticsPipeline": {"executed_lines": [], "summary": {"covered_lines": 0, "num_statements": 32, "percent_covered": 0.0, "percent_covered_display": "0", "missing_lines": 32, "excluded_lines": 0}, "missing_lines": [27, 28, 36, 37, 38, 39, 50, 51, 52, 53, 54, 56, 57, 62, 68, 69, 74, 75, 80, 85, 91, 92, 97, 98, 103, 104, 116, 117, 118, 121, 122, 123], "excluded_lines": []}, "": {"executed_lines": [1, 7, 9, 10, 11, 13, 14], "summary": {"covered_lines": 6, "num_statements": 41, "percent_covered": 14.634146341463415, "percent_covered_display": "15", "missing_lines": 35, "excluded_lines": 0}, "missing_lines": [15, 17, 20, 23, 26, 33, 59, 67, 73, 79, 84, 90, 96, 102, 115, 120, 126, 129, 131, 132, 134, 135, 137, 138, 139, 140, 141, 143, 146, 147, 149, 150, 151, 153, 154], "excluded_lines": []}}}, "actions-runner\\_work\\echoes\\echoes\\Q4\\test_pipeline.py": {"executed_lines": [1, 3], "summary": {"covered_lines": 1, "num_statements": 23, "percent_covered": 4.3478260869565215, "percent_covered_display": "4", "missing_lines": 22, "excluded_lines": 0}, "missing_lines": [6, 8, 9, 10, 11, 14, 16, 18, 19, 21, 22, 23, 24, 27, 29, 30, 31, 32, 33, 34, 35, 36], "excluded_lines": [], "functions": {"test_load_records_fallback": {"executed_lines": [], "summary": {"covered_lines": 0, "num_statements": 4, "percent_covered": 0.0, "percent_covered_display": "0", "missing_lines": 4, "excluded_lines": 0}, "missing_lines": [8, 9, 10, 11], "excluded_lines": []}, "test_load_records_from_csv": {"executed_lines": [], "summary": {"covered_lines": 0, "num_statements": 7, "percent_covered": 0.0, "percent_covered_display": "0", "missing_lines": 7, "excluded_lines": 0}, "missing_lines": [16, 18, 19, 21, 22, 23, 24], "excluded_lines": []}, "test_metrics": {"executed_lines": [], "summary": {"covered_lines": 0, "num_statements": 8, "percent_covered": 0.0, "percent_covered_display": "0", "missing_lines": 8, "excluded_lines": 0}, "missing_lines": [29, 30, 31, 32, 33, 34, 35, 36], "excluded_lines": []}, "": {"executed_lines": [1, 3], "summary": {"covered_lines": 1, "num_statements": 4, "percent_covered": 25.0, "percent_covered_display": "25", "missing_lines": 3, "excluded_lines": 0}, "missing_lines": [6, 14, 27], "excluded_lines": []}}, "classes": {"": {"executed_lines": [1, 3], "summary": {"covered_lines": 1, "num_statements": 23, "percent_covered": 4.3478260869565215, "percent_covered_display": "4", "missing_lines": 22, "excluded_lines": 0}, "missing_lines": [6, 8, 9, 10, 11, 14, 16, 18, 19, 21, 22, 23, 24, 27, 29, 30, 31, 32, 33, 34, 35, 36], "excluded_lines": []}}}, "actions-runner\\_work\\echoes\\echoes\\automation\\__init__.py": {"executed_lines": [0], "summary": {"covered_lines": 0, "num_statements": 0, "percent_covered": 100.0, "percent_covered_display": "100", "missing_lines": 0, "excluded_lines": 0}, "missing_lines": [], "excluded_lines": [], "functions": {"": {"executed_lines": [], "summary": {"covered_lines": 0, "num_statements": 0, "percent_covered": 100.0, "percent_covered_display": "100", "missing_lines": 0, "excluded_lines": 0}, "missing_lines": [], "excluded_lines": []}}, "classes": {"": {"executed_lines": [], "summary": {"covered_lines": 0, "num_statements": 0, "percent_covered": 100.0, "percent_covered_display": "100", "missing_lines": 0, "excluded_lines": 0}, "missing_lines": [], "excluded_lines": []}}}, "actions-runner\\_work\\echoes\\echoes\\automation\\core\\__init__.py": {"executed_lines": [0], "summary": {"covered_lines": 0, "num_statements": 0, "percent_covered": 100.0, "percent_covered_display": "100", "missing_lines": 0, "excluded_lines": 0}, "missing_lines": [], "excluded_lines": [], "functions": {"": {"executed_lines": [], "summary": {"covered_lines": 0, "num_statements": 0, "percent_covered": 100.0, "percent_covered_display": "100", "missing_lines": 0, "excluded_lines": 0}, "missing_lines": [], "excluded_lines": []}}, "classes": {"": {"executed_lines": [], "summary": {"covered_lines": 0, "num_statements": 0, "percent_covered": 100.0, "percent_covered_display": "100", "missing_lines": 0, "excluded_lines": 0}, "missing_lines": [], "excluded_lines": []}}}, "actions-runner\\_work\\echoes\\echoes\\automation\\core\\context.py": {"executed_lines": [1, 2, 8], "summary": {"covered_lines": 3, "num_statements": 12, "percent_covered": 25.0, "percent_covered_display": "25", "missing_lines": 9, "excluded_lines": 0}, "missing_lines": [3, 4, 5, 6, 9, 10, 11, 12, 13], "excluded_lines": [], "functions": {"Context.__init__": {"executed_lines": [], "summary": {"covered_lines": 0, "num_statements": 4, "percent_covered": 0.0, "percent_covered_display": "0", "missing_lines": 4, "excluded_lines": 0}, "missing_lines": [3, 4, 5, 6], "excluded_lines": []}, "Context.require_confirmation": {"executed_lines": [], "summary": {"covered_lines": 0, "num_statements": 5, "percent_covered": 0.0, "percent_covered_display": "0", "missing_lines": 5, "excluded_lines": 0}, "missing_lines": [9, 10, 11, 12, 13], "excluded_lines": []}, "": {"executed_lines": [1, 2, 8], "summary": {"covered_lines": 3, "num_statements": 3, "percent_covered": 100.0, "percent_covered_display": "100", "missing_lines": 0, "excluded_lines": 0}, "missing_lines": [], "excluded_lines": []}}, "classes": {"Context": {"executed_lines": [], "summary": {"covered_lines": 0, "num_statements": 9, "percent_covered": 0.0, "percent_covered_display": "0", "missing_lines": 9, "excluded_lines": 0}, "missing_lines": [3, 4, 5, 6, 9, 10, 11, 12, 13], "excluded_lines": []}, "": {"executed_lines": [1, 2, 8], "summary": {"covered_lines": 3, "num_statements": 3, "percent_covered": 100.0, "percent_covered_display": "100", "missing_lines": 0, "excluded_lines": 0}, "missing_lines": [], "excluded_lines": []}}}, "actions-runner\\_work\\echoes\\echoes\\automation\\core\\logger.py": {"executed_lines": [1, 3, 4, 5, 6, 7, 8, 11, 12, 13, 14, 22, 23, 25, 28, 31], "summary": {"covered_lines": 16, "num_statements": 24, "percent_covered": 66.66666666666667, "percent_covered_display": "67", "missing_lines": 8, "excluded_lines": 0}, "missing_lines": [15, 16, 17, 18, 20, 26, 29, 33], "excluded_lines": [], "functions": {"AutomationLogger.log": {"executed_lines": [13, 14], "summary": {"covered_lines": 2, "num_statements": 7, "percent_covered": 28.571428571428573, "percent_covered_display": "29", "missing_lines": 5, "excluded_lines": 0}, "missing_lines": [15, 16, 17, 18, 20], "excluded_lines": []}, "AutomationLogger.info": {"executed_lines": [23], "summary": {"covered_lines": 1, "num_statements": 1, "percent_covered": 100.0, "percent_covered_display": "100", "missing_lines": 0, "excluded_lines": 0}, "missing_lines": [], "excluded_lines": []}, "AutomationLogger.error": {"executed_lines": [], "summary": {"covered_lines": 0, "num_statements": 1, "percent_covered": 0.0, "percent_covered_display": "0", "missing_lines": 1, "excluded_lines": 0}, "missing_lines": [26], "excluded_lines": []}, "AutomationLogger.warning": {"executed_lines": [], "summary": {"covered_lines": 0, "num_statements": 1, "percent_covered": 0.0, "percent_covered_display": "0", "missing_lines": 1, "excluded_lines": 0}, "missing_lines": [29], "excluded_lines": []}, "AutomationLogger.success": {"executed_lines": [], "summary": {"covered_lines": 0, "num_statements": 1, "percent_covered": 0.0, "percent_covered_display": "0", "missing_lines": 1, "excluded_lines": 0}, "missing_lines": [33], "excluded_lines": []}, "": {"executed_lines": [1, 3, 4, 5, 6, 7, 8, 11, 12, 22, 25, 28, 31], "summary": {"covered_lines": 13, "num_statements": 13, "percent_covered": 100.0, "percent_covered_display": "100", "missing_lines": 0, "excluded_lines": 0}, "missing_lines": [], "excluded_lines": []}}, "classes": {"AutomationLogger": {"executed_lines": [13, 14, 23], "summary": {"covered_lines": 3, "num_statements": 11, "percent_covered": 27.272727272727273, "percent_covered_display": "27", "missing_lines": 8, "excluded_lines": 0}, "missing_lines": [15, 16, 17, 18, 20, 26, 29, 33], "excluded_lines": []}, "": {"executed_lines": [1, 3, 4, 5, 6, 7, 8, 11, 12, 22, 25, 28, 31], "summary": {"covered_lines": 13, "num_statements": 13, "percent_covered": 100.0, "percent_covered_display": "100", "missing_lines": 0, "excluded_lines": 0}, "missing_lines": [], "excluded_lines": []}}}, "actions-runner\\_work\\echoes\\echoes\\examples\\test_a1_implementation.py": {"executed_lines": [2, 7, 8, 10, 12, 13, 14, 15, 16, 17, 20, 51, 103, 133], "summary": {"covered_lines": 13, "num_statements": 71, "percent_covered": 18.309859154929576, "percent_covered_display": "18", "missing_lines": 58, "excluded_lines": 0}, "missing_lines": [22, 24, 25, 27, 28, 30, 31, 32, 34, 35, 36, 37, 38, 39, 41, 42, 43, 45, 48, 53, 56, 67, 75, 76, 78, 79, 80, 82, 83, 84, 85, 86, 87, 91, 94, 95, 97, 100, 105, 106, 107, 110, 113, 116, 117, 118, 120, 121, 122, 123, 124, 125, 127, 128, 129, 130, 134, 135], "excluded_lines": [], "functions": {"test_inference_glimpse_content_generation": {"executed_lines": [], "summary": {"covered_lines": 0, "num_statements": 19, "percent_covered": 0.0, "percent_covered_display": "0", "missing_lines": 19, "excluded_lines": 0}, "missing_lines": [22, 24, 25, 27, 28, 30, 31, 32, 34, 35, 36, 37, 38, 39, 41, 42, 43, 45, 48], "excluded_lines": []}, "test_mode_handler_formatting": {"executed_lines": [], "summary": {"covered_lines": 0, "num_statements": 19, "percent_covered": 0.0, "percent_covered_display": "0", "missing_lines": 19, "excluded_lines": 0}, "missing_lines": [53, 56, 67, 75, 76, 78, 79, 80, 82, 83, 84, 85, 86, 87, 91, 94, 95, 97, 100], "excluded_lines": []}, "main": {"executed_lines": [], "summary": {"covered_lines": 0, "num_statements": 18, "percent_covered": 0.0, "percent_covered_display": "0", "missing_lines": 18, "excluded_lines": 0}, "missing_lines": [105, 106, 107, 110, 113, 116, 117, 118, 120, 121, 122, 123, 124, 125, 127, 128, 129, 130], "excluded_lines": []}, "": {"executed_lines": [2, 7, 8, 10, 12, 13, 14, 15, 16, 17, 20, 51, 103, 133], "summary": {"covered_lines": 13, "num_statements": 15, "percent_covered": 86.66666666666667, "percent_covered_display": "87", "missing_lines": 2, "excluded_lines": 0}, "missing_lines": [134, 135], "excluded_lines": []}}, "classes": {"": {"executed_lines": [2, 7, 8, 10, 12, 13, 14, 15, 16, 17, 20, 51, 103, 133], "summary": {"covered_lines": 13, "num_statements": 71, "percent_covered": 18.309859154929576, "percent_covered_display": "18", "missing_lines": 58, "excluded_lines": 0}, "missing_lines": [22, 24, 25, 27, 28, 30, 31, 32, 34, 35, 36, 37, 38, 39, 41, 42, 43, 45, 48, 53, 56, 67, 75, 76, 78, 79, 80, 82, 83, 84, 85, 86, 87, 91, 94, 95, 97, 100, 105, 106, 107, 110, 113, 116, 117, 118, 120, 121, 122, 123, 124, 125, 127, 128, 129, 130, 134, 135], "excluded_lines": []}}}, "actions-runner\\_work\\echoes\\echoes\\llm_smoke_test.py": {"executed_lines": [1, 3, 6, 26], "summary": {"covered_lines": 4, "num_statements": 17, "percent_covered": 23.529411764705884, "percent_covered_display": "24", "missing_lines": 13, "excluded_lines": 0}, "missing_lines": [7, 8, 9, 11, 16, 17, 18, 19, 20, 21, 22, 23, 27], "excluded_lines": [], "functions": {"main": {"executed_lines": [], "summary": {"covered_lines": 0, "num_statements": 12, "percent_covered": 0.0, "percent_covered_display": "0", "missing_lines": 12, "excluded_lines": 0}, "missing_lines": [7, 8, 9, 11, 16, 17, 18, 19, 20, 21, 22, 23], "excluded_lines": []}, "": {"executed_lines": [1, 3, 6, 26], "summary": {"covered_lines": 4, "num_statements": 5, "percent_covered": 80.0, "percent_covered_display": "80", "missing_lines": 1, "excluded_lines": 0}, "missing_lines": [27], "excluded_lines": []}}, "classes": {"": {"executed_lines": [1, 3, 6, 26], "summary": {"covered_lines": 4, "num_statements": 17, "percent_covered": 23.529411764705884, "percent_covered_display": "24", "missing_lines": 13, "excluded_lines": 0}, "missing_lines": [7, 8, 9, 11, 16, 17, 18, 19, 20, 21, 22, 23, 27], "excluded_lines": []}}}, "actions-runner\\_work\\echoes\\echoes\\minicon\\__init__.py": {"executed_lines": [1, 2, 4], "summary": {"covered_lines": 3, "num_statements": 3, "percent_covered": 100.0, "percent_covered_display": "100", "missing_lines": 0, "excluded_lines": 0}, "missing_lines": [], "excluded_lines": [], "functions": {"": {"executed_lines": [1, 2, 4], "summary": {"covered_lines": 3, "num_statements": 3, "percent_covered": 100.0, "percent_covered_display": "100", "missing_lines": 0, "excluded_lines": 0}, "missing_lines": [], "excluded_lines": []}}, "classes": {"": {"executed_lines": [1, 2, 4], "summary": {"covered_lines": 3, "num_statements": 3, "percent_covered": 100.0, "percent_covered_display": "100", "missing_lines": 0, "excluded_lines": 0}, "missing_lines": [], "excluded_lines": []}}}, "actions-runner\\_work\\echoes\\echoes\\minicon\\config.py": {"executed_lines": [1, 3, 4, 5, 6, 7, 9, 10, 13, 14, 15, 19, 20, 21, 24, 25, 28, 29, 30, 43, 44, 45, 46, 47, 48, 49, 50, 51, 52, 53, 54, 55, 56, 57, 58, 59, 60, 61, 62, 64, 65, 131, 137, 144, 145, 168, 185, 186], "summary": {"covered_lines": 46, "num_statements": 95, "percent_covered": 48.421052631578945, "percent_covered_display": "48", "missing_lines": 49, "excluded_lines": 0}, "missing_lines": [16, 66, 67, 70, 71, 72, 74, 75, 76, 77, 78, 81, 82, 83, 89, 90, 91, 92, 93, 94, 95, 96, 100, 101, 103, 104, 109, 133, 134, 135, 139, 140, 141, 142, 154, 160, 161, 162, 166, 177, 178, 179, 181, 182, 183, 195, 196, 197, 199], "excluded_lines": [], "functions": {"Config.from_env": {"executed_lines": [], "summary": {"covered_lines": 0, "num_statements": 26, "percent_covered": 0.0, "percent_covered_display": "0", "missing_lines": 26, "excluded_lines": 0}, "missing_lines": [66, 67, 70, 71, 72, 74, 75, 76, 77, 78, 81, 82, 83, 89, 90, 91, 92, 93, 94, 95, 96, 100, 101, 103, 104, 109], "excluded_lines": []}, "Config.__post_init__": {"executed_lines": [], "summary": {"covered_lines": 0, "num_statements": 3, "percent_covered": 0.0, "percent_covered_display": "0", "missing_lines": 3, "excluded_lines": 0}, "missing_lines": [133, 134, 135], "excluded_lines": []}, "Config.ensure_dirs": {"executed_lines": [], "summary": {"covered_lines": 0, "num_statements": 4, "percent_covered": 0.0, "percent_covered_display": "0", "missing_lines": 4, "excluded_lines": 0}, "missing_lines": [139, 140, 141, 142], "excluded_lines": []}, "Config.active_api_key": {"executed_lines": [], "summary": {"covered_lines": 0, "num_statements": 5, "percent_covered": 0.0, "percent_covered_display": "0", "missing_lines": 5, "excluded_lines": 0}, "missing_lines": [154, 160, 161, 162, 166], "excluded_lines": []}, "Config.switch_api_key": {"executed_lines": [], "summary": {"covered_lines": 0, "num_statements": 6, "percent_covered": 0.0, "percent_covered_display": "0", "missing_lines": 6, "excluded_lines": 0}, "missing_lines": [177, 178, 179, 181, 182, 183], "excluded_lines": []}, "Config.openai_client": {"executed_lines": [], "summary": {"covered_lines": 0, "num_statements": 4, "percent_covered": 0.0, "percent_covered_display": "0", "missing_lines": 4, "excluded_lines": 0}, "missing_lines": [195, 196, 197, 199], "excluded_lines": []}, "": {"executed_lines": [1, 3, 4, 5, 6, 7, 9, 10, 13, 14, 15, 19, 20, 21, 24, 25, 28, 29, 30, 43, 44, 45, 46, 47, 48, 49, 50, 51, 52, 53, 54, 55, 56, 57, 58, 59, 60, 61, 62, 64, 65, 131, 137, 144, 145, 168, 185, 186], "summary": {"covered_lines": 46, "num_statements": 47, "percent_covered": 97.87234042553192, "percent_covered_display": "98", "missing_lines": 1, "excluded_lines": 0}, "missing_lines": [16], "excluded_lines": []}}, "classes": {"ConfigError": {"executed_lines": [], "summary": {"covered_lines": 0, "num_statements": 0, "percent_covered": 100.0, "percent_covered_display": "100", "missing_lines": 0, "excluded_lines": 0}, "missing_lines": [], "excluded_lines": []}, "Config": {"executed_lines": [], "summary": {"covered_lines": 0, "num_statements": 48, "percent_covered": 0.0, "percent_covered_display": "0", "missing_lines": 48, "excluded_lines": 0}, "missing_lines": [66, 67, 70, 71, 72, 74, 75, 76, 77, 78, 81, 82, 83, 89, 90, 91, 92, 93, 94, 95, 96, 100, 101, 103, 104, 109, 133, 134, 135, 139, 140, 141, 142, 154, 160, 161, 162, 166, 177, 178, 179, 181, 182, 183, 195, 196, 197, 199], "excluded_lines": []}, "": {"executed_lines": [1, 3, 4, 5, 6, 7, 9, 10, 13, 14, 15, 19, 20, 21, 24, 25, 28, 29, 30, 43, 44, 45, 46, 47, 48, 49, 50, 51, 52, 53, 54, 55, 56, 57, 58, 59, 60, 61, 62, 64, 65, 131, 137, 144, 145, 168, 185, 186], "summary": {"covered_lines": 46, "num_statements": 47, "percent_covered": 97.87234042553192, "percent_covered_display": "98", "missing_lines": 1, "excluded_lines": 0}, "missing_lines": [16], "excluded_lines": []}}}, "actions-runner\\_work\\echoes\\echoes\\minicon\\download_cache.py": {"executed_lines": [1, 8, 9, 10, 11, 12, 13, 15, 18, 19, 29, 36, 37, 45, 47, 49, 50, 70, 79, 80, 96, 101, 106, 111, 123, 134, 138, 142, 157, 160], "summary": {"covered_lines": 28, "num_statements": 73, "percent_covered": 38.35616438356164, "percent_covered_display": "38", "missing_lines": 45, "excluded_lines": 0}, "missing_lines": [51, 52, 54, 55, 56, 57, 58, 59, 61, 72, 73, 74, 75, 76, 77, 83, 84, 86, 87, 88, 89, 90, 91, 94, 98, 99, 103, 104, 108, 109, 113, 114, 119, 120, 121, 125, 126, 131, 132, 136, 140, 144, 152, 153, 162], "excluded_lines": [], "functions": {"DownloadCache.__init__": {"executed_lines": [36, 37, 45], "summary": {"covered_lines": 3, "num_statements": 3, "percent_covered": 100.0, "percent_covered_display": "100", "missing_lines": 0, "excluded_lines": 0}, "missing_lines": [], "excluded_lines": []}, "DownloadCache._load_cache": {"executed_lines": [49, 50], "summary": {"covered_lines": 2, "num_statements": 11, "percent_covered": 18.181818181818183, "percent_covered_display": "18", "missing_lines": 9, "excluded_lines": 0}, "missing_lines": [51, 52, 54, 55, 56, 57, 58, 59, 61], "excluded_lines": []}, "DownloadCache._save_cache": {"executed_lines": [], "summary": {"covered_lines": 0, "num_statements": 6, "percent_covered": 0.0, "percent_covered_display": "0", "missing_lines": 6, "excluded_lines": 0}, "missing_lines": [72, 73, 74, 75, 76, 77], "excluded_lines": []}, "DownloadCache._get_video_id": {"executed_lines": [], "summary": {"covered_lines": 0, "num_statements": 9, "percent_covered": 0.0, "percent_covered_display": "0", "missing_lines": 9, "excluded_lines": 0}, "missing_lines": [83, 84, 86, 87, 88, 89, 90, 91, 94], "excluded_lines": []}, "DownloadCache.is_downloaded": {"executed_lines": [], "summary": {"covered_lines": 0, "num_statements": 2, "percent_covered": 0.0, "percent_covered_display": "0", "missing_lines": 2, "excluded_lines": 0}, "missing_lines": [98, 99], "excluded_lines": []}, "DownloadCache.is_transcribed": {"executed_lines": [], "summary": {"covered_lines": 0, "num_statements": 2, "percent_covered": 0.0, "percent_covered_display": "0", "missing_lines": 2, "excluded_lines": 0}, "missing_lines": [103, 104], "excluded_lines": []}, "DownloadCache.get_file_path": {"executed_lines": [], "summary": {"covered_lines": 0, "num_statements": 2, "percent_covered": 0.0, "percent_covered_display": "0", "missing_lines": 2, "excluded_lines": 0}, "missing_lines": [108, 109], "excluded_lines": []}, "DownloadCache.mark_downloaded": {"executed_lines": [], "summary": {"covered_lines": 0, "num_statements": 5, "percent_covered": 0.0, "percent_covered_display": "0", "missing_lines": 5, "excluded_lines": 0}, "missing_lines": [113, 114, 119, 120, 121], "excluded_lines": []}, "DownloadCache.mark_transcribed": {"executed_lines": [], "summary": {"covered_lines": 0, "num_statements": 4, "percent_covered": 0.0, "percent_covered_display": "0", "missing_lines": 4, "excluded_lines": 0}, "missing_lines": [125, 126, 131, 132], "excluded_lines": []}, "DownloadCache.get_downloaded_videos": {"executed_lines": [], "summary": {"covered_lines": 0, "num_statements": 1, "percent_covered": 0.0, "percent_covered_display": "0", "missing_lines": 1, "excluded_lines": 0}, "missing_lines": [136], "excluded_lines": []}, "DownloadCache.get_transcribed_videos": {"executed_lines": [], "summary": {"covered_lines": 0, "num_statements": 1, "percent_covered": 0.0, "percent_covered_display": "0", "missing_lines": 1, "excluded_lines": 0}, "missing_lines": [140], "excluded_lines": []}, "DownloadCache.clear": {"executed_lines": [], "summary": {"covered_lines": 0, "num_statements": 3, "percent_covered": 0.0, "percent_covered_display": "0", "missing_lines": 3, "excluded_lines": 0}, "missing_lines": [144, 152, 153], "excluded_lines": []}, "get_download_cache": {"executed_lines": [], "summary": {"covered_lines": 0, "num_statements": 1, "percent_covered": 0.0, "percent_covered_display": "0", "missing_lines": 1, "excluded_lines": 0}, "missing_lines": [162], "excluded_lines": []}, "": {"executed_lines": [1, 8, 9, 10, 11, 12, 13, 15, 18, 19, 29, 47, 70, 79, 80, 96, 101, 106, 111, 123, 134, 138, 142, 157, 160], "summary": {"covered_lines": 23, "num_statements": 23, "percent_covered": 100.0, "percent_covered_display": "100", "missing_lines": 0, "excluded_lines": 0}, "missing_lines": [], "excluded_lines": []}}, "classes": {"DownloadCache": {"executed_lines": [36, 37, 45, 49, 50], "summary": {"covered_lines": 5, "num_statements": 49, "percent_covered": 10.204081632653061, "percent_covered_display": "10", "missing_lines": 44, "excluded_lines": 0}, "missing_lines": [51, 52, 54, 55, 56, 57, 58, 59, 61, 72, 73, 74, 75, 76, 77, 83, 84, 86, 87, 88, 89, 90, 91, 94, 98, 99, 103, 104, 108, 109, 113, 114, 119, 120, 121, 125, 126, 131, 132, 136, 140, 144, 152, 153], "excluded_lines": []}, "": {"executed_lines": [1, 8, 9, 10, 11, 12, 13, 15, 18, 19, 29, 47, 70, 79, 80, 96, 101, 106, 111, 123, 134, 138, 142, 157, 160], "summary": {"covered_lines": 23, "num_statements": 24, "percent_covered": 95.83333333333333, "percent_covered_display": "96", "missing_lines": 1, "excluded_lines": 0}, "missing_lines": [162], "excluded_lines": []}}}, "actions-runner\\_work\\echoes\\echoes\\minicon\\pipeline.py": {"executed_lines": [1, 16, 18, 19, 20, 21, 22, 24, 26, 27, 28, 34, 35, 36, 37, 38, 44, 45, 48, 49, 52, 53, 56, 57, 63, 66, 67, 95, 124, 154, 162, 177, 250, 285, 286, 297, 298, 319, 368, 406, 411, 418, 421, 466, 501, 563, 740, 741, 750], "summary": {"covered_lines": 43, "num_statements": 322, "percent_covered": 13.354037267080745, "percent_covered_display": "13", "missing_lines": 279, "excluded_lines": 25}, "missing_lines": [96, 97, 98, 99, 100, 101, 102, 103, 105, 106, 114, 115, 116, 117, 118, 119, 121, 122, 126, 136, 137, 138, 139, 140, 141, 142, 143, 144, 145, 146, 147, 148, 149, 156, 157, 164, 165, 166, 171, 172, 186, 187, 188, 192, 193, 194, 195, 198, 199, 201, 202, 208, 213, 214, 215, 217, 218, 219, 222, 223, 230, 231, 235, 238, 241, 242, 243, 244, 245, 246, 248, 252, 253, 254, 255, 257, 259, 260, 261, 262, 266, 267, 269, 270, 271, 273, 274, 282, 283, 290, 291, 292, 293, 294, 295, 305, 308, 310, 311, 312, 313, 314, 315, 316, 317, 323, 324, 326, 327, 329, 330, 331, 333, 334, 335, 336, 337, 339, 340, 346, 351, 352, 353, 355, 356, 357, 358, 359, 360, 361, 362, 363, 364, 366, 370, 371, 372, 373, 375, 376, 377, 381, 383, 384, 385, 389, 391, 392, 393, 394, 398, 399, 401, 408, 409, 419, 422, 424, 427, 428, 429, 430, 431, 432, 435, 436, 437, 438, 439, 440, 442, 445, 448, 451, 455, 456, 457, 458, 459, 473, 474, 475, 479, 480, 482, 483, 484, 485, 488, 489, 491, 496, 514, 515, 518, 519, 520, 521, 522, 525, 526, 527, 531, 532, 533, 534, 535, 536, 539, 540, 541, 542, 543, 544, 547, 548, 549, 551, 552, 553, 554, 555, 557, 558, 613, 614, 619, 620, 622, 623, 625, 626, 627, 632, 633, 634, 635, 637, 638, 639, 647, 648, 649, 652, 658, 671, 672, 677, 685, 686, 687, 688, 689, 690, 696, 697, 698, 705, 706, 707, 708, 709, 711, 713, 714, 715, 716, 717, 718, 719, 720, 722, 724, 725, 732, 733, 735, 743, 744], "excluded_lines": [107, 108, 109, 167, 168, 169, 226, 227, 277, 278, 279, 280, 341, 342, 343, 344, 460, 461, 659, 660, 661, 668, 669, 699, 700], "functions": {"MiniConPipeline.__init__": {"executed_lines": [], "summary": {"covered_lines": 0, "num_statements": 18, "percent_covered": 0.0, "percent_covered_display": "0", "missing_lines": 18, "excluded_lines": 3}, "missing_lines": [96, 97, 98, 99, 100, 101, 102, 103, 105, 106, 114, 115, 116, 117, 118, 119, 121, 122], "excluded_lines": [107, 108, 109]}, "MiniConPipeline._validate_config": {"executed_lines": [], "summary": {"covered_lines": 0, "num_statements": 15, "percent_covered": 0.0, "percent_covered_display": "0", "missing_lines": 15, "excluded_lines": 0}, "missing_lines": [126, 136, 137, 138, 139, 140, 141, 142, 143, 144, 145, 146, 147, 148, 149], "excluded_lines": []}, "MiniConPipeline._ensure_valid_url": {"executed_lines": [], "summary": {"covered_lines": 0, "num_statements": 2, "percent_covered": 0.0, "percent_covered_display": "0", "missing_lines": 2, "excluded_lines": 0}, "missing_lines": [156, 157], "excluded_lines": []}, "MiniConPipeline._ensure_whisper": {"executed_lines": [], "summary": {"covered_lines": 0, "num_statements": 5, "percent_covered": 0.0, "percent_covered_display": "0", "missing_lines": 5, "excluded_lines": 3}, "missing_lines": [164, 165, 166, 171, 172], "excluded_lines": [167, 168, 169]}, "MiniConPipeline.transcribe": {"executed_lines": [], "summary": {"covered_lines": 0, "num_statements": 31, "percent_covered": 0.0, "percent_covered_display": "0", "missing_lines": 31, "excluded_lines": 2}, "missing_lines": [186, 187, 188, 192, 193, 194, 195, 198, 199, 201, 202, 208, 213, 214, 215, 217, 218, 219, 222, 223, 230, 231, 235, 238, 241, 242, 243, 244, 245, 246, 248], "excluded_lines": [226, 227]}, "MiniConPipeline._ensure_diarizer": {"executed_lines": [], "summary": {"covered_lines": 0, "num_statements": 18, "percent_covered": 0.0, "percent_covered_display": "0", "missing_lines": 18, "excluded_lines": 4}, "missing_lines": [252, 253, 254, 255, 257, 259, 260, 261, 262, 266, 267, 269, 270, 271, 273, 274, 282, 283], "excluded_lines": [277, 278, 279, 280]}, "MiniConPipeline._assign_default_speakers": {"executed_lines": [], "summary": {"covered_lines": 0, "num_statements": 6, "percent_covered": 0.0, "percent_covered_display": "0", "missing_lines": 6, "excluded_lines": 0}, "missing_lines": [290, 291, 292, 293, 294, 295], "excluded_lines": []}, "MiniConPipeline._select_speaker": {"executed_lines": [], "summary": {"covered_lines": 0, "num_statements": 9, "percent_covered": 0.0, "percent_covered_display": "0", "missing_lines": 9, "excluded_lines": 0}, "missing_lines": [305, 310, 311, 312, 313, 314, 315, 316, 317], "excluded_lines": []}, "MiniConPipeline._select_speaker._overlap": {"executed_lines": [], "summary": {"covered_lines": 0, "num_statements": 1, "percent_covered": 0.0, "percent_covered_display": "0", "missing_lines": 1, "excluded_lines": 0}, "missing_lines": [308], "excluded_lines": []}, "MiniConPipeline._perform_diarization": {"executed_lines": [], "summary": {"covered_lines": 0, "num_statements": 29, "percent_covered": 0.0, "percent_covered_display": "0", "missing_lines": 29, "excluded_lines": 4}, "missing_lines": [323, 324, 326, 327, 329, 330, 331, 333, 334, 335, 336, 337, 339, 340, 346, 351, 352, 353, 355, 356, 357, 358, 359, 360, 361, 362, 363, 364, 366], "excluded_lines": [341, 342, 343, 344]}, "MiniConPipeline.enable_diarization": {"executed_lines": [], "summary": {"covered_lines": 0, "num_statements": 19, "percent_covered": 0.0, "percent_covered_display": "0", "missing_lines": 19, "excluded_lines": 0}, "missing_lines": [370, 371, 372, 373, 375, 376, 377, 381, 383, 384, 385, 389, 391, 392, 393, 394, 398, 399, 401], "excluded_lines": []}, "MiniConPipeline.download": {"executed_lines": [], "summary": {"covered_lines": 0, "num_statements": 2, "percent_covered": 0.0, "percent_covered_display": "0", "missing_lines": 2, "excluded_lines": 0}, "missing_lines": [408, 409], "excluded_lines": []}, "MiniConPipeline._download_with_retry": {"executed_lines": [], "summary": {"covered_lines": 0, "num_statements": 1, "percent_covered": 0.0, "percent_covered_display": "0", "missing_lines": 1, "excluded_lines": 0}, "missing_lines": [419], "excluded_lines": []}, "MiniConPipeline._download_once": {"executed_lines": [], "summary": {"covered_lines": 0, "num_statements": 23, "percent_covered": 0.0, "percent_covered_display": "0", "missing_lines": 23, "excluded_lines": 2}, "missing_lines": [422, 424, 427, 428, 429, 430, 431, 432, 435, 436, 437, 438, 439, 440, 442, 445, 448, 451, 455, 456, 457, 458, 459], "excluded_lines": [460, 461]}, "MiniConPipeline.write_report": {"executed_lines": [], "summary": {"covered_lines": 0, "num_statements": 13, "percent_covered": 0.0, "percent_covered_display": "0", "missing_lines": 13, "excluded_lines": 0}, "missing_lines": [473, 474, 475, 479, 480, 482, 483, 484, 485, 488, 489, 491, 496], "excluded_lines": []}, "MiniConPipeline.run_single": {"executed_lines": [], "summary": {"covered_lines": 0, "num_statements": 32, "percent_covered": 0.0, "percent_covered_display": "0", "missing_lines": 32, "excluded_lines": 0}, "missing_lines": [514, 515, 518, 519, 520, 521, 522, 525, 526, 527, 531, 532, 533, 534, 535, 536, 539, 540, 541, 542, 543, 544, 547, 548, 549, 551, 552, 553, 554, 555, 557, 558], "excluded_lines": []}, "MiniConPipeline.run_batch": {"executed_lines": [], "summary": {"covered_lines": 0, "num_statements": 40, "percent_covered": 0.0, "percent_covered_display": "0", "missing_lines": 40, "excluded_lines": 2}, "missing_lines": [613, 614, 619, 620, 622, 623, 625, 626, 627, 632, 677, 685, 686, 687, 688, 689, 690, 696, 697, 698, 705, 706, 707, 708, 709, 711, 713, 714, 715, 716, 717, 718, 719, 720, 722, 724, 725, 732, 733, 735], "excluded_lines": [699, 700]}, "MiniConPipeline.run_batch._process_one": {"executed_lines": [], "summary": {"covered_lines": 0, "num_statements": 13, "percent_covered": 0.0, "percent_covered_display": "0", "missing_lines": 13, "excluded_lines": 5}, "missing_lines": [633, 634, 635, 637, 638, 639, 647, 648, 649, 652, 658, 671, 672], "excluded_lines": [659, 660, 661, 668, 669]}, "MiniConPipeline._rate_limit": {"executed_lines": [], "summary": {"covered_lines": 0, "num_statements": 2, "percent_covered": 0.0, "percent_covered_display": "0", "missing_lines": 2, "excluded_lines": 0}, "missing_lines": [743, 744], "excluded_lines": []}, "": {"executed_lines": [1, 16, 18, 19, 20, 21, 22, 24, 26, 27, 28, 34, 35, 36, 37, 38, 44, 45, 48, 49, 52, 53, 56, 57, 63, 66, 67, 95, 124, 154, 162, 177, 250, 285, 286, 297, 298, 319, 368, 406, 411, 418, 421, 466, 501, 563, 740, 741, 750], "summary": {"covered_lines": 43, "num_statements": 43, "percent_covered": 100.0, "percent_covered_display": "100", "missing_lines": 0, "excluded_lines": 0}, "missing_lines": [], "excluded_lines": []}}, "classes": {"WhisperResult": {"executed_lines": [], "summary": {"covered_lines": 0, "num_statements": 0, "percent_covered": 100.0, "percent_covered_display": "100", "missing_lines": 0, "excluded_lines": 0}, "missing_lines": [], "excluded_lines": []}, "MiniConError": {"executed_lines": [], "summary": {"covered_lines": 0, "num_statements": 0, "percent_covered": 100.0, "percent_covered_display": "100", "missing_lines": 0, "excluded_lines": 0}, "missing_lines": [], "excluded_lines": []}, "DownloadError": {"executed_lines": [], "summary": {"covered_lines": 0, "num_statements": 0, "percent_covered": 100.0, "percent_covered_display": "100", "missing_lines": 0, "excluded_lines": 0}, "missing_lines": [], "excluded_lines": []}, "TranscriptionError": {"executed_lines": [], "summary": {"covered_lines": 0, "num_statements": 0, "percent_covered": 100.0, "percent_covered_display": "100", "missing_lines": 0, "excluded_lines": 0}, "missing_lines": [], "excluded_lines": []}, "CacheError": {"executed_lines": [], "summary": {"covered_lines": 0, "num_statements": 0, "percent_covered": 100.0, "percent_covered_display": "100", "missing_lines": 0, "excluded_lines": 0}, "missing_lines": [], "excluded_lines": []}, "MiniConPipeline": {"executed_lines": [], "summary": {"covered_lines": 0, "num_statements": 279, "percent_covered": 0.0, "percent_covered_display": "0", "missing_lines": 279, "excluded_lines": 25}, "missing_lines": [96, 97, 98, 99, 100, 101, 102, 103, 105, 106, 114, 115, 116, 117, 118, 119, 121, 122, 126, 136, 137, 138, 139, 140, 141, 142, 143, 144, 145, 146, 147, 148, 149, 156, 157, 164, 165, 166, 171, 172, 186, 187, 188, 192, 193, 194, 195, 198, 199, 201, 202, 208, 213, 214, 215, 217, 218, 219, 222, 223, 230, 231, 235, 238, 241, 242, 243, 244, 245, 246, 248, 252, 253, 254, 255, 257, 259, 260, 261, 262, 266, 267, 269, 270, 271, 273, 274, 282, 283, 290, 291, 292, 293, 294, 295, 305, 308, 310, 311, 312, 313, 314, 315, 316, 317, 323, 324, 326, 327, 329, 330, 331, 333, 334, 335, 336, 337, 339, 340, 346, 351, 352, 353, 355, 356, 357, 358, 359, 360, 361, 362, 363, 364, 366, 370, 371, 372, 373, 375, 376, 377, 381, 383, 384, 385, 389, 391, 392, 393, 394, 398, 399, 401, 408, 409, 419, 422, 424, 427, 428, 429, 430, 431, 432, 435, 436, 437, 438, 439, 440, 442, 445, 448, 451, 455, 456, 457, 458, 459, 473, 474, 475, 479, 480, 482, 483, 484, 485, 488, 489, 491, 496, 514, 515, 518, 519, 520, 521, 522, 525, 526, 527, 531, 532, 533, 534, 535, 536, 539, 540, 541, 542, 543, 544, 547, 548, 549, 551, 552, 553, 554, 555, 557, 558, 613, 614, 619, 620, 622, 623, 625, 626, 627, 632, 633, 634, 635, 637, 638, 639, 647, 648, 649, 652, 658, 671, 672, 677, 685, 686, 687, 688, 689, 690, 696, 697, 698, 705, 706, 707, 708, 709, 711, 713, 714, 715, 716, 717, 718, 719, 720, 722, 724, 725, 732, 733, 735, 743, 744], "excluded_lines": [107, 108, 109, 167, 168, 169, 226, 227, 277, 278, 279, 280, 341, 342, 343, 344, 460, 461, 659, 660, 661, 668, 669, 699, 700]}, "": {"executed_lines": [1, 16, 18, 19, 20, 21, 22, 24, 26, 27, 28, 34, 35, 36, 37, 38, 44, 45, 48, 49, 52, 53, 56, 57, 63, 66, 67, 95, 124, 154, 162, 177, 250, 285, 286, 297, 298, 319, 368, 406, 411, 418, 421, 466, 501, 563, 740, 741, 750], "summary": {"covered_lines": 43, "num_statements": 43, "percent_covered": 100.0, "percent_covered_display": "100", "missing_lines": 0, "excluded_lines": 0}, "missing_lines": [], "excluded_lines": []}}}, "actions-runner\\_work\\echoes\\echoes\\minicon\\test_openai.py": {"executed_lines": [2, 8, 9, 10, 12, 15, 21, 22, 26, 27, 29, 32, 66], "summary": {"covered_lines": 12, "num_statements": 33, "percent_covered": 36.36363636363637, "percent_covered_display": "36", "missing_lines": 21, "excluded_lines": 0}, "missing_lines": [23, 34, 37, 40, 41, 42, 43, 44, 45, 48, 49, 51, 52, 53, 54, 55, 56, 60, 61, 63, 67], "excluded_lines": [], "functions": {"test_openai_integration": {"executed_lines": [], "summary": {"covered_lines": 0, "num_statements": 19, "percent_covered": 0.0, "percent_covered_display": "0", "missing_lines": 19, "excluded_lines": 0}, "missing_lines": [34, 37, 40, 41, 42, 43, 44, 45, 48, 49, 51, 52, 53, 54, 55, 56, 60, 61, 63], "excluded_lines": []}, "": {"executed_lines": [2, 8, 9, 10, 12, 15, 21, 22, 26, 27, 29, 32, 66], "summary": {"covered_lines": 12, "num_statements": 14, "percent_covered": 85.71428571428571, "percent_covered_display": "86", "missing_lines": 2, "excluded_lines": 0}, "missing_lines": [23, 67], "excluded_lines": []}}, "classes": {"": {"executed_lines": [2, 8, 9, 10, 12, 15, 21, 22, 26, 27, 29, 32, 66], "summary": {"covered_lines": 12, "num_statements": 33, "percent_covered": 36.36363636363637, "percent_covered_display": "36", "missing_lines": 21, "excluded_lines": 0}, "missing_lines": [23, 34, 37, 40, 41, 42, 43, 44, 45, 48, 49, 51, 52, 53, 54, 55, 56, 60, 61, 63, 67], "excluded_lines": []}}}, "actions-runner\\_work\\echoes\\echoes\\minicon\\utils.py": {"executed_lines": [1, 3, 4, 5, 6, 7, 8, 9, 10, 12, 15, 28, 38, 40, 41, 42, 57, 59, 62, 63, 102], "summary": {"covered_lines": 21, "num_statements": 67, "percent_covered": 31.34328358208955, "percent_covered_display": "31", "missing_lines": 46, "excluded_lines": 2}, "missing_lines": [17, 18, 19, 20, 21, 22, 23, 24, 25, 43, 44, 45, 46, 47, 48, 49, 50, 51, 52, 53, 54, 55, 66, 67, 68, 70, 71, 72, 74, 75, 77, 78, 83, 84, 85, 86, 88, 89, 91, 92, 93, 94, 96, 97, 98, 99], "excluded_lines": [80, 81], "functions": {"is_valid_youtube_url": {"executed_lines": [], "summary": {"covered_lines": 0, "num_statements": 9, "percent_covered": 0.0, "percent_covered_display": "0", "missing_lines": 9, "excluded_lines": 0}, "missing_lines": [17, 18, 19, 20, 21, 22, 23, 24, 25], "excluded_lines": []}, "retry": {"executed_lines": [38, 40, 41, 59], "summary": {"covered_lines": 4, "num_statements": 4, "percent_covered": 100.0, "percent_covered_display": "100", "missing_lines": 0, "excluded_lines": 0}, "missing_lines": [], "excluded_lines": []}, "retry.decorator": {"executed_lines": [42, 57], "summary": {"covered_lines": 2, "num_statements": 2, "percent_covered": 100.0, "percent_covered_display": "100", "missing_lines": 0, "excluded_lines": 0}, "missing_lines": [], "excluded_lines": []}, "retry.decorator.wrapper": {"executed_lines": [], "summary": {"covered_lines": 0, "num_statements": 13, "percent_covered": 0.0, "percent_covered_display": "0", "missing_lines": 13, "excluded_lines": 0}, "missing_lines": [43, 44, 45, 46, 47, 48, 49, 50, 51, 52, 53, 54, 55], "excluded_lines": []}, "timeout": {"executed_lines": [], "summary": {"covered_lines": 0, "num_statements": 23, "percent_covered": 0.0, "percent_covered_display": "0", "missing_lines": 23, "excluded_lines": 1}, "missing_lines": [66, 67, 68, 70, 71, 72, 74, 77, 78, 83, 84, 85, 86, 88, 89, 91, 92, 93, 94, 96, 97, 98, 99], "excluded_lines": [80]}, "timeout._raise_timeout": {"executed_lines": [], "summary": {"covered_lines": 0, "num_statements": 1, "percent_covered": 0.0, "percent_covered_display": "0", "missing_lines": 1, "excluded_lines": 0}, "missing_lines": [75], "excluded_lines": []}, "timeout._handle_alarm": {"executed_lines": [], "summary": {"covered_lines": 0, "num_statements": 0, "percent_covered": 100.0, "percent_covered_display": "100", "missing_lines": 0, "excluded_lines": 1}, "missing_lines": [], "excluded_lines": [81]}, "": {"executed_lines": [1, 3, 4, 5, 6, 7, 8, 9, 10, 12, 15, 28, 62, 63, 102], "summary": {"covered_lines": 15, "num_statements": 15, "percent_covered": 100.0, "percent_covered_display": "100", "missing_lines": 0, "excluded_lines": 0}, "missing_lines": [], "excluded_lines": []}}, "classes": {"": {"executed_lines": [1, 3, 4, 5, 6, 7, 8, 9, 10, 12, 15, 28, 38, 40, 41, 42, 57, 59, 62, 63, 102], "summary": {"covered_lines": 21, "num_statements": 67, "percent_covered": 31.34328358208955, "percent_covered_display": "31", "missing_lines": 46, "excluded_lines": 2}, "missing_lines": [17, 18, 19, 20, 21, 22, 23, 24, 25, 43, 44, 45, 46, 47, 48, 49, 50, 51, 52, 53, 54, 55, 66, 67, 68, 70, 71, 72, 74, 75, 77, 78, 83, 84, 85, 86, 88, 89, 91, 92, 93, 94, 96, 97, 98, 99], "excluded_lines": [80, 81]}}}, "actions-runner\\_work\\echoes\\echoes\\prompting\\__init__.py": {"executed_lines": [2, 3, 4, 5, 6, 7, 8, 9, 10, 12], "summary": {"covered_lines": 10, "num_statements": 10, "percent_covered": 100.0, "percent_covered_display": "100", "missing_lines": 0, "excluded_lines": 0}, "missing_lines": [], "excluded_lines": [], "functions": {"": {"executed_lines": [2, 3, 4, 5, 6, 7, 8, 9, 10, 12], "summary": {"covered_lines": 10, "num_statements": 10, "percent_covered": 100.0, "percent_covered_display": "100", "missing_lines": 0, "excluded_lines": 0}, "missing_lines": [], "excluded_lines": []}}, "classes": {"": {"executed_lines": [2, 3, 4, 5, 6, 7, 8, 9, 10, 12], "summary": {"covered_lines": 10, "num_statements": 10, "percent_covered": 100.0, "percent_covered_display": "100", "missing_lines": 0, "excluded_lines": 0}, "missing_lines": [], "excluded_lines": []}}}, "actions-runner\\_work\\echoes\\echoes\\prompting\\core\\__init__.py": {"executed_lines": [0], "summary": {"covered_lines": 0, "num_statements": 0, "percent_covered": 100.0, "percent_covered_display": "100", "missing_lines": 0, "excluded_lines": 0}, "missing_lines": [], "excluded_lines": [], "functions": {"": {"executed_lines": [], "summary": {"covered_lines": 0, "num_statements": 0, "percent_covered": 100.0, "percent_covered_display": "100", "missing_lines": 0, "excluded_lines": 0}, "missing_lines": [], "excluded_lines": []}}, "classes": {"": {"executed_lines": [], "summary": {"covered_lines": 0, "num_statements": 0, "percent_covered": 100.0, "percent_covered_display": "100", "missing_lines": 0, "excluded_lines": 0}, "missing_lines": [], "excluded_lines": []}}}, "actions-runner\\_work\\echoes\\echoes\\prompting\\core\\context_manager.py": {"executed_lines": [1, 5, 6, 7, 8, 9, 12, 13, 15, 16, 17, 20, 33, 36, 38, 40, 42, 50, 54, 70, 109, 121, 179, 187, 192, 194, 196, 203, 211, 221, 239, 258, 263], "summary": {"covered_lines": 31, "num_statements": 110, "percent_covered": 28.181818181818183, "percent_covered_display": "28", "missing_lines": 79, "excluded_lines": 0}, "missing_lines": [44, 45, 48, 52, 56, 62, 65, 66, 72, 80, 81, 89, 90, 97, 98, 107, 111, 113, 114, 115, 118, 119, 123, 133, 134, 136, 143, 144, 145, 147, 148, 149, 151, 152, 155, 156, 159, 160, 161, 167, 170, 171, 172, 174, 175, 177, 181, 182, 183, 184, 185, 190, 197, 198, 199, 200, 201, 213, 215, 216, 217, 218, 219, 225, 233, 236, 237, 244, 245, 247, 248, 249, 251, 252, 255, 256, 260, 261, 265], "excluded_lines": [], "functions": {"ContextManager.__init__": {"executed_lines": [16, 17, 20, 33, 36], "summary": {"covered_lines": 5, "num_statements": 5, "percent_covered": 100.0, "percent_covered_display": "100", "missing_lines": 0, "excluded_lines": 0}, "missing_lines": [], "excluded_lines": []}, "ContextManager._generate_session_id": {"executed_lines": [40], "summary": {"covered_lines": 1, "num_statements": 1, "percent_covered": 100.0, "percent_covered_display": "100", "missing_lines": 0, "excluded_lines": 0}, "missing_lines": [], "excluded_lines": []}, "ContextManager.set_project_context": {"executed_lines": [], "summary": {"covered_lines": 0, "num_statements": 3, "percent_covered": 0.0, "percent_covered_display": "0", "missing_lines": 3, "excluded_lines": 0}, "missing_lines": [44, 45, 48], "excluded_lines": []}, "ContextManager.set_current_file": {"executed_lines": [], "summary": {"covered_lines": 0, "num_statements": 1, "percent_covered": 0.0, "percent_covered_display": "0", "missing_lines": 1, "excluded_lines": 0}, "missing_lines": [52], "excluded_lines": []}, "ContextManager.add_conversation_entry": {"executed_lines": [], "summary": {"covered_lines": 0, "num_statements": 4, "percent_covered": 0.0, "percent_covered_display": "0", "missing_lines": 4, "excluded_lines": 0}, "missing_lines": [56, 62, 65, 66], "excluded_lines": []}, "ContextManager.get_context_for_mode": {"executed_lines": [], "summary": {"covered_lines": 0, "num_statements": 8, "percent_covered": 0.0, "percent_covered_display": "0", "missing_lines": 8, "excluded_lines": 0}, "missing_lines": [72, 80, 81, 89, 90, 97, 98, 107], "excluded_lines": []}, "ContextManager._load_codebase_metadata": {"executed_lines": [], "summary": {"covered_lines": 0, "num_statements": 6, "percent_covered": 0.0, "percent_covered_display": "0", "missing_lines": 6, "excluded_lines": 0}, "missing_lines": [111, 113, 114, 115, 118, 119], "excluded_lines": []}, "ContextManager._analyze_codebase": {"executed_lines": [], "summary": {"covered_lines": 0, "num_statements": 24, "percent_covered": 0.0, "percent_covered_display": "0", "missing_lines": 24, "excluded_lines": 0}, "missing_lines": [123, 133, 134, 136, 143, 144, 145, 147, 148, 149, 151, 152, 155, 156, 159, 160, 161, 167, 170, 171, 172, 174, 175, 177], "excluded_lines": []}, "ContextManager._save_codebase_metadata": {"executed_lines": [], "summary": {"covered_lines": 0, "num_statements": 5, "percent_covered": 0.0, "percent_covered_display": "0", "missing_lines": 5, "excluded_lines": 0}, "missing_lines": [181, 182, 183, 184, 185], "excluded_lines": []}, "ContextManager._get_recent_files": {"executed_lines": [], "summary": {"covered_lines": 0, "num_statements": 1, "percent_covered": 0.0, "percent_covered_display": "0", "missing_lines": 1, "excluded_lines": 0}, "missing_lines": [190], "excluded_lines": []}, "ContextManager._load_memory": {"executed_lines": [194, 196, 203], "summary": {"covered_lines": 3, "num_statements": 8, "percent_covered": 37.5, "percent_covered_display": "38", "missing_lines": 5, "excluded_lines": 0}, "missing_lines": [197, 198, 199, 200, 201], "excluded_lines": []}, "ContextManager.save_memory": {"executed_lines": [], "summary": {"covered_lines": 0, "num_statements": 6, "percent_covered": 0.0, "percent_covered_display": "0", "missing_lines": 6, "excluded_lines": 0}, "missing_lines": [213, 215, 216, 217, 218, 219], "excluded_lines": []}, "ContextManager.add_insight": {"executed_lines": [], "summary": {"covered_lines": 0, "num_statements": 4, "percent_covered": 0.0, "percent_covered_display": "0", "missing_lines": 4, "excluded_lines": 0}, "missing_lines": [225, 233, 236, 237], "excluded_lines": []}, "ContextManager.get_relevant_insights": {"executed_lines": [], "summary": {"covered_lines": 0, "num_statements": 9, "percent_covered": 0.0, "percent_covered_display": "0", "missing_lines": 9, "excluded_lines": 0}, "missing_lines": [244, 245, 247, 248, 249, 251, 252, 255, 256], "excluded_lines": []}, "ContextManager.update_user_preference": {"executed_lines": [], "summary": {"covered_lines": 0, "num_statements": 2, "percent_covered": 0.0, "percent_covered_display": "0", "missing_lines": 2, "excluded_lines": 0}, "missing_lines": [260, 261], "excluded_lines": []}, "ContextManager.get_session_summary": {"executed_lines": [], "summary": {"covered_lines": 0, "num_statements": 1, "percent_covered": 0.0, "percent_covered_display": "0", "missing_lines": 1, "excluded_lines": 0}, "missing_lines": [265], "excluded_lines": []}, "": {"executed_lines": [1, 5, 6, 7, 8, 9, 12, 13, 15, 38, 42, 50, 54, 70, 109, 121, 179, 187, 192, 211, 221, 239, 258, 263], "summary": {"covered_lines": 22, "num_statements": 22, "percent_covered": 100.0, "percent_covered_display": "100", "missing_lines": 0, "excluded_lines": 0}, "missing_lines": [], "excluded_lines": []}}, "classes": {"ContextManager": {"executed_lines": [16, 17, 20, 33, 36, 40, 194, 196, 203], "summary": {"covered_lines": 9, "num_statements": 88, "percent_covered": 10.227272727272727, "percent_covered_display": "10", "missing_lines": 79, "excluded_lines": 0}, "missing_lines": [44, 45, 48, 52, 56, 62, 65, 66, 72, 80, 81, 89, 90, 97, 98, 107, 111, 113, 114, 115, 118, 119, 123, 133, 134, 136, 143, 144, 145, 147, 148, 149, 151, 152, 155, 156, 159, 160, 161, 167, 170, 171, 172, 174, 175, 177, 181, 182, 183, 184, 185, 190, 197, 198, 199, 200, 201, 213, 215, 216, 217, 218, 219, 225, 233, 236, 237, 244, 245, 247, 248, 249, 251, 252, 255, 256, 260, 261, 265], "excluded_lines": []}, "": {"executed_lines": [1, 5, 6, 7, 8, 9, 12, 13, 15, 38, 42, 50, 54, 70, 109, 121, 179, 187, 192, 211, 221, 239, 258, 263], "summary": {"covered_lines": 22, "num_statements": 22, "percent_covered": 100.0, "percent_covered_display": "100", "missing_lines": 0, "excluded_lines": 0}, "missing_lines": [], "excluded_lines": []}}}, "actions-runner\\_work\\echoes\\echoes\\prompting\\core\\data_integration.py": {"executed_lines": [1, 5, 6, 7, 10, 11, 13, 14, 15, 16, 17, 18, 21, 22, 24, 25, 48, 55, 112, 133, 175, 208, 228], "summary": {"covered_lines": 20, "num_statements": 72, "percent_covered": 27.77777777777778, "percent_covered_display": "28", "missing_lines": 52, "excluded_lines": 0}, "missing_lines": [69, 72, 73, 74, 75, 76, 79, 82, 94, 95, 96, 97, 102, 104, 105, 108, 110, 116, 119, 122, 123, 124, 125, 126, 127, 128, 129, 131, 138, 141, 144, 164, 179, 181, 201, 210, 211, 212, 213, 214, 224, 226, 230, 232, 235, 236, 237, 238, 239, 240, 241, 243], "excluded_lines": [], "functions": {"DataSource.__init__": {"executed_lines": [14, 15, 16, 17, 18], "summary": {"covered_lines": 5, "num_statements": 5, "percent_covered": 100.0, "percent_covered_display": "100", "missing_lines": 0, "excluded_lines": 0}, "missing_lines": [], "excluded_lines": []}, "DataIntegrationUnit.__init__": {"executed_lines": [25, 48], "summary": {"covered_lines": 2, "num_statements": 2, "percent_covered": 100.0, "percent_covered_display": "100", "missing_lines": 0, "excluded_lines": 0}, "missing_lines": [], "excluded_lines": []}, "DataIntegrationUnit.gather_data": {"executed_lines": [], "summary": {"covered_lines": 0, "num_statements": 17, "percent_covered": 0.0, "percent_covered_display": "0", "missing_lines": 17, "excluded_lines": 0}, "missing_lines": [69, 72, 73, 74, 75, 76, 79, 82, 94, 95, 96, 97, 102, 104, 105, 108, 110], "excluded_lines": []}, "DataIntegrationUnit._search_source": {"executed_lines": [], "summary": {"covered_lines": 0, "num_statements": 11, "percent_covered": 0.0, "percent_covered_display": "0", "missing_lines": 11, "excluded_lines": 0}, "missing_lines": [116, 119, 122, 123, 124, 125, 126, 127, 128, 129, 131], "excluded_lines": []}, "DataIntegrationUnit._search_github": {"executed_lines": [], "summary": {"covered_lines": 0, "num_statements": 4, "percent_covered": 0.0, "percent_covered_display": "0", "missing_lines": 4, "excluded_lines": 0}, "missing_lines": [138, 141, 144, 164], "excluded_lines": []}, "DataIntegrationUnit._search_huggingface": {"executed_lines": [], "summary": {"covered_lines": 0, "num_statements": 3, "percent_covered": 0.0, "percent_covered_display": "0", "missing_lines": 3, "excluded_lines": 0}, "missing_lines": [179, 181, 201], "excluded_lines": []}, "DataIntegrationUnit._extract_language_from_context": {"executed_lines": [], "summary": {"covered_lines": 0, "num_statements": 7, "percent_covered": 0.0, "percent_covered_display": "0", "missing_lines": 7, "excluded_lines": 0}, "missing_lines": [210, 211, 212, 213, 214, 224, 226], "excluded_lines": []}, "DataIntegrationUnit._infer_ml_task": {"executed_lines": [], "summary": {"covered_lines": 0, "num_statements": 10, "percent_covered": 0.0, "percent_covered_display": "0", "missing_lines": 10, "excluded_lines": 0}, "missing_lines": [230, 232, 235, 236, 237, 238, 239, 240, 241, 243], "excluded_lines": []}, "": {"executed_lines": [1, 5, 6, 7, 10, 11, 13, 21, 22, 24, 55, 112, 133, 175, 208, 228], "summary": {"covered_lines": 13, "num_statements": 13, "percent_covered": 100.0, "percent_covered_display": "100", "missing_lines": 0, "excluded_lines": 0}, "missing_lines": [], "excluded_lines": []}}, "classes": {"DataSource": {"executed_lines": [14, 15, 16, 17, 18], "summary": {"covered_lines": 5, "num_statements": 5, "percent_covered": 100.0, "percent_covered_display": "100", "missing_lines": 0, "excluded_lines": 0}, "missing_lines": [], "excluded_lines": []}, "DataIntegrationUnit": {"executed_lines": [25, 48], "summary": {"covered_lines": 2, "num_statements": 54, "percent_covered": 3.7037037037037037, "percent_covered_display": "4", "missing_lines": 52, "excluded_lines": 0}, "missing_lines": [69, 72, 73, 74, 75, 76, 79, 82, 94, 95, 96, 97, 102, 104, 105, 108, 110, 116, 119, 122, 123, 124, 125, 126, 127, 128, 129, 131, 138, 141, 144, 164, 179, 181, 201, 210, 211, 212, 213, 214, 224, 226, 230, 232, 235, 236, 237, 238, 239, 240, 241, 243], "excluded_lines": []}, "": {"executed_lines": [1, 5, 6, 7, 10, 11, 13, 21, 22, 24, 55, 112, 133, 175, 208, 228], "summary": {"covered_lines": 13, "num_statements": 13, "percent_covered": 100.0, "percent_covered_display": "100", "missing_lines": 0, "excluded_lines": 0}, "missing_lines": [], "excluded_lines": []}}}, "actions-runner\\_work\\echoes\\echoes\\prompting\\core\\data_laundry.py": {"executed_lines": [1, 5, 6, 7, 8, 11, 12, 14, 15, 16, 23, 91, 103, 141, 193, 212, 245, 258, 280, 299], "summary": {"covered_lines": 18, "num_statements": 152, "percent_covered": 11.842105263157896, "percent_covered_display": "12", "missing_lines": 134, "excluded_lines": 0}, "missing_lines": [36, 49, 50, 51, 53, 54, 55, 56, 59, 60, 61, 62, 63, 66, 67, 68, 69, 70, 73, 74, 75, 77, 78, 79, 81, 82, 89, 94, 95, 97, 98, 99, 101, 105, 108, 109, 110, 111, 112, 113, 116, 117, 120, 121, 122, 123, 124, 125, 126, 127, 130, 131, 132, 133, 134, 136, 137, 139, 143, 150, 151, 152, 153, 156, 157, 158, 159, 160, 161, 162, 163, 166, 167, 170, 171, 172, 173, 176, 177, 178, 179, 180, 181, 182, 183, 184, 185, 188, 189, 191, 195, 196, 199, 202, 205, 208, 210, 225, 228, 229, 231, 232, 235, 236, 241, 243, 248, 250, 251, 253, 254, 256, 262, 265, 266, 267, 268, 269, 271, 274, 275, 276, 278, 282, 284, 285, 288, 291, 293, 294, 295, 297, 301, 307], "excluded_lines": [], "functions": {"DataLaundry.__init__": {"executed_lines": [15, 16], "summary": {"covered_lines": 2, "num_statements": 2, "percent_covered": 100.0, "percent_covered_display": "100", "missing_lines": 0, "excluded_lines": 0}, "missing_lines": [], "excluded_lines": []}, "DataLaundry.clean_and_filter": {"executed_lines": [], "summary": {"covered_lines": 0, "num_statements": 27, "percent_covered": 0.0, "percent_covered_display": "0", "missing_lines": 27, "excluded_lines": 0}, "missing_lines": [36, 49, 50, 51, 53, 54, 55, 56, 59, 60, 61, 62, 63, 66, 67, 68, 69, 70, 73, 74, 75, 77, 78, 79, 81, 82, 89], "excluded_lines": []}, "DataLaundry._compute_hash": {"executed_lines": [], "summary": {"covered_lines": 0, "num_statements": 6, "percent_covered": 0.0, "percent_covered_display": "0", "missing_lines": 6, "excluded_lines": 0}, "missing_lines": [94, 95, 97, 98, 99, 101], "excluded_lines": []}, "DataLaundry._assess_quality": {"executed_lines": [], "summary": {"covered_lines": 0, "num_statements": 25, "percent_covered": 0.0, "percent_covered_display": "0", "missing_lines": 25, "excluded_lines": 0}, "missing_lines": [105, 108, 109, 110, 111, 112, 113, 116, 117, 120, 121, 122, 123, 124, 125, 126, 127, 130, 131, 132, 133, 134, 136, 137, 139], "excluded_lines": []}, "DataLaundry._normalize_item": {"executed_lines": [], "summary": {"covered_lines": 0, "num_statements": 32, "percent_covered": 0.0, "percent_covered_display": "0", "missing_lines": 32, "excluded_lines": 0}, "missing_lines": [143, 150, 151, 152, 153, 156, 157, 158, 159, 160, 161, 162, 163, 166, 167, 170, 171, 172, 173, 176, 177, 178, 179, 180, 181, 182, 183, 184, 185, 188, 189, 191], "excluded_lines": []}, "DataLaundry._clean_text": {"executed_lines": [], "summary": {"covered_lines": 0, "num_statements": 7, "percent_covered": 0.0, "percent_covered_display": "0", "missing_lines": 7, "excluded_lines": 0}, "missing_lines": [195, 196, 199, 202, 205, 208, 210], "excluded_lines": []}, "DataLaundry.align_vocabulary": {"executed_lines": [], "summary": {"covered_lines": 0, "num_statements": 9, "percent_covered": 0.0, "percent_covered_display": "0", "missing_lines": 9, "excluded_lines": 0}, "missing_lines": [225, 228, 229, 231, 232, 235, 236, 241, 243], "excluded_lines": []}, "DataLaundry._align_text": {"executed_lines": [], "summary": {"covered_lines": 0, "num_statements": 6, "percent_covered": 0.0, "percent_covered_display": "0", "missing_lines": 6, "excluded_lines": 0}, "missing_lines": [248, 250, 251, 253, 254, 256], "excluded_lines": []}, "DataLaundry._extract_domain_tags": {"executed_lines": [], "summary": {"covered_lines": 0, "num_statements": 11, "percent_covered": 0.0, "percent_covered_display": "0", "missing_lines": 11, "excluded_lines": 0}, "missing_lines": [262, 265, 266, 267, 268, 269, 271, 274, 275, 276, 278], "excluded_lines": []}, "DataLaundry.get_cleaning_stats": {"executed_lines": [], "summary": {"covered_lines": 0, "num_statements": 9, "percent_covered": 0.0, "percent_covered_display": "0", "missing_lines": 9, "excluded_lines": 0}, "missing_lines": [282, 284, 285, 288, 291, 293, 294, 295, 297], "excluded_lines": []}, "DataLaundry.reset_stats": {"executed_lines": [], "summary": {"covered_lines": 0, "num_statements": 2, "percent_covered": 0.0, "percent_covered_display": "0", "missing_lines": 2, "excluded_lines": 0}, "missing_lines": [301, 307], "excluded_lines": []}, "": {"executed_lines": [1, 5, 6, 7, 8, 11, 12, 14, 23, 91, 103, 141, 193, 212, 245, 258, 280, 299], "summary": {"covered_lines": 16, "num_statements": 16, "percent_covered": 100.0, "percent_covered_display": "100", "missing_lines": 0, "excluded_lines": 0}, "missing_lines": [], "excluded_lines": []}}, "classes": {"DataLaundry": {"executed_lines": [15, 16], "summary": {"covered_lines": 2, "num_statements": 136, "percent_covered": 1.4705882352941178, "percent_covered_display": "1", "missing_lines": 134, "excluded_lines": 0}, "missing_lines": [36, 49, 50, 51, 53, 54, 55, 56, 59, 60, 61, 62, 63, 66, 67, 68, 69, 70, 73, 74, 75, 77, 78, 79, 81, 82, 89, 94, 95, 97, 98, 99, 101, 105, 108, 109, 110, 111, 112, 113, 116, 117, 120, 121, 122, 123, 124, 125, 126, 127, 130, 131, 132, 133, 134, 136, 137, 139, 143, 150, 151, 152, 153, 156, 157, 158, 159, 160, 161, 162, 163, 166, 167, 170, 171, 172, 173, 176, 177, 178, 179, 180, 181, 182, 183, 184, 185, 188, 189, 191, 195, 196, 199, 202, 205, 208, 210, 225, 228, 229, 231, 232, 235, 236, 241, 243, 248, 250, 251, 253, 254, 256, 262, 265, 266, 267, 268, 269, 271, 274, 275, 276, 278, 282, 284, 285, 288, 291, 293, 294, 295, 297, 301, 307], "excluded_lines": []}, "": {"executed_lines": [1, 5, 6, 7, 8, 11, 12, 14, 23, 91, 103, 141, 193, 212, 245, 258, 280, 299], "summary": {"covered_lines": 16, "num_statements": 16, "percent_covered": 100.0, "percent_covered_display": "100", "missing_lines": 0, "excluded_lines": 0}, "missing_lines": [], "excluded_lines": []}}}, "actions-runner\\_work\\echoes\\echoes\\prompting\\core\\inference_engine.py": {"executed_lines": [1, 5, 6, 7, 8, 10, 12, 15, 26, 27, 28, 29, 30, 31, 34, 35, 37, 38, 87, 88, 96, 131, 165, 181, 199, 217, 234, 252, 270, 304, 326, 348, 358, 373, 388, 403, 420, 428, 452, 468, 479, 502, 515, 547, 555, 579, 587, 600, 613, 626, 630], "summary": {"covered_lines": 49, "num_statements": 258, "percent_covered": 18.992248062015506, "percent_covered_display": "19", "missing_lines": 209, "excluded_lines": 0}, "missing_lines": [16, 17, 18, 19, 20, 21, 22, 23, 107, 108, 111, 114, 117, 119, 135, 138, 139, 148, 149, 150, 159, 160, 163, 167, 176, 177, 179, 183, 192, 193, 194, 195, 197, 202, 205, 211, 212, 213, 215, 219, 225, 226, 228, 229, 230, 232, 236, 245, 246, 247, 248, 250, 254, 263, 264, 265, 267, 268, 277, 284, 285, 287, 288, 294, 295, 296, 297, 298, 300, 302, 311, 313, 314, 315, 316, 317, 318, 319, 320, 321, 322, 324, 330, 350, 360, 375, 390, 407, 415, 416, 418, 422, 423, 425, 426, 430, 432, 433, 434, 435, 436, 437, 438, 439, 440, 441, 442, 443, 444, 446, 458, 459, 464, 466, 472, 473, 474, 476, 477, 482, 490, 492, 493, 495, 496, 497, 498, 499, 500, 504, 505, 506, 507, 510, 511, 513, 518, 519, 521, 522, 523, 525, 526, 531, 532, 534, 535, 537, 538, 539, 540, 542, 543, 545, 548, 549, 550, 551, 552, 553, 556, 557, 559, 567, 568, 569, 570, 571, 572, 573, 574, 576, 577, 580, 581, 582, 583, 584, 585, 589, 590, 591, 592, 593, 594, 595, 596, 598, 602, 603, 604, 605, 606, 607, 608, 609, 611, 615, 616, 617, 618, 619, 620, 621, 622, 624, 628, 632, 639], "excluded_lines": [], "functions": {"_call_llm": {"executed_lines": [], "summary": {"covered_lines": 0, "num_statements": 8, "percent_covered": 0.0, "percent_covered_display": "0", "missing_lines": 8, "excluded_lines": 0}, "missing_lines": [16, 17, 18, 19, 20, 21, 22, 23], "excluded_lines": []}, "InferenceEngine.__init__": {"executed_lines": [38, 87, 88], "summary": {"covered_lines": 3, "num_statements": 3, "percent_covered": 100.0, "percent_covered_display": "100", "missing_lines": 0, "excluded_lines": 0}, "missing_lines": [], "excluded_lines": []}, "InferenceEngine.process_prompt": {"executed_lines": [], "summary": {"covered_lines": 0, "num_statements": 6, "percent_covered": 0.0, "percent_covered_display": "0", "missing_lines": 6, "excluded_lines": 0}, "missing_lines": [107, 108, 111, 114, 117, 119], "excluded_lines": []}, "InferenceEngine._build_reasoning_chain": {"executed_lines": [], "summary": {"covered_lines": 0, "num_statements": 9, "percent_covered": 0.0, "percent_covered_display": "0", "missing_lines": 9, "excluded_lines": 0}, "missing_lines": [135, 138, 139, 148, 149, 150, 159, 160, 163], "excluded_lines": []}, "InferenceEngine._analyze_prompt": {"executed_lines": [], "summary": {"covered_lines": 0, "num_statements": 4, "percent_covered": 0.0, "percent_covered_display": "0", "missing_lines": 4, "excluded_lines": 0}, "missing_lines": [167, 176, 177, 179], "excluded_lines": []}, "InferenceEngine._extract_intent": {"executed_lines": [], "summary": {"covered_lines": 0, "num_statements": 6, "percent_covered": 0.0, "percent_covered_display": "0", "missing_lines": 6, "excluded_lines": 0}, "missing_lines": [183, 192, 193, 194, 195, 197], "excluded_lines": []}, "InferenceEngine._extract_entities": {"executed_lines": [], "summary": {"covered_lines": 0, "num_statements": 6, "percent_covered": 0.0, "percent_covered_display": "0", "missing_lines": 6, "excluded_lines": 0}, "missing_lines": [202, 205, 211, 212, 213, 215], "excluded_lines": []}, "InferenceEngine._assess_complexity": {"executed_lines": [], "summary": {"covered_lines": 0, "num_statements": 7, "percent_covered": 0.0, "percent_covered_display": "0", "missing_lines": 7, "excluded_lines": 0}, "missing_lines": [219, 225, 226, 228, 229, 230, 232], "excluded_lines": []}, "InferenceEngine._identify_domain": {"executed_lines": [], "summary": {"covered_lines": 0, "num_statements": 6, "percent_covered": 0.0, "percent_covered_display": "0", "missing_lines": 6, "excluded_lines": 0}, "missing_lines": [236, 245, 246, 247, 248, 250], "excluded_lines": []}, "InferenceEngine._check_focus_alignment": {"executed_lines": [], "summary": {"covered_lines": 0, "num_statements": 6, "percent_covered": 0.0, "percent_covered_display": "0", "missing_lines": 6, "excluded_lines": 0}, "missing_lines": [254, 263, 264, 265, 267, 268], "excluded_lines": []}, "InferenceEngine._integrate_context": {"executed_lines": [], "summary": {"covered_lines": 0, "num_statements": 12, "percent_covered": 0.0, "percent_covered_display": "0", "missing_lines": 12, "excluded_lines": 0}, "missing_lines": [277, 284, 285, 287, 288, 294, 295, 296, 297, 298, 300, 302], "excluded_lines": []}, "InferenceEngine._generate_reasoning_steps": {"executed_lines": [], "summary": {"covered_lines": 0, "num_statements": 12, "percent_covered": 0.0, "percent_covered_display": "0", "missing_lines": 12, "excluded_lines": 0}, "missing_lines": [311, 313, 314, 315, 316, 317, 318, 319, 320, 321, 322, 324], "excluded_lines": []}, "InferenceEngine._generate_step_by_step_reasoning": {"executed_lines": [], "summary": {"covered_lines": 0, "num_statements": 1, "percent_covered": 0.0, "percent_covered_display": "0", "missing_lines": 1, "excluded_lines": 0}, "missing_lines": [330], "excluded_lines": []}, "InferenceEngine._generate_compressed_reasoning": {"executed_lines": [], "summary": {"covered_lines": 0, "num_statements": 1, "percent_covered": 0.0, "percent_covered_display": "0", "missing_lines": 1, "excluded_lines": 0}, "missing_lines": [350], "excluded_lines": []}, "InferenceEngine._generate_narrative_reasoning": {"executed_lines": [], "summary": {"covered_lines": 0, "num_statements": 1, "percent_covered": 0.0, "percent_covered_display": "0", "missing_lines": 1, "excluded_lines": 0}, "missing_lines": [360], "excluded_lines": []}, "InferenceEngine._generate_expanded_reasoning": {"executed_lines": [], "summary": {"covered_lines": 0, "num_statements": 1, "percent_covered": 0.0, "percent_covered_display": "0", "missing_lines": 1, "excluded_lines": 0}, "missing_lines": [375], "excluded_lines": []}, "InferenceEngine._generate_analytical_reasoning": {"executed_lines": [], "summary": {"covered_lines": 0, "num_statements": 1, "percent_covered": 0.0, "percent_covered_display": "0", "missing_lines": 1, "excluded_lines": 0}, "missing_lines": [390], "excluded_lines": []}, "InferenceEngine._generate_response": {"executed_lines": [], "summary": {"covered_lines": 0, "num_statements": 4, "percent_covered": 0.0, "percent_covered_display": "0", "missing_lines": 4, "excluded_lines": 0}, "missing_lines": [407, 415, 416, 418], "excluded_lines": []}, "InferenceEngine._summarize_reasoning": {"executed_lines": [], "summary": {"covered_lines": 0, "num_statements": 4, "percent_covered": 0.0, "percent_covered_display": "0", "missing_lines": 4, "excluded_lines": 0}, "missing_lines": [422, 423, 425, 426], "excluded_lines": []}, "InferenceEngine._add_mode_specific_elements": {"executed_lines": [], "summary": {"covered_lines": 0, "num_statements": 15, "percent_covered": 0.0, "percent_covered_display": "0", "missing_lines": 15, "excluded_lines": 0}, "missing_lines": [430, 432, 433, 434, 435, 436, 437, 438, 439, 440, 441, 442, 443, 444, 446], "excluded_lines": []}, "InferenceEngine._cached_reasoning_internal": {"executed_lines": [], "summary": {"covered_lines": 0, "num_statements": 4, "percent_covered": 0.0, "percent_covered_display": "0", "missing_lines": 4, "excluded_lines": 0}, "missing_lines": [458, 459, 464, 466], "excluded_lines": []}, "InferenceEngine.cached_reasoning": {"executed_lines": [], "summary": {"covered_lines": 0, "num_statements": 5, "percent_covered": 0.0, "percent_covered_display": "0", "missing_lines": 5, "excluded_lines": 0}, "missing_lines": [472, 473, 474, 476, 477], "excluded_lines": []}, "InferenceEngine._generate_content_for_element": {"executed_lines": [], "summary": {"covered_lines": 0, "num_statements": 10, "percent_covered": 0.0, "percent_covered_display": "0", "missing_lines": 10, "excluded_lines": 0}, "missing_lines": [482, 490, 492, 493, 495, 496, 497, 498, 499, 500], "excluded_lines": []}, "InferenceEngine._generate_concise_content": {"executed_lines": [], "summary": {"covered_lines": 0, "num_statements": 7, "percent_covered": 0.0, "percent_covered_display": "0", "missing_lines": 7, "excluded_lines": 0}, "missing_lines": [504, 505, 506, 507, 510, 511, 513], "excluded_lines": []}, "InferenceEngine._generate_ide_content": {"executed_lines": [], "summary": {"covered_lines": 0, "num_statements": 18, "percent_covered": 0.0, "percent_covered_display": "0", "missing_lines": 18, "excluded_lines": 0}, "missing_lines": [518, 519, 521, 522, 523, 525, 526, 531, 532, 534, 535, 537, 538, 539, 540, 542, 543, 545], "excluded_lines": []}, "InferenceEngine._build_ide_cache_key": {"executed_lines": [], "summary": {"covered_lines": 0, "num_statements": 6, "percent_covered": 0.0, "percent_covered_display": "0", "missing_lines": 6, "excluded_lines": 0}, "missing_lines": [548, 549, 550, 551, 552, 553], "excluded_lines": []}, "InferenceEngine._build_ide_llm_prompt": {"executed_lines": [], "summary": {"covered_lines": 0, "num_statements": 13, "percent_covered": 0.0, "percent_covered_display": "0", "missing_lines": 13, "excluded_lines": 0}, "missing_lines": [556, 557, 559, 567, 568, 569, 570, 571, 572, 573, 574, 576, 577], "excluded_lines": []}, "InferenceEngine._format_reasoning_content": {"executed_lines": [], "summary": {"covered_lines": 0, "num_statements": 6, "percent_covered": 0.0, "percent_covered_display": "0", "missing_lines": 6, "excluded_lines": 0}, "missing_lines": [580, 581, 582, 583, 584, 585], "excluded_lines": []}, "InferenceEngine._generate_conversational_content": {"executed_lines": [], "summary": {"covered_lines": 0, "num_statements": 9, "percent_covered": 0.0, "percent_covered_display": "0", "missing_lines": 9, "excluded_lines": 0}, "missing_lines": [589, 590, 591, 592, 593, 594, 595, 596, 598], "excluded_lines": []}, "InferenceEngine._generate_star_stuff_content": {"executed_lines": [], "summary": {"covered_lines": 0, "num_statements": 9, "percent_covered": 0.0, "percent_covered_display": "0", "missing_lines": 9, "excluded_lines": 0}, "missing_lines": [602, 603, 604, 605, 606, 607, 608, 609, 611], "excluded_lines": []}, "InferenceEngine._generate_business_content": {"executed_lines": [], "summary": {"covered_lines": 0, "num_statements": 9, "percent_covered": 0.0, "percent_covered_display": "0", "missing_lines": 9, "excluded_lines": 0}, "missing_lines": [615, 616, 617, 618, 619, 620, 621, 622, 624], "excluded_lines": []}, "InferenceEngine._generate_default_content": {"executed_lines": [], "summary": {"covered_lines": 0, "num_statements": 1, "percent_covered": 0.0, "percent_covered_display": "0", "missing_lines": 1, "excluded_lines": 0}, "missing_lines": [628], "excluded_lines": []}, "InferenceEngine._fallback_conten
[...]
missing_lines": [], "excluded_lines": []}, "IDEMode.format_response": {"executed_lines": [], "summary": {"covered_lines": 0, "num_statements": 36, "percent_covered": 0.0, "percent_covered_display": "0", "missing_lines": 36, "excluded_lines": 0}, "missing_lines": [29, 31, 34, 37, 38, 39, 40, 41, 44, 45, 46, 47, 48, 51, 52, 53, 54, 55, 58, 59, 60, 61, 62, 65, 66, 67, 68, 69, 72, 73, 74, 75, 78, 79, 80, 99], "excluded_lines": []}, "IDEMode._format_analysis": {"executed_lines": [], "summary": {"covered_lines": 0, "num_statements": 1, "percent_covered": 0.0, "percent_covered_display": "0", "missing_lines": 1, "excluded_lines": 0}, "missing_lines": [103], "excluded_lines": []}, "IDEMode._format_approach": {"executed_lines": [], "summary": {"covered_lines": 0, "num_statements": 1, "percent_covered": 0.0, "percent_covered_display": "0", "missing_lines": 1, "excluded_lines": 0}, "missing_lines": [114], "excluded_lines": []}, "IDEMode._format_implementation": {"executed_lines": [], "summary": {"covered_lines": 0, "num_statements": 1, "percent_covered": 0.0, "percent_covered_display": "0", "missing_lines": 1, "excluded_lines": 0}, "missing_lines": [125], "excluded_lines": []}, "IDEMode._format_testing": {"executed_lines": [], "summary": {"covered_lines": 0, "num_statements": 1, "percent_covered": 0.0, "percent_covered_display": "0", "missing_lines": 1, "excluded_lines": 0}, "missing_lines": [149], "excluded_lines": []}, "IDEMode._format_documentation": {"executed_lines": [], "summary": {"covered_lines": 0, "num_statements": 1, "percent_covered": 0.0, "percent_covered_display": "0", "missing_lines": 1, "excluded_lines": 0}, "missing_lines": [171], "excluded_lines": []}, "IDEMode.get_mode_config": {"executed_lines": [], "summary": {"covered_lines": 0, "num_statements": 1, "percent_covered": 0.0, "percent_covered_display": "0", "missing_lines": 1, "excluded_lines": 0}, "missing_lines": [183], "excluded_lines": []}, "IDEMode.postprocess_response": {"executed_lines": [], "summary": {"covered_lines": 0, "num_statements": 4, "percent_covered": 0.0, "percent_covered_display": "0", "missing_lines": 4, "excluded_lines": 0}, "missing_lines": [188, 189, 190, 192], "excluded_lines": []}, "": {"executed_lines": [1, 5, 7, 10, 11, 13, 27, 101, 112, 123, 147, 169, 181, 185], "summary": {"covered_lines": 12, "num_statements": 12, "percent_covered": 100.0, "percent_covered_display": "100", "missing_lines": 0, "excluded_lines": 0}, "missing_lines": [], "excluded_lines": []}}, "classes": {"IDEMode": {"executed_lines": [14, 15, 16, 19], "summary": {"covered_lines": 4, "num_statements": 50, "percent_covered": 8.0, "percent_covered_display": "8", "missing_lines": 46, "excluded_lines": 0}, "missing_lines": [29, 31, 34, 37, 38, 39, 40, 41, 44, 45, 46, 47, 48, 51, 52, 53, 54, 55, 58, 59, 60, 61, 62, 65, 66, 67, 68, 69, 72, 73, 74, 75, 78, 79, 80, 99, 103, 114, 125, 149, 171, 183, 188, 189, 190, 192], "excluded_lines": []}, "": {"executed_lines": [1, 5, 7, 10, 11, 13, 27, 101, 112, 123, 147, 169, 181, 185], "summary": {"covered_lines": 12, "num_statements": 12, "percent_covered": 100.0, "percent_covered_display": "100", "missing_lines": 0, "excluded_lines": 0}, "missing_lines": [], "excluded_lines": []}}}, "actions-runner\\_work\\echoes\\echoes\\prompting\\modes\\mode_registry.py": {"executed_lines": [1, 5, 6, 9, 10, 12, 13, 14, 15, 17, 18, 21, 22, 25, 29, 34, 35, 37, 38, 39, 41, 43, 44, 46, 50, 54, 58], "summary": {"covered_lines": 24, "num_statements": 32, "percent_covered": 75.0, "percent_covered_display": "75", "missing_lines": 8, "excluded_lines": 0}, "missing_lines": [27, 31, 48, 52, 56, 60, 61, 63], "excluded_lines": [], "functions": {"ModeHandler.__init__": {"executed_lines": [13, 14, 15], "summary": {"covered_lines": 3, "num_statements": 3, "percent_covered": 100.0, "percent_covered_display": "100", "missing_lines": 0, "excluded_lines": 0}, "missing_lines": [], "excluded_lines": []}, "ModeHandler.format_response": {"executed_lines": [], "summary": {"covered_lines": 0, "num_statements": 0, "percent_covered": 100.0, "percent_covered_display": "100", "missing_lines": 0, "excluded_lines": 0}, "missing_lines": [], "excluded_lines": []}, "ModeHandler.get_mode_config": {"executed_lines": [], "summary": {"covered_lines": 0, "num_statements": 0, "percent_covered": 100.0, "percent_covered_display": "100", "missing_lines": 0, "excluded_lines": 0}, "missing_lines": [], "excluded_lines": []}, "ModeHandler.preprocess_prompt": {"executed_lines": [], "summary": {"covered_lines": 0, "num_statements": 1, "percent_covered": 0.0, "percent_covered_display": "0", "missing_lines": 1, "excluded_lines": 0}, "missing_lines": [27], "excluded_lines": []}, "ModeHandler.postprocess_response": {"executed_lines": [], "summary": {"covered_lines": 0, "num_statements": 1, "percent_covered": 0.0, "percent_covered_display": "0", "missing_lines": 1, "excluded_lines": 0}, "missing_lines": [31], "excluded_lines": []}, "ModeRegistry.__init__": {"executed_lines": [38, 39], "summary": {"covered_lines": 2, "num_statements": 2, "percent_covered": 100.0, "percent_covered_display": "100", "missing_lines": 0, "excluded_lines": 0}, "missing_lines": [], "excluded_lines": []}, "ModeRegistry.register_mode": {"executed_lines": [43, 44], "summary": {"covered_lines": 2, "num_statements": 2, "percent_covered": 100.0, "percent_covered_display": "100", "missing_lines": 0, "excluded_lines": 0}, "missing_lines": [], "excluded_lines": []}, "ModeRegistry.get_mode": {"executed_lines": [], "summary": {"covered_lines": 0, "num_statements": 1, "percent_covered": 0.0, "percent_covered_display": "0", "missing_lines": 1, "excluded_lines": 0}, "missing_lines": [48], "excluded_lines": []}, "ModeRegistry.get_default_mode": {"executed_lines": [], "summary": {"covered_lines": 0, "num_statements": 1, "percent_covered": 0.0, "percent_covered_display": "0", "missing_lines": 1, "excluded_lines": 0}, "missing_lines": [52], "excluded_lines": []}, "ModeRegistry.list_modes": {"executed_lines": [], "summary": {"covered_lines": 0, "num_statements": 1, "percent_covered": 0.0, "percent_covered_display": "0", "missing_lines": 1, "excluded_lines": 0}, "missing_lines": [56], "excluded_lines": []}, "ModeRegistry.set_default_mode": {"executed_lines": [], "summary": {"covered_lines": 0, "num_statements": 3, "percent_covered": 0.0, "percent_covered_display": "0", "missing_lines": 3, "excluded_lines": 0}, "missing_lines": [60, 61, 63], "excluded_lines": []}, "": {"executed_lines": [1, 5, 6, 9, 10, 12, 17, 18, 21, 22, 25, 29, 34, 35, 37, 41, 46, 50, 54, 58], "summary": {"covered_lines": 17, "num_statements": 17, "percent_covered": 100.0, "percent_covered_display": "100", "missing_lines": 0, "excluded_lines": 0}, "missing_lines": [], "excluded_lines": []}}, "classes": {"ModeHandler": {"executed_lines": [13, 14, 15], "summary": {"covered_lines": 3, "num_statements": 5, "percent_covered": 60.0, "percent_covered_display": "60", "missing_lines": 2, "excluded_lines": 0}, "missing_lines": [27, 31], "excluded_lines": []}, "ModeRegistry": {"executed_lines": [38, 39, 43, 44], "summary": {"covered_lines": 4, "num_statements": 10, "percent_covered": 40.0, "percent_covered_display": "40", "missing_lines": 6, "excluded_lines": 0}, "missing_lines": [48, 52, 56, 60, 61, 63], "excluded_lines": []}, "": {"executed_lines": [1, 5, 6, 9, 10, 12, 17, 18, 21, 22, 25, 29, 34, 35, 37, 41, 46, 50, 54, 58], "summary": {"covered_lines": 17, "num_statements": 17, "percent_covered": 100.0, "percent_covered_display": "100", "missing_lines": 0, "excluded_lines": 0}, "missing_lines": [], "excluded_lines": []}}}, "actions-runner\\_work\\echoes\\echoes\\prompting\\modes\\star_stuff_mode.py": {"executed_lines": [1, 5, 7, 10, 11, 13, 14, 15, 16, 19, 27, 79, 102, 112, 122, 132, 136, 140], "summary": {"covered_lines": 16, "num_statements": 55, "percent_covered": 29.09090909090909, "percent_covered_display": "29", "missing_lines": 39, "excluded_lines": 0}, "missing_lines": [29, 31, 34, 35, 36, 37, 38, 41, 42, 43, 44, 45, 48, 49, 50, 51, 52, 55, 56, 57, 58, 61, 62, 63, 77, 82, 95, 96, 97, 98, 100, 104, 114, 124, 134, 138, 142, 148, 150], "excluded_lines": [], "functions": {"StarStuffMode.__init__": {"executed_lines": [14, 15, 16, 19], "summary": {"covered_lines": 4, "num_statements": 4, "percent_covered": 100.0, "percent_covered_display": "100", "missing_lines": 0, "excluded_lines": 0}, "missing_lines": [], "excluded_lines": []}, "StarStuffMode.format_response": {"executed_lines": [], "summary": {"covered_lines": 0, "num_statements": 25, "percent_covered": 0.0, "percent_covered_display": "0", "missing_lines": 25, "excluded_lines": 0}, "missing_lines": [29, 31, 34, 35, 36, 37, 38, 41, 42, 43, 44, 45, 48, 49, 50, 51, 52, 55, 56, 57, 58, 61, 62, 63, 77], "excluded_lines": []}, "StarStuffMode._poeticize": {"executed_lines": [], "summary": {"covered_lines": 0, "num_statements": 6, "percent_covered": 0.0, "percent_covered_display": "0", "missing_lines": 6, "excluded_lines": 0}, "missing_lines": [82, 95, 96, 97, 98, 100], "excluded_lines": []}, "StarStuffMode._format_connections": {"executed_lines": [], "summary": {"covered_lines": 0, "num_statements": 1, "percent_covered": 0.0, "percent_covered_display": "0", "missing_lines": 1, "excluded_lines": 0}, "missing_lines": [104], "excluded_lines": []}, "StarStuffMode._format_possibilities": {"executed_lines": [], "summary": {"covered_lines": 0, "num_statements": 1, "percent_covered": 0.0, "percent_covered_display": "0", "missing_lines": 1, "excluded_lines": 0}, "missing_lines": [114], "excluded_lines": []}, "StarStuffMode._format_implications": {"executed_lines": [], "summary": {"covered_lines": 0, "num_statements": 1, "percent_covered": 0.0, "percent_covered_display": "0", "missing_lines": 1, "excluded_lines": 0}, "missing_lines": [124], "excluded_lines": []}, "StarStuffMode.get_mode_config": {"executed_lines": [], "summary": {"covered_lines": 0, "num_statements": 1, "percent_covered": 0.0, "percent_covered_display": "0", "missing_lines": 1, "excluded_lines": 0}, "missing_lines": [134], "excluded_lines": []}, "StarStuffMode.preprocess_prompt": {"executed_lines": [], "summary": {"covered_lines": 0, "num_statements": 1, "percent_covered": 0.0, "percent_covered_display": "0", "missing_lines": 1, "excluded_lines": 0}, "missing_lines": [138], "excluded_lines": []}, "StarStuffMode.postprocess_response": {"executed_lines": [], "summary": {"covered_lines": 0, "num_statements": 3, "percent_covered": 0.0, "percent_covered_display": "0", "missing_lines": 3, "excluded_lines": 0}, "missing_lines": [142, 148, 150], "excluded_lines": []}, "": {"executed_lines": [1, 5, 7, 10, 11, 13, 27, 79, 102, 112, 122, 132, 136, 140], "summary": {"covered_lines": 12, "num_statements": 12, "percent_covered": 100.0, "percent_covered_display": "100", "missing_lines": 0, "excluded_lines": 0}, "missing_lines": [], "excluded_lines": []}}, "classes": {"StarStuffMode": {"executed_lines": [14, 15, 16, 19], "summary": {"covered_lines": 4, "num_statements": 43, "percent_covered": 9.30232558139535, "percent_covered_display": "9", "missing_lines": 39, "excluded_lines": 0}, "missing_lines": [29, 31, 34, 35, 36, 37, 38, 41, 42, 43, 44, 45, 48, 49, 50, 51, 52, 55, 56, 57, 58, 61, 62, 63, 77, 82, 95, 96, 97, 98, 100, 104, 114, 124, 134, 138, 142, 148, 150], "excluded_lines": []}, "": {"executed_lines": [1, 5, 7, 10, 11, 13, 27, 79, 102, 112, 122, 132, 136, 140], "summary": {"covered_lines": 12, "num_statements": 12, "percent_covered": 100.0, "percent_covered_display": "100", "missing_lines": 0, "excluded_lines": 0}, "missing_lines": [], "excluded_lines": []}}}, "actions-runner\\_work\\echoes\\echoes\\prompting\\system.py": {"executed_lines": [1, 5, 6, 7, 10, 11, 13, 14, 15, 16, 17, 18, 19, 20, 21, 22, 23, 24, 25, 28, 29, 31, 37, 38, 39, 40, 41, 42, 43, 46, 47, 50, 51, 54, 55, 57, 59, 61, 62, 63, 64, 65, 67, 174, 267, 275, 289, 313, 351, 379, 403, 424], "summary": {"covered_lines": 50, "num_statements": 158, "percent_covered": 31.645569620253166, "percent_covered_display": "32", "missing_lines": 108, "excluded_lines": 0}, "missing_lines": [86, 88, 90, 91, 93, 95, 98, 101, 102, 105, 110, 115, 116, 119, 122, 123, 124, 128, 131, 134, 139, 140, 143, 145, 146, 148, 165, 166, 167, 180, 183, 184, 187, 188, 189, 195, 197, 200, 201, 203, 206, 207, 208, 214, 216, 223, 226, 229, 234, 235, 237, 240, 245, 247, 249, 252, 255, 258, 265, 269, 270, 271, 273, 277, 278, 279, 281, 303, 311, 320, 321, 322, 324, 325, 326, 329, 332, 337, 338, 339, 343, 344, 345, 346, 347, 348, 349, 361, 368, 369, 375, 377, 382, 386, 387, 389, 390, 391, 397, 399, 401, 406, 411, 414, 415, 416, 418, 420], "excluded_lines": [], "functions": {"PromptingSystem.__init__": {"executed_lines": [37, 38, 39, 40, 41, 42, 43, 46, 47, 50, 51, 54, 55, 57], "summary": {"covered_lines": 14, "num_statements": 14, "percent_covered": 100.0, "percent_covered_display": "100", "missing_lines": 0, "excluded_lines": 0}, "missing_lines": [], "excluded_lines": []}, "PromptingSystem._register_modes": {"executed_lines": [61, 62, 63, 64, 65], "summary": {"covered_lines": 5, "num_statements": 5, "percent_covered": 100.0, "percent_covered_display": "100", "missing_lines": 0, "excluded_lines": 0}, "missing_lines": [], "excluded_lines": []}, "PromptingSystem.process_prompt": {"executed_lines": [], "summary": {"covered_lines": 0, "num_statements": 29, "percent_covered": 0.0, "percent_covered_display": "0", "missing_lines": 29, "excluded_lines": 0}, "missing_lines": [86, 88, 90, 91, 93, 95, 98, 101, 102, 105, 110, 115, 116, 119, 122, 123, 124, 128, 131, 134, 139, 140, 143, 145, 146, 148, 165, 166, 167], "excluded_lines": []}, "PromptingSystem._run_data_loop": {"executed_lines": [], "summary": {"covered_lines": 0, "num_statements": 6, "percent_covered": 0.0, "percent_covered_display": "0", "missing_lines": 6, "excluded_lines": 0}, "missing_lines": [180, 223, 252, 255, 258, 265], "excluded_lines": []}, "PromptingSystem._run_data_loop.validate_data": {"executed_lines": [], "summary": {"covered_lines": 0, "num_statements": 15, "percent_covered": 0.0, "percent_covered_display": "0", "missing_lines": 15, "excluded_lines": 0}, "missing_lines": [183, 184, 187, 188, 189, 195, 197, 200, 201, 203, 206, 207, 208, 214, 216], "excluded_lines": []}, "PromptingSystem._run_data_loop.refine_data": {"executed_lines": [], "summary": {"covered_lines": 0, "num_statements": 9, "percent_covered": 0.0, "percent_covered_display": "0", "missing_lines": 9, "excluded_lines": 0}, "missing_lines": [226, 229, 234, 235, 237, 240, 245, 247, 249], "excluded_lines": []}, "PromptingSystem.set_project_context": {"executed_lines": [], "summary": {"covered_lines": 0, "num_statements": 4, "percent_covered": 0.0, "percent_covered_display": "0", "missing_lines": 4, "excluded_lines": 0}, "missing_lines": [269, 270, 271, 273], "excluded_lines": []}, "PromptingSystem.get_session_summary": {"executed_lines": [], "summary": {"covered_lines": 0, "num_statements": 4, "percent_covered": 0.0, "percent_covered_display": "0", "missing_lines": 4, "excluded_lines": 0}, "missing_lines": [277, 278, 279, 281], "excluded_lines": []}, "PromptingSystem.create_automation_task": {"executed_lines": [], "summary": {"covered_lines": 0, "num_statements": 2, "percent_covered": 0.0, "percent_covered_display": "0", "missing_lines": 2, "excluded_lines": 0}, "missing_lines": [303, 311], "excluded_lines": []}, "PromptingSystem.process_prompt_task": {"executed_lines": [], "summary": {"covered_lines": 0, "num_statements": 18, "percent_covered": 0.0, "percent_covered_display": "0", "missing_lines": 18, "excluded_lines": 0}, "missing_lines": [320, 321, 322, 324, 325, 326, 329, 332, 337, 338, 339, 343, 344, 345, 346, 347, 348, 349], "excluded_lines": []}, "PromptingSystem.integrate_with_workflow_macro": {"executed_lines": [], "summary": {"covered_lines": 0, "num_statements": 5, "percent_covered": 0.0, "percent_covered_display": "0", "missing_lines": 5, "excluded_lines": 0}, "missing_lines": [361, 368, 369, 375, 377], "excluded_lines": []}, "PromptingSystem._create_phase_validator": {"executed_lines": [], "summary": {"covered_lines": 0, "num_statements": 2, "percent_covered": 0.0, "percent_covered_display": "0", "missing_lines": 2, "excluded_lines": 0}, "missing_lines": [382, 401], "excluded_lines": []}, "PromptingSystem._create_phase_validator.validator": {"executed_lines": [], "summary": {"covered_lines": 0, "num_statements": 7, "percent_covered": 0.0, "percent_covered_display": "0", "missing_lines": 7, "excluded_lines": 0}, "missing_lines": [386, 387, 389, 390, 391, 397, 399], "excluded_lines": []}, "PromptingSystem._create_phase_refiner": {"executed_lines": [], "summary": {"covered_lines": 0, "num_statements": 2, "percent_covered": 0.0, "percent_covered_display": "0", "missing_lines": 2, "excluded_lines": 0}, "missing_lines": [406, 420], "excluded_lines": []}, "PromptingSystem._create_phase_refiner.refiner": {"executed_lines": [], "summary": {"covered_lines": 0, "num_statements": 5, "percent_covered": 0.0, "percent_covered_display": "0", "missing_lines": 5, "excluded_lines": 0}, "missing_lines": [411, 414, 415, 416, 418], "excluded_lines": []}, "": {"executed_lines": [1, 5, 6, 7, 10, 11, 13, 14, 15, 16, 17, 18, 19, 20, 21, 22, 23, 24, 25, 28, 29, 31, 59, 67, 174, 267, 275, 289, 313, 351, 379, 403, 424], "summary": {"covered_lines": 31, "num_statements": 31, "percent_covered": 100.0, "percent_covered_display": "100", "missing_lines": 0, "excluded_lines": 0}, "missing_lines": [], "excluded_lines": []}}, "classes": {"PromptingSystem": {"executed_lines": [37, 38, 39, 40, 41, 42, 43, 46, 47, 50, 51, 54, 55, 57, 61, 62, 63, 64, 65], "summary": {"covered_lines": 19, "num_statements": 127, "percent_covered": 14.960629921259843, "percent_covered_display": "15", "missing_lines": 108, "excluded_lines": 0}, "missing_lines": [86, 88, 90, 91, 93, 95, 98, 101, 102, 105, 110, 115, 116, 119, 122, 123, 124, 128, 131, 134, 139, 140, 143, 145, 146, 148, 165, 166, 167, 180, 183, 184, 187, 188, 189, 195, 197, 200, 201, 203, 206, 207, 208, 214, 216, 223, 226, 229, 234, 235, 237, 240, 245, 247, 249, 252, 255, 258, 265, 269, 270, 271, 273, 277, 278, 279, 281, 303, 311, 320, 321, 322, 324, 325, 326, 329, 332, 337, 338, 339, 343, 344, 345, 346, 347, 348, 349, 361, 368, 369, 375, 377, 382, 386, 387, 389, 390, 391, 397, 399, 401, 406, 411, 414, 415, 416, 418, 420], "excluded_lines": []}, "": {"executed_lines": [1, 5, 6, 7, 10, 11, 13, 14, 15, 16, 17, 18, 19, 20, 21, 22, 23, 24, 25, 28, 29, 31, 59, 67, 174, 267, 275, 289, 313, 351, 379, 403, 424], "summary": {"covered_lines": 31, "num_statements": 31, "percent_covered": 100.0, "percent_covered_display": "100", "missing_lines": 0, "excluded_lines": 0}, "missing_lines": [], "excluded_lines": []}}}, "tests\\conftest.py": {"executed_lines": [1, 2, 5, 6, 7, 11], "summary": {"covered_lines": 6, "num_statements": 7, "percent_covered": 85.71428571428571, "percent_covered_display": "86", "missing_lines": 1, "excluded_lines": 0}, "missing_lines": [8], "excluded_lines": [], "functions": {"_ensure_repo_root_on_syspath": {"executed_lines": [6, 7], "summary": {"covered_lines": 2, "num_statements": 3, "percent_covered": 66.66666666666667, "percent_covered_display": "67", "missing_lines": 1, "excluded_lines": 0}, "missing_lines": [8], "excluded_lines": []}, "": {"executed_lines": [1, 2, 5, 11], "summary": {"covered_lines": 4, "num_statements": 4, "percent_covered": 100.0, "percent_covered_display": "100", "missing_lines": 0, "excluded_lines": 0}, "missing_lines": [], "excluded_lines": []}}, "classes": {"": {"executed_lines": [1, 2, 5, 6, 7, 11], "summary": {"covered_lines": 6, "num_statements": 7, "percent_covered": 85.71428571428571, "percent_covered_display": "86", "missing_lines": 1, "excluded_lines": 0}, "missing_lines": [8], "excluded_lines": []}}}}, "totals": {"covered_lines": 565, "num_statements": 2341, "percent_covered": 24.134985049124307, "percent_covered_display": "24", "missing_lines": 1776, "excluded_lines": 27}}
