{"meta": {"format": 3, "version": "7.10.7", "timestamp": "2025-10-12T01:00:30.609193", "branch_coverage": false, "show_contexts": false}, "files": {"Q4\\data_analytics_comprehension_pipeline.py": {"executed_lines": [1, 7, 9, 10, 11, 13, 14, 15, 17, 18, 21, 22, 24, 31, 57, 65, 69, 73, 76, 82, 86, 90, 103, 108, 114, 132], "summary": {"covered_lines": 24, "num_statements": 73, "percent_covered": 32.87671232876713, "percent_covered_display": "33", "missing_lines": 49, "excluded_lines": 0}, "missing_lines": [25, 26, 34, 35, 36, 37, 48, 49, 50, 51, 52, 54, 55, 60, 66, 67, 70, 71, 74, 77, 83, 84, 87, 88, 91, 92, 104, 105, 106, 109, 110, 111, 115, 117, 118, 120, 121, 123, 124, 125, 126, 127, 129, 133, 135, 136, 137, 139, 140], "excluded_lines": [], "functions": {"RoadmapAnalyticsPipeline.__init__": {"executed_lines": [], "summary": {"covered_lines": 0, "num_statements": 2, "percent_covered": 0.0, "percent_covered_display": "0", "missing_lines": 2, "excluded_lines": 0}, "missing_lines": [25, 26], "excluded_lines": []}, "RoadmapAnalyticsPipeline.load_records": {"executed_lines": [], "summary": {"covered_lines": 0, "num_statements": 11, "percent_covered": 0.0, "percent_covered_display": "0", "missing_lines": 11, "excluded_lines": 0}, "missing_lines": [34, 35, 36, 37, 48, 49, 50, 51, 52, 54, 55], "excluded_lines": []}, "RoadmapAnalyticsPipeline.update_management_model": {"executed_lines": [], "summary": {"covered_lines": 0, "num_statements": 1, "percent_covered": 0.0, "percent_covered_display": "0", "missing_lines": 1, "excluded_lines": 0}, "missing_lines": [60], "excluded_lines": []}, "RoadmapAnalyticsPipeline.build_status_summary": {"executed_lines": [], "summary": {"covered_lines": 0, "num_statements": 2, "percent_covered": 0.0, "percent_covered_display": "0", "missing_lines": 2, "excluded_lines": 0}, "missing_lines": [66, 67], "excluded_lines": []}, "RoadmapAnalyticsPipeline.build_phase_summary": {"executed_lines": [], "summary": {"covered_lines": 0, "num_statements": 2, "percent_covered": 0.0, "percent_covered_display": "0", "missing_lines": 2, "excluded_lines": 0}, "missing_lines": [70, 71], "excluded_lines": []}, "RoadmapAnalyticsPipeline.build_progress_snapshot": {"executed_lines": [], "summary": {"covered_lines": 0, "num_statements": 1, "percent_covered": 0.0, "percent_covered_display": "0", "missing_lines": 1, "excluded_lines": 0}, "missing_lines": [74], "excluded_lines": []}, "RoadmapAnalyticsPipeline.metrics": {"executed_lines": [], "summary": {"covered_lines": 0, "num_statements": 1, "percent_covered": 0.0, "percent_covered_display": "0", "missing_lines": 1, "excluded_lines": 0}, "missing_lines": [77], "excluded_lines": []}, "RoadmapAnalyticsPipeline.status_chart": {"executed_lines": [], "summary": {"covered_lines": 0, "num_statements": 2, "percent_covered": 0.0, "percent_covered_display": "0", "missing_lines": 2, "excluded_lines": 0}, "missing_lines": [83, 84], "excluded_lines": []}, "RoadmapAnalyticsPipeline.phase_chart": {"executed_lines": [], "summary": {"covered_lines": 0, "num_statements": 2, "percent_covered": 0.0, "percent_covered_display": "0", "missing_lines": 2, "excluded_lines": 0}, "missing_lines": [87, 88], "excluded_lines": []}, "RoadmapAnalyticsPipeline.progress_chart": {"executed_lines": [], "summary": {"covered_lines": 0, "num_statements": 2, "percent_covered": 0.0, "percent_covered_display": "0", "missing_lines": 2, "excluded_lines": 0}, "missing_lines": [91, 92], "excluded_lines": []}, "RoadmapAnalyticsPipeline.export_records": {"executed_lines": [], "summary": {"covered_lines": 0, "num_statements": 3, "percent_covered": 0.0, "percent_covered_display": "0", "missing_lines": 3, "excluded_lines": 0}, "missing_lines": [104, 105, 106], "excluded_lines": []}, "RoadmapAnalyticsPipeline.export_metrics": {"executed_lines": [], "summary": {"covered_lines": 0, "num_statements": 3, "percent_covered": 0.0, "percent_covered_display": "0", "missing_lines": 3, "excluded_lines": 0}, "missing_lines": [109, 110, 111], "excluded_lines": []}, "run_pipeline": {"executed_lines": [], "summary": {"covered_lines": 0, "num_statements": 11, "percent_covered": 0.0, "percent_covered_display": "0", "missing_lines": 11, "excluded_lines": 0}, "missing_lines": [115, 117, 118, 120, 121, 123, 124, 125, 126, 127, 129], "excluded_lines": []}, "": {"executed_lines": [1, 7, 9, 10, 11, 13, 14, 15, 17, 18, 21, 22, 24, 31, 57, 65, 69, 73, 76, 82, 86, 90, 103, 108, 114, 132], "summary": {"covered_lines": 24, "num_statements": 30, "percent_covered": 80.0, "percent_covered_display": "80", "missing_lines": 6, "excluded_lines": 0}, "missing_lines": [133, 135, 136, 137, 139, 140], "excluded_lines": []}}, "classes": {"RoadmapAnalyticsPipeline": {"executed_lines": [], "summary": {"covered_lines": 0, "num_statements": 32, "percent_covered": 0.0, "percent_covered_display": "0", "missing_lines": 32, "excluded_lines": 0}, "missing_lines": [25, 26, 34, 35, 36, 37, 48, 49, 50, 51, 52, 54, 55, 60, 66, 67, 70, 71, 74, 77, 83, 84, 87, 88, 91, 92, 104, 105, 106, 109, 110, 111], "excluded_lines": []}, "": {"executed_lines": [1, 7, 9, 10, 11, 13, 14, 15, 17, 18, 21, 22, 24, 31, 57, 65, 69, 73, 76, 82, 86, 90, 103, 108, 114, 132], "summary": {"covered_lines": 24, "num_statements": 41, "percent_covered": 58.53658536585366, "percent_covered_display": "59", "missing_lines": 17, "excluded_lines": 0}, "missing_lines": [115, 117, 118, 120, 121, 123, 124, 125, 126, 127, 129, 133, 135, 136, 137, 139, 140], "excluded_lines": []}}}, "Q4\\drucker_management.py": {"executed_lines": [1, 8, 10, 11, 12, 15, 16, 17, 19, 20, 21, 22, 23, 24, 25, 26, 27, 28, 29, 31, 40, 41, 43, 57, 62, 67, 72, 77, 82, 87, 92, 104, 110, 118, 145, 150, 158, 166, 178], "summary": {"covered_lines": 36, "num_statements": 92, "percent_covered": 39.130434782608695, "percent_covered_display": "39", "missing_lines": 56, "excluded_lines": 0}, "missing_lines": [34, 35, 36, 37, 44, 45, 46, 47, 48, 49, 50, 51, 53, 54, 58, 59, 63, 64, 68, 69, 73, 74, 78, 79, 83, 84, 88, 89, 93, 107, 108, 113, 114, 115, 116, 121, 122, 123, 124, 125, 126, 127, 128, 130, 131, 148, 153, 154, 155, 156, 161, 162, 163, 164, 169, 170], "excluded_lines": [], "functions": {"RoadmapItem.to_record": {"executed_lines": [], "summary": {"covered_lines": 0, "num_statements": 4, "percent_covered": 0.0, "percent_covered_display": "0", "missing_lines": 4, "excluded_lines": 0}, "missing_lines": [34, 35, 36, 37], "excluded_lines": []}, "DruckerFoundationModel.__init__": {"executed_lines": [], "summary": {"covered_lines": 0, "num_statements": 10, "percent_covered": 0.0, "percent_covered_display": "0", "missing_lines": 10, "excluded_lines": 0}, "missing_lines": [44, 45, 46, 47, 48, 49, 50, 51, 53, 54], "excluded_lines": []}, "DruckerFoundationModel.define_purpose": {"executed_lines": [], "summary": {"covered_lines": 0, "num_statements": 2, "percent_covered": 0.0, "percent_covered_display": "0", "missing_lines": 2, "excluded_lines": 0}, "missing_lines": [58, 59], "excluded_lines": []}, "DruckerFoundationModel.log_result": {"executed_lines": [], "summary": {"covered_lines": 0, "num_statements": 2, "percent_covered": 0.0, "percent_covered_display": "0", "missing_lines": 2, "excluded_lines": 0}, "missing_lines": [63, 64], "excluded_lines": []}, "DruckerFoundationModel.allocate_time": {"executed_lines": [], "summary": {"covered_lines": 0, "num_statements": 2, "percent_covered": 0.0, "percent_covered_display": "0", "missing_lines": 2, "excluded_lines": 0}, "missing_lines": [68, 69], "excluded_lines": []}, "DruckerFoundationModel.add_strength": {"executed_lines": [], "summary": {"covered_lines": 0, "num_statements": 2, "percent_covered": 0.0, "percent_covered_display": "0", "missing_lines": 2, "excluded_lines": 0}, "missing_lines": [73, 74], "excluded_lines": []}, "DruckerFoundationModel.log_lesson": {"executed_lines": [], "summary": {"covered_lines": 0, "num_statements": 2, "percent_covered": 0.0, "percent_covered_display": "0", "missing_lines": 2, "excluded_lines": 0}, "missing_lines": [78, 79], "excluded_lines": []}, "DruckerFoundationModel.record_customer_feedback": {"executed_lines": [], "summary": {"covered_lines": 0, "num_statements": 2, "percent_covered": 0.0, "percent_covered_display": "0", "missing_lines": 2, "excluded_lines": 0}, "missing_lines": [83, 84], "excluded_lines": []}, "DruckerFoundationModel.log_human_interaction": {"executed_lines": [], "summary": {"covered_lines": 0, "num_statements": 2, "percent_covered": 0.0, "percent_covered_display": "0", "missing_lines": 2, "excluded_lines": 0}, "missing_lines": [88, 89], "excluded_lines": []}, "DruckerFoundationModel.summarize": {"executed_lines": [], "summary": {"covered_lines": 0, "num_statements": 1, "percent_covered": 0.0, "percent_covered_display": "0", "missing_lines": 1, "excluded_lines": 0}, "missing_lines": [93], "excluded_lines": []}, "DruckerFoundationModel.ingest_roadmap": {"executed_lines": [], "summary": {"covered_lines": 0, "num_statements": 2, "percent_covered": 0.0, "percent_covered_display": "0", "missing_lines": 2, "excluded_lines": 0}, "missing_lines": [107, 108], "excluded_lines": []}, "DruckerFoundationModel.add_roadmap_item": {"executed_lines": [], "summary": {"covered_lines": 0, "num_statements": 4, "percent_covered": 0.0, "percent_covered_display": "0", "missing_lines": 4, "excluded_lines": 0}, "missing_lines": [113, 114, 115, 116], "excluded_lines": []}, "DruckerFoundationModel._coerce_item": {"executed_lines": [], "summary": {"covered_lines": 0, "num_statements": 3, "percent_covered": 0.0, "percent_covered_display": "0", "missing_lines": 3, "excluded_lines": 0}, "missing_lines": [121, 130, 131], "excluded_lines": []}, "DruckerFoundationModel._coerce_item._parse_date": {"executed_lines": [], "summary": {"covered_lines": 0, "num_statements": 7, "percent_covered": 0.0, "percent_covered_display": "0", "missing_lines": 7, "excluded_lines": 0}, "missing_lines": [122, 123, 124, 125, 126, 127, 128], "excluded_lines": []}, "DruckerFoundationModel.to_records": {"executed_lines": [], "summary": {"covered_lines": 0, "num_statements": 1, "percent_covered": 0.0, "percent_covered_display": "0", "missing_lines": 1, "excluded_lines": 0}, "missing_lines": [148], "excluded_lines": []}, "DruckerFoundationModel.status_counts": {"executed_lines": [], "summary": {"covered_lines": 0, "num_statements": 4, "percent_covered": 0.0, "percent_covered_display": "0", "missing_lines": 4, "excluded_lines": 0}, "missing_lines": [153, 154, 155, 156], "excluded_lines": []}, "DruckerFoundationModel.phase_counts": {"executed_lines": [], "summary": {"covered_lines": 0, "num_statements": 4, "percent_covered": 0.0, "percent_covered_display": "0", "missing_lines": 4, "excluded_lines": 0}, "missing_lines": [161, 162, 163, 164], "excluded_lines": []}, "DruckerFoundationModel.metrics": {"executed_lines": [], "summary": {"covered_lines": 0, "num_statements": 2, "percent_covered": 0.0, "percent_covered_display": "0", "missing_lines": 2, "excluded_lines": 0}, "missing_lines": [169, 170], "excluded_lines": []}, "": {"executed_lines": [1, 8, 10, 11, 12, 15, 16, 17, 19, 20, 21, 22, 23, 24, 25, 26, 27, 28, 29, 31, 40, 41, 43, 57, 62, 67, 72, 77, 82, 87, 92, 104, 110, 118, 145, 150, 158, 166, 178], "summary": {"covered_lines": 36, "num_statements": 36, "percent_covered": 100.0, "percent_covered_display": "100", "missing_lines": 0, "excluded_lines": 0}, "missing_lines": [], "excluded_lines": []}}, "classes": {"RoadmapItem": {"executed_lines": [], "summary": {"covered_lines": 0, "num_statements": 4, "percent_covered": 0.0, "percent_covered_display": "0", "missing_lines": 4, "excluded_lines": 0}, "missing_lines": [34, 35, 36, 37], "excluded_lines": []}, "DruckerFoundationModel": {"executed_lines": [], "summary": {"covered_lines": 0, "num_statements": 52, "percent_covered": 0.0, "percent_covered_display": "0", "missing_lines": 52, "excluded_lines": 0}, "missing_lines": [44, 45, 46, 47, 48, 49, 50, 51, 53, 54, 58, 59, 63, 64, 68, 69, 73, 74, 78, 79, 83, 84, 88, 89, 93, 107, 108, 113, 114, 115, 116, 121, 122, 123, 124, 125, 126, 127, 128, 130, 131, 148, 153, 154, 155, 156, 161, 162, 163, 164, 169, 170], "excluded_lines": []}, "": {"executed_lines": [1, 8, 10, 11, 12, 15, 16, 17, 19, 20, 21, 22, 23, 24, 25, 26, 27, 28, 29, 31, 40, 41, 43, 57, 62, 67, 72, 77, 82, 87, 92, 104, 110, 118, 145, 150, 158, 166, 178], "summary": {"covered_lines": 36, "num_statements": 36, "percent_covered": 100.0, "percent_covered_display": "100", "missing_lines": 0, "excluded_lines": 0}, "missing_lines": [], "excluded_lines": []}}}, "Q4\\test_pipeline.py": {"executed_lines": [1, 3, 6, 14, 27], "summary": {"covered_lines": 4, "num_statements": 23, "percent_covered": 17.391304347826086, "percent_covered_display": "17", "missing_lines": 19, "excluded_lines": 0}, "missing_lines": [8, 9, 10, 11, 16, 18, 19, 21, 22, 23, 24, 29, 30, 31, 32, 33, 34, 35, 36], "excluded_lines": [], "functions": {"test_load_records_fallback": {"executed_lines": [], "summary": {"covered_lines": 0, "num_statements": 4, "percent_covered": 0.0, "percent_covered_display": "0", "missing_lines": 4, "excluded_lines": 0}, "missing_lines": [8, 9, 10, 11], "excluded_lines": []}, "test_load_records_from_csv": {"executed_lines": [], "summary": {"covered_lines": 0, "num_statements": 7, "percent_covered": 0.0, "percent_covered_display": "0", "missing_lines": 7, "excluded_lines": 0}, "missing_lines": [16, 18, 19, 21, 22, 23, 24], "excluded_lines": []}, "test_metrics": {"executed_lines": [], "summary": {"covered_lines": 0, "num_statements": 8, "percent_covered": 0.0, "percent_covered_display": "0", "missing_lines": 8, "excluded_lines": 0}, "missing_lines": [29, 30, 31, 32, 33, 34, 35, 36], "excluded_lines": []}, "": {"executed_lines": [1, 3, 6, 14, 27], "summary": {"covered_lines": 4, "num_statements": 4, "percent_covered": 100.0, "percent_covered_display": "100", "missing_lines": 0, "excluded_lines": 0}, "missing_lines": [], "excluded_lines": []}}, "classes": {"": {"executed_lines": [1, 3, 6, 14, 27], "summary": {"covered_lines": 4, "num_statements": 23, "percent_covered": 17.391304347826086, "percent_covered_display": "17", "missing_lines": 19, "excluded_lines": 0}, "missing_lines": [8, 9, 10, 11, 16, 18, 19, 21, 22, 23, 24, 29, 30, 31, 32, 33, 34, 35, 36], "excluded_lines": []}}}, "actions-runner\\_work\\echoes\\echoes\\automation\\__init__.py": {"executed_lines": [1], "summary": {"covered_lines": 0, "num_statements": 0, "percent_covered": 100.0, "percent_covered_display": "100", "missing_lines": 0, "excluded_lines": 0}, "missing_lines": [], "excluded_lines": [], "functions": {"": {"executed_lines": [1], "summary": {"covered_lines": 0, "num_statements": 0, "percent_covered": 100.0, "percent_covered_display": "100", "missing_lines": 0, "excluded_lines": 0}, "missing_lines": [], "excluded_lines": []}}, "classes": {"": {"executed_lines": [1], "summary": {"covered_lines": 0, "num_statements": 0, "percent_covered": 100.0, "percent_covered_display": "100", "missing_lines": 0, "excluded_lines": 0}, "missing_lines": [], "excluded_lines": []}}}, "actions-runner\\_work\\echoes\\echoes\\automation\\core\\__init__.py": {"executed_lines": [1], "summary": {"covered_lines": 0, "num_statements": 0, "percent_covered": 100.0, "percent_covered_display": "100", "missing_lines": 0, "excluded_lines": 0}, "missing_lines": [], "excluded_lines": [], "functions": {"": {"executed_lines": [], "summary": {"covered_lines": 0, "num_statements": 0, "percent_covered": 100.0, "percent_covered_display": "100", "missing_lines": 0, "excluded_lines": 0}, "missing_lines": [], "excluded_lines": []}}, "classes": {"": {"executed_lines": [], "summary": {"covered_lines": 0, "num_statements": 0, "percent_covered": 100.0, "percent_covered_display": "100", "missing_lines": 0, "excluded_lines": 0}, "missing_lines": [], "excluded_lines": []}}}, "actions-runner\\_work\\echoes\\echoes\\automation\\core\\context.py": {"executed_lines": [1, 2, 8], "summary": {"covered_lines": 3, "num_statements": 12, "percent_covered": 25.0, "percent_covered_display": "25", "missing_lines": 9, "excluded_lines": 0}, "missing_lines": [3, 4, 5, 6, 9, 10, 11, 12, 13], "excluded_lines": [], "functions": {"Context.__init__": {"executed_lines": [], "summary": {"covered_lines": 0, "num_statements": 4, "percent_covered": 0.0, "percent_covered_display": "0", "missing_lines": 4, "excluded_lines": 0}, "missing_lines": [3, 4, 5, 6], "excluded_lines": []}, "Context.require_confirmation": {"executed_lines": [], "summary": {"covered_lines": 0, "num_statements": 5, "percent_covered": 0.0, "percent_covered_display": "0", "missing_lines": 5, "excluded_lines": 0}, "missing_lines": [9, 10, 11, 12, 13], "excluded_lines": []}, "": {"executed_lines": [1, 2, 8], "summary": {"covered_lines": 3, "num_statements": 3, "percent_covered": 100.0, "percent_covered_display": "100", "missing_lines": 0, "excluded_lines": 0}, "missing_lines": [], "excluded_lines": []}}, "classes": {"Context": {"executed_lines": [], "summary": {"covered_lines": 0, "num_statements": 9, "percent_covered": 0.0, "percent_covered_display": "0", "missing_lines": 9, "excluded_lines": 0}, "missing_lines": [3, 4, 5, 6, 9, 10, 11, 12, 13], "excluded_lines": []}, "": {"executed_lines": [1, 2, 8], "summary": {"covered_lines": 3, "num_statements": 3, "percent_covered": 100.0, "percent_covered_display": "100", "missing_lines": 0, "excluded_lines": 0}, "missing_lines": [], "excluded_lines": []}}}, "actions-runner\\_work\\echoes\\echoes\\automation\\core\\logger.py": {"executed_lines": [1, 3, 4, 5, 6, 7, 8, 11, 12, 13, 14, 22, 23, 25, 28, 31], "summary": {"covered_lines": 16, "num_statements": 24, "percent_covered": 66.66666666666667, "percent_covered_display": "67", "missing_lines": 8, "excluded_lines": 0}, "missing_lines": [15, 16, 17, 18, 20, 26, 29, 33], "excluded_lines": [], "functions": {"AutomationLogger.log": {"executed_lines": [13, 14], "summary": {"covered_lines": 2, "num_statements": 7, "percent_covered": 28.571428571428573, "percent_covered_display": "29", "missing_lines": 5, "excluded_lines": 0}, "missing_lines": [15, 16, 17, 18, 20], "excluded_lines": []}, "AutomationLogger.info": {"executed_lines": [23], "summary": {"covered_lines": 1, "num_statements": 1, "percent_covered": 100.0, "percent_covered_display": "100", "missing_lines": 0, "excluded_lines": 0}, "missing_lines": [], "excluded_lines": []}, "AutomationLogger.error": {"executed_lines": [], "summary": {"covered_lines": 0, "num_statements": 1, "percent_covered": 0.0, "percent_covered_display": "0", "missing_lines": 1, "excluded_lines": 0}, "missing_lines": [26], "excluded_lines": []}, "AutomationLogger.warning": {"executed_lines": [], "summary": {"covered_lines": 0, "num_statements": 1, "percent_covered": 0.0, "percent_covered_display": "0", "missing_lines": 1, "excluded_lines": 0}, "missing_lines": [29], "excluded_lines": []}, "AutomationLogger.success": {"executed_lines": [], "summary": {"covered_lines": 0, "num_statements": 1, "percent_covered": 0.0, "percent_covered_display": "0", "missing_lines": 1, "excluded_lines": 0}, "missing_lines": [33], "excluded_lines": []}, "": {"executed_lines": [1, 3, 4, 5, 6, 7, 8, 11, 12, 22, 25, 28, 31], "summary": {"covered_lines": 13, "num_statements": 13, "percent_covered": 100.0, "percent_covered_display": "100", "missing_lines": 0, "excluded_lines": 0}, "missing_lines": [], "excluded_lines": []}}, "classes": {"AutomationLogger": {"executed_lines": [13, 14, 23], "summary": {"covered_lines": 3, "num_statements": 11, "percent_covered": 27.272727272727273, "percent_covered_display": "27", "missing_lines": 8, "excluded_lines": 0}, "missing_lines": [15, 16, 17, 18, 20, 26, 29, 33], "excluded_lines": []}, "": {"executed_lines": [1, 3, 4, 5, 6, 7, 8, 11, 12, 22, 25, 28, 31], "summary": {"covered_lines": 13, "num_statements": 13, "percent_covered": 100.0, "percent_covered_display": "100", "missing_lines": 0, "excluded_lines": 0}, "missing_lines": [], "excluded_lines": []}}}, "actions-runner\\_work\\echoes\\echoes\\caching\\prompt_engine.py": {"executed_lines": [1, 2, 5, 11, 12, 15, 27], "summary": {"covered_lines": 7, "num_statements": 15, "percent_covered": 46.666666666666664, "percent_covered_display": "47", "missing_lines": 8, "excluded_lines": 0}, "missing_lines": [6, 7, 8, 13, 18, 28, 31, 32], "excluded_lines": [], "functions": {"cosine_similarity": {"executed_lines": [], "summary": {"covered_lines": 0, "num_statements": 3, "percent_covered": 0.0, "percent_covered_display": "0", "missing_lines": 3, "excluded_lines": 0}, "missing_lines": [6, 7, 8], "excluded_lines": []}, "PromptCache.__init__": {"executed_lines": [], "summary": {"covered_lines": 0, "num_statements": 1, "percent_covered": 0.0, "percent_covered_display": "0", "missing_lines": 1, "excluded_lines": 0}, "missing_lines": [13], "excluded_lines": []}, "PromptCache.add": {"executed_lines": [], "summary": {"covered_lines": 0, "num_statements": 1, "percent_covered": 0.0, "percent_covered_display": "0", "missing_lines": 1, "excluded_lines": 0}, "missing_lines": [18], "excluded_lines": []}, "PromptCache.find": {"executed_lines": [], "summary": {"covered_lines": 0, "num_statements": 3, "percent_covered": 0.0, "percent_covered_display": "0", "missing_lines": 3, "excluded_lines": 0}, "missing_lines": [28, 31, 32], "excluded_lines": []}, "": {"executed_lines": [1, 2, 5, 11, 12, 15, 27], "summary": {"covered_lines": 7, "num_statements": 7, "percent_covered": 100.0, "percent_covered_display": "100", "missing_lines": 0, "excluded_lines": 0}, "missing_lines": [], "excluded_lines": []}}, "classes": {"PromptCache": {"executed_lines": [], "summary": {"covered_lines": 0, "num_statements": 5, "percent_covered": 0.0, "percent_covered_display": "0", "missing_lines": 5, "excluded_lines": 0}, "missing_lines": [13, 18, 28, 31, 32], "excluded_lines": []}, "": {"executed_lines": [1, 2, 5, 11, 12, 15, 27], "summary": {"covered_lines": 7, "num_statements": 10, "percent_covered": 70.0, "percent_covered_display": "70", "missing_lines": 3, "excluded_lines": 0}, "missing_lines": [6, 7, 8], "excluded_lines": []}}}, "actions-runner\\_work\\echoes\\echoes\\examples\\test_a1_implementation.py": {"executed_lines": [2, 7, 8, 10, 12, 13, 14, 15, 16, 17, 20, 51, 103, 133], "summary": {"covered_lines": 13, "num_statements": 71, "percent_covered": 18.309859154929576, "percent_covered_display": "18", "missing_lines": 58, "excluded_lines": 0}, "missing_lines": [22, 24, 25, 27, 28, 30, 31, 32, 34, 35, 36, 37, 38, 39, 41, 42, 43, 45, 48, 53, 56, 67, 75, 76, 78, 79, 80, 82, 83, 84, 85, 86, 87, 91, 94, 95, 97, 100, 105, 106, 107, 110, 113, 116, 117, 118, 120, 121, 122, 123, 124, 125, 127, 128, 129, 130, 134, 135], "excluded_lines": [], "functions": {"test_inference_engine_content_generation": {"executed_lines": [], "summary": {"covered_lines": 0, "num_statements": 19, "percent_covered": 0.0, "percent_covered_display": "0", "missing_lines": 19, "excluded_lines": 0}, "missing_lines": [22, 24, 25, 27, 28, 30, 31, 32, 34, 35, 36, 37, 38, 39, 41, 42, 43, 45, 48], "excluded_lines": []}, "test_mode_handler_formatting": {"executed_lines": [], "summary": {"covered_lines": 0, "num_statements": 19, "percent_covered": 0.0, "percent_covered_display": "0", "missing_lines": 19, "excluded_lines": 0}, "missing_lines": [53, 56, 67, 75, 76, 78, 79, 80, 82, 83, 84, 85, 86, 87, 91, 94, 95, 97, 100], "excluded_lines": []}, "main": {"executed_lines": [], "summary": {"covered_lines": 0, "num_statements": 18, "percent_covered": 0.0, "percent_covered_display": "0", "missing_lines": 18, "excluded_lines": 0}, "missing_lines": [105, 106, 107, 110, 113, 116, 117, 118, 120, 121, 122, 123, 124, 125, 127, 128, 129, 130], "excluded_lines": []}, "": {"executed_lines": [2, 7, 8, 10, 12, 13, 14, 15, 16, 17, 20, 51, 103, 133], "summary": {"covered_lines": 13, "num_statements": 15, "percent_covered": 86.66666666666667, "percent_covered_display": "87", "missing_lines": 2, "excluded_lines": 0}, "missing_lines": [134, 135], "excluded_lines": []}}, "classes": {"": {"executed_lines": [2, 7, 8, 10, 12, 13, 14, 15, 16, 17, 20, 51, 103, 133], "summary": {"covered_lines": 13, "num_statements": 71, "percent_covered": 18.309859154929576, "percent_covered_display": "18", "missing_lines": 58, "excluded_lines": 0}, "missing_lines": [22, 24, 25, 27, 28, 30, 31, 32, 34, 35, 36, 37, 38, 39, 41, 42, 43, 45, 48, 53, 56, 67, 75, 76, 78, 79, 80, 82, 83, 84, 85, 86, 87, 91, 94, 95, 97, 100, 105, 106, 107, 110, 113, 116, 117, 118, 120, 121, 122, 123, 124, 125, 127, 128, 129, 130, 134, 135], "excluded_lines": []}}}, "actions-runner\\_work\\echoes\\echoes\\llm_smoke_test.py": {"executed_lines": [1, 3, 6, 26], "summary": {"covered_lines": 4, "num_statements": 17, "percent_covered": 23.529411764705884, "percent_covered_display": "24", "missing_lines": 13, "excluded_lines": 0}, "missing_lines": [7, 8, 9, 11, 16, 17, 18, 19, 20, 21, 22, 23, 27], "excluded_lines": [], "functions": {"main": {"executed_lines": [], "summary": {"covered_lines": 0, "num_statements": 12, "percent_covered": 0.0, "percent_covered_display": "0", "missing_lines": 12, "excluded_lines": 0}, "missing_lines": [7, 8, 9, 11, 16, 17, 18, 19, 20, 21, 22, 23], "excluded_lines": []}, "": {"executed_lines": [1, 3, 6, 26], "summary": {"covered_lines": 4, "num_statements": 5, "percent_covered": 80.0, "percent_covered_display": "80", "missing_lines": 1, "excluded_lines": 0}, "missing_lines": [27], "excluded_lines": []}}, "classes": {"": {"executed_lines": [1, 3, 6, 26], "summary": {"covered_lines": 4, "num_statements": 17, "percent_covered": 23.529411764705884, "percent_covered_display": "24", "missing_lines": 13, "excluded_lines": 0}, "missing_lines": [7, 8, 9, 11, 16, 17, 18, 19, 20, 21, 22, 23, 27], "excluded_lines": []}}}, "actions-runner\\_work\\echoes\\echoes\\minicon\\__init__.py": {"executed_lines": [1, 2, 4], "summary": {"covered_lines": 3, "num_statements": 3, "percent_covered": 100.0, "percent_covered_display": "100", "missing_lines": 0, "excluded_lines": 0}, "missing_lines": [], "excluded_lines": [], "functions": {"": {"executed_lines": [1, 2, 4], "summary": {"covered_lines": 3, "num_statements": 3, "percent_covered": 100.0, "percent_covered_display": "100", "missing_lines": 0, "excluded_lines": 0}, "missing_lines": [], "excluded_lines": []}}, "classes": {"": {"executed_lines": [1, 2, 4], "summary": {"covered_lines": 3, "num_statements": 3, "percent_covered": 100.0, "percent_covered_display": "100", "missing_lines": 0, "excluded_lines": 0}, "missing_lines": [], "excluded_lines": []}}}, "actions-runner\\_work\\echoes\\echoes\\minicon\\config.py": {"executed_lines": [1, 3, 4, 5, 6, 7, 9, 10, 13, 14, 15, 19, 20, 21, 24, 25, 28, 29, 30, 43, 44, 45, 46, 47, 48, 49, 50, 51, 52, 53, 54, 55, 56, 57, 58, 59, 60, 61, 62, 64, 65, 131, 137, 144, 145, 168, 185, 186], "summary": {"covered_lines": 46, "num_statements": 95, "percent_covered": 48.421052631578945, "percent_covered_display": "48", "missing_lines": 49, "excluded_lines": 0}, "missing_lines": [16, 66, 67, 70, 71, 72, 74, 75, 76, 77, 78, 81, 82, 83, 89, 90, 91, 92, 93, 94, 95, 96, 100, 101, 103, 104, 109, 133, 134, 135, 139, 140, 141, 142, 154, 160, 161, 162, 166, 177, 178, 179, 181, 182, 183, 195, 196, 197, 199], "excluded_lines": [], "functions": {"Config.from_env": {"executed_lines": [], "summary": {"covered_lines": 0, "num_statements": 26, "percent_covered": 0.0, "percent_covered_display": "0", "missing_lines": 26, "excluded_lines": 0}, "missing_lines": [66, 67, 70, 71, 72, 74, 75, 76, 77, 78, 81, 82, 83, 89, 90, 91, 92, 93, 94, 95, 96, 100, 101, 103, 104, 109], "excluded_lines": []}, "Config.__post_init__": {"executed_lines": [], "summary": {"covered_lines": 0, "num_statements": 3, "percent_covered": 0.0, "percent_covered_display": "0", "missing_lines": 3, "excluded_lines": 0}, "missing_lines": [133, 134, 135], "excluded_lines": []}, "Config.ensure_dirs": {"executed_lines": [], "summary": {"covered_lines": 0, "num_statements": 4, "percent_covered": 0.0, "percent_covered_display": "0", "missing_lines": 4, "excluded_lines": 0}, "missing_lines": [139, 140, 141, 142], "excluded_lines": []}, "Config.active_api_key": {"executed_lines": [], "summary": {"covered_lines": 0, "num_statements": 5, "percent_covered": 0.0, "percent_covered_display": "0", "missing_lines": 5, "excluded_lines": 0}, "missing_lines": [154, 160, 161, 162, 166], "excluded_lines": []}, "Config.switch_api_key": {"executed_lines": [], "summary": {"covered_lines": 0, "num_statements": 6, "percent_covered": 0.0, "percent_covered_display": "0", "missing_lines": 6, "excluded_lines": 0}, "missing_lines": [177, 178, 179, 181, 182, 183], "excluded_lines": []}, "Config.openai_client": {"executed_lines": [], "summary": {"covered_lines": 0, "num_statements": 4, "percent_covered": 0.0, "percent_covered_display": "0", "missing_lines": 4, "excluded_lines": 0}, "missing_lines": [195, 196, 197, 199], "excluded_lines": []}, "": {"executed_lines": [1, 3, 4, 5, 6, 7, 9, 10, 13, 14, 15, 19, 20, 21, 24, 25, 28, 29, 30, 43, 44, 45, 46, 47, 48, 49, 50, 51, 52, 53, 54, 55, 56, 57, 58, 59, 60, 61, 62, 64, 65, 131, 137, 144, 145, 168, 185, 186], "summary": {"covered_lines": 46, "num_statements": 47, "percent_covered": 97.87234042553192, "percent_covered_display": "98", "missing_lines": 1, "excluded_lines": 0}, "missing_lines": [16], "excluded_lines": []}}, "classes": {"ConfigError": {"executed_lines": [], "summary": {"covered_lines": 0, "num_statements": 0, "percent_covered": 100.0, "percent_covered_display": "100", "missing_lines": 0, "excluded_lines": 0}, "missing_lines": [], "excluded_lines": []}, "Config": {"executed_lines": [], "summary": {"covered_lines": 0, "num_statements": 48, "percent_covered": 0.0, "percent_covered_display": "0", "missing_lines": 48, "excluded_lines": 0}, "missing_lines": [66, 67, 70, 71, 72, 74, 75, 76, 77, 78, 81, 82, 83, 89, 90, 91, 92, 93, 94, 95, 96, 100, 101, 103, 104, 109, 133, 134, 135, 139, 140, 141, 142, 154, 160, 161, 162, 166, 177, 178, 179, 181, 182, 183, 195, 196, 197, 199], "excluded_lines": []}, "": {"executed_lines": [1, 3, 4, 5, 6, 7, 9, 10, 13, 14, 15, 19, 20, 21, 24, 25, 28, 29, 30, 43, 44, 45, 46, 47, 48, 49, 50, 51, 52, 53, 54, 55, 56, 57, 58, 59, 60, 61, 62, 64, 65, 131, 137, 144, 145, 168, 185, 186], "summary": {"covered_lines": 46, "num_statements": 47, "percent_covered": 97.87234042553192, "percent_covered_display": "98", "missing_lines": 1, "excluded_lines": 0}, "missing_lines": [16], "excluded_lines": []}}}, "actions-runner\\_work\\echoes\\echoes\\minicon\\download_cache.py": {"executed_lines": [1, 8, 9, 10, 11, 12, 13, 15, 18, 19, 29, 36, 37, 45, 47, 49, 50, 70, 79, 80, 96, 101, 106, 111, 123, 134, 138, 142, 157, 160], "summary": {"covered_lines": 28, "num_statements": 73, "percent_covered": 38.35616438356164, "percent_covered_display": "38", "missing_lines": 45, "excluded_lines": 0}, "missing_lines": [51, 52, 54, 55, 56, 57, 58, 59, 61, 72, 73, 74, 75, 76, 77, 83, 84, 86, 87, 88, 89, 90, 91, 94, 98, 99, 103, 104, 108, 109, 113, 114, 119, 120, 121, 125, 126, 131, 132, 136, 140, 144, 152, 153, 162], "excluded_lines": [], "functions": {"DownloadCache.__init__": {"executed_lines": [36, 37, 45], "summary": {"covered_lines": 3, "num_statements": 3, "percent_covered": 100.0, "percent_covered_display": "100", "missing_lines": 0, "excluded_lines": 0}, "missing_lines": [], "excluded_lines": []}, "DownloadCache._load_cache": {"executed_lines": [49, 50], "summary": {"covered_lines": 2, "num_statements": 11, "percent_covered": 18.181818181818183, "percent_covered_display": "18", "missing_lines": 9, "excluded_lines": 0}, "missing_lines": [51, 52, 54, 55, 56, 57, 58, 59, 61], "excluded_lines": []}, "DownloadCache._save_cache": {"executed_lines": [], "summary": {"covered_lines": 0, "num_statements": 6, "percent_covered": 0.0, "percent_covered_display": "0", "missing_lines": 6, "excluded_lines": 0}, "missing_lines": [72, 73, 74, 75, 76, 77], "excluded_lines": []}, "DownloadCache._get_video_id": {"executed_lines": [], "summary": {"covered_lines": 0, "num_statements": 9, "percent_covered": 0.0, "percent_covered_display": "0", "missing_lines": 9, "excluded_lines": 0}, "missing_lines": [83, 84, 86, 87, 88, 89, 90, 91, 94], "excluded_lines": []}, "DownloadCache.is_downloaded": {"executed_lines": [], "summary": {"covered_lines": 0, "num_statements": 2, "percent_covered": 0.0, "percent_covered_display": "0", "missing_lines": 2, "excluded_lines": 0}, "missing_lines": [98, 99], "excluded_lines": []}, "DownloadCache.is_transcribed": {"executed_lines": [], "summary": {"covered_lines": 0, "num_statements": 2, "percent_covered": 0.0, "percent_covered_display": "0", "missing_lines": 2, "excluded_lines": 0}, "missing_lines": [103, 104], "excluded_lines": []}, "DownloadCache.get_file_path": {"executed_lines": [], "summary": {"covered_lines": 0, "num_statements": 2, "percent_covered": 0.0, "percent_covered_display": "0", "missing_lines": 2, "excluded_lines": 0}, "missing_lines": [108, 109], "excluded_lines": []}, "DownloadCache.mark_downloaded": {"executed_lines": [], "summary": {"covered_lines": 0, "num_statements": 5, "percent_covered": 0.0, "percent_covered_display": "0", "missing_lines": 5, "excluded_lines": 0}, "missing_lines": [113, 114, 119, 120, 121], "excluded_lines": []}, "DownloadCache.mark_transcribed": {"executed_lines": [], "summary": {"covered_lines": 0, "num_statements": 4, "percent_covered": 0.0, "percent_covered_display": "0", "missing_lines": 4, "excluded_lines": 0}, "missing_lines": [125, 126, 131, 132], "excluded_lines": []}, "DownloadCache.get_downloaded_videos": {"executed_lines": [], "summary": {"covered_lines": 0, "num_statements": 1, "percent_covered": 0.0, "percent_covered_display": "0", "missing_lines": 1, "excluded_lines": 0}, "missing_lines": [136], "excluded_lines": []}, "DownloadCache.get_transcribed_videos": {"executed_lines": [], "summary": {"covered_lines": 0, "num_statements": 1, "percent_covered": 0.0, "percent_covered_display": "0", "missing_lines": 1, "excluded_lines": 0}, "missing_lines": [140], "excluded_lines": []}, "DownloadCache.clear": {"executed_lines": [], "summary": {"covered_lines": 0, "num_statements": 3, "percent_covered": 0.0, "percent_covered_display": "0", "missing_lines": 3, "excluded_lines": 0}, "missing_lines": [144, 152, 153], "excluded_lines": []}, "get_download_cache": {"executed_lines": [], "summary": {"covered_lines": 0, "num_statements": 1, "percent_covered": 0.0, "percent_covered_display": "0", "missing_lines": 1, "excluded_lines": 0}, "missing_lines": [162], "excluded_lines": []}, "": {"executed_lines": [1, 8, 9, 10, 11, 12, 13, 15, 18, 19, 29, 47, 70, 79, 80, 96, 101, 106, 111, 123, 134, 138, 142, 157, 160], "summary": {"covered_lines": 23, "num_statements": 23, "percent_covered": 100.0, "percent_covered_display": "100", "missing_lines": 0, "excluded_lines": 0}, "missing_lines": [], "excluded_lines": []}}, "classes": {"DownloadCache": {"executed_lines": [36, 37, 45, 49, 50], "summary": {"covered_lines": 5, "num_statements": 49, "percent_covered": 10.204081632653061, "percent_covered_display": "10", "missing_lines": 44, "excluded_lines": 0}, "missing_lines": [51, 52, 54, 55, 56, 57, 58, 59, 61, 72, 73, 74, 75, 76, 77, 83, 84, 86, 87, 88, 89, 90, 91, 94, 98, 99, 103, 104, 108, 109, 113, 114, 119, 120, 121, 125, 126, 131, 132, 136, 140, 144, 152, 153], "excluded_lines": []}, "": {"executed_lines": [1, 8, 9, 10, 11, 12, 13, 15, 18, 19, 29, 47, 70, 79, 80, 96, 101, 106, 111, 123, 134, 138, 142, 157, 160], "summary": {"covered_lines": 23, "num_statements": 24, "percent_covered": 95.83333333333333, "percent_covered_display": "96", "missing_lines": 1, "excluded_lines": 0}, "missing_lines": [162], "excluded_lines": []}}}, "actions-runner\\_work\\echoes\\echoes\\minicon\\pipeline.py": {"executed_lines": [1, 16, 18, 19, 20, 21, 22, 24, 26, 27, 28, 34, 35, 36, 37, 38, 44, 45, 48, 49, 52, 53, 56, 57, 63, 66, 67, 95, 124, 154, 162, 177, 250, 285, 286, 297, 298, 319, 368, 406, 411, 418, 421, 466, 501, 563, 740, 741, 750], "summary": {"covered_lines": 43, "num_statements": 322, "percent_covered": 13.354037267080745, "percent_covered_display": "13", "missing_lines": 279, "excluded_lines": 25}, "missing_lines": [96, 97, 98, 99, 100, 101, 102, 103, 105, 106, 114, 115, 116, 117, 118, 119, 121, 122, 126, 136, 137, 138, 139, 140, 141, 142, 143, 144, 145, 146, 147, 148, 149, 156, 157, 164, 165, 166, 171, 172, 186, 187, 188, 192, 193, 194, 195, 198, 199, 201, 202, 208, 213, 214, 215, 217, 218, 219, 222, 223, 230, 231, 235, 238, 241, 242, 243, 244, 245, 246, 248, 252, 253, 254, 255, 257, 259, 260, 261, 262, 266, 267, 269, 270, 271, 273, 274, 282, 283, 290, 291, 292, 293, 294, 295, 305, 308, 310, 311, 312, 313, 314, 315, 316, 317, 323, 324, 326, 327, 329, 330, 331, 333, 334, 335, 336, 337, 339, 340, 346, 351, 352, 353, 355, 356, 357, 358, 359, 360, 361, 362, 363, 364, 366, 370, 371, 372, 373, 375, 376, 377, 381, 383, 384, 385, 389, 391, 392, 393, 394, 398, 399, 401, 408, 409, 419, 422, 424, 427, 428, 429, 430, 431, 432, 435, 436, 437, 438, 439, 440, 442, 445, 448, 451, 455, 456, 457, 458, 459, 473, 474, 475, 479, 480, 482, 483, 484, 485, 488, 489, 491, 496, 514, 515, 518, 519, 520, 521, 522, 525, 526, 527, 531, 532, 533, 534, 535, 536, 539, 540, 541, 542, 543, 544, 547, 548, 549, 551, 552, 553, 554, 555, 557, 558, 613, 614, 619, 620, 622, 623, 625, 626, 627, 632, 633, 634, 635, 637, 638, 639, 647, 648, 649, 652, 658, 671, 672, 677, 685, 686, 687, 688, 689, 690, 696, 697, 698, 705, 706, 707, 708, 709, 711, 713, 714, 715, 716, 717, 718, 719, 720, 722, 724, 725, 732, 733, 735, 743, 744], "excluded_lines": [107, 108, 109, 167, 168, 169, 226, 227, 277, 278, 279, 280, 341, 342, 343, 344, 460, 461, 659, 660, 661, 668, 669, 699, 700], "functions": {"MiniConPipeline.__init__": {"executed_lines": [], "summary": {"covered_lines": 0, "num_statements": 18, "percent_covered": 0.0, "percent_covered_display": "0", "missing_lines": 18, "excluded_lines": 3}, "missing_lines": [96, 97, 98, 99, 100, 101, 102, 103, 105, 106, 114, 115, 116, 117, 118, 119, 121, 122], "excluded_lines": [107, 108, 109]}, "MiniConPipeline._validate_config": {"executed_lines": [], "summary": {"covered_lines": 0, "num_statements": 15, "percent_covered": 0.0, "percent_covered_display": "0", "missing_lines": 15, "excluded_lines": 0}, "missing_lines": [126, 136, 137, 138, 139, 140, 141, 142, 143, 144, 145, 146, 147, 148, 149], "excluded_lines": []}, "MiniConPipeline._ensure_valid_url": {"executed_lines": [], "summary": {"covered_lines": 0, "num_statements": 2, "percent_covered": 0.0, "percent_covered_display": "0", "missing_lines": 2, "excluded_lines": 0}, "missing_lines": [156, 157], "excluded_lines": []}, "MiniConPipeline._ensure_whisper": {"executed_lines": [], "summary": {"covered_lines": 0, "num_statements": 5, "percent_covered": 0.0, "percent_covered_display": "0", "missing_lines": 5, "excluded_lines": 3}, "missing_lines": [164, 165, 166, 171, 172], "excluded_lines": [167, 168, 169]}, "MiniConPipeline.transcribe": {"executed_lines": [], "summary": {"covered_lines": 0, "num_statements": 31, "percent_covered": 0.0, "percent_covered_display": "0", "missing_lines": 31, "excluded_lines": 2}, "missing_lines": [186, 187, 188, 192, 193, 194, 195, 198, 199, 201, 202, 208, 213, 214, 215, 217, 218, 219, 222, 223, 230, 231, 235, 238, 241, 242, 243, 244, 245, 246, 248], "excluded_lines": [226, 227]}, "MiniConPipeline._ensure_diarizer": {"executed_lines": [], "summary": {"covered_lines": 0, "num_statements": 18, "percent_covered": 0.0, "percent_covered_display": "0", "missing_lines": 18, "excluded_lines": 4}, "missing_lines": [252, 253, 254, 255, 257, 259, 260, 261, 262, 266, 267, 269, 270, 271, 273, 274, 282, 283], "excluded_lines": [277, 278, 279, 280]}, "MiniConPipeline._assign_default_speakers": {"executed_lines": [], "summary": {"covered_lines": 0, "num_statements": 6, "percent_covered": 0.0, "percent_covered_display": "0", "missing_lines": 6, "excluded_lines": 0}, "missing_lines": [290, 291, 292, 293, 294, 295], "excluded_lines": []}, "MiniConPipeline._select_speaker": {"executed_lines": [], "summary": {"covered_lines": 0, "num_statements": 9, "percent_covered": 0.0, "percent_covered_display": "0", "missing_lines": 9, "excluded_lines": 0}, "missing_lines": [305, 310, 311, 312, 313, 314, 315, 316, 317], "excluded_lines": []}, "MiniConPipeline._select_speaker._overlap": {"executed_lines": [], "summary": {"covered_lines": 0, "num_statements": 1, "percent_covered": 0.0, "percent_covered_display": "0", "missing_lines": 1, "excluded_lines": 0}, "missing_lines": [308], "excluded_lines": []}, "MiniConPipeline._perform_diarization": {"executed_lines": [], "summary": {"covered_lines": 0, "num_statements": 29, "percent_covered": 0.0, "percent_covered_display": "0", "missing_lines": 29, "excluded_lines": 4}, "missing_lines": [323, 324, 326, 327, 329, 330, 331, 333, 334, 335, 336, 337, 339, 340, 346, 351, 352, 353, 355, 356, 357, 358, 359, 360, 361, 362, 363, 364, 366], "excluded_lines": [341, 342, 343, 344]}, "MiniConPipeline.enable_diarization": {"executed_lines": [], "summary": {"covered_lines": 0, "num_statements": 19, "percent_covered": 0.0, "percent_covered_display": "0", "missing_lines": 19, "excluded_lines": 0}, "missing_lines": [370, 371, 372, 373, 375, 376, 377, 381, 383, 384, 385, 389, 391, 392, 393, 394, 398, 399, 401], "excluded_lines": []}, "MiniConPipeline.download": {"executed_lines": [], "summary": {"covered_lines": 0, "num_statements": 2, "percent_covered": 0.0, "percent_covered_display": "0", "missing_lines": 2, "excluded_lines": 0}, "missing_lines": [408, 409], "excluded_lines": []}, "MiniConPipeline._download_with_retry": {"executed_lines": [], "summary": {"covered_lines": 0, "num_statements": 1, "percent_covered": 0.0, "percent_covered_display": "0", "missing_lines": 1, "excluded_lines": 0}, "missing_lines": [419], "excluded_lines": []}, "MiniConPipeline._download_once": {"executed_lines": [], "summary": {"covered_lines": 0, "num_statements": 23, "percent_covered": 0.0, "percent_covered_display": "0", "missing_lines": 23, "excluded_lines": 2}, "missing_lines": [422, 424, 427, 428, 429, 430, 431, 432, 435, 436, 437, 438, 439, 440, 442, 445, 448, 451, 455, 456, 457, 458, 459], "excluded_lines": [460, 461]}, "MiniConPipeline.write_report": {"executed_lines": [], "summary": {"covered_lines": 0, "num_statements": 13, "percent_covered": 0.0, "percent_covered_display": "0", "missing_lines": 13, "excluded_lines": 0}, "missing_lines": [473, 474, 475, 479, 480, 482, 483, 484, 485, 488, 489, 491, 496], "excluded_lines": []}, "MiniConPipeline.run_single": {"executed_lines": [], "summary": {"covered_lines": 0, "num_statements": 32, "percent_covered": 0.0, "percent_covered_display": "0", "missing_lines": 32, "excluded_lines": 0}, "missing_lines": [514, 515, 518, 519, 520, 521, 522, 525, 526, 527, 531, 532, 533, 534, 535, 536, 539, 540, 541, 542, 543, 544, 547, 548, 549, 551, 552, 553, 554, 555, 557, 558], "excluded_lines": []}, "MiniConPipeline.run_batch": {"executed_lines": [], "summary": {"covered_lines": 0, "num_statements": 40, "percent_covered": 0.0, "percent_covered_display": "0", "missing_lines": 40, "excluded_lines": 2}, "missing_lines": [613, 614, 619, 620, 622, 623, 625, 626, 627, 632, 677, 685, 686, 687, 688, 689, 690, 696, 697, 698, 705, 706, 707, 708, 709, 711, 713, 714, 715, 716, 717, 718, 719, 720, 722, 724, 725, 732, 733, 735], "excluded_lines": [699, 700]}, "MiniConPipeline.run_batch._process_one": {"executed_lines": [], "summary": {"covered_lines": 0, "num_statements": 13, "percent_covered": 0.0, "percent_covered_display": "0", "missing_lines": 13, "excluded_lines": 5}, "missing_lines": [633, 634, 635, 637, 638, 639, 647, 648, 649, 652, 658, 671, 672], "excluded_lines": [659, 660, 661, 668, 669]}, "MiniConPipeline._rate_limit": {"executed_lines": [], "summary": {"covered_lines": 0, "num_statements": 2, "percent_covered": 0.0, "percent_covered_display": "0", "missing_lines": 2, "excluded_lines": 0}, "missing_lines": [743, 744], "excluded_lines": []}, "": {"executed_lines": [1, 16, 18, 19, 20, 21, 22, 24, 26, 27, 28, 34, 35, 36, 37, 38, 44, 45, 48, 49, 52, 53, 56, 57, 63, 66, 67, 95, 124, 154, 162, 177, 250, 285, 286, 297, 298, 319, 368, 406, 411, 418, 421, 466, 501, 563, 740, 741, 750], "summary": {"covered_lines": 43, "num_statements": 43, "percent_covered": 100.0, "percent_covered_display": "100", "missing_lines": 0, "excluded_lines": 0}, "missing_lines": [], "excluded_lines": []}}, "classes": {"WhisperResult": {"executed_lines": [], "summary": {"covered_lines": 0, "num_statements": 0, "percent_covered": 100.0, "percent_covered_display": "100", "missing_lines": 0, "excluded_lines": 0}, "missing_lines": [], "excluded_lines": []}, "MiniConError": {"executed_lines": [], "summary": {"covered_lines": 0, "num_statements": 0, "percent_covered": 100.0, "percent_covered_display": "100", "missing_lines": 0, "excluded_lines": 0}, "missing_lines": [], "excluded_lines": []}, "DownloadError": {"executed_lines": [], "summary": {"covered_lines": 0, "num_statements": 0, "percent_covered": 100.0, "percent_covered_display": "100", "missing_lines": 0, "excluded_lines": 0}, "missing_lines": [], "excluded_lines": []}, "TranscriptionError": {"executed_lines": [], "summary": {"covered_lines": 0, "num_statements": 0, "percent_covered": 100.0, "percent_covered_display": "100", "missing_lines": 0, "excluded_lines": 0}, "missing_lines": [], "excluded_lines": []}, "CacheError": {"executed_lines": [], "summary": {"covered_lines": 0, "num_statements": 0, "percent_covered": 100.0, "percent_covered_display": "100", "missing_lines": 0, "excluded_lines": 0}, "missing_lines": [], "excluded_lines": []}, "MiniConPipeline": {"executed_lines": [], "summary": {"covered_lines": 0, "num_statements": 279, "percent_covered": 0.0, "percent_covered_display": "0", "missing_lines": 279, "excluded_lines": 25}, "missing_lines": [96, 97, 98, 99, 100, 101, 102, 103, 105, 106, 114, 115, 116, 117, 118, 119, 121, 122, 126, 136, 137, 138, 139, 140, 141, 142, 143, 144, 145, 146, 147, 148, 149, 156, 157, 164, 165, 166, 171, 172, 186, 187, 188, 192, 193, 194, 195, 198, 199, 201, 202, 208, 213, 214, 215, 217, 218, 219, 222, 223, 230, 231, 235, 238, 241, 242, 243, 244, 245, 246, 248, 252, 253, 254, 255, 257, 259, 260, 261, 262, 266, 267, 269, 270, 271, 273, 274, 282, 283, 290, 291, 292, 293, 294, 295, 305, 308, 310, 311, 312, 313, 314, 315, 316, 317, 323, 324, 326, 327, 329, 330, 331, 333, 334, 335, 336, 337, 339, 340, 346, 351, 352, 353, 355, 356, 357, 358, 359, 360, 361, 362, 363, 364, 366, 370, 371, 372, 373, 375, 376, 377, 381, 383, 384, 385, 389, 391, 392, 393, 394, 398, 399, 401, 408, 409, 419, 422, 424, 427, 428, 429, 430, 431, 432, 435, 436, 437, 438, 439, 440, 442, 445, 448, 451, 455, 456, 457, 458, 459, 473, 474, 475, 479, 480, 482, 483, 484, 485, 488, 489, 491, 496, 514, 515, 518, 519, 520, 521, 522, 525, 526, 527, 531, 532, 533, 534, 535, 536, 539, 540, 541, 542, 543, 544, 547, 548, 549, 551, 552, 553, 554, 555, 557, 558, 613, 614, 619, 620, 622, 623, 625, 626, 627, 632, 633, 634, 635, 637, 638, 639, 647, 648, 649, 652, 658, 671, 672, 677, 685, 686, 687, 688, 689, 690, 696, 697, 698, 705, 706, 707, 708, 709, 711, 713, 714, 715, 716, 717, 718, 719, 720, 722, 724, 725, 732, 733, 735, 743, 744], "excluded_lines": [107, 108, 109, 167, 168, 169, 226, 227, 277, 278, 279, 280, 341, 342, 343, 344, 460, 461, 659, 660, 661, 668, 669, 699, 700]}, "": {"executed_lines": [1, 16, 18, 19, 20, 21, 22, 24, 26, 27, 28, 34, 35, 36, 37, 38, 44, 45, 48, 49, 52, 53, 56, 57, 63, 66, 67, 95, 124, 154, 162, 177, 250, 285, 286, 297, 298, 319, 368, 406, 411, 418, 421, 466, 501, 563, 740, 741, 750], "summary": {"covered_lines": 43, "num_statements": 43, "percent_covered": 100.0, "percent_covered_display": "100", "missing_lines": 0, "excluded_lines": 0}, "missing_lines": [], "excluded_lines": []}}}, "actions-runner\\_work\\echoes\\echoes\\minicon\\test_openai.py": {"executed_lines": [2, 8, 9, 10, 12, 15, 21, 22, 26, 27, 29, 32, 66], "summary": {"covered_lines": 12, "num_statements": 33, "percent_covered": 36.36363636363637, "percent_covered_display": "36", "missing_lines": 21, "excluded_lines": 0}, "missing_lines": [23, 34, 37, 40, 41, 42, 43, 44, 45, 48, 49, 51, 52, 53, 54, 55, 56, 60, 61, 63, 67], "excluded_lines": [], "functions": {"test_openai_integration": {"executed_lines": [], "summary": {"covered_lines": 0, "num_statements": 19, "percent_covered": 0.0, "percent_covered_display": "0", "missing_lines": 19, "excluded_lines": 0}, "missing_lines": [34, 37, 40, 41, 42, 43, 44, 45, 48, 49, 51, 52, 53, 54, 55, 56, 60, 61, 63], "excluded_lines": []}, "": {"executed_lines": [2, 8, 9, 10, 12, 15, 21, 22, 26, 27, 29, 32, 66], "summary": {"covered_lines": 12, "num_statements": 14, "percent_covered": 85.71428571428571, "percent_covered_display": "86", "missing_lines": 2, "excluded_lines": 0}, "missing_lines": [23, 67], "excluded_lines": []}}, "classes": {"": {"executed_lines": [2, 8, 9, 10, 12, 15, 21, 22, 26, 27, 29, 32, 66], "summary": {"covered_lines": 12, "num_statements": 33, "percent_covered": 36.36363636363637, "percent_covered_display": "36", "missing_lines": 21, "excluded_lines": 0}, "missing_lines": [23, 34, 37, 40, 41, 42, 43, 44, 45, 48, 49, 51, 52, 53, 54, 55, 56, 60, 61, 63, 67], "excluded_lines": []}}}, "actions-runner\\_work\\echoes\\echoes\\minicon\\utils.py": {"executed_lines": [1, 3, 4, 5, 6, 7, 8, 9, 10, 12, 15, 28, 38, 40, 41, 42, 57, 59, 62, 63, 102], "summary": {"covered_lines": 21, "num_statements": 67, "percent_covered": 31.34328358208955, "percent_covered_display": "31", "missing_lines": 46, "excluded_lines": 2}, "missing_lines": [17, 18, 19, 20, 21, 22, 23, 24, 25, 43, 44, 45, 46, 47, 48, 49, 50, 51, 52, 53, 54, 55, 66, 67, 68, 70, 71, 72, 74, 75, 77, 78, 83, 84, 85, 86, 88, 89, 91, 92, 93, 94, 96, 97, 98, 99], "excluded_lines": [80, 81], "functions": {"is_valid_youtube_url": {"executed_lines": [], "summary": {"covered_lines": 0, "num_statements": 9, "percent_covered": 0.0, "percent_covered_display": "0", "missing_lines": 9, "excluded_lines": 0}, "missing_lines": [17, 18, 19, 20, 21, 22, 23, 24, 25], "excluded_lines": []}, "retry": {"executed_lines": [38, 40, 41, 59], "summary": {"covered_lines": 4, "num_statements": 4, "percent_covered": 100.0, "percent_covered_display": "100", "missing_lines": 0, "excluded_lines": 0}, "missing_lines": [], "excluded_lines": []}, "retry.decorator": {"executed_lines": [42, 57], "summary": {"covered_lines": 2, "num_statements": 2, "percent_covered": 100.0, "percent_covered_display": "100", "missing_lines": 0, "excluded_lines": 0}, "missing_lines": [], "excluded_lines": []}, "retry.decorator.wrapper": {"executed_lines": [], "summary": {"covered_lines": 0, "num_statements": 13, "percent_covered": 0.0, "percent_covered_display": "0", "missing_lines": 13, "excluded_lines": 0}, "missing_lines": [43, 44, 45, 46, 47, 48, 49, 50, 51, 52, 53, 54, 55], "excluded_lines": []}, "timeout": {"executed_lines": [], "summary": {"covered_lines": 0, "num_statements": 23, "percent_covered": 0.0, "percent_covered_display": "0", "missing_lines": 23, "excluded_lines": 1}, "missing_lines": [66, 67, 68, 70, 71, 72, 74, 77, 78, 83, 84, 85, 86, 88, 89, 91, 92, 93, 94, 96, 97, 98, 99], "excluded_lines": [80]}, "timeout._raise_timeout": {"executed_lines": [], "summary": {"covered_lines": 0, "num_statements": 1, "percent_covered": 0.0, "percent_covered_display": "0", "missing_lines": 1, "excluded_lines": 0}, "missing_lines": [75], "excluded_lines": []}, "timeout._handle_alarm": {"executed_lines": [], "summary": {"covered_lines": 0, "num_statements": 0, "percent_covered": 100.0, "percent_covered_display": "100", "missing_lines": 0, "excluded_lines": 1}, "missing_lines": [], "excluded_lines": [81]}, "": {"executed_lines": [1, 3, 4, 5, 6, 7, 8, 9, 10, 12, 15, 28, 62, 63, 102], "summary": {"covered_lines": 15, "num_statements": 15, "percent_covered": 100.0, "percent_covered_display": "100", "missing_lines": 0, "excluded_lines": 0}, "missing_lines": [], "excluded_lines": []}}, "classes": {"": {"executed_lines": [1, 3, 4, 5, 6, 7, 8, 9, 10, 12, 15, 28, 38, 40, 41, 42, 57, 59, 62, 63, 102], "summary": {"covered_lines": 21, "num_statements": 67, "percent_covered": 31.34328358208955, "percent_covered_display": "31", "missing_lines": 46, "excluded_lines": 2}, "missing_lines": [17, 18, 19, 20, 21, 22, 23, 24, 25, 43, 44, 45, 46, 47, 48, 49, 50, 51, 52, 53, 54, 55, 66, 67, 68, 70, 71, 72, 74, 75, 77, 78, 83, 84, 85, 86, 88, 89, 91, 92, 93, 94, 96, 97, 98, 99], "excluded_lines": [80, 81]}}}, "actions-runner\\_work\\echoes\\echoes\\packages\\core\\__init__.py": {"executed_lines": [1, 12, 14, 15, 16, 18], "summary": {"covered_lines": 5, "num_statements": 5, "percent_covered": 100.0, "percent_covered_display": "100", "missing_lines": 0, "excluded_lines": 0}, "missing_lines": [], "excluded_lines": [], "functions": {"": {"executed_lines": [1, 12, 14, 15, 16, 18], "summary": {"covered_lines": 5, "num_statements": 5, "percent_covered": 100.0, "percent_covered_display": "100", "missing_lines": 0, "excluded_lines": 0}, "missing_lines": [], "excluded_lines": []}}, "classes": {"": {"executed_lines": [1, 12, 14, 15, 16, 18], "summary": {"covered_lines": 5, "num_statements": 5, "percent_covered": 100.0, "percent_covered_display": "100", "missing_lines": 0, "excluded_lines": 0}, "missing_lines": [], "excluded_lines": []}}}, "actions-runner\\_work\\echoes\\echoes\\packages\\core\\config\\__init__.py": {"executed_lines": [1, 3, 4, 5, 6, 8, 9, 12, 13, 14, 16, 17, 20, 23, 26, 27, 29, 38, 67], "summary": {"covered_lines": 17, "num_statements": 29, "percent_covered": 58.62068965517241, "percent_covered_display": "59", "missing_lines": 12, "excluded_lines": 0}, "missing_lines": [30, 31, 34, 35, 52, 53, 55, 58, 59, 60, 61, 64], "excluded_lines": [], "functions": {"Config.__post_init__": {"executed_lines": [], "summary": {"covered_lines": 0, "num_statements": 4, "percent_covered": 0.0, "percent_covered_display": "0", "missing_lines": 4, "excluded_lines": 0}, "missing_lines": [30, 31, 34, 35], "excluded_lines": []}, "load_config": {"executed_lines": [], "summary": {"covered_lines": 0, "num_statements": 8, "percent_covered": 0.0, "percent_covered_display": "0", "missing_lines": 8, "excluded_lines": 0}, "missing_lines": [52, 53, 55, 58, 59, 60, 61, 64], "excluded_lines": []}, "": {"executed_lines": [1, 3, 4, 5, 6, 8, 9, 12, 13, 14, 16, 17, 20, 23, 26, 27, 29, 38, 67], "summary": {"covered_lines": 17, "num_statements": 17, "percent_covered": 100.0, "percent_covered_display": "100", "missing_lines": 0, "excluded_lines": 0}, "missing_lines": [], "excluded_lines": []}}, "classes": {"Config": {"executed_lines": [], "summary": {"covered_lines": 0, "num_statements": 4, "percent_covered": 0.0, "percent_covered_display": "0", "missing_lines": 4, "excluded_lines": 0}, "missing_lines": [30, 31, 34, 35], "excluded_lines": []}, "": {"executed_lines": [1, 3, 4, 5, 6, 8, 9, 12, 13, 14, 16, 17, 20, 23, 26, 27, 29, 38, 67], "summary": {"covered_lines": 17, "num_statements": 25, "percent_covered": 68.0, "percent_covered_display": "68", "missing_lines": 8, "excluded_lines": 0}, "missing_lines": [52, 53, 55, 58, 59, 60, 61, 64], "excluded_lines": []}}}, "actions-runner\\_work\\echoes\\echoes\\packages\\core\\exceptions\\__init__.py": {"executed_lines": [1, 4, 5, 8, 9, 12, 13, 16, 17, 20, 21, 24], "summary": {"covered_lines": 6, "num_statements": 6, "percent_covered": 100.0, "percent_covered_display": "100", "missing_lines": 0, "excluded_lines": 0}, "missing_lines": [], "excluded_lines": [], "functions": {"": {"executed_lines": [1, 4, 5, 8, 9, 12, 13, 16, 17, 20, 21, 24], "summary": {"covered_lines": 6, "num_statements": 6, "percent_covered": 100.0, "percent_covered_display": "100", "missing_lines": 0, "excluded_lines": 0}, "missing_lines": [], "excluded_lines": []}}, "classes": {"EchoeBaseException": {"executed_lines": [], "summary": {"covered_lines": 0, "num_statements": 0, "percent_covered": 100.0, "percent_covered_display": "100", "missing_lines": 0, "excluded_lines": 0}, "missing_lines": [], "excluded_lines": []}, "ConfigurationError": {"executed_lines": [], "summary": {"covered_lines": 0, "num_statements": 0, "percent_covered": 100.0, "percent_covered_display": "100", "missing_lines": 0, "excluded_lines": 0}, "missing_lines": [], "excluded_lines": []}, "ValidationError": {"executed_lines": [], "summary": {"covered_lines": 0, "num_statements": 0, "percent_covered": 100.0, "percent_covered_display": "100", "missing_lines": 0, "excluded_lines": 0}, "missing_lines": [], "excluded_lines": []}, "SecurityError": {"executed_lines": [], "summary": {"covered_lines": 0, "num_statements": 0, "percent_covered": 100.0, "percent_covered_display": "100", "missing_lines": 0, "excluded_lines": 0}, "missing_lines": [], "excluded_lines": []}, "ResourceNotFoundError": {"executed_lines": [], "summary": {"covered_lines": 0, "num_statements": 0, "percent_covered": 100.0, "percent_covered_display": "100", "missing_lines": 0, "excluded_lines": 0}, "missing_lines": [], "excluded_lines": []}, "": {"executed_lines": [1, 4, 5, 8, 9, 12, 13, 16, 17, 20, 21, 24], "summary": {"covered_lines": 6, "num_statements": 6, "percent_covered": 100.0, "percent_covered_display": "100", "missing_lines": 0, "excluded_lines": 0}, "missing_lines": [], "excluded_lines": []}}}, "actions-runner\\_work\\echoes\\echoes\\packages\\core\\logging\\__init__.py": {"executed_lines": [1, 3, 4, 5, 6, 8, 11, 13, 16, 54], "summary": {"covered_lines": 9, "num_statements": 21, "percent_covered": 42.857142857142854, "percent_covered_display": "43", "missing_lines": 12, "excluded_lines": 0}, "missing_lines": [27, 30, 31, 33, 34, 37, 40, 41, 42, 43, 46, 49], "excluded_lines": [], "functions": {"get_logger": {"executed_lines": [13], "summary": {"covered_lines": 1, "num_statements": 1, "percent_covered": 100.0, "percent_covered_display": "100", "missing_lines": 0, "excluded_lines": 0}, "missing_lines": [], "excluded_lines": []}, "configure_logging": {"executed_lines": [], "summary": {"covered_lines": 0, "num_statements": 12, "percent_covered": 0.0, "percent_covered_display": "0", "missing_lines": 12, "excluded_lines": 0}, "missing_lines": [27, 30, 31, 33, 34, 37, 40, 41, 42, 43, 46, 49], "excluded_lines": []}, "": {"executed_lines": [1, 3, 4, 5, 6, 8, 11, 16, 54], "summary": {"covered_lines": 8, "num_statements": 8, "percent_covered": 100.0, "percent_covered_display": "100", "missing_lines": 0, "excluded_lines": 0}, "missing_lines": [], "excluded_lines": []}}, "classes": {"": {"executed_lines": [1, 3, 4, 5, 6, 8, 11, 13, 16, 54], "summary": {"covered_lines": 9, "num_statements": 21, "percent_covered": 42.857142857142854, "percent_covered_display": "43", "missing_lines": 12, "excluded_lines": 0}, "missing_lines": [27, 30, 31, 33, 34, 37, 40, 41, 42, 43, 46, 49], "excluded_lines": []}}}, "actions-runner\\_work\\echoes\\echoes\\packages\\core\\tests\\test_core_comprehensive.py": {"executed_lines": [1, 3, 4, 5, 6, 8, 9], "summary": {"covered_lines": 6, "num_statements": 192, "percent_covered": 3.125, "percent_covered_display": "3", "missing_lines": 186, "excluded_lines": 0}, "missing_lines": [10, 11, 13, 16, 19, 21, 22, 23, 25, 27, 28, 30, 31, 32, 34, 36, 38, 39, 41, 43, 44, 46, 48, 49, 51, 52, 53, 55, 57, 59, 60, 61, 62, 65, 68, 70, 72, 73, 74, 75, 76, 77, 79, 81, 83, 84, 86, 88, 89, 90, 92, 94, 95, 96, 98, 100, 102, 103, 105, 107, 108, 109, 110, 112, 113, 114, 116, 118, 120, 121, 122, 124, 125, 126, 129, 131, 134, 137, 139, 140, 141, 143, 145, 146, 147, 148, 150, 152, 153, 154, 156, 158, 159, 161, 162, 164, 165, 167, 169, 170, 171, 172, 173, 176, 179, 181, 183, 184, 186, 187, 189, 190, 191, 193, 195, 196, 198, 200, 202, 203, 204, 205, 207, 208, 209, 211, 214, 215, 218, 219, 220, 223, 224, 227, 228, 231, 232, 233, 234, 235, 237, 240, 241, 242, 243, 244, 247, 250, 252, 253, 255, 257, 258, 260, 262, 263, 266, 268, 273, 275, 276, 279, 282, 285, 287, 288, 289, 290, 292, 293, 295, 297, 298, 300, 302, 304, 305, 307, 308, 309, 311, 313, 315, 316, 319, 320], "excluded_lines": [], "functions": {"TestLogging.test_get_logger": {"executed_lines": [], "summary": {"covered_lines": 0, "num_statements": 3, "percent_covered": 0.0, "percent_covered_display": "0", "missing_lines": 3, "excluded_lines": 0}, "missing_lines": [21, 22, 23], "excluded_lines": []}, "TestLogging.test_get_logger_different_names": {"executed_lines": [], "summary": {"covered_lines": 0, "num_statements": 5, "percent_covered": 0.0, "percent_covered_display": "0", "missing_lines": 5, "excluded_lines": 0}, "missing_lines": [27, 28, 30, 31, 32], "excluded_lines": []}, "TestLogging.test_configure_logging_basic": {"executed_lines": [], "summary": {"covered_lines": 0, "num_statements": 3, "percent_covered": 0.0, "percent_covered_display": "0", "missing_lines": 3, "excluded_lines": 0}, "missing_lines": [36, 38, 39], "excluded_lines": []}, "TestLogging.test_configure_logging_with_file": {"executed_lines": [], "summary": {"covered_lines": 0, "num_statements": 8, "percent_covered": 0.0, "percent_covered_display": "0", "missing_lines": 8, "excluded_lines": 0}, "missing_lines": [43, 44, 46, 48, 49, 51, 52, 53], "excluded_lines": []}, "TestLogging.test_configure_logging_levels": {"executed_lines": [], "summary": {"covered_lines": 0, "num_statements": 5, "percent_covered": 0.0, "percent_covered_display": "0", "missing_lines": 5, "excluded_lines": 0}, "missing_lines": [57, 59, 60, 61, 62], "excluded_lines": []}, "TestConfig.test_config_defaults": {"executed_lines": [], "summary": {"covered_lines": 0, "num_statements": 7, "percent_covered": 0.0, "percent_covered_display": "0", "missing_lines": 7, "excluded_lines": 0}, "missing_lines": [70, 72, 73, 74, 75, 76, 77], "excluded_lines": []}, "TestConfig.test_config_directories_created": {"executed_lines": [], "summary": {"covered_lines": 0, "num_statements": 3, "percent_covered": 0.0, "percent_covered_display": "0", "missing_lines": 3, "excluded_lines": 0}, "missing_lines": [81, 83, 84], "excluded_lines": []}, "TestConfig.test_config_with_env_vars": {"executed_lines": [], "summary": {"covered_lines": 0, "num_statements": 7, "percent_covered": 0.0, "percent_covered_display": "0", "missing_lines": 7, "excluded_lines": 0}, "missing_lines": [88, 89, 90, 92, 94, 95, 96], "excluded_lines": []}, "TestConfig.test_load_config_no_files": {"executed_lines": [], "summary": {"covered_lines": 0, "num_statements": 3, "percent_covered": 0.0, "percent_covered_display": "0", "missing_lines": 3, "excluded_lines": 0}, "missing_lines": [100, 102, 103], "excluded_lines": []}, "TestConfig.test_load_config_with_yaml": {"executed_lines": [], "summary": {"covered_lines": 0, "num_statements": 8, "percent_covered": 0.0, "percent_covered_display": "0", "missing_lines": 8, "excluded_lines": 0}, "missing_lines": [107, 108, 109, 110, 112, 113, 114, 116], "excluded_lines": []}, "TestConfig.test_config_env_override_yaml": {"executed_lines": [], "summary": {"covered_lines": 0, "num_statements": 8, "percent_covered": 0.0, "percent_covered_display": "0", "missing_lines": 8, "excluded_lines": 0}, "missing_lines": [120, 121, 122, 124, 125, 126, 129, 131], "excluded_lines": []}, "TestExceptions.test_echoe_base_exception": {"executed_lines": [], "summary": {"covered_lines": 0, "num_statements": 3, "percent_covered": 0.0, "percent_covered_display": "0", "missing_lines": 3, "excluded_lines": 0}, "missing_lines": [139, 140, 141], "excluded_lines": []}, "TestExceptions.test_configuration_error": {"executed_lines": [], "summary": {"covered_lines": 0, "num_statements": 4, "percent_covered": 0.0, "percent_covered_display": "0", "missing_lines": 4, "excluded_lines": 0}, "missing_lines": [145, 146, 147, 148], "excluded_lines": []}, "TestExceptions.test_validation_error": {"executed_lines": [], "summary": {"covered_lines": 0, "num_statements": 3, "percent_covered": 0.0, "percent_covered_display": "0", "missing_lines": 3, "excluded_lines": 0}, "missing_lines": [152, 153, 154], "excluded_lines": []}, "TestExceptions.test_exception_raising": {"executed_lines": [], "summary": {"covered_lines": 0, "num_statements": 6, "percent_covered": 0.0, "percent_covered_display": "0", "missing_lines": 6, "excluded_lines": 0}, "missing_lines": [158, 159, 161, 162, 164, 165], "excluded_lines": []}, "TestExceptions.test_exception_with_context": {"executed_lines": [], "summary": {"covered_lines": 0, "num_statements": 5, "percent_covered": 0.0, "percent_covered_display": "0", "missing_lines": 5, "excluded_lines": 0}, "missing_lines": [169, 170, 171, 172, 173], "excluded_lines": []}, "TestIntegration.test_logging_and_config_integration": {"executed_lines": [], "summary": {"covered_lines": 0, "num_statements": 8, "percent_covered": 0.0, "percent_covered_display": "0", "missing_lines": 8, "excluded_lines": 0}, "missing_lines": [181, 183, 184, 186, 187, 189, 190, 191], "excluded_lines": []}, "TestIntegration.test_exception_logging": {"executed_lines": [], "summary": {"covered_lines": 0, "num_statements": 11, "percent_covered": 0.0, "percent_covered_display": "0", "missing_lines": 11, "excluded_lines": 0}, "missing_lines": [195, 196, 198, 200, 202, 203, 204, 205, 207, 208, 209], "excluded_lines": []}, "TestIntegration.test_complete_workflow": {"executed_lines": [], "summary": {"covered_lines": 0, "num_statements": 20, "percent_covered": 0.0, "percent_covered_display": "0", "missing_lines": 20, "excluded_lines": 0}, "missing_lines": [214, 215, 218, 219, 220, 223, 224, 227, 228, 231, 232, 233, 234, 235, 237, 240, 241, 242, 243, 244], "excluded_lines": []}, "TestEdgeCases.test_logger_with_empty_name": {"executed_lines": [], "summary": {"covered_lines": 0, "num_statements": 2, "percent_covered": 0.0, "percent_covered_display": "0", "missing_lines": 2, "excluded_lines": 0}, "missing_lines": [252, 253], "excluded_lines": []}, "TestEdgeCases.test_logger_with_special_characters": {"executed_lines": [], "summary": {"covered_lines": 0, "num_statements": 2, "percent_covered": 0.0, "percent_covered_display": "0", "missing_lines": 2, "excluded_lines": 0}, "missing_lines": [257, 258], "excluded_lines": []}, "TestEdgeCases.test_config_with_nonexistent_yaml": {"executed_lines": [], "summary": {"covered_lines": 0, "num_statements": 3, "percent_covered": 0.0, "percent_covered_display": "0", "missing_lines": 3, "excluded_lines": 0}, "missing_lines": [262, 263, 266], "excluded_lines": []}, "TestEdgeCases.test_logging_to_readonly_location": {"executed_lines": [], "summary": {"covered_lines": 0, "num_statements": 0, "percent_covered": 100.0, "percent_covered_display": "100", "missing_lines": 0, "excluded_lines": 0}, "missing_lines": [], "excluded_lines": []}, "TestEdgeCases.test_config_invalid_log_level": {"executed_lines": [], "summary": {"covered_lines": 0, "num_statements": 3, "percent_covered": 0.0, "percent_covered_display": "0", "missing_lines": 3, "excluded_lines": 0}, "missing_lines": [275, 276, 279], "excluded_lines": []}, "TestPerformance.test_logger_creation_performance": {"executed_lines": [], "summary": {"covered_lines": 0, "num_statements": 6, "percent_covered": 0.0, "percent_covered_display": "0", "missing_lines": 6, "excluded_lines": 0}, "missing_lines": [287, 288, 289, 290, 292, 293], "excluded_lines": []}, "TestPerformance.test_logging_many_messages": {"executed_lines": [], "summary": {"covered_lines": 0, "num_statements": 9, "percent_covered": 0.0, "percent_covered_display": "0", "missing_lines": 9, "excluded_lines": 0}, "missing_lines": [297, 298, 300, 302, 304, 305, 307, 308, 309], "excluded_lines": []}, "TestPerformance.test_config_multiple_instances": {"executed_lines": [], "summary": {"covered_lines": 0, "num_statements": 3, "percent_covered": 0.0, "percent_covered_display": "0", "missing_lines": 3, "excluded_lines": 0}, "missing_lines": [313, 315, 316], "excluded_lines": []}, "": {"executed_lines": [1, 3, 4, 5, 6, 8, 9], "summary": {"covered_lines": 6, "num_statements": 44, "percent_covered": 13.636363636363637, "percent_covered_display": "14", "missing_lines": 38, "excluded_lines": 0}, "missing_lines": [10, 11, 13, 16, 19, 25, 34, 41, 55, 65, 68, 79, 86, 98, 105, 118, 134, 137, 143, 150, 156, 167, 176, 179, 193, 211, 247, 250, 255, 260, 268, 273, 282, 285, 295, 311, 319, 320], "excluded_lines": []}}, "classes": {"TestLogging": {"executed_lines": [], "summary": {"covered_lines": 0, "num_statements": 24, "percent_covered": 0.0, "percent_covered_display": "0", "missing_lines": 24, "excluded_lines": 0}, "missing_lines": [21, 22, 23, 27, 28, 30, 31, 32, 36, 38, 39, 43, 44, 46, 48, 49, 51, 52, 53, 57, 59, 60, 61, 62], "excluded_lines": []}, "TestConfig": {"executed_lines": [], "summary": {"covered_lines": 0, "num_statements": 36, "percent_covered": 0.0, "percent_covered_display": "0", "missing_lines": 36, "excluded_lines": 0}, "missing_lines": [70, 72, 73, 74, 75, 76, 77, 81, 83, 84, 88, 89, 90, 92, 94, 95, 96, 100, 102, 103, 107, 108, 109, 110, 112, 113, 114, 116, 120, 121, 122, 124, 125, 126, 129, 131], "excluded_lines": []}, "TestExceptions": {"executed_lines": [], "summary": {"covered_lines": 0, "num_statements": 21, "percent_covered": 0.0, "percent_covered_display": "0", "missing_lines": 21, "excluded_lines": 0}, "missing_lines": [139, 140, 141, 145, 146, 147, 148, 152, 153, 154, 158, 159, 161, 162, 164, 165, 169, 170, 171, 172, 173], "excluded_lines": []}, "TestIntegration": {"executed_lines": [], "summary": {"covered_lines": 0, "num_statements": 39, "percent_covered": 0.0, "percent_covered_display": "0", "missing_lines": 39, "excluded_lines": 0}, "missing_lines": [181, 183, 184, 186, 187, 189, 190, 191, 195, 196, 198, 200, 202, 203, 204, 205, 207, 208, 209, 214, 215, 218, 219, 220, 223, 224, 227, 228, 231, 232, 233, 234, 235, 237, 240, 241, 242, 243, 244], "excluded_lines": []}, "TestEdgeCases": {"executed_lines": [], "summary": {"covered_lines": 0, "num_statements": 10, "percent_covered": 0.0, "percent_covered_display": "0", "missing_lines": 10, "excluded_lines": 0}, "missing_lines": [252, 253, 257, 258, 262, 263, 266, 275, 276, 279], "excluded_lines": []}, "TestPerformance": {"executed_lines": [], "summary": {"covered_lines": 0, "num_statements": 18, "percent_covered": 0.0, "percent_covered_display": "0", "missing_lines": 18, "excluded_lines": 0}, "missing_lines": [287, 288, 289, 290, 292, 293, 297, 298, 300, 302, 304, 305, 307, 308, 309, 313, 315, 316], "excluded_lines": []}, "": {"executed_lines": [1, 3, 4, 5, 6, 8, 9], "summary": {"covered_lines": 6, "num_statements": 44, "percent_covered": 13.636363636363637, "percent_covered_display": "14", "missing_lines": 38, "excluded_lines": 0}, "missing_lines": [10, 11, 13, 16, 19, 25, 34, 41, 55, 65, 68, 79, 86, 98, 105, 118, 134, 137, 143, 150, 156, 167, 176, 179, 193, 211, 247, 250, 255, 260, 268, 273, 282, 285, 295, 311, 319, 320], "excluded_lines": []}}}, "actions-runner\\_work\\echoes\\echoes\\packages\\monitoring\\tests\\test_monitoring_comprehensive.py": {"executed_lines": [1, 3, 4, 5, 6, 7, 9, 10], "summary": {"covered_lines": 7, "num_statements": 337, "percent_covered": 2.077151335311573, "percent_covered_display": "2", "missing_lines": 330, "excluded_lines": 0}, "missing_lines": [11, 12, 13, 15, 18, 21, 23, 24, 25, 27, 29, 30, 32, 33, 34, 35, 36, 38, 40, 50, 51, 52, 54, 56, 58, 59, 60, 62, 64, 66, 67, 69, 70, 71, 72, 73, 75, 77, 78, 80, 81, 83, 85, 86, 88, 89, 90, 92, 94, 96, 97, 99, 100, 101, 103, 105, 106, 108, 109, 110, 112, 114, 116, 119, 120, 121, 122, 124, 125, 128, 131, 133, 134, 135, 137, 139, 147, 148, 149, 151, 153, 155, 156, 160, 161, 163, 165, 166, 168, 169, 170, 172, 174, 175, 177, 179, 181, 182, 184, 185, 186, 188, 190, 191, 194, 196, 198, 199, 202, 204, 206, 207, 209, 210, 212, 214, 216, 217, 219, 220, 222, 223, 225, 227, 228, 229, 231, 233, 235, 236, 238, 239, 241, 242, 244, 246, 247, 248, 249, 252, 255, 257, 258, 259, 261, 263, 271, 272, 273, 275, 277, 279, 286, 287, 288, 290, 292, 294, 295, 299, 301, 303, 305, 307, 308, 310, 312, 314, 315, 317, 319, 321, 322, 324, 325, 327, 329, 330, 332, 334, 336, 337, 339, 341, 342, 344, 345, 347, 350, 352, 354, 356, 357, 358, 360, 361, 363, 365, 367, 368, 369, 370, 372, 373, 374, 376, 377, 378, 380, 382, 384, 390, 394, 395, 396, 399, 402, 404, 405, 406, 408, 410, 420, 421, 422, 424, 426, 428, 438, 439, 440, 442, 444, 446, 447, 456, 458, 461, 464, 466, 467, 470, 473, 474, 475, 481, 488, 489, 491, 492, 494, 496, 497, 500, 501, 505, 508, 510, 511, 512, 519, 520, 522, 525, 526, 527, 528, 531, 532, 535, 538, 539, 542, 543, 544, 545, 550, 553, 562, 565, 566, 567, 569, 571, 573, 575, 576, 577, 578, 579, 582, 583, 586, 588, 589, 590, 591, 592, 595, 598, 600, 602, 603, 604, 605, 608, 610, 612, 615, 616, 621, 622, 623, 625, 626, 628, 630, 632, 634, 635, 637, 640, 641, 642, 643, 645, 646, 647, 650, 651], "excluded_lines": [], "functions": {"TestMetricsCollector.test_metrics_collector_initialization": {"executed_lines": [], "summary": {"covered_lines": 0, "num_statements": 3, "percent_covered": 0.0, "percent_covered_display": "0", "missing_lines": 3, "excluded_lines": 0}, "missing_lines": [23, 24, 25], "excluded_lines": []}, "TestMetricsCollector.test_collect_system_metrics": {"executed_lines": [], "summary": {"covered_lines": 0, "num_statements": 7, "percent_covered": 0.0, "percent_covered_display": "0", "missing_lines": 7, "excluded_lines": 0}, "missing_lines": [29, 30, 32, 33, 34, 35, 36], "excluded_lines": []}, "TestMetricsCollector.test_system_metrics_dataclass": {"executed_lines": [], "summary": {"covered_lines": 0, "num_statements": 4, "percent_covered": 0.0, "percent_covered_display": "0", "missing_lines": 4, "excluded_lines": 0}, "missing_lines": [40, 50, 51, 52], "excluded_lines": []}, "TestMetricsCollector.test_collect_metrics_multiple_times": {"executed_lines": [], "summary": {"covered_lines": 0, "num_statements": 5, "percent_covered": 0.0, "percent_covered_display": "0", "missing_lines": 5, "excluded_lines": 0}, "missing_lines": [56, 58, 59, 60, 62], "excluded_lines": []}, "TestMetricsCollector.test_collect_application_metrics_python": {"executed_lines": [], "summary": {"covered_lines": 0, "num_statements": 7, "percent_covered": 0.0, "percent_covered_display": "0", "missing_lines": 7, "excluded_lines": 0}, "missing_lines": [66, 67, 69, 70, 71, 72, 73], "excluded_lines": []}, "TestMetricsCollector.test_collect_application_metrics_nonexistent": {"executed_lines": [], "summary": {"covered_lines": 0, "num_statements": 4, "percent_covered": 0.0, "percent_covered_display": "0", "missing_lines": 4, "excluded_lines": 0}, "missing_lines": [77, 78, 80, 81], "excluded_lines": []}, "TestMetricsCollector.test_save_metrics_to_file": {"executed_lines": [], "summary": {"covered_lines": 0, "num_statements": 12, "percent_covered": 0.0, "percent_covered_display": "0", "missing_lines": 12, "excluded_lines": 0}, "missing_lines": [85, 86, 88, 89, 90, 92, 94, 96, 97, 99, 100, 101], "excluded_lines": []}, "TestMetricsCollector.test_save_metrics_creates_directory": {"executed_lines": [], "summary": {"covered_lines": 0, "num_statements": 6, "percent_covered": 0.0, "percent_covered_display": "0", "missing_lines": 6, "excluded_lines": 0}, "missing_lines": [105, 106, 108, 109, 110, 112], "excluded_lines": []}, "TestMetricsCollector.test_metrics_under_load": {"executed_lines": [], "summary": {"covered_lines": 0, "num_statements": 7, "percent_covered": 0.0, "percent_covered_display": "0", "missing_lines": 7, "excluded_lines": 0}, "missing_lines": [116, 119, 120, 121, 122, 124, 125], "excluded_lines": []}, "TestHealthChecker.test_health_checker_initialization": {"executed_lines": [], "summary": {"covered_lines": 0, "num_statements": 3, "percent_covered": 0.0, "percent_covered_display": "0", "missing_lines": 3, "excluded_lines": 0}, "missing_lines": [133, 134, 135], "excluded_lines": []}, "TestHealthChecker.test_health_check_dataclass": {"executed_lines": [], "summary": {"covered_lines": 0, "num_statements": 4, "percent_covered": 0.0, "percent_covered_display": "0", "missing_lines": 4, "excluded_lines": 0}, "missing_lines": [139, 147, 148, 149], "excluded_lines": []}, "TestHealthChecker.test_register_check": {"executed_lines": [], "summary": {"covered_lines": 0, "num_statements": 4, "percent_covered": 0.0, "percent_covered_display": "0", "missing_lines": 4, "excluded_lines": 0}, "missing_lines": [153, 155, 160, 161], "excluded_lines": []}, "TestHealthChecker.test_register_check.custom_check": {"executed_lines": [], "summary": {"covered_lines": 0, "num_statements": 1, "percent_covered": 0.0, "percent_covered_display": "0", "missing_lines": 1, "excluded_lines": 0}, "missing_lines": [156], "excluded_lines": []}, "TestHealthChecker.test_check_url_unreachable": {"executed_lines": [], "summary": {"covered_lines": 0, "num_statements": 5, "percent_covered": 0.0, "percent_covered_display": "0", "missing_lines": 5, "excluded_lines": 0}, "missing_lines": [165, 166, 168, 169, 170], "excluded_lines": []}, "TestHealthChecker.test_check_url_invalid": {"executed_lines": [], "summary": {"covered_lines": 0, "num_statements": 3, "percent_covered": 0.0, "percent_covered_display": "0", "missing_lines": 3, "excluded_lines": 0}, "missing_lines": [174, 175, 177], "excluded_lines": []}, "TestHealthChecker.test_check_disk_space": {"executed_lines": [], "summary": {"covered_lines": 0, "num_statements": 5, "percent_covered": 0.0, "percent_covered_display": "0", "missing_lines": 5, "excluded_lines": 0}, "missing_lines": [181, 182, 184, 185, 186], "excluded_lines": []}, "TestHealthChecker.test_check_disk_space_high_threshold": {"executed_lines": [], "summary": {"covered_lines": 0, "num_statements": 3, "percent_covered": 0.0, "percent_covered_display": "0", "missing_lines": 3, "excluded_lines": 0}, "missing_lines": [190, 191, 194], "excluded_lines": []}, "TestHealthChecker.test_check_disk_space_low_threshold": {"executed_lines": [], "summary": {"covered_lines": 0, "num_statements": 3, "percent_covered": 0.0, "percent_covered_display": "0", "missing_lines": 3, "excluded_lines": 0}, "missing_lines": [198, 199, 202], "excluded_lines": []}, "TestHealthChecker.test_run_all_checks_empty": {"executed_lines": [], "summary": {"covered_lines": 0, "num_statements": 4, "percent_covered": 0.0, "percent_covered_display": "0", "missing_lines": 4, "excluded_lines": 0}, "missing_lines": [206, 207, 209, 210], "excluded_lines": []}, "TestHealthChecker.test_run_all_checks_multiple": {"executed_lines": [], "summary": {"covered_lines": 0, "num_statements": 9, "percent_covered": 0.0, "percent_covered_display": "0", "missing_lines": 9, "excluded_lines": 0}, "missing_lines": [214, 216, 219, 222, 223, 225, 227, 228, 229], "excluded_lines": []}, "TestHealthChecker.test_run_all_checks_multiple.check1": {"executed_lines": [], "summary": {"covered_lines": 0, "num_statements": 1, "percent_covered": 0.0, "percent_covered_display": "0", "missing_lines": 1, "excluded_lines": 0}, "missing_lines": [217], "excluded_lines": []}, "TestHealthChecker.test_run_all_checks_multiple.check2": {"executed_lines": [], "summary": {"covered_lines": 0, "num_statements": 1, "percent_covered": 0.0, "percent_covered_display": "0", "missing_lines": 1, "excluded_lines": 0}, "missing_lines": [220], "excluded_lines": []}, "TestHealthChecker.test_run_checks_with_failure": {"executed_lines": [], "summary": {"covered_lines": 0, "num_statements": 10, "percent_covered": 0.0, "percent_covered_display": "0", "missing_lines": 10, "excluded_lines": 0}, "missing_lines": [233, 235, 238, 241, 242, 244, 246, 247, 248, 249], "excluded_lines": []}, "TestHealthChecker.test_run_checks_with_failure.failing_check": {"executed_lines": [], "summary": {"covered_lines": 0, "num_statements": 1, "percent_covered": 0.0, "percent_covered_display": "0", "missing_lines": 1, "excluded_lines": 0}, "missing_lines": [236], "excluded_lines": []}, "TestHealthChecker.test_run_checks_with_failure.working_check": {"executed_lines": [], "summary": {"covered_lines": 0, "num_statements": 1, "percent_covered": 0.0, "percent_covered_di
[...]
310, 312, 313], "excluded_lines": []}, "TestQuantumShield.test_hash_data_with_salt": {"executed_lines": [], "summary": {"covered_lines": 0, "num_statements": 5, "percent_covered": 0.0, "percent_covered_display": "0", "missing_lines": 5, "excluded_lines": 0}, "missing_lines": [317, 319, 320, 321, 323], "excluded_lines": []}, "TestQuantumShield.test_hash_different_data": {"executed_lines": [], "summary": {"covered_lines": 0, "num_statements": 4, "percent_covered": 0.0, "percent_covered_display": "0", "missing_lines": 4, "excluded_lines": 0}, "missing_lines": [327, 329, 330, 332], "excluded_lines": []}, "TestSecurityIntegration.test_complete_authentication_flow": {"executed_lines": [], "summary": {"covered_lines": 0, "num_statements": 8, "percent_covered": 0.0, "percent_covered_display": "0", "missing_lines": 8, "excluded_lines": 0}, "missing_lines": [340, 343, 344, 345, 348, 350, 351, 352], "excluded_lines": []}, "TestSecurityIntegration.test_secure_data_storage": {"executed_lines": [], "summary": {"covered_lines": 0, "num_statements": 7, "percent_covered": 0.0, "percent_covered_display": "0", "missing_lines": 7, "excluded_lines": 0}, "missing_lines": [356, 359, 360, 363, 364, 367, 368], "excluded_lines": []}, "TestSecurityIntegration.test_coordinate_protection_workflow": {"executed_lines": [], "summary": {"covered_lines": 0, "num_statements": 9, "percent_covered": 0.0, "percent_covered_display": "0", "missing_lines": 9, "excluded_lines": 0}, "missing_lines": [372, 375, 378, 379, 380, 384, 385, 387, 388], "excluded_lines": []}, "TestSecurityIntegration.test_vulnerability_scanning_with_auth": {"executed_lines": [], "summary": {"covered_lines": 0, "num_statements": 5, "percent_covered": 0.0, "percent_covered_display": "0", "missing_lines": 5, "excluded_lines": 0}, "missing_lines": [393, 394, 396, 397, 400], "excluded_lines": []}, "TestSecurityEdgeCases.test_token_tampering": {"executed_lines": [], "summary": {"covered_lines": 0, "num_statements": 5, "percent_covered": 0.0, "percent_covered_display": "0", "missing_lines": 5, "excluded_lines": 0}, "missing_lines": [409, 411, 414, 416, 417], "excluded_lines": []}, "TestSecurityEdgeCases.test_encryption_with_wrong_key": {"executed_lines": [], "summary": {"covered_lines": 0, "num_statements": 6, "percent_covered": 0.0, "percent_covered_display": "0", "missing_lines": 6, "excluded_lines": 0}, "missing_lines": [421, 423, 424, 426, 429, 430], "excluded_lines": []}, "TestSecurityEdgeCases.test_sql_injection_in_user_id": {"executed_lines": [], "summary": {"covered_lines": 0, "num_statements": 5, "percent_covered": 0.0, "percent_covered_display": "0", "missing_lines": 5, "excluded_lines": 0}, "missing_lines": [434, 436, 437, 439, 440], "excluded_lines": []}, "TestSecurityEdgeCases.test_xss_in_permissions": {"executed_lines": [], "summary": {"covered_lines": 0, "num_statements": 5, "percent_covered": 0.0, "percent_covered_display": "0", "missing_lines": 5, "excluded_lines": 0}, "missing_lines": [444, 446, 447, 449, 450], "excluded_lines": []}, "TestSecurityEdgeCases.test_hash_collision_resistance": {"executed_lines": [], "summary": {"covered_lines": 0, "num_statements": 5, "percent_covered": 0.0, "percent_covered_display": "0", "missing_lines": 5, "excluded_lines": 0}, "missing_lines": [454, 457, 458, 460, 463], "excluded_lines": []}, "": {"executed_lines": [1, 3, 4, 5, 6, 8, 9], "summary": {"covered_lines": 6, "num_statements": 54, "percent_covered": 11.11111111111111, "percent_covered_display": "11", "missing_lines": 48, "excluded_lines": 0}, "missing_lines": [10, 11, 13, 16, 19, 25, 39, 55, 73, 81, 98, 101, 106, 112, 120, 129, 140, 147, 157, 170, 179, 190, 201, 210, 221, 224, 229, 240, 250, 260, 271, 284, 304, 315, 325, 335, 338, 354, 370, 390, 404, 407, 419, 432, 442, 452, 466, 467], "excluded_lines": []}}, "classes": {"TestVulnerabilityScanner": {"executed_lines": [], "summary": {"covered_lines": 0, "num_statements": 33, "percent_covered": 0.0, "percent_covered_display": "0", "missing_lines": 33, "excluded_lines": 0}, "missing_lines": [21, 22, 23, 27, 28, 29, 31, 32, 33, 35, 37, 41, 42, 43, 44, 46, 47, 48, 50, 53, 57, 59, 60, 68, 69, 71, 75, 76, 79, 83, 93, 94, 95], "excluded_lines": []}, "TestAuthManager": {"executed_lines": [], "summary": {"covered_lines": 0, "num_statements": 57, "percent_covered": 0.0, "percent_covered_display": "0", "missing_lines": 57, "excluded_lines": 0}, "missing_lines": [103, 104, 108, 109, 110, 114, 115, 117, 118, 122, 124, 125, 127, 131, 133, 134, 136, 137, 138, 142, 144, 145, 149, 150, 152, 153, 155, 159, 162, 165, 166, 172, 173, 175, 176, 177, 181, 182, 184, 185, 187, 188, 192, 194, 195, 196, 198, 199, 203, 205, 206, 208, 212, 214, 215, 216, 218], "excluded_lines": []}, "TestQuantumShield": {"executed_lines": [], "summary": {"covered_lines": 0, "num_statements": 54, "percent_covered": 0.0, "percent_covered_display": "0", "missing_lines": 54, "excluded_lines": 0}, "missing_lines": [226, 227, 231, 233, 234, 236, 237, 238, 242, 244, 245, 247, 248, 252, 254, 256, 257, 258, 262, 264, 265, 266, 268, 269, 273, 275, 276, 278, 279, 281, 282, 286, 287, 289, 297, 298, 299, 301, 302, 306, 308, 309, 310, 312, 313, 317, 319, 320, 321, 323, 327, 329, 330, 332], "excluded_lines": []}, "TestSecurityIntegration": {"executed_lines": [], "summary": {"covered_lines": 0, "num_statements": 29, "percent_covered": 0.0, "percent_covered_display": "0", "missing_lines": 29, "excluded_lines": 0}, "missing_lines": [340, 343, 344, 345, 348, 350, 351, 352, 356, 359, 360, 363, 364, 367, 368, 372, 375, 378, 379, 380, 384, 385, 387, 388, 393, 394, 396, 397, 400], "excluded_lines": []}, "TestSecurityEdgeCases": {"executed_lines": [], "summary": {"covered_lines": 0, "num_statements": 26, "percent_covered": 0.0, "percent_covered_display": "0", "missing_lines": 26, "excluded_lines": 0}, "missing_lines": [409, 411, 414, 416, 417, 421, 423, 424, 426, 429, 430, 434, 436, 437, 439, 440, 444, 446, 447, 449, 450, 454, 457, 458, 460, 463], "excluded_lines": []}, "": {"executed_lines": [1, 3, 4, 5, 6, 8, 9], "summary": {"covered_lines": 6, "num_statements": 54, "percent_covered": 11.11111111111111, "percent_covered_display": "11", "missing_lines": 48, "excluded_lines": 0}, "missing_lines": [10, 11, 13, 16, 19, 25, 39, 55, 73, 81, 98, 101, 106, 112, 120, 129, 140, 147, 157, 170, 179, 190, 201, 210, 221, 224, 229, 240, 250, 260, 271, 284, 304, 315, 325, 335, 338, 354, 370, 390, 404, 407, 419, 432, 442, 452, 466, 467], "excluded_lines": []}}}, "test_model_integrity.py": {"executed_lines": [2, 4, 5, 6, 9, 19, 21, 24, 46, 59, 90, 109, 133, 157, 186, 231], "summary": {"covered_lines": 15, "num_statements": 135, "percent_covered": 11.11111111111111, "percent_covered_display": "11", "missing_lines": 120, "excluded_lines": 0}, "missing_lines": [10, 11, 12, 14, 16, 17, 26, 27, 29, 30, 31, 32, 33, 35, 36, 37, 38, 40, 41, 42, 43, 48, 55, 56, 61, 63, 69, 70, 71, 73, 74, 75, 76, 78, 82, 83, 84, 85, 87, 92, 94, 95, 97, 98, 99, 100, 101, 102, 103, 104, 105, 106, 111, 113, 121, 122, 123, 124, 125, 127, 128, 130, 135, 137, 143, 144, 146, 147, 148, 149, 151, 152, 154, 159, 161, 162, 164, 165, 167, 168, 169, 170, 171, 172, 174, 175, 176, 177, 178, 180, 181, 183, 188, 189, 190, 192, 200, 201, 202, 203, 204, 205, 206, 207, 209, 210, 212, 213, 215, 216, 217, 218, 219, 221, 223, 224, 225, 227, 228, 232], "excluded_lines": [], "functions": {"_load_env_var_from_files": {"executed_lines": [], "summary": {"covered_lines": 0, "num_statements": 15, "percent_covered": 0.0, "percent_covered_display": "0", "missing_lines": 15, "excluded_lines": 0}, "missing_lines": [26, 27, 29, 30, 31, 32, 33, 35, 36, 37, 38, 40, 41, 42, 43], "excluded_lines": []}, "_ensure_required_env_vars": {"executed_lines": [], "summary": {"covered_lines": 0, "num_statements": 3, "percent_covered": 0.0, "percent_covered_display": "0", "missing_lines": 3, "excluded_lines": 0}, "missing_lines": [48, 55, 56], "excluded_lines": []}, "test_provider_routing": {"executed_lines": [], "summary": {"covered_lines": 0, "num_statements": 15, "percent_covered": 0.0, "percent_covered_display": "0", "missing_lines": 15, "excluded_lines": 0}, "missing_lines": [61, 63, 69, 70, 71, 73, 74, 75, 76, 78, 82, 83, 84, 85, 87], "excluded_lines": []}, "test_model_override": {"executed_lines": [], "summary": {"covered_lines": 0, "num_statements": 13, "percent_covered": 0.0, "percent_covered_display": "0", "missing_lines": 13, "excluded_lines": 0}, "missing_lines": [92, 94, 95, 97, 98, 99, 100, 101, 102, 103, 104, 105, 106], "excluded_lines": []}, "test_environment_variables": {"executed_lines": [], "summary": {"covered_lines": 0, "num_statements": 10, "percent_covered": 0.0, "percent_covered_display": "0", "missing_lines": 10, "excluded_lines": 0}, "missing_lines": [111, 113, 121, 122, 123, 124, 125, 127, 128, 130], "excluded_lines": []}, "test_json_parsing": {"executed_lines": [], "summary": {"covered_lines": 0, "num_statements": 11, "percent_covered": 0.0, "percent_covered_display": "0", "missing_lines": 11, "excluded_lines": 0}, "missing_lines": [135, 137, 143, 144, 146, 147, 148, 149, 151, 152, 154], "excluded_lines": []}, "test_api_connectivity": {"executed_lines": [], "summary": {"covered_lines": 0, "num_statements": 19, "percent_covered": 0.0, "percent_covered_display": "0", "missing_lines": 19, "excluded_lines": 0}, "missing_lines": [159, 161, 162, 164, 165, 167, 168, 169, 170, 171, 172, 174, 175, 176, 177, 178, 180, 181, 183], "excluded_lines": []}, "main": {"executed_lines": [], "summary": {"covered_lines": 0, "num_statements": 27, "percent_covered": 0.0, "percent_covered_display": "0", "missing_lines": 27, "excluded_lines": 0}, "missing_lines": [188, 189, 190, 192, 200, 201, 202, 203, 204, 205, 206, 207, 209, 210, 212, 213, 215, 216, 217, 218, 219, 221, 223, 224, 225, 227, 228], "excluded_lines": []}, "": {"executed_lines": [2, 4, 5, 6, 9, 19, 21, 24, 46, 59, 90, 109, 133, 157, 186, 231], "summary": {"covered_lines": 15, "num_statements": 22, "percent_covered": 68.18181818181819, "percent_covered_display": "68", "missing_lines": 7, "excluded_lines": 0}, "missing_lines": [10, 11, 12, 14, 16, 17, 232], "excluded_lines": []}}, "classes": {"": {"executed_lines": [2, 4, 5, 6, 9, 19, 21, 24, 46, 59, 90, 109, 133, 157, 186, 231], "summary": {"covered_lines": 15, "num_statements": 135, "percent_covered": 11.11111111111111, "percent_covered_display": "11", "missing_lines": 120, "excluded_lines": 0}, "missing_lines": [10, 11, 12, 14, 16, 17, 26, 27, 29, 30, 31, 32, 33, 35, 36, 37, 38, 40, 41, 42, 43, 48, 55, 56, 61, 63, 69, 70, 71, 73, 74, 75, 76, 78, 82, 83, 84, 85, 87, 92, 94, 95, 97, 98, 99, 100, 101, 102, 103, 104, 105, 106, 111, 113, 121, 122, 123, 124, 125, 127, 128, 130, 135, 137, 143, 144, 146, 147, 148, 149, 151, 152, 154, 159, 161, 162, 164, 165, 167, 168, 169, 170, 171, 172, 174, 175, 176, 177, 178, 180, 181, 183, 188, 189, 190, 192, 200, 201, 202, 203, 204, 205, 206, 207, 209, 210, 212, 213, 215, 216, 217, 218, 219, 221, 223, 224, 225, 227, 228, 232], "excluded_lines": []}}}, "test_provider_connectivity.py": {"executed_lines": [2, 4, 5, 6, 9, 19, 22, 44, 101, 115], "summary": {"covered_lines": 9, "num_statements": 75, "percent_covered": 12.0, "percent_covered_display": "12", "missing_lines": 66, "excluded_lines": 0}, "missing_lines": [10, 11, 12, 14, 16, 17, 24, 25, 27, 28, 29, 30, 31, 33, 34, 35, 36, 38, 39, 40, 41, 46, 47, 50, 56, 61, 62, 63, 64, 65, 66, 67, 69, 71, 72, 74, 75, 76, 79, 80, 81, 82, 83, 84, 85, 88, 89, 90, 91, 92, 93, 94, 95, 96, 97, 98, 103, 105, 106, 107, 108, 109, 110, 111, 112, 116], "excluded_lines": [], "functions": {"_load_env_var_from_files": {"executed_lines": [], "summary": {"covered_lines": 0, "num_statements": 15, "percent_covered": 0.0, "percent_covered_display": "0", "missing_lines": 15, "excluded_lines": 0}, "missing_lines": [24, 25, 27, 28, 29, 30, 31, 33, 34, 35, 36, 38, 39, 40, 41], "excluded_lines": []}, "test_provider_connectivity": {"executed_lines": [], "summary": {"covered_lines": 0, "num_statements": 35, "percent_covered": 0.0, "percent_covered_display": "0", "missing_lines": 35, "excluded_lines": 0}, "missing_lines": [46, 47, 50, 56, 61, 62, 63, 64, 65, 66, 67, 69, 71, 72, 74, 75, 76, 79, 80, 81, 82, 83, 84, 85, 88, 89, 90, 91, 92, 93, 94, 95, 96, 97, 98], "excluded_lines": []}, "main": {"executed_lines": [], "summary": {"covered_lines": 0, "num_statements": 9, "percent_covered": 0.0, "percent_covered_display": "0", "missing_lines": 9, "excluded_lines": 0}, "missing_lines": [103, 105, 106, 107, 108, 109, 110, 111, 112], "excluded_lines": []}, "": {"executed_lines": [2, 4, 5, 6, 9, 19, 22, 44, 101, 115], "summary": {"covered_lines": 9, "num_statements": 16, "percent_covered": 56.25, "percent_covered_display": "56", "missing_lines": 7, "excluded_lines": 0}, "missing_lines": [10, 11, 12, 14, 16, 17, 116], "excluded_lines": []}}, "classes": {"": {"executed_lines": [2, 4, 5, 6, 9, 19, 22, 44, 101, 115], "summary": {"covered_lines": 9, "num_statements": 75, "percent_covered": 12.0, "percent_covered_display": "12", "missing_lines": 66, "excluded_lines": 0}, "missing_lines": [10, 11, 12, 14, 16, 17, 24, 25, 27, 28, 29, 30, 31, 33, 34, 35, 36, 38, 39, 40, 41, 46, 47, 50, 56, 61, 62, 63, 64, 65, 66, 67, 69, 71, 72, 74, 75, 76, 79, 80, 81, 82, 83, 84, 85, 88, 89, 90, 91, 92, 93, 94, 95, 96, 97, 98, 103, 105, 106, 107, 108, 109, 110, 111, 112, 116], "excluded_lines": []}}}, "test_venv_functionality.py": {"executed_lines": [2, 4, 5, 8, 19, 30, 41, 52, 65, 95], "summary": {"covered_lines": 9, "num_statements": 60, "percent_covered": 15.0, "percent_covered_display": "15", "missing_lines": 51, "excluded_lines": 0}, "missing_lines": [9, 10, 11, 13, 15, 16, 21, 22, 23, 24, 25, 26, 27, 32, 33, 34, 35, 36, 37, 38, 43, 44, 45, 46, 47, 48, 49, 54, 55, 57, 58, 59, 60, 61, 62, 67, 68, 70, 77, 78, 80, 81, 82, 83, 85, 87, 88, 89, 91, 92, 96], "excluded_lines": [], "functions": {"test_openai": {"executed_lines": [], "summary": {"covered_lines": 0, "num_statements": 7, "percent_covered": 0.0, "percent_covered_display": "0", "missing_lines": 7, "excluded_lines": 0}, "missing_lines": [21, 22, 23, 24, 25, 26, 27], "excluded_lines": []}, "test_cryptography": {"executed_lines": [], "summary": {"covered_lines": 0, "num_statements": 7, "percent_covered": 0.0, "percent_covered_display": "0", "missing_lines": 7, "excluded_lines": 0}, "missing_lines": [32, 33, 34, 35, 36, 37, 38], "excluded_lines": []}, "test_authlib": {"executed_lines": [], "summary": {"covered_lines": 0, "num_statements": 7, "percent_covered": 0.0, "percent_covered_display": "0", "missing_lines": 7, "excluded_lines": 0}, "missing_lines": [43, 44, 45, 46, 47, 48, 49], "excluded_lines": []}, "test_llm_client": {"executed_lines": [], "summary": {"covered_lines": 0, "num_statements": 8, "percent_covered": 0.0, "percent_covered_display": "0", "missing_lines": 8, "excluded_lines": 0}, "missing_lines": [54, 55, 57, 58, 59, 60, 61, 62], "excluded_lines": []}, "main": {"executed_lines": [], "summary": {"covered_lines": 0, "num_statements": 15, "percent_covered": 0.0, "percent_covered_display": "0", "missing_lines": 15, "excluded_lines": 0}, "missing_lines": [67, 68, 70, 77, 78, 80, 81, 82, 83, 85, 87, 88, 89, 91, 92], "excluded_lines": []}, "": {"executed_lines": [2, 4, 5, 8, 19, 30, 41, 52, 65, 95], "summary": {"covered_lines": 9, "num_statements": 16, "percent_covered": 56.25, "percent_covered_display": "56", "missing_lines": 7, "excluded_lines": 0}, "missing_lines": [9, 10, 11, 13, 15, 16, 96], "excluded_lines": []}}, "classes": {"": {"executed_lines": [2, 4, 5, 8, 19, 30, 41, 52, 65, 95], "summary": {"covered_lines": 9, "num_statements": 60, "percent_covered": 15.0, "percent_covered_display": "15", "missing_lines": 51, "excluded_lines": 0}, "missing_lines": [9, 10, 11, 13, 15, 16, 21, 22, 23, 24, 25, 26, 27, 32, 33, 34, 35, 36, 37, 38, 43, 44, 45, 46, 47, 48, 49, 54, 55, 57, 58, 59, 60, 61, 62, 67, 68, 70, 77, 78, 80, 81, 82, 83, 85, 87, 88, 89, 91, 92, 96], "excluded_lines": []}}}, "tests\\conftest.py": {"executed_lines": [1, 2, 5, 6, 7, 11], "summary": {"covered_lines": 6, "num_statements": 7, "percent_covered": 85.71428571428571, "percent_covered_display": "86", "missing_lines": 1, "excluded_lines": 0}, "missing_lines": [8], "excluded_lines": [], "functions": {"_ensure_repo_root_on_syspath": {"executed_lines": [6, 7], "summary": {"covered_lines": 2, "num_statements": 3, "percent_covered": 66.66666666666667, "percent_covered_display": "67", "missing_lines": 1, "excluded_lines": 0}, "missing_lines": [8], "excluded_lines": []}, "": {"executed_lines": [1, 2, 5, 11], "summary": {"covered_lines": 4, "num_statements": 4, "percent_covered": 100.0, "percent_covered_display": "100", "missing_lines": 0, "excluded_lines": 0}, "missing_lines": [], "excluded_lines": []}}, "classes": {"": {"executed_lines": [1, 2, 5, 6, 7, 11], "summary": {"covered_lines": 6, "num_statements": 7, "percent_covered": 85.71428571428571, "percent_covered_display": "86", "missing_lines": 1, "excluded_lines": 0}, "missing_lines": [8], "excluded_lines": []}}}, "tests\\test_mcp.py": {"executed_lines": [1, 2], "summary": {"covered_lines": 2, "num_statements": 8, "percent_covered": 25.0, "percent_covered_display": "25", "missing_lines": 6, "excluded_lines": 0}, "missing_lines": [3, 5, 6, 7, 8, 9], "excluded_lines": [], "functions": {"test_tool_registry": {"executed_lines": [], "summary": {"covered_lines": 0, "num_statements": 4, "percent_covered": 0.0, "percent_covered_display": "0", "missing_lines": 4, "excluded_lines": 0}, "missing_lines": [6, 7, 8, 9], "excluded_lines": []}, "": {"executed_lines": [1, 2], "summary": {"covered_lines": 2, "num_statements": 4, "percent_covered": 50.0, "percent_covered_display": "50", "missing_lines": 2, "excluded_lines": 0}, "missing_lines": [3, 5], "excluded_lines": []}}, "classes": {"": {"executed_lines": [1, 2], "summary": {"covered_lines": 2, "num_statements": 8, "percent_covered": 25.0, "percent_covered_display": "25", "missing_lines": 6, "excluded_lines": 0}, "missing_lines": [3, 5, 6, 7, 8, 9], "excluded_lines": []}}}, "ubi_simulator\\tests\\test_api.py": {"executed_lines": [1, 5], "summary": {"covered_lines": 1, "num_statements": 21, "percent_covered": 4.761904761904762, "percent_covered_display": "5", "missing_lines": 20, "excluded_lines": 0}, "missing_lines": [7, 9, 12, 14, 15, 16, 19, 21, 28, 29, 30, 31, 32, 33, 36, 38, 39, 40, 41, 42], "excluded_lines": [], "functions": {"test_health_check": {"executed_lines": [], "summary": {"covered_lines": 0, "num_statements": 3, "percent_covered": 0.0, "percent_covered_display": "0", "missing_lines": 3, "excluded_lines": 0}, "missing_lines": [14, 15, 16], "excluded_lines": []}, "test_simulate_basic": {"executed_lines": [], "summary": {"covered_lines": 0, "num_statements": 7, "percent_covered": 0.0, "percent_covered_display": "0", "missing_lines": 7, "excluded_lines": 0}, "missing_lines": [21, 28, 29, 30, 31, 32, 33], "excluded_lines": []}, "test_predefined_scenarios": {"executed_lines": [], "summary": {"covered_lines": 0, "num_statements": 5, "percent_covered": 0.0, "percent_covered_display": "0", "missing_lines": 5, "excluded_lines": 0}, "missing_lines": [38, 39, 40, 41, 42], "excluded_lines": []}, "": {"executed_lines": [1, 5], "summary": {"covered_lines": 1, "num_statements": 6, "percent_covered": 16.666666666666668, "percent_covered_display": "17", "missing_lines": 5, "excluded_lines": 0}, "missing_lines": [7, 9, 12, 19, 36], "excluded_lines": []}}, "classes": {"": {"executed_lines": [1, 5], "summary": {"covered_lines": 1, "num_statements": 21, "percent_covered": 4.761904761904762, "percent_covered_display": "5", "missing_lines": 20, "excluded_lines": 0}, "missing_lines": [7, 9, 12, 14, 15, 16, 19, 21, 28, 29, 30, 31, 32, 33, 36, 38, 39, 40, 41, 42], "excluded_lines": []}}}}, "totals": {"covered_lines": 964, "num_statements": 5057, "percent_covered": 19.062685386592843, "percent_covered_display": "19", "missing_lines": 4093, "excluded_lines": 27}}
